[0.023s] Invoking command in '/home/ros2/Documents/fa_ROS2_ws/build/smart_car': AMENT_PREFIX_PATH=/home/ros2/Documents/fa_ROS2_ws/install/car_gazebo_plugin:/home/ros2/Documents/fa_ROS2_ws/install/smartcar_msgs:/home/ros2/Documents/fa_ROS2_ws/install/ackermann_msgs:${AMENT_PREFIX_PATH} CMAKE_PREFIX_PATH=/home/ros2/Documents/fa_ROS2_ws/install/car_gazebo_plugin:/home/ros2/Documents/fa_ROS2_ws/install/smartcar_msgs:/home/ros2/Documents/fa_ROS2_ws/install/ackermann_msgs:/opt/ros/humble LD_LIBRARY_PATH=/home/ros2/Documents/fa_ROS2_ws/install/car_gazebo_plugin/lib:/home/ros2/Documents/fa_ROS2_ws/install/smartcar_msgs/lib:/home/ros2/Documents/fa_ROS2_ws/install/ackermann_msgs/lib:/usr/lib/x86_64-linux-gnu/gazebo-11/plugins:/opt/ros/humble/opt/rviz_ogre_vendor/lib:/opt/ros/humble/lib/x86_64-linux-gnu:/opt/ros/humble/lib:/tmp/.mount_cursorHqA3fm/usr/lib:/usr/lib/x86_64-linux-gnu/gazebo-11/plugins:/usr/lib/x86_64-linux-gnu/gazebo-11/plugins:/usr/lib/x86_64-linux-gnu/gazebo-11/plugins PYTHONPATH=/home/ros2/Documents/fa_ROS2_ws/install/smartcar_msgs/local/lib/python3.10/dist-packages:/home/ros2/Documents/fa_ROS2_ws/install/ackermann_msgs/local/lib/python3.10/dist-packages:${PYTHONPATH} /usr/bin/cmake /home/ros2/Documents/fa_ROS2_ws/src/smart_car -DCMAKE_INSTALL_PREFIX=/home/ros2/Documents/fa_ROS2_ws/install/smart_car
[0.113s] -- The C compiler identification is GNU 11.4.0
[0.202s] -- The CXX compiler identification is GNU 11.4.0
[0.215s] -- Detecting C compiler ABI info
[0.304s] -- Detecting C compiler ABI info - done
[0.315s] -- Check for working C compiler: /usr/lib/ccache/gcc - skipped
[0.315s] -- Detecting C compile features
[0.316s] -- Detecting C compile features - done
[0.320s] -- Detecting CXX compiler ABI info
[0.425s] -- Detecting CXX compiler ABI info - done
[0.437s] -- Check for working CXX compiler: /usr/lib/ccache/g++ - skipped
[0.437s] -- Detecting CXX compile features
[0.437s] -- Detecting CXX compile features - done
[0.441s] -- Found ament_cmake: 1.3.10 (/opt/ros/humble/share/ament_cmake/cmake)
[0.618s] -- Found Python3: /usr/bin/python3 (found version "3.10.12") found components: Interpreter 
[0.730s] -- Found gazebo_ros: 3.7.0 (/opt/ros/humble/share/gazebo_ros/cmake)
[0.790s] -- Found rosidl_generator_c: 3.1.5 (/opt/ros/humble/share/rosidl_generator_c/cmake)
[0.796s] -- Found rosidl_adapter: 3.1.5 (/opt/ros/humble/share/rosidl_adapter/cmake)
[0.808s] -- Found rosidl_generator_cpp: 3.1.5 (/opt/ros/humble/share/rosidl_generator_cpp/cmake)
[0.823s] -- Using all available rosidl_typesupport_c: rosidl_typesupport_fastrtps_c;rosidl_typesupport_introspection_c
[0.848s] -- Using all available rosidl_typesupport_cpp: rosidl_typesupport_fastrtps_cpp;rosidl_typesupport_introspection_cpp
[0.910s] -- Found rmw_implementation_cmake: 6.1.2 (/opt/ros/humble/share/rmw_implementation_cmake/cmake)
[0.914s] -- Found rmw_cyclonedds_cpp: 1.3.4 (/opt/ros/humble/share/rmw_cyclonedds_cpp/cmake)
[0.944s] -- Using RMW implementation 'rmw_cyclonedds_cpp' as default
[0.957s] -- Looking for pthread.h
[1.041s] -- Looking for pthread.h - found
[1.041s] -- Performing Test CMAKE_HAVE_LIBC_PTHREAD
[1.127s] -- Performing Test CMAKE_HAVE_LIBC_PTHREAD - Success
[1.128s] -- Found Threads: TRUE  
[1.219s] -- Found PkgConfig: /usr/bin/pkg-config (found version "0.29.2") 
[1.221s] -- Checking for module 'bullet>=2.82'
[1.240s] --   Found bullet, version 3.05
[1.397s] -- Found fcl: /usr/include (found suitable version "0.7.0", minimum required is "0.5.0") 
[1.472s] -- Found assimp: /usr/include (found version "5.2.0") 
[1.499s] -- Found DART: /usr/include (Required is at least version "6.6") found components: dart 
[1.534s] -- Found Boost: /usr/lib/x86_64-linux-gnu/cmake/Boost-1.74.0/BoostConfig.cmake (found suitable version "1.74.0", minimum required is "1.40.0") found components: thread system filesystem program_options regex iostreams date_time 
[1.557s] -- Found Protobuf: /usr/lib/x86_64-linux-gnu/libprotobuf.so (found version "3.12.4") 
[1.567s] -- Looking for ignition-math6 -- found version 6.15.1
[1.578s] -- Searching for dependencies of ignition-math6
[1.579s] -- Looking for OGRE...
[1.580s] -- OGRE_PREFIX_WATCH changed.
[1.587s] -- Checking for module 'OGRE'
[1.605s] --   Found OGRE, version 1.9.0
[1.654s] -- Found Ogre Ghadamon (1.9.0)
[1.670s] -- Found OGRE: optimized;/usr/lib/x86_64-linux-gnu/libOgreMain.so;debug;/usr/lib/x86_64-linux-gnu/libOgreMain.so
[1.682s] -- Looking for OGRE_Paging...
[1.693s] -- Found OGRE_Paging: optimized;/usr/lib/x86_64-linux-gnu/libOgrePaging.so;debug;/usr/lib/x86_64-linux-gnu/libOgrePaging.so
[1.693s] -- Looking for OGRE_Terrain...
[1.700s] -- Found OGRE_Terrain: optimized;/usr/lib/x86_64-linux-gnu/libOgreTerrain.so;debug;/usr/lib/x86_64-linux-gnu/libOgreTerrain.so
[1.700s] -- Looking for OGRE_Property...
[1.709s] -- Found OGRE_Property: optimized;/usr/lib/x86_64-linux-gnu/libOgreProperty.so;debug;/usr/lib/x86_64-linux-gnu/libOgreProperty.so
[1.709s] -- Looking for OGRE_RTShaderSystem...
[1.717s] -- Found OGRE_RTShaderSystem: optimized;/usr/lib/x86_64-linux-gnu/libOgreRTShaderSystem.so;debug;/usr/lib/x86_64-linux-gnu/libOgreRTShaderSystem.so
[1.718s] -- Looking for OGRE_Volume...
[1.726s] -- Found OGRE_Volume: optimized;/usr/lib/x86_64-linux-gnu/libOgreVolume.so;debug;/usr/lib/x86_64-linux-gnu/libOgreVolume.so
[1.726s] -- Looking for OGRE_Overlay...
[1.735s] -- Found OGRE_Overlay: optimized;/usr/lib/x86_64-linux-gnu/libOgreOverlay.so;debug;/usr/lib/x86_64-linux-gnu/libOgreOverlay.so
[1.945s] -- Looking for ignition-math6 -- found version 6.15.1
[1.951s] -- Looking for ignition-transport8 -- found version 8.2.1
[1.952s] -- Searching for dependencies of ignition-transport8
[1.974s] -- Found Protobuf: /usr/lib/x86_64-linux-gnu/libprotobuf.so (found suitable version "3.12.4", minimum required is "3") 
[1.988s] -- Config-file not installed for ZeroMQ -- checking for pkg-config
[1.994s] -- Checking for module 'libzmq >= 4'
[2.013s] --   Found libzmq , version 4.3.4
[2.070s] -- Found ZeroMQ: TRUE (Required is at least version "4") 
[2.077s] -- Checking for module 'uuid'
[2.095s] --   Found uuid, version 2.37.2
[2.142s] -- Found UUID: TRUE  
[2.146s] -- Looking for ignition-msgs5 -- found version 5.8.1
[2.147s] -- Searching for dependencies of ignition-msgs5
[2.173s] -- Looking for ignition-math6 -- found version 6.15.1
[2.183s] -- Checking for module 'tinyxml2'
[2.202s] --   Found tinyxml2, version 9.0.0
[2.252s] -- Looking for ignition-msgs5 -- found version 5.8.1
[2.258s] -- Looking for ignition-common3 -- found version 3.14.0
[2.258s] -- Searching for dependencies of ignition-common3
[2.259s] -- Looking for dlfcn.h - found
[2.261s] -- Looking for libdl - found
[2.263s] -- Found DL: TRUE  
[2.282s] -- Found tinyobjloader: /usr/lib/x86_64-linux-gnu/cmake/tinyobjloader/tinyobjloader-config.cmake (found version "2.0.0") 
[2.282s] -- Searching for <ignition-common3> component [graphics]
[2.287s] -- Looking for ignition-common3-graphics -- found version 3.14.0
[2.287s] -- Searching for dependencies of ignition-common3-graphics
[2.288s] -- Looking for ignition-math6 -- found version 6.15.1
[2.293s] -- Looking for ignition-fuel_tools4 -- found version 4.4.0
[2.293s] -- Searching for dependencies of ignition-fuel_tools4
[2.406s] -- Found CURL: /usr/lib/x86_64-linux-gnu/libcurl.so (found version "7.81.0")  
[2.418s] -- Checking for module 'jsoncpp'
[2.438s] --   Found jsoncpp, version 1.9.5
[2.491s] -- Found JSONCPP: TRUE  
[2.499s] -- Checking for module 'libzip'
[2.517s] --   Found libzip, version 1.7.3
[2.572s] -- Found ZIP: TRUE  
[2.573s] -- Looking for ignition-common3 -- found version 3.14.0
[2.573s] -- Looking for ignition-math6 -- found version 6.15.1
[2.574s] -- Looking for ignition-msgs5 -- found version 5.8.1
[2.580s] -- Gazebo version: 11.10
[2.580s] -- Checking for module 'tbb'
[2.604s] --   Found tbb, version 2021.5.0
[2.652s] -- Found car_gazebo_plugin: 0.1.0 (/home/ros2/Documents/fa_ROS2_ws/install/car_gazebo_plugin/share/car_gazebo_plugin/cmake)
[2.727s] -- Found ament_lint_auto: 0.12.11 (/opt/ros/humble/share/ament_lint_auto/cmake)
[2.827s] -- Added test 'flake8' to check Python code syntax and style conventions
[2.828s] -- Added test 'lint_cmake' to check CMake code style
[2.828s] -- Added test 'pep257' to check Python code against some of the docstring style conventions in PEP 257
[2.831s] -- Added test 'xmllint' to check XML markup files
[2.833s] -- Configuring done
[2.840s] -- Generating done
[2.843s] -- Build files have been written to: /home/ros2/Documents/fa_ROS2_ws/build/smart_car
[2.866s] Invoked command in '/home/ros2/Documents/fa_ROS2_ws/build/smart_car' returned '0': AMENT_PREFIX_PATH=/home/ros2/Documents/fa_ROS2_ws/install/car_gazebo_plugin:/home/ros2/Documents/fa_ROS2_ws/install/smartcar_msgs:/home/ros2/Documents/fa_ROS2_ws/install/ackermann_msgs:${AMENT_PREFIX_PATH} CMAKE_PREFIX_PATH=/home/ros2/Documents/fa_ROS2_ws/install/car_gazebo_plugin:/home/ros2/Documents/fa_ROS2_ws/install/smartcar_msgs:/home/ros2/Documents/fa_ROS2_ws/install/ackermann_msgs:/opt/ros/humble LD_LIBRARY_PATH=/home/ros2/Documents/fa_ROS2_ws/install/car_gazebo_plugin/lib:/home/ros2/Documents/fa_ROS2_ws/install/smartcar_msgs/lib:/home/ros2/Documents/fa_ROS2_ws/install/ackermann_msgs/lib:/usr/lib/x86_64-linux-gnu/gazebo-11/plugins:/opt/ros/humble/opt/rviz_ogre_vendor/lib:/opt/ros/humble/lib/x86_64-linux-gnu:/opt/ros/humble/lib:/tmp/.mount_cursorHqA3fm/usr/lib:/usr/lib/x86_64-linux-gnu/gazebo-11/plugins:/usr/lib/x86_64-linux-gnu/gazebo-11/plugins:/usr/lib/x86_64-linux-gnu/gazebo-11/plugins PYTHONPATH=/home/ros2/Documents/fa_ROS2_ws/install/smartcar_msgs/local/lib/python3.10/dist-packages:/home/ros2/Documents/fa_ROS2_ws/install/ackermann_msgs/local/lib/python3.10/dist-packages:${PYTHONPATH} /usr/bin/cmake /home/ros2/Documents/fa_ROS2_ws/src/smart_car -DCMAKE_INSTALL_PREFIX=/home/ros2/Documents/fa_ROS2_ws/install/smart_car
[2.868s] Invoking command in '/home/ros2/Documents/fa_ROS2_ws/build/smart_car': AMENT_PREFIX_PATH=/home/ros2/Documents/fa_ROS2_ws/install/car_gazebo_plugin:/home/ros2/Documents/fa_ROS2_ws/install/smartcar_msgs:/home/ros2/Documents/fa_ROS2_ws/install/ackermann_msgs:${AMENT_PREFIX_PATH} CMAKE_PREFIX_PATH=/home/ros2/Documents/fa_ROS2_ws/install/car_gazebo_plugin:/home/ros2/Documents/fa_ROS2_ws/install/smartcar_msgs:/home/ros2/Documents/fa_ROS2_ws/install/ackermann_msgs:/opt/ros/humble LD_LIBRARY_PATH=/home/ros2/Documents/fa_ROS2_ws/install/car_gazebo_plugin/lib:/home/ros2/Documents/fa_ROS2_ws/install/smartcar_msgs/lib:/home/ros2/Documents/fa_ROS2_ws/install/ackermann_msgs/lib:/usr/lib/x86_64-linux-gnu/gazebo-11/plugins:/opt/ros/humble/opt/rviz_ogre_vendor/lib:/opt/ros/humble/lib/x86_64-linux-gnu:/opt/ros/humble/lib:/tmp/.mount_cursorHqA3fm/usr/lib:/usr/lib/x86_64-linux-gnu/gazebo-11/plugins:/usr/lib/x86_64-linux-gnu/gazebo-11/plugins:/usr/lib/x86_64-linux-gnu/gazebo-11/plugins PYTHONPATH=/home/ros2/Documents/fa_ROS2_ws/install/smartcar_msgs/local/lib/python3.10/dist-packages:/home/ros2/Documents/fa_ROS2_ws/install/ackermann_msgs/local/lib/python3.10/dist-packages:${PYTHONPATH} /usr/bin/cmake --build /home/ros2/Documents/fa_ROS2_ws/build/smart_car -- -j8 -l8
[2.929s] Invoked command in '/home/ros2/Documents/fa_ROS2_ws/build/smart_car' returned '0': AMENT_PREFIX_PATH=/home/ros2/Documents/fa_ROS2_ws/install/car_gazebo_plugin:/home/ros2/Documents/fa_ROS2_ws/install/smartcar_msgs:/home/ros2/Documents/fa_ROS2_ws/install/ackermann_msgs:${AMENT_PREFIX_PATH} CMAKE_PREFIX_PATH=/home/ros2/Documents/fa_ROS2_ws/install/car_gazebo_plugin:/home/ros2/Documents/fa_ROS2_ws/install/smartcar_msgs:/home/ros2/Documents/fa_ROS2_ws/install/ackermann_msgs:/opt/ros/humble LD_LIBRARY_PATH=/home/ros2/Documents/fa_ROS2_ws/install/car_gazebo_plugin/lib:/home/ros2/Documents/fa_ROS2_ws/install/smartcar_msgs/lib:/home/ros2/Documents/fa_ROS2_ws/install/ackermann_msgs/lib:/usr/lib/x86_64-linux-gnu/gazebo-11/plugins:/opt/ros/humble/opt/rviz_ogre_vendor/lib:/opt/ros/humble/lib/x86_64-linux-gnu:/opt/ros/humble/lib:/tmp/.mount_cursorHqA3fm/usr/lib:/usr/lib/x86_64-linux-gnu/gazebo-11/plugins:/usr/lib/x86_64-linux-gnu/gazebo-11/plugins:/usr/lib/x86_64-linux-gnu/gazebo-11/plugins PYTHONPATH=/home/ros2/Documents/fa_ROS2_ws/install/smartcar_msgs/local/lib/python3.10/dist-packages:/home/ros2/Documents/fa_ROS2_ws/install/ackermann_msgs/local/lib/python3.10/dist-packages:${PYTHONPATH} /usr/bin/cmake --build /home/ros2/Documents/fa_ROS2_ws/build/smart_car -- -j8 -l8
[2.971s] Invoking command in '/home/ros2/Documents/fa_ROS2_ws/build/smart_car': AMENT_PREFIX_PATH=/home/ros2/Documents/fa_ROS2_ws/install/car_gazebo_plugin:/home/ros2/Documents/fa_ROS2_ws/install/smartcar_msgs:/home/ros2/Documents/fa_ROS2_ws/install/ackermann_msgs:${AMENT_PREFIX_PATH} CMAKE_PREFIX_PATH=/home/ros2/Documents/fa_ROS2_ws/install/car_gazebo_plugin:/home/ros2/Documents/fa_ROS2_ws/install/smartcar_msgs:/home/ros2/Documents/fa_ROS2_ws/install/ackermann_msgs:/opt/ros/humble LD_LIBRARY_PATH=/home/ros2/Documents/fa_ROS2_ws/install/car_gazebo_plugin/lib:/home/ros2/Documents/fa_ROS2_ws/install/smartcar_msgs/lib:/home/ros2/Documents/fa_ROS2_ws/install/ackermann_msgs/lib:/usr/lib/x86_64-linux-gnu/gazebo-11/plugins:/opt/ros/humble/opt/rviz_ogre_vendor/lib:/opt/ros/humble/lib/x86_64-linux-gnu:/opt/ros/humble/lib:/tmp/.mount_cursorHqA3fm/usr/lib:/usr/lib/x86_64-linux-gnu/gazebo-11/plugins:/usr/lib/x86_64-linux-gnu/gazebo-11/plugins:/usr/lib/x86_64-linux-gnu/gazebo-11/plugins PYTHONPATH=/home/ros2/Documents/fa_ROS2_ws/install/smartcar_msgs/local/lib/python3.10/dist-packages:/home/ros2/Documents/fa_ROS2_ws/install/ackermann_msgs/local/lib/python3.10/dist-packages:${PYTHONPATH} /usr/bin/cmake --install /home/ros2/Documents/fa_ROS2_ws/build/smart_car
[2.985s] -- Install configuration: ""
[2.985s] -- Installing: /home/ros2/Documents/fa_ROS2_ws/install/smart_car/share/smart_car//launch
[2.986s] -- Installing: /home/ros2/Documents/fa_ROS2_ws/install/smart_car/share/smart_car//launch/gazebo.launch.py
[2.986s] -- Installing: /home/ros2/Documents/fa_ROS2_ws/install/smart_car/share/smart_car//launch/localization.launch.py
[2.986s] -- Installing: /home/ros2/Documents/fa_ROS2_ws/install/smart_car/share/smart_car//launch/nav2.launch.py
[2.986s] -- Installing: /home/ros2/Documents/fa_ROS2_ws/install/smart_car/share/smart_car//launch/display.launch.py
[2.987s] -- Installing: /home/ros2/Documents/fa_ROS2_ws/install/smart_car/share/smart_car//config
[2.987s] -- Installing: /home/ros2/Documents/fa_ROS2_ws/install/smart_car/share/smart_car//config/ekf.yaml
[2.987s] -- Installing: /home/ros2/Documents/fa_ROS2_ws/install/smart_car/share/smart_car//config/nav2_parameters.yaml
[2.987s] -- Installing: /home/ros2/Documents/fa_ROS2_ws/install/smart_car/share/smart_car//map
[2.987s] -- Installing: /home/ros2/Documents/fa_ROS2_ws/install/smart_car/share/smart_car//map/smalltown_world.yaml
[2.987s] -- Installing: /home/ros2/Documents/fa_ROS2_ws/install/smart_car/share/smart_car//map/smalltown_world.pgm
[2.991s] -- Installing: /home/ros2/Documents/fa_ROS2_ws/install/smart_car/share/smart_car//urdf
[2.991s] -- Installing: /home/ros2/Documents/fa_ROS2_ws/install/smart_car/share/smart_car//urdf/smartcar.urdf.xacro
[2.991s] -- Installing: /home/ros2/Documents/fa_ROS2_ws/install/smart_car/share/smart_car//urdf/smartcar.urdf
[2.991s] -- Installing: /home/ros2/Documents/fa_ROS2_ws/install/smart_car/share/smart_car//rviz
[2.992s] -- Installing: /home/ros2/Documents/fa_ROS2_ws/install/smart_car/share/smart_car//rviz/config.rviz
[2.992s] -- Installing: /home/ros2/Documents/fa_ROS2_ws/install/smart_car/share/smart_car//world
[2.992s] -- Installing: /home/ros2/Documents/fa_ROS2_ws/install/smart_car/share/smart_car//world/smalltown.world
[2.992s] -- Installing: /home/ros2/Documents/fa_ROS2_ws/install/smart_car/share/smart_car//world/smalltown_world.yaml
[2.992s] -- Installing: /home/ros2/Documents/fa_ROS2_ws/install/smart_car/share/smart_car//world/smalltown_world.pgm
[2.997s] -- Installing: /home/ros2/Documents/fa_ROS2_ws/install/smart_car/lib/smart_car/wheel_odometry.py
[2.998s] -- Installing: /home/ros2/Documents/fa_ROS2_ws/install/smart_car/lib/smart_car/joint_state_publisher.py
[2.998s] -- Installing: /home/ros2/Documents/fa_ROS2_ws/install/smart_car/share/ament_index/resource_index/package_run_dependencies/smart_car
[2.998s] -- Installing: /home/ros2/Documents/fa_ROS2_ws/install/smart_car/share/ament_index/resource_index/parent_prefix_path/smart_car
[2.998s] -- Installing: /home/ros2/Documents/fa_ROS2_ws/install/smart_car/share/smart_car/environment/ament_prefix_path.sh
[2.998s] -- Installing: /home/ros2/Documents/fa_ROS2_ws/install/smart_car/share/smart_car/environment/ament_prefix_path.dsv
[2.999s] -- Installing: /home/ros2/Documents/fa_ROS2_ws/install/smart_car/share/smart_car/environment/path.sh
[2.999s] -- Installing: /home/ros2/Documents/fa_ROS2_ws/install/smart_car/share/smart_car/environment/path.dsv
[2.999s] -- Installing: /home/ros2/Documents/fa_ROS2_ws/install/smart_car/share/smart_car/local_setup.bash
[2.999s] -- Installing: /home/ros2/Documents/fa_ROS2_ws/install/smart_car/share/smart_car/local_setup.sh
[3.003s] -- Installing: /home/ros2/Documents/fa_ROS2_ws/install/smart_car/share/smart_car/local_setup.zsh
[3.003s] -- Installing: /home/ros2/Documents/fa_ROS2_ws/install/smart_car/share/smart_car/local_setup.dsv
[3.003s] -- Installing: /home/ros2/Documents/fa_ROS2_ws/install/smart_car/share/smart_car/package.dsv
[3.004s] -- Installing: /home/ros2/Documents/fa_ROS2_ws/install/smart_car/share/ament_index/resource_index/packages/smart_car
[3.004s] -- Installing: /home/ros2/Documents/fa_ROS2_ws/install/smart_car/share/smart_car/cmake/smart_carConfig.cmake
[3.004s] -- Installing: /home/ros2/Documents/fa_ROS2_ws/install/smart_car/share/smart_car/cmake/smart_carConfig-version.cmake
[3.004s] -- Installing: /home/ros2/Documents/fa_ROS2_ws/install/smart_car/share/smart_car/package.xml
[3.005s] Invoked command in '/home/ros2/Documents/fa_ROS2_ws/build/smart_car' returned '0': AMENT_PREFIX_PATH=/home/ros2/Documents/fa_ROS2_ws/install/car_gazebo_plugin:/home/ros2/Documents/fa_ROS2_ws/install/smartcar_msgs:/home/ros2/Documents/fa_ROS2_ws/install/ackermann_msgs:${AMENT_PREFIX_PATH} CMAKE_PREFIX_PATH=/home/ros2/Documents/fa_ROS2_ws/install/car_gazebo_plugin:/home/ros2/Documents/fa_ROS2_ws/install/smartcar_msgs:/home/ros2/Documents/fa_ROS2_ws/install/ackermann_msgs:/opt/ros/humble LD_LIBRARY_PATH=/home/ros2/Documents/fa_ROS2_ws/install/car_gazebo_plugin/lib:/home/ros2/Documents/fa_ROS2_ws/install/smartcar_msgs/lib:/home/ros2/Documents/fa_ROS2_ws/install/ackermann_msgs/lib:/usr/lib/x86_64-linux-gnu/gazebo-11/plugins:/opt/ros/humble/opt/rviz_ogre_vendor/lib:/opt/ros/humble/lib/x86_64-linux-gnu:/opt/ros/humble/lib:/tmp/.mount_cursorHqA3fm/usr/lib:/usr/lib/x86_64-linux-gnu/gazebo-11/plugins:/usr/lib/x86_64-linux-gnu/gazebo-11/plugins:/usr/lib/x86_64-linux-gnu/gazebo-11/plugins PYTHONPATH=/home/ros2/Documents/fa_ROS2_ws/install/smartcar_msgs/local/lib/python3.10/dist-packages:/home/ros2/Documents/fa_ROS2_ws/install/ackermann_msgs/local/lib/python3.10/dist-packages:${PYTHONPATH} /usr/bin/cmake --install /home/ros2/Documents/fa_ROS2_ws/build/smart_car
