[0.189s] Invoking command in '/home/ros2/Documents/fa_ROS2_ws/build/nav2_theta_star_planner': AMENT_PREFIX_PATH=/home/ros2/Documents/fa_ROS2_ws/install/nav2_core:/home/ros2/Documents/fa_ROS2_ws/install/nav2_costmap_2d:/home/ros2/Documents/fa_ROS2_ws/install/nav2_map_server:/home/ros2/Documents/fa_ROS2_ws/install/nav2_lifecycle_manager:/home/ros2/Documents/fa_ROS2_ws/install/nav2_util:/home/ros2/Documents/fa_ROS2_ws/install/nav2_voxel_grid:/home/ros2/Documents/fa_ROS2_ws/install/nav2_msgs:/home/ros2/Documents/fa_ROS2_ws/install/nav2_common:${AMENT_PREFIX_PATH} CMAKE_PREFIX_PATH=/home/ros2/Documents/fa_ROS2_ws/install/nav2_core:/home/ros2/Documents/fa_ROS2_ws/install/nav2_costmap_2d:/home/ros2/Documents/fa_ROS2_ws/install/nav2_map_server:/home/ros2/Documents/fa_ROS2_ws/install/nav2_lifecycle_manager:/home/ros2/Documents/fa_ROS2_ws/install/nav2_util:/home/ros2/Documents/fa_ROS2_ws/install/nav2_voxel_grid:/home/ros2/Documents/fa_ROS2_ws/install/nav2_msgs:/home/ros2/Documents/fa_ROS2_ws/install/nav2_common:/home/ros2/Documents/fa_ROS2_ws/install/smart_car:/home/ros2/Documents/fa_ROS2_ws/install/car_gazebo_plugin:/home/ros2/Documents/fa_ROS2_ws/install/smartcar_msgs:/home/ros2/Documents/fa_ROS2_ws/install/ackermann_msgs:/opt/ros/humble LD_LIBRARY_PATH=/home/ros2/Documents/fa_ROS2_ws/install/nav2_costmap_2d/lib:/home/ros2/Documents/fa_ROS2_ws/install/nav2_map_server/lib:/home/ros2/Documents/fa_ROS2_ws/install/nav2_lifecycle_manager/lib:/home/ros2/Documents/fa_ROS2_ws/install/nav2_util/lib:/home/ros2/Documents/fa_ROS2_ws/install/nav2_voxel_grid/lib:/home/ros2/Documents/fa_ROS2_ws/install/nav2_msgs/lib:/home/ros2/Documents/fa_ROS2_ws/install/car_gazebo_plugin/lib:/home/ros2/Documents/fa_ROS2_ws/install/smartcar_msgs/lib:/home/ros2/Documents/fa_ROS2_ws/install/ackermann_msgs/lib:/usr/lib/x86_64-linux-gnu/gazebo-11/plugins:/opt/ros/humble/opt/rviz_ogre_vendor/lib:/opt/ros/humble/lib/x86_64-linux-gnu:/opt/ros/humble/lib:/tmp/.mount_cursorflfrK2/usr/lib:/usr/lib/x86_64-linux-gnu/gazebo-11/plugins:/usr/lib/x86_64-linux-gnu/gazebo-11/plugins:/usr/lib/x86_64-linux-gnu/gazebo-11/plugins PYTHONPATH=/home/ros2/Documents/fa_ROS2_ws/install/nav2_msgs/local/lib/python3.10/dist-packages:/home/ros2/Documents/fa_ROS2_ws/install/nav2_common/local/lib/python3.10/dist-packages:${PYTHONPATH} /usr/bin/cmake /home/ros2/Documents/fa_ROS2_ws/src/navigation2/nav2_theta_star_planner -DAMENT_CMAKE_SYMLINK_INSTALL=1 -DCMAKE_INSTALL_PREFIX=/home/ros2/Documents/fa_ROS2_ws/install/nav2_theta_star_planner
[12.030s] -- The C compiler identification is GNU 11.4.0
[12.030s] -- The CXX compiler identification is GNU 11.4.0
[12.030s] -- Detecting C compiler ABI info
[12.030s] -- Detecting C compiler ABI info - done
[12.031s] -- Check for working C compiler: /usr/lib/ccache/gcc - skipped
[12.031s] -- Detecting C compile features
[12.031s] -- Detecting C compile features - done
[12.031s] -- Detecting CXX compiler ABI info
[12.031s] -- Detecting CXX compiler ABI info - done
[12.032s] -- Check for working CXX compiler: /usr/lib/ccache/g++ - skipped
[12.032s] -- Detecting CXX compile features
[12.032s] -- Detecting CXX compile features - done
[12.032s] -- Found ament_cmake: 1.3.10 (/opt/ros/humble/share/ament_cmake/cmake)
[12.032s] -- Found Python3: /usr/bin/python3 (found version "3.10.12") found components: Interpreter 
[12.032s] -- Override CMake install command with custom implementation using symlinks instead of copying resources
[12.032s] -- Found builtin_interfaces: 1.2.1 (/opt/ros/humble/share/builtin_interfaces/cmake)
[12.032s] -- Found rosidl_generator_c: 3.1.5 (/opt/ros/humble/share/rosidl_generator_c/cmake)
[12.032s] -- Found rosidl_adapter: 3.1.5 (/opt/ros/humble/share/rosidl_adapter/cmake)
[12.032s] -- Found rosidl_generator_cpp: 3.1.5 (/opt/ros/humble/share/rosidl_generator_cpp/cmake)
[12.032s] -- Using all available rosidl_typesupport_c: rosidl_typesupport_fastrtps_c;rosidl_typesupport_introspection_c
[12.033s] -- Using all available rosidl_typesupport_cpp: rosidl_typesupport_fastrtps_cpp;rosidl_typesupport_introspection_cpp
[12.033s] -- Found nav2_common: 1.1.17 (/home/ros2/Documents/fa_ROS2_ws/install/nav2_common/share/nav2_common/cmake)
[12.033s] -- Found nav2_core: 1.1.17 (/home/ros2/Documents/fa_ROS2_ws/install/nav2_core/share/nav2_core/cmake)
[12.033s] -- Found rmw_implementation_cmake: 6.1.2 (/opt/ros/humble/share/rmw_implementation_cmake/cmake)
[12.033s] -- Found rmw_cyclonedds_cpp: 1.3.4 (/opt/ros/humble/share/rmw_cyclonedds_cpp/cmake)
[12.036s] -- Using RMW implementation 'rmw_cyclonedds_cpp' as default
[12.037s] -- Looking for pthread.h
[12.037s] -- Looking for pthread.h - found
[12.038s] -- Performing Test CMAKE_HAVE_LIBC_PTHREAD
[12.038s] -- Performing Test CMAKE_HAVE_LIBC_PTHREAD - Success
[12.038s] -- Found Threads: TRUE  
[12.038s] -- Found Eigen3: TRUE (found version "3.4.0") 
[12.038s] -- Ensuring Eigen3 include directory is part of orocos-kdl CMake target
[12.038s] -- Setting build type to Release as none was specified.
[12.038s] -- Found ament_lint_auto: 0.12.11 (/opt/ros/humble/share/ament_lint_auto/cmake)
[12.038s] -- Found gtest sources under '/opt/ros/humble/src/gtest_vendor': C++ tests using 'Google Test' will be built
[12.039s] -- Added test 'copyright' to check source files copyright and LICENSE
[12.039s] -- Added test 'cppcheck' to perform static code analysis on C / C++ code
[12.039s] -- Configured cppcheck include dirs: /home/ros2/Documents/fa_ROS2_ws/src/navigation2/nav2_theta_star_planner/include
[12.039s] -- Configured cppcheck exclude dirs and/or files: 
[12.039s] -- Added test 'cpplint' to check C / C++ code against the Google style
[12.039s] -- Configured cpplint exclude dirs and/or files: 
[12.039s] -- Added test 'lint_cmake' to check CMake code style
[12.039s] -- Added test 'uncrustify' to check C / C++ code style
[12.039s] -- Configured uncrustify additional arguments: 
[12.039s] -- Added test 'xmllint' to check XML markup files
[12.039s] -- Configuring done
[12.039s] -- Generating done
[12.040s] -- Build files have been written to: /home/ros2/Documents/fa_ROS2_ws/build/nav2_theta_star_planner
[12.071s] Invoked command in '/home/ros2/Documents/fa_ROS2_ws/build/nav2_theta_star_planner' returned '0': AMENT_PREFIX_PATH=/home/ros2/Documents/fa_ROS2_ws/install/nav2_core:/home/ros2/Documents/fa_ROS2_ws/install/nav2_costmap_2d:/home/ros2/Documents/fa_ROS2_ws/install/nav2_map_server:/home/ros2/Documents/fa_ROS2_ws/install/nav2_lifecycle_manager:/home/ros2/Documents/fa_ROS2_ws/install/nav2_util:/home/ros2/Documents/fa_ROS2_ws/install/nav2_voxel_grid:/home/ros2/Documents/fa_ROS2_ws/install/nav2_msgs:/home/ros2/Documents/fa_ROS2_ws/install/nav2_common:${AMENT_PREFIX_PATH} CMAKE_PREFIX_PATH=/home/ros2/Documents/fa_ROS2_ws/install/nav2_core:/home/ros2/Documents/fa_ROS2_ws/install/nav2_costmap_2d:/home/ros2/Documents/fa_ROS2_ws/install/nav2_map_server:/home/ros2/Documents/fa_ROS2_ws/install/nav2_lifecycle_manager:/home/ros2/Documents/fa_ROS2_ws/install/nav2_util:/home/ros2/Documents/fa_ROS2_ws/install/nav2_voxel_grid:/home/ros2/Documents/fa_ROS2_ws/install/nav2_msgs:/home/ros2/Documents/fa_ROS2_ws/install/nav2_common:/home/ros2/Documents/fa_ROS2_ws/install/smart_car:/home/ros2/Documents/fa_ROS2_ws/install/car_gazebo_plugin:/home/ros2/Documents/fa_ROS2_ws/install/smartcar_msgs:/home/ros2/Documents/fa_ROS2_ws/install/ackermann_msgs:/opt/ros/humble LD_LIBRARY_PATH=/home/ros2/Documents/fa_ROS2_ws/install/nav2_costmap_2d/lib:/home/ros2/Documents/fa_ROS2_ws/install/nav2_map_server/lib:/home/ros2/Documents/fa_ROS2_ws/install/nav2_lifecycle_manager/lib:/home/ros2/Documents/fa_ROS2_ws/install/nav2_util/lib:/home/ros2/Documents/fa_ROS2_ws/install/nav2_voxel_grid/lib:/home/ros2/Documents/fa_ROS2_ws/install/nav2_msgs/lib:/home/ros2/Documents/fa_ROS2_ws/install/car_gazebo_plugin/lib:/home/ros2/Documents/fa_ROS2_ws/install/smartcar_msgs/lib:/home/ros2/Documents/fa_ROS2_ws/install/ackermann_msgs/lib:/usr/lib/x86_64-linux-gnu/gazebo-11/plugins:/opt/ros/humble/opt/rviz_ogre_vendor/lib:/opt/ros/humble/lib/x86_64-linux-gnu:/opt/ros/humble/lib:/tmp/.mount_cursorflfrK2/usr/lib:/usr/lib/x86_64-linux-gnu/gazebo-11/plugins:/usr/lib/x86_64-linux-gnu/gazebo-11/plugins:/usr/lib/x86_64-linux-gnu/gazebo-11/plugins PYTHONPATH=/home/ros2/Documents/fa_ROS2_ws/install/nav2_msgs/local/lib/python3.10/dist-packages:/home/ros2/Documents/fa_ROS2_ws/install/nav2_common/local/lib/python3.10/dist-packages:${PYTHONPATH} /usr/bin/cmake /home/ros2/Documents/fa_ROS2_ws/src/navigation2/nav2_theta_star_planner -DAMENT_CMAKE_SYMLINK_INSTALL=1 -DCMAKE_INSTALL_PREFIX=/home/ros2/Documents/fa_ROS2_ws/install/nav2_theta_star_planner
[12.072s] Invoking command in '/home/ros2/Documents/fa_ROS2_ws/build/nav2_theta_star_planner': AMENT_PREFIX_PATH=/home/ros2/Documents/fa_ROS2_ws/install/nav2_core:/home/ros2/Documents/fa_ROS2_ws/install/nav2_costmap_2d:/home/ros2/Documents/fa_ROS2_ws/install/nav2_map_server:/home/ros2/Documents/fa_ROS2_ws/install/nav2_lifecycle_manager:/home/ros2/Documents/fa_ROS2_ws/install/nav2_util:/home/ros2/Documents/fa_ROS2_ws/install/nav2_voxel_grid:/home/ros2/Documents/fa_ROS2_ws/install/nav2_msgs:/home/ros2/Documents/fa_ROS2_ws/install/nav2_common:${AMENT_PREFIX_PATH} CMAKE_PREFIX_PATH=/home/ros2/Documents/fa_ROS2_ws/install/nav2_core:/home/ros2/Documents/fa_ROS2_ws/install/nav2_costmap_2d:/home/ros2/Documents/fa_ROS2_ws/install/nav2_map_server:/home/ros2/Documents/fa_ROS2_ws/install/nav2_lifecycle_manager:/home/ros2/Documents/fa_ROS2_ws/install/nav2_util:/home/ros2/Documents/fa_ROS2_ws/install/nav2_voxel_grid:/home/ros2/Documents/fa_ROS2_ws/install/nav2_msgs:/home/ros2/Documents/fa_ROS2_ws/install/nav2_common:/home/ros2/Documents/fa_ROS2_ws/install/smart_car:/home/ros2/Documents/fa_ROS2_ws/install/car_gazebo_plugin:/home/ros2/Documents/fa_ROS2_ws/install/smartcar_msgs:/home/ros2/Documents/fa_ROS2_ws/install/ackermann_msgs:/opt/ros/humble LD_LIBRARY_PATH=/home/ros2/Documents/fa_ROS2_ws/install/nav2_costmap_2d/lib:/home/ros2/Documents/fa_ROS2_ws/install/nav2_map_server/lib:/home/ros2/Documents/fa_ROS2_ws/install/nav2_lifecycle_manager/lib:/home/ros2/Documents/fa_ROS2_ws/install/nav2_util/lib:/home/ros2/Documents/fa_ROS2_ws/install/nav2_voxel_grid/lib:/home/ros2/Documents/fa_ROS2_ws/install/nav2_msgs/lib:/home/ros2/Documents/fa_ROS2_ws/install/car_gazebo_plugin/lib:/home/ros2/Documents/fa_ROS2_ws/install/smartcar_msgs/lib:/home/ros2/Documents/fa_ROS2_ws/install/ackermann_msgs/lib:/usr/lib/x86_64-linux-gnu/gazebo-11/plugins:/opt/ros/humble/opt/rviz_ogre_vendor/lib:/opt/ros/humble/lib/x86_64-linux-gnu:/opt/ros/humble/lib:/tmp/.mount_cursorflfrK2/usr/lib:/usr/lib/x86_64-linux-gnu/gazebo-11/plugins:/usr/lib/x86_64-linux-gnu/gazebo-11/plugins:/usr/lib/x86_64-linux-gnu/gazebo-11/plugins PYTHONPATH=/home/ros2/Documents/fa_ROS2_ws/install/nav2_msgs/local/lib/python3.10/dist-packages:/home/ros2/Documents/fa_ROS2_ws/install/nav2_common/local/lib/python3.10/dist-packages:${PYTHONPATH} /usr/bin/cmake --build /home/ros2/Documents/fa_ROS2_ws/build/nav2_theta_star_planner -- -j8 -l8
[12.393s] [ 11%] [32mBuilding CXX object CMakeFiles/nav2_theta_star_planner.dir/src/theta_star.cpp.o[0m
[23.687s] [ 22%] [32mBuilding CXX object CMakeFiles/nav2_theta_star_planner.dir/src/theta_star_planner.cpp.o[0m
[34.967s] [ 33%] [32m[1mLinking CXX shared library libnav2_theta_star_planner.so[0m
[35.666s] [ 33%] Built target nav2_theta_star_planner
[35.733s] [ 44%] [32mBuilding CXX object gtest/CMakeFiles/gtest.dir/src/gtest-all.cc.o[0m
[35.998s] [ 55%] [32m[1mLinking CXX static library libgtest.a[0m
[36.096s] [ 55%] Built target gtest
[36.203s] [ 66%] [32mBuilding CXX object gtest/CMakeFiles/gtest_main.dir/src/gtest_main.cc.o[0m
[36.427s] [ 77%] [32m[1mLinking CXX static library libgtest_main.a[0m
[36.513s] [ 77%] Built target gtest_main
[36.620s] [ 88%] [32mBuilding CXX object CMakeFiles/test_theta_star.dir/test/test_theta_star.cpp.o[0m
[51.181s] [100%] [32m[1mLinking CXX executable test_theta_star[0m
[52.083s] [100%] Built target test_theta_star
[52.107s] Invoked command in '/home/ros2/Documents/fa_ROS2_ws/build/nav2_theta_star_planner' returned '0': AMENT_PREFIX_PATH=/home/ros2/Documents/fa_ROS2_ws/install/nav2_core:/home/ros2/Documents/fa_ROS2_ws/install/nav2_costmap_2d:/home/ros2/Documents/fa_ROS2_ws/install/nav2_map_server:/home/ros2/Documents/fa_ROS2_ws/install/nav2_lifecycle_manager:/home/ros2/Documents/fa_ROS2_ws/install/nav2_util:/home/ros2/Documents/fa_ROS2_ws/install/nav2_voxel_grid:/home/ros2/Documents/fa_ROS2_ws/install/nav2_msgs:/home/ros2/Documents/fa_ROS2_ws/install/nav2_common:${AMENT_PREFIX_PATH} CMAKE_PREFIX_PATH=/home/ros2/Documents/fa_ROS2_ws/install/nav2_core:/home/ros2/Documents/fa_ROS2_ws/install/nav2_costmap_2d:/home/ros2/Documents/fa_ROS2_ws/install/nav2_map_server:/home/ros2/Documents/fa_ROS2_ws/install/nav2_lifecycle_manager:/home/ros2/Documents/fa_ROS2_ws/install/nav2_util:/home/ros2/Documents/fa_ROS2_ws/install/nav2_voxel_grid:/home/ros2/Documents/fa_ROS2_ws/install/nav2_msgs:/home/ros2/Documents/fa_ROS2_ws/install/nav2_common:/home/ros2/Documents/fa_ROS2_ws/install/smart_car:/home/ros2/Documents/fa_ROS2_ws/install/car_gazebo_plugin:/home/ros2/Documents/fa_ROS2_ws/install/smartcar_msgs:/home/ros2/Documents/fa_ROS2_ws/install/ackermann_msgs:/opt/ros/humble LD_LIBRARY_PATH=/home/ros2/Documents/fa_ROS2_ws/install/nav2_costmap_2d/lib:/home/ros2/Documents/fa_ROS2_ws/install/nav2_map_server/lib:/home/ros2/Documents/fa_ROS2_ws/install/nav2_lifecycle_manager/lib:/home/ros2/Documents/fa_ROS2_ws/install/nav2_util/lib:/home/ros2/Documents/fa_ROS2_ws/install/nav2_voxel_grid/lib:/home/ros2/Documents/fa_ROS2_ws/install/nav2_msgs/lib:/home/ros2/Documents/fa_ROS2_ws/install/car_gazebo_plugin/lib:/home/ros2/Documents/fa_ROS2_ws/install/smartcar_msgs/lib:/home/ros2/Documents/fa_ROS2_ws/install/ackermann_msgs/lib:/usr/lib/x86_64-linux-gnu/gazebo-11/plugins:/opt/ros/humble/opt/rviz_ogre_vendor/lib:/opt/ros/humble/lib/x86_64-linux-gnu:/opt/ros/humble/lib:/tmp/.mount_cursorflfrK2/usr/lib:/usr/lib/x86_64-linux-gnu/gazebo-11/plugins:/usr/lib/x86_64-linux-gnu/gazebo-11/plugins:/usr/lib/x86_64-linux-gnu/gazebo-11/plugins PYTHONPATH=/home/ros2/Documents/fa_ROS2_ws/install/nav2_msgs/local/lib/python3.10/dist-packages:/home/ros2/Documents/fa_ROS2_ws/install/nav2_common/local/lib/python3.10/dist-packages:${PYTHONPATH} /usr/bin/cmake --build /home/ros2/Documents/fa_ROS2_ws/build/nav2_theta_star_planner -- -j8 -l8
[52.339s] Invoking command in '/home/ros2/Documents/fa_ROS2_ws/build/nav2_theta_star_planner': AMENT_PREFIX_PATH=/home/ros2/Documents/fa_ROS2_ws/install/nav2_core:/home/ros2/Documents/fa_ROS2_ws/install/nav2_costmap_2d:/home/ros2/Documents/fa_ROS2_ws/install/nav2_map_server:/home/ros2/Documents/fa_ROS2_ws/install/nav2_lifecycle_manager:/home/ros2/Documents/fa_ROS2_ws/install/nav2_util:/home/ros2/Documents/fa_ROS2_ws/install/nav2_voxel_grid:/home/ros2/Documents/fa_ROS2_ws/install/nav2_msgs:/home/ros2/Documents/fa_ROS2_ws/install/nav2_common:${AMENT_PREFIX_PATH} CMAKE_PREFIX_PATH=/home/ros2/Documents/fa_ROS2_ws/install/nav2_core:/home/ros2/Documents/fa_ROS2_ws/install/nav2_costmap_2d:/home/ros2/Documents/fa_ROS2_ws/install/nav2_map_server:/home/ros2/Documents/fa_ROS2_ws/install/nav2_lifecycle_manager:/home/ros2/Documents/fa_ROS2_ws/install/nav2_util:/home/ros2/Documents/fa_ROS2_ws/install/nav2_voxel_grid:/home/ros2/Documents/fa_ROS2_ws/install/nav2_msgs:/home/ros2/Documents/fa_ROS2_ws/install/nav2_common:/home/ros2/Documents/fa_ROS2_ws/install/smart_car:/home/ros2/Documents/fa_ROS2_ws/install/car_gazebo_plugin:/home/ros2/Documents/fa_ROS2_ws/install/smartcar_msgs:/home/ros2/Documents/fa_ROS2_ws/install/ackermann_msgs:/opt/ros/humble LD_LIBRARY_PATH=/home/ros2/Documents/fa_ROS2_ws/install/nav2_costmap_2d/lib:/home/ros2/Documents/fa_ROS2_ws/install/nav2_map_server/lib:/home/ros2/Documents/fa_ROS2_ws/install/nav2_lifecycle_manager/lib:/home/ros2/Documents/fa_ROS2_ws/install/nav2_util/lib:/home/ros2/Documents/fa_ROS2_ws/install/nav2_voxel_grid/lib:/home/ros2/Documents/fa_ROS2_ws/install/nav2_msgs/lib:/home/ros2/Documents/fa_ROS2_ws/install/car_gazebo_plugin/lib:/home/ros2/Documents/fa_ROS2_ws/install/smartcar_msgs/lib:/home/ros2/Documents/fa_ROS2_ws/install/ackermann_msgs/lib:/usr/lib/x86_64-linux-gnu/gazebo-11/plugins:/opt/ros/humble/opt/rviz_ogre_vendor/lib:/opt/ros/humble/lib/x86_64-linux-gnu:/opt/ros/humble/lib:/tmp/.mount_cursorflfrK2/usr/lib:/usr/lib/x86_64-linux-gnu/gazebo-11/plugins:/usr/lib/x86_64-linux-gnu/gazebo-11/plugins:/usr/lib/x86_64-linux-gnu/gazebo-11/plugins PYTHONPATH=/home/ros2/Documents/fa_ROS2_ws/install/nav2_msgs/local/lib/python3.10/dist-packages:/home/ros2/Documents/fa_ROS2_ws/install/nav2_common/local/lib/python3.10/dist-packages:${PYTHONPATH} /usr/bin/cmake --install /home/ros2/Documents/fa_ROS2_ws/build/nav2_theta_star_planner
[74.259s] -- Install configuration: "Release"
[74.259s] -- Execute custom install script
[74.259s] -- Symlinking: /home/ros2/Documents/fa_ROS2_ws/install/nav2_theta_star_planner/share/nav2_theta_star_planner//theta_star_planner.xml
[74.259s] -- Symlinking: /home/ros2/Documents/fa_ROS2_ws/install/nav2_theta_star_planner/lib/libnav2_theta_star_planner.so
[74.260s] -- Symlinking: /home/ros2/Documents/fa_ROS2_ws/install/nav2_theta_star_planner/include//nav2_theta_star_planner/theta_star.hpp
[74.260s] -- Symlinking: /home/ros2/Documents/fa_ROS2_ws/install/nav2_theta_star_planner/include//nav2_theta_star_planner/theta_star_planner.hpp
[74.260s] -- Up-to-date symlink: /home/ros2/Documents/fa_ROS2_ws/install/nav2_theta_star_planner/share/nav2_theta_star_planner/theta_star_planner.xml
[74.260s] -- Symlinking: /home/ros2/Documents/fa_ROS2_ws/install/nav2_theta_star_planner/share/nav2_theta_star_planner/environment/library_path.sh
[74.260s] -- Symlinking: /home/ros2/Documents/fa_ROS2_ws/install/nav2_theta_star_planner/share/nav2_theta_star_planner/environment/library_path.dsv
[74.260s] -- Symlinking: /home/ros2/Documents/fa_ROS2_ws/install/nav2_theta_star_planner/share/ament_index/resource_index/package_run_dependencies/nav2_theta_star_planner
[74.260s] -- Symlinking: /home/ros2/Documents/fa_ROS2_ws/install/nav2_theta_star_planner/share/ament_index/resource_index/parent_prefix_path/nav2_theta_star_planner
[74.260s] -- Symlinking: /home/ros2/Documents/fa_ROS2_ws/install/nav2_theta_star_planner/share/nav2_theta_star_planner/environment/ament_prefix_path.sh
[74.260s] -- Symlinking: /home/ros2/Documents/fa_ROS2_ws/install/nav2_theta_star_planner/share/nav2_theta_star_planner/environment/ament_prefix_path.dsv
[74.261s] -- Symlinking: /home/ros2/Documents/fa_ROS2_ws/install/nav2_theta_star_planner/share/nav2_theta_star_planner/environment/path.sh
[74.261s] -- Symlinking: /home/ros2/Documents/fa_ROS2_ws/install/nav2_theta_star_planner/share/nav2_theta_star_planner/environment/path.dsv
[74.261s] -- Symlinking: /home/ros2/Documents/fa_ROS2_ws/install/nav2_theta_star_planner/share/nav2_theta_star_planner/local_setup.bash
[74.261s] -- Symlinking: /home/ros2/Documents/fa_ROS2_ws/install/nav2_theta_star_planner/share/nav2_theta_star_planner/local_setup.sh
[74.261s] -- Symlinking: /home/ros2/Documents/fa_ROS2_ws/install/nav2_theta_star_planner/share/nav2_theta_star_planner/local_setup.zsh
[74.261s] -- Symlinking: /home/ros2/Documents/fa_ROS2_ws/install/nav2_theta_star_planner/share/nav2_theta_star_planner/local_setup.dsv
[74.261s] -- Symlinking: /home/ros2/Documents/fa_ROS2_ws/install/nav2_theta_star_planner/share/nav2_theta_star_planner/package.dsv
[74.261s] -- Symlinking: /home/ros2/Documents/fa_ROS2_ws/install/nav2_theta_star_planner/share/ament_index/resource_index/packages/nav2_theta_star_planner
[74.261s] -- Symlinking: /home/ros2/Documents/fa_ROS2_ws/install/nav2_theta_star_planner/share/ament_index/resource_index/nav2_core__pluginlib__plugin/nav2_theta_star_planner
[74.261s] -- Symlinking: /home/ros2/Documents/fa_ROS2_ws/install/nav2_theta_star_planner/share/nav2_theta_star_planner/cmake/ament_cmake_export_include_directories-extras.cmake
[74.262s] -- Symlinking: /home/ros2/Documents/fa_ROS2_ws/install/nav2_theta_star_planner/share/nav2_theta_star_planner/cmake/ament_cmake_export_libraries-extras.cmake
[74.262s] -- Symlinking: /home/ros2/Documents/fa_ROS2_ws/install/nav2_theta_star_planner/share/nav2_theta_star_planner/cmake/ament_cmake_export_dependencies-extras.cmake
[74.262s] -- Symlinking: /home/ros2/Documents/fa_ROS2_ws/install/nav2_theta_star_planner/share/nav2_theta_star_planner/cmake/nav2_theta_star_plannerConfig.cmake
[74.262s] -- Symlinking: /home/ros2/Documents/fa_ROS2_ws/install/nav2_theta_star_planner/share/nav2_theta_star_planner/cmake/nav2_theta_star_plannerConfig-version.cmake
[74.262s] -- Symlinking: /home/ros2/Documents/fa_ROS2_ws/install/nav2_theta_star_planner/share/nav2_theta_star_planner/package.xml
[74.306s] Invoked command in '/home/ros2/Documents/fa_ROS2_ws/build/nav2_theta_star_planner' returned '0': AMENT_PREFIX_PATH=/home/ros2/Documents/fa_ROS2_ws/install/nav2_core:/home/ros2/Documents/fa_ROS2_ws/install/nav2_costmap_2d:/home/ros2/Documents/fa_ROS2_ws/install/nav2_map_server:/home/ros2/Documents/fa_ROS2_ws/install/nav2_lifecycle_manager:/home/ros2/Documents/fa_ROS2_ws/install/nav2_util:/home/ros2/Documents/fa_ROS2_ws/install/nav2_voxel_grid:/home/ros2/Documents/fa_ROS2_ws/install/nav2_msgs:/home/ros2/Documents/fa_ROS2_ws/install/nav2_common:${AMENT_PREFIX_PATH} CMAKE_PREFIX_PATH=/home/ros2/Documents/fa_ROS2_ws/install/nav2_core:/home/ros2/Documents/fa_ROS2_ws/install/nav2_costmap_2d:/home/ros2/Documents/fa_ROS2_ws/install/nav2_map_server:/home/ros2/Documents/fa_ROS2_ws/install/nav2_lifecycle_manager:/home/ros2/Documents/fa_ROS2_ws/install/nav2_util:/home/ros2/Documents/fa_ROS2_ws/install/nav2_voxel_grid:/home/ros2/Documents/fa_ROS2_ws/install/nav2_msgs:/home/ros2/Documents/fa_ROS2_ws/install/nav2_common:/home/ros2/Documents/fa_ROS2_ws/install/smart_car:/home/ros2/Documents/fa_ROS2_ws/install/car_gazebo_plugin:/home/ros2/Documents/fa_ROS2_ws/install/smartcar_msgs:/home/ros2/Documents/fa_ROS2_ws/install/ackermann_msgs:/opt/ros/humble LD_LIBRARY_PATH=/home/ros2/Documents/fa_ROS2_ws/install/nav2_costmap_2d/lib:/home/ros2/Documents/fa_ROS2_ws/install/nav2_map_server/lib:/home/ros2/Documents/fa_ROS2_ws/install/nav2_lifecycle_manager/lib:/home/ros2/Documents/fa_ROS2_ws/install/nav2_util/lib:/home/ros2/Documents/fa_ROS2_ws/install/nav2_voxel_grid/lib:/home/ros2/Documents/fa_ROS2_ws/install/nav2_msgs/lib:/home/ros2/Documents/fa_ROS2_ws/install/car_gazebo_plugin/lib:/home/ros2/Documents/fa_ROS2_ws/install/smartcar_msgs/lib:/home/ros2/Documents/fa_ROS2_ws/install/ackermann_msgs/lib:/usr/lib/x86_64-linux-gnu/gazebo-11/plugins:/opt/ros/humble/opt/rviz_ogre_vendor/lib:/opt/ros/humble/lib/x86_64-linux-gnu:/opt/ros/humble/lib:/tmp/.mount_cursorflfrK2/usr/lib:/usr/lib/x86_64-linux-gnu/gazebo-11/plugins:/usr/lib/x86_64-linux-gnu/gazebo-11/plugins:/usr/lib/x86_64-linux-gnu/gazebo-11/plugins PYTHONPATH=/home/ros2/Documents/fa_ROS2_ws/install/nav2_msgs/local/lib/python3.10/dist-packages:/home/ros2/Documents/fa_ROS2_ws/install/nav2_common/local/lib/python3.10/dist-packages:${PYTHONPATH} /usr/bin/cmake --install /home/ros2/Documents/fa_ROS2_ws/build/nav2_theta_star_planner
