[0.108s] Invoking command in '/home/ros2/Documents/fa_ROS2_ws/build/nav2_velocity_smoother': AMENT_PREFIX_PATH=/home/ros2/Documents/fa_ROS2_ws/install/nav2_util:/home/ros2/Documents/fa_ROS2_ws/install/nav2_msgs:/home/ros2/Documents/fa_ROS2_ws/install/nav2_common:${AMENT_PREFIX_PATH} CMAKE_PREFIX_PATH=/home/ros2/Documents/fa_ROS2_ws/install/nav2_util:/home/ros2/Documents/fa_ROS2_ws/install/nav2_msgs:/home/ros2/Documents/fa_ROS2_ws/install/nav2_common:/home/ros2/Documents/fa_ROS2_ws/install/smart_car:/home/ros2/Documents/fa_ROS2_ws/install/car_gazebo_plugin:/home/ros2/Documents/fa_ROS2_ws/install/smartcar_msgs:/home/ros2/Documents/fa_ROS2_ws/install/ackermann_msgs:/opt/ros/humble LD_LIBRARY_PATH=/home/ros2/Documents/fa_ROS2_ws/install/nav2_util/lib:/home/ros2/Documents/fa_ROS2_ws/install/nav2_msgs/lib:/home/ros2/Documents/fa_ROS2_ws/install/car_gazebo_plugin/lib:/home/ros2/Documents/fa_ROS2_ws/install/smartcar_msgs/lib:/home/ros2/Documents/fa_ROS2_ws/install/ackermann_msgs/lib:/usr/lib/x86_64-linux-gnu/gazebo-11/plugins:/opt/ros/humble/opt/rviz_ogre_vendor/lib:/opt/ros/humble/lib/x86_64-linux-gnu:/opt/ros/humble/lib:/tmp/.mount_cursorflfrK2/usr/lib:/usr/lib/x86_64-linux-gnu/gazebo-11/plugins:/usr/lib/x86_64-linux-gnu/gazebo-11/plugins:/usr/lib/x86_64-linux-gnu/gazebo-11/plugins PYTHONPATH=/home/ros2/Documents/fa_ROS2_ws/install/nav2_msgs/local/lib/python3.10/dist-packages:/home/ros2/Documents/fa_ROS2_ws/install/nav2_common/local/lib/python3.10/dist-packages:${PYTHONPATH} /usr/bin/cmake /home/ros2/Documents/fa_ROS2_ws/src/navigation2/nav2_velocity_smoother -DAMENT_CMAKE_SYMLINK_INSTALL=1 -DCMAKE_INSTALL_PREFIX=/home/ros2/Documents/fa_ROS2_ws/install/nav2_velocity_smoother
[0.421s] -- The C compiler identification is GNU 11.4.0
[0.659s] -- The CXX compiler identification is GNU 11.4.0
[0.709s] -- Detecting C compiler ABI info
[1.127s] -- Detecting C compiler ABI info - done
[1.146s] -- Check for working C compiler: /usr/lib/ccache/gcc - skipped
[1.147s] -- Detecting C compile features
[1.154s] -- Detecting C compile features - done
[1.154s] -- Detecting CXX compiler ABI info
[1.646s] -- Detecting CXX compiler ABI info - done
[1.671s] -- Check for working CXX compiler: /usr/lib/ccache/g++ - skipped
[1.673s] -- Detecting CXX compile features
[1.680s] -- Detecting CXX compile features - done
[1.680s] -- Found ament_cmake: 1.3.10 (/opt/ros/humble/share/ament_cmake/cmake)
[2.222s] -- Found Python3: /usr/bin/python3 (found version "3.10.12") found components: Interpreter 
[2.439s] -- Override CMake install command with custom implementation using symlinks instead of copying resources
[2.537s] -- Found nav2_common: 1.1.17 (/home/ros2/Documents/fa_ROS2_ws/install/nav2_common/share/nav2_common/cmake)
[2.537s] -- Found rclcpp: 16.0.10 (/opt/ros/humble/share/rclcpp/cmake)
[2.653s] -- Found rosidl_generator_c: 3.1.5 (/opt/ros/humble/share/rosidl_generator_c/cmake)
[2.669s] -- Found rosidl_adapter: 3.1.5 (/opt/ros/humble/share/rosidl_adapter/cmake)
[2.682s] -- Found rosidl_generator_cpp: 3.1.5 (/opt/ros/humble/share/rosidl_generator_cpp/cmake)
[2.708s] -- Using all available rosidl_typesupport_c: rosidl_typesupport_fastrtps_c;rosidl_typesupport_introspection_c
[2.761s] -- Using all available rosidl_typesupport_cpp: rosidl_typesupport_fastrtps_cpp;rosidl_typesupport_introspection_cpp
[2.906s] -- Found rmw_implementation_cmake: 6.1.2 (/opt/ros/humble/share/rmw_implementation_cmake/cmake)
[2.915s] -- Found rmw_cyclonedds_cpp: 1.3.4 (/opt/ros/humble/share/rmw_cyclonedds_cpp/cmake)
[2.979s] -- Using RMW implementation 'rmw_cyclonedds_cpp' as default
[3.021s] -- Looking for pthread.h
[3.430s] -- Looking for pthread.h - found
[3.430s] -- Performing Test CMAKE_HAVE_LIBC_PTHREAD
[3.843s] -- Performing Test CMAKE_HAVE_LIBC_PTHREAD - Success
[3.847s] -- Found Threads: TRUE  
[3.998s] -- Found rclcpp_components: 16.0.10 (/opt/ros/humble/share/rclcpp_components/cmake)
[4.067s] -- Found geometry_msgs: 4.2.4 (/opt/ros/humble/share/geometry_msgs/cmake)
[4.097s] -- Found nav2_util: 1.1.17 (/home/ros2/Documents/fa_ROS2_ws/install/nav2_util/share/nav2_util/cmake)
[4.494s] -- Found eigen3_cmake_module: 0.1.1 (/opt/ros/humble/share/eigen3_cmake_module/cmake)
[4.504s] -- Found Eigen3: TRUE (found version "3.4.0") 
[4.504s] -- Ensuring Eigen3 include directory is part of orocos-kdl CMake target
[4.639s] -- Setting build type to Release as none was specified.
[4.701s] -- Found ament_lint_auto: 0.12.11 (/opt/ros/humble/share/ament_lint_auto/cmake)
[4.878s] -- Found gtest sources under '/opt/ros/humble/src/gtest_vendor': C++ tests using 'Google Test' will be built
[4.923s] -- Added test 'cppcheck' to perform static code analysis on C / C++ code
[4.924s] -- Configured cppcheck include dirs: /home/ros2/Documents/fa_ROS2_ws/src/navigation2/nav2_velocity_smoother/include
[4.924s] -- Configured cppcheck exclude dirs and/or files: 
[4.924s] -- Added test 'cpplint' to check C / C++ code against the Google style
[4.924s] -- Configured cpplint exclude dirs and/or files: 
[4.927s] -- Added test 'lint_cmake' to check CMake code style
[4.927s] -- Added test 'uncrustify' to check C / C++ code style
[4.927s] -- Configured uncrustify additional arguments: 
[4.927s] -- Added test 'xmllint' to check XML markup files
[4.940s] -- Configuring done
[5.161s] -- Generating done
[5.178s] -- Build files have been written to: /home/ros2/Documents/fa_ROS2_ws/build/nav2_velocity_smoother
[5.209s] Invoked command in '/home/ros2/Documents/fa_ROS2_ws/build/nav2_velocity_smoother' returned '0': AMENT_PREFIX_PATH=/home/ros2/Documents/fa_ROS2_ws/install/nav2_util:/home/ros2/Documents/fa_ROS2_ws/install/nav2_msgs:/home/ros2/Documents/fa_ROS2_ws/install/nav2_common:${AMENT_PREFIX_PATH} CMAKE_PREFIX_PATH=/home/ros2/Documents/fa_ROS2_ws/install/nav2_util:/home/ros2/Documents/fa_ROS2_ws/install/nav2_msgs:/home/ros2/Documents/fa_ROS2_ws/install/nav2_common:/home/ros2/Documents/fa_ROS2_ws/install/smart_car:/home/ros2/Documents/fa_ROS2_ws/install/car_gazebo_plugin:/home/ros2/Documents/fa_ROS2_ws/install/smartcar_msgs:/home/ros2/Documents/fa_ROS2_ws/install/ackermann_msgs:/opt/ros/humble LD_LIBRARY_PATH=/home/ros2/Documents/fa_ROS2_ws/install/nav2_util/lib:/home/ros2/Documents/fa_ROS2_ws/install/nav2_msgs/lib:/home/ros2/Documents/fa_ROS2_ws/install/car_gazebo_plugin/lib:/home/ros2/Documents/fa_ROS2_ws/install/smartcar_msgs/lib:/home/ros2/Documents/fa_ROS2_ws/install/ackermann_msgs/lib:/usr/lib/x86_64-linux-gnu/gazebo-11/plugins:/opt/ros/humble/opt/rviz_ogre_vendor/lib:/opt/ros/humble/lib/x86_64-linux-gnu:/opt/ros/humble/lib:/tmp/.mount_cursorflfrK2/usr/lib:/usr/lib/x86_64-linux-gnu/gazebo-11/plugins:/usr/lib/x86_64-linux-gnu/gazebo-11/plugins:/usr/lib/x86_64-linux-gnu/gazebo-11/plugins PYTHONPATH=/home/ros2/Documents/fa_ROS2_ws/install/nav2_msgs/local/lib/python3.10/dist-packages:/home/ros2/Documents/fa_ROS2_ws/install/nav2_common/local/lib/python3.10/dist-packages:${PYTHONPATH} /usr/bin/cmake /home/ros2/Documents/fa_ROS2_ws/src/navigation2/nav2_velocity_smoother -DAMENT_CMAKE_SYMLINK_INSTALL=1 -DCMAKE_INSTALL_PREFIX=/home/ros2/Documents/fa_ROS2_ws/install/nav2_velocity_smoother
[5.212s] Invoking command in '/home/ros2/Documents/fa_ROS2_ws/build/nav2_velocity_smoother': AMENT_PREFIX_PATH=/home/ros2/Documents/fa_ROS2_ws/install/nav2_util:/home/ros2/Documents/fa_ROS2_ws/install/nav2_msgs:/home/ros2/Documents/fa_ROS2_ws/install/nav2_common:${AMENT_PREFIX_PATH} CMAKE_PREFIX_PATH=/home/ros2/Documents/fa_ROS2_ws/install/nav2_util:/home/ros2/Documents/fa_ROS2_ws/install/nav2_msgs:/home/ros2/Documents/fa_ROS2_ws/install/nav2_common:/home/ros2/Documents/fa_ROS2_ws/install/smart_car:/home/ros2/Documents/fa_ROS2_ws/install/car_gazebo_plugin:/home/ros2/Documents/fa_ROS2_ws/install/smartcar_msgs:/home/ros2/Documents/fa_ROS2_ws/install/ackermann_msgs:/opt/ros/humble LD_LIBRARY_PATH=/home/ros2/Documents/fa_ROS2_ws/install/nav2_util/lib:/home/ros2/Documents/fa_ROS2_ws/install/nav2_msgs/lib:/home/ros2/Documents/fa_ROS2_ws/install/car_gazebo_plugin/lib:/home/ros2/Documents/fa_ROS2_ws/install/smartcar_msgs/lib:/home/ros2/Documents/fa_ROS2_ws/install/ackermann_msgs/lib:/usr/lib/x86_64-linux-gnu/gazebo-11/plugins:/opt/ros/humble/opt/rviz_ogre_vendor/lib:/opt/ros/humble/lib/x86_64-linux-gnu:/opt/ros/humble/lib:/tmp/.mount_cursorflfrK2/usr/lib:/usr/lib/x86_64-linux-gnu/gazebo-11/plugins:/usr/lib/x86_64-linux-gnu/gazebo-11/plugins:/usr/lib/x86_64-linux-gnu/gazebo-11/plugins PYTHONPATH=/home/ros2/Documents/fa_ROS2_ws/install/nav2_msgs/local/lib/python3.10/dist-packages:/home/ros2/Documents/fa_ROS2_ws/install/nav2_common/local/lib/python3.10/dist-packages:${PYTHONPATH} /usr/bin/cmake --build /home/ros2/Documents/fa_ROS2_ws/build/nav2_velocity_smoother -- -j8 -l8
[5.425s] [ 10%] [32mBuilding CXX object CMakeFiles/velocity_smoother_core.dir/src/velocity_smoother.cpp.o[0m
[30.228s] [ 20%] [32m[1mLinking CXX shared library libvelocity_smoother_core.so[0m
[30.770s] [ 20%] Built target velocity_smoother_core
[30.833s] [ 30%] [32mBuilding CXX object gtest/CMakeFiles/gtest.dir/src/gtest-all.cc.o[0m
[31.202s] [ 40%] [32m[1mLinking CXX static library libgtest.a[0m
[31.365s] [ 40%] Built target gtest
[31.435s] [ 50%] [32mBuilding CXX object CMakeFiles/velocity_smoother.dir/src/main.cpp.o[0m
[39.928s] [ 60%] [32m[1mLinking CXX executable velocity_smoother[0m
[40.683s] [ 60%] Built target velocity_smoother
[40.756s] [ 70%] [32mBuilding CXX object gtest/CMakeFiles/gtest_main.dir/src/gtest_main.cc.o[0m
[40.953s] [ 80%] [32m[1mLinking CXX static library libgtest_main.a[0m
[41.069s] [ 80%] Built target gtest_main
[41.189s] [ 90%] [32mBuilding CXX object test/CMakeFiles/velocity_smoother_tests.dir/test_velocity_smoother.cpp.o[0m
[68.008s] [100%] [32m[1mLinking CXX executable velocity_smoother_tests[0m
[68.994s] [100%] Built target velocity_smoother_tests
[69.034s] Invoked command in '/home/ros2/Documents/fa_ROS2_ws/build/nav2_velocity_smoother' returned '0': AMENT_PREFIX_PATH=/home/ros2/Documents/fa_ROS2_ws/install/nav2_util:/home/ros2/Documents/fa_ROS2_ws/install/nav2_msgs:/home/ros2/Documents/fa_ROS2_ws/install/nav2_common:${AMENT_PREFIX_PATH} CMAKE_PREFIX_PATH=/home/ros2/Documents/fa_ROS2_ws/install/nav2_util:/home/ros2/Documents/fa_ROS2_ws/install/nav2_msgs:/home/ros2/Documents/fa_ROS2_ws/install/nav2_common:/home/ros2/Documents/fa_ROS2_ws/install/smart_car:/home/ros2/Documents/fa_ROS2_ws/install/car_gazebo_plugin:/home/ros2/Documents/fa_ROS2_ws/install/smartcar_msgs:/home/ros2/Documents/fa_ROS2_ws/install/ackermann_msgs:/opt/ros/humble LD_LIBRARY_PATH=/home/ros2/Documents/fa_ROS2_ws/install/nav2_util/lib:/home/ros2/Documents/fa_ROS2_ws/install/nav2_msgs/lib:/home/ros2/Documents/fa_ROS2_ws/install/car_gazebo_plugin/lib:/home/ros2/Documents/fa_ROS2_ws/install/smartcar_msgs/lib:/home/ros2/Documents/fa_ROS2_ws/install/ackermann_msgs/lib:/usr/lib/x86_64-linux-gnu/gazebo-11/plugins:/opt/ros/humble/opt/rviz_ogre_vendor/lib:/opt/ros/humble/lib/x86_64-linux-gnu:/opt/ros/humble/lib:/tmp/.mount_cursorflfrK2/usr/lib:/usr/lib/x86_64-linux-gnu/gazebo-11/plugins:/usr/lib/x86_64-linux-gnu/gazebo-11/plugins:/usr/lib/x86_64-linux-gnu/gazebo-11/plugins PYTHONPATH=/home/ros2/Documents/fa_ROS2_ws/install/nav2_msgs/local/lib/python3.10/dist-packages:/home/ros2/Documents/fa_ROS2_ws/install/nav2_common/local/lib/python3.10/dist-packages:${PYTHONPATH} /usr/bin/cmake --build /home/ros2/Documents/fa_ROS2_ws/build/nav2_velocity_smoother -- -j8 -l8
[69.202s] Invoking command in '/home/ros2/Documents/fa_ROS2_ws/build/nav2_velocity_smoother': AMENT_PREFIX_PATH=/home/ros2/Documents/fa_ROS2_ws/install/nav2_util:/home/ros2/Documents/fa_ROS2_ws/install/nav2_msgs:/home/ros2/Documents/fa_ROS2_ws/install/nav2_common:${AMENT_PREFIX_PATH} CMAKE_PREFIX_PATH=/home/ros2/Documents/fa_ROS2_ws/install/nav2_util:/home/ros2/Documents/fa_ROS2_ws/install/nav2_msgs:/home/ros2/Documents/fa_ROS2_ws/install/nav2_common:/home/ros2/Documents/fa_ROS2_ws/install/smart_car:/home/ros2/Documents/fa_ROS2_ws/install/car_gazebo_plugin:/home/ros2/Documents/fa_ROS2_ws/install/smartcar_msgs:/home/ros2/Documents/fa_ROS2_ws/install/ackermann_msgs:/opt/ros/humble LD_LIBRARY_PATH=/home/ros2/Documents/fa_ROS2_ws/install/nav2_util/lib:/home/ros2/Documents/fa_ROS2_ws/install/nav2_msgs/lib:/home/ros2/Documents/fa_ROS2_ws/install/car_gazebo_plugin/lib:/home/ros2/Documents/fa_ROS2_ws/install/smartcar_msgs/lib:/home/ros2/Documents/fa_ROS2_ws/install/ackermann_msgs/lib:/usr/lib/x86_64-linux-gnu/gazebo-11/plugins:/opt/ros/humble/opt/rviz_ogre_vendor/lib:/opt/ros/humble/lib/x86_64-linux-gnu:/opt/ros/humble/lib:/tmp/.mount_cursorflfrK2/usr/lib:/usr/lib/x86_64-linux-gnu/gazebo-11/plugins:/usr/lib/x86_64-linux-gnu/gazebo-11/plugins:/usr/lib/x86_64-linux-gnu/gazebo-11/plugins PYTHONPATH=/home/ros2/Documents/fa_ROS2_ws/install/nav2_msgs/local/lib/python3.10/dist-packages:/home/ros2/Documents/fa_ROS2_ws/install/nav2_common/local/lib/python3.10/dist-packages:${PYTHONPATH} /usr/bin/cmake --install /home/ros2/Documents/fa_ROS2_ws/build/nav2_velocity_smoother
[69.220s] -- Install configuration: "Release"
[69.221s] -- Execute custom install script
[69.223s] -- Symlinking: /home/ros2/Documents/fa_ROS2_ws/install/nav2_velocity_smoother/lib/libvelocity_smoother_core.so
[69.246s] -- Symlinking: /home/ros2/Documents/fa_ROS2_ws/install/nav2_velocity_smoother/lib/nav2_velocity_smoother/velocity_smoother
[69.273s] -- Symlinking: /home/ros2/Documents/fa_ROS2_ws/install/nav2_velocity_smoother/include//nav2_velocity_smoother/velocity_smoother.hpp
[69.298s] -- Symlinking: /home/ros2/Documents/fa_ROS2_ws/install/nav2_velocity_smoother/share/nav2_velocity_smoother/environment/library_path.sh
[69.322s] -- Symlinking: /home/ros2/Documents/fa_ROS2_ws/install/nav2_velocity_smoother/share/nav2_velocity_smoother/environment/library_path.dsv
[69.356s] -- Symlinking: /home/ros2/Documents/fa_ROS2_ws/install/nav2_velocity_smoother/share/ament_index/resource_index/package_run_dependencies/nav2_velocity_smoother
[69.386s] -- Symlinking: /home/ros2/Documents/fa_ROS2_ws/install/nav2_velocity_smoother/share/ament_index/resource_index/parent_prefix_path/nav2_velocity_smoother
[69.415s] -- Symlinking: /home/ros2/Documents/fa_ROS2_ws/install/nav2_velocity_smoother/share/nav2_velocity_smoother/environment/ament_prefix_path.sh
[69.432s] -- Symlinking: /home/ros2/Documents/fa_ROS2_ws/install/nav2_velocity_smoother/share/nav2_velocity_smoother/environment/ament_prefix_path.dsv
[69.459s] -- Symlinking: /home/ros2/Documents/fa_ROS2_ws/install/nav2_velocity_smoother/share/nav2_velocity_smoother/environment/path.sh
[69.486s] -- Symlinking: /home/ros2/Documents/fa_ROS2_ws/install/nav2_velocity_smoother/share/nav2_velocity_smoother/environment/path.dsv
[69.506s] -- Symlinking: /home/ros2/Documents/fa_ROS2_ws/install/nav2_velocity_smoother/share/nav2_velocity_smoother/local_setup.bash
[69.527s] -- Symlinking: /home/ros2/Documents/fa_ROS2_ws/install/nav2_velocity_smoother/share/nav2_velocity_smoother/local_setup.sh
[69.542s] -- Symlinking: /home/ros2/Documents/fa_ROS2_ws/install/nav2_velocity_smoother/share/nav2_velocity_smoother/local_setup.zsh
[69.570s] -- Symlinking: /home/ros2/Documents/fa_ROS2_ws/install/nav2_velocity_smoother/share/nav2_velocity_smoother/local_setup.dsv
[69.602s] -- Symlinking: /home/ros2/Documents/fa_ROS2_ws/install/nav2_velocity_smoother/share/nav2_velocity_smoother/package.dsv
[69.623s] -- Symlinking: /home/ros2/Documents/fa_ROS2_ws/install/nav2_velocity_smoother/share/ament_index/resource_index/packages/nav2_velocity_smoother
[69.645s] -- Symlinking: /home/ros2/Documents/fa_ROS2_ws/install/nav2_velocity_smoother/share/ament_index/resource_index/rclcpp_components/nav2_velocity_smoother
[69.665s] -- Symlinking: /home/ros2/Documents/fa_ROS2_ws/install/nav2_velocity_smoother/share/nav2_velocity_smoother/cmake/ament_cmake_export_include_directories-extras.cmake
[69.694s] -- Symlinking: /home/ros2/Documents/fa_ROS2_ws/install/nav2_velocity_smoother/share/nav2_velocity_smoother/cmake/ament_cmake_export_libraries-extras.cmake
[69.717s] -- Symlinking: /home/ros2/Documents/fa_ROS2_ws/install/nav2_velocity_smoother/share/nav2_velocity_smoother/cmake/ament_cmake_export_dependencies-extras.cmake
[69.735s] -- Symlinking: /home/ros2/Documents/fa_ROS2_ws/install/nav2_velocity_smoother/share/nav2_velocity_smoother/cmake/nav2_velocity_smootherConfig.cmake
[69.753s] -- Symlinking: /home/ros2/Documents/fa_ROS2_ws/install/nav2_velocity_smoother/share/nav2_velocity_smoother/cmake/nav2_velocity_smootherConfig-version.cmake
[69.787s] -- Symlinking: /home/ros2/Documents/fa_ROS2_ws/install/nav2_velocity_smoother/share/nav2_velocity_smoother/package.xml
[69.826s] Invoked command in '/home/ros2/Documents/fa_ROS2_ws/build/nav2_velocity_smoother' returned '0': AMENT_PREFIX_PATH=/home/ros2/Documents/fa_ROS2_ws/install/nav2_util:/home/ros2/Documents/fa_ROS2_ws/install/nav2_msgs:/home/ros2/Documents/fa_ROS2_ws/install/nav2_common:${AMENT_PREFIX_PATH} CMAKE_PREFIX_PATH=/home/ros2/Documents/fa_ROS2_ws/install/nav2_util:/home/ros2/Documents/fa_ROS2_ws/install/nav2_msgs:/home/ros2/Documents/fa_ROS2_ws/install/nav2_common:/home/ros2/Documents/fa_ROS2_ws/install/smart_car:/home/ros2/Documents/fa_ROS2_ws/install/car_gazebo_plugin:/home/ros2/Documents/fa_ROS2_ws/install/smartcar_msgs:/home/ros2/Documents/fa_ROS2_ws/install/ackermann_msgs:/opt/ros/humble LD_LIBRARY_PATH=/home/ros2/Documents/fa_ROS2_ws/install/nav2_util/lib:/home/ros2/Documents/fa_ROS2_ws/install/nav2_msgs/lib:/home/ros2/Documents/fa_ROS2_ws/install/car_gazebo_plugin/lib:/home/ros2/Documents/fa_ROS2_ws/install/smartcar_msgs/lib:/home/ros2/Documents/fa_ROS2_ws/install/ackermann_msgs/lib:/usr/lib/x86_64-linux-gnu/gazebo-11/plugins:/opt/ros/humble/opt/rviz_ogre_vendor/lib:/opt/ros/humble/lib/x86_64-linux-gnu:/opt/ros/humble/lib:/tmp/.mount_cursorflfrK2/usr/lib:/usr/lib/x86_64-linux-gnu/gazebo-11/plugins:/usr/lib/x86_64-linux-gnu/gazebo-11/plugins:/usr/lib/x86_64-linux-gnu/gazebo-11/plugins PYTHONPATH=/home/ros2/Documents/fa_ROS2_ws/install/nav2_msgs/local/lib/python3.10/dist-packages:/home/ros2/Documents/fa_ROS2_ws/install/nav2_common/local/lib/python3.10/dist-packages:${PYTHONPATH} /usr/bin/cmake --install /home/ros2/Documents/fa_ROS2_ws/build/nav2_velocity_smoother
