[0.017s] Invoking command in '/home/ros2/Documents/fa_ROS2_ws/build/ackermann_msgs': CMAKE_PREFIX_PATH=/opt/ros/humble /usr/bin/cmake /home/ros2/Documents/fa_ROS2_ws/src/ackermann_msgs -DCMAKE_INSTALL_PREFIX=/home/ros2/Documents/fa_ROS2_ws/install/ackermann_msgs
[0.143s] -- The C compiler identification is GNU 11.4.0
[0.254s] -- The CXX compiler identification is GNU 11.4.0
[0.285s] -- Detecting C compiler ABI info
[0.402s] -- Detecting C compiler ABI info - done
[0.426s] -- Check for working C compiler: /usr/lib/ccache/gcc - skipped
[0.426s] -- Detecting C compile features
[0.426s] -- Detecting C compile features - done
[0.432s] -- Detecting CXX compiler ABI info
[0.615s] -- Detecting CXX compiler ABI info - done
[0.628s] -- Check for working CXX compiler: /usr/lib/ccache/g++ - skipped
[0.629s] -- Detecting CXX compile features
[0.629s] -- Detecting CXX compile features - done
[0.635s] -- Found ament_cmake: 1.3.10 (/opt/ros/humble/share/ament_cmake/cmake)
[0.925s] -- Found Python3: /usr/bin/python3 (found version "3.10.12") found components: Interpreter 
[1.065s] -- Found rosidl_default_generators: 1.2.0 (/opt/ros/humble/share/rosidl_default_generators/cmake)
[1.068s] -- Using all available rosidl_typesupport_c: rosidl_typesupport_fastrtps_c;rosidl_typesupport_introspection_c
[1.076s] -- Found rosidl_adapter: 3.1.5 (/opt/ros/humble/share/rosidl_adapter/cmake)
[1.125s] -- Using all available rosidl_typesupport_cpp: rosidl_typesupport_fastrtps_cpp;rosidl_typesupport_introspection_cpp
[1.166s] -- Found std_msgs: 4.2.4 (/opt/ros/humble/share/std_msgs/cmake)
[1.577s] -- Found ament_cmake_cppcheck: 0.12.11 (/opt/ros/humble/share/ament_cmake_cppcheck/cmake)
[1.578s] -- Found ament_cmake_cpplint: 0.12.11 (/opt/ros/humble/share/ament_cmake_cpplint/cmake)
[1.580s] -- Found ament_cmake_uncrustify: 0.12.11 (/opt/ros/humble/share/ament_cmake_uncrustify/cmake)
[1.583s] -- Found ament_cmake_ros: 0.10.0 (/opt/ros/humble/share/ament_cmake_ros/cmake)
[1.865s] -- Using all available rosidl_typesupport_c: rosidl_typesupport_fastrtps_c;rosidl_typesupport_introspection_c
[2.221s] -- Using all available rosidl_typesupport_cpp: rosidl_typesupport_fastrtps_cpp;rosidl_typesupport_introspection_cpp
[2.253s] -- Found PythonInterp: /usr/bin/python3 (found suitable version "3.10.12", minimum required is "3.6") 
[2.254s] -- Found python_cmake_module: 0.10.0 (/opt/ros/humble/share/python_cmake_module/cmake)
[2.285s] -- Found PythonLibs: /usr/lib/x86_64-linux-gnu/libpython3.10.so (found suitable version "3.10.12", minimum required is "3.5") 
[2.286s] -- Using PYTHON_EXECUTABLE: /usr/bin/python3
[2.286s] -- Using PYTHON_INCLUDE_DIRS: /usr/include/python3.10
[2.286s] -- Using PYTHON_LIBRARIES: /usr/lib/x86_64-linux-gnu/libpython3.10.so
[2.309s] -- Found PythonExtra: .so  
[2.373s] -- Found ament_cmake_flake8: 0.12.11 (/opt/ros/humble/share/ament_cmake_flake8/cmake)
[2.375s] -- Found ament_cmake_pep257: 0.12.11 (/opt/ros/humble/share/ament_cmake_pep257/cmake)
[2.386s] -- Configuring done
[2.427s] -- Generating done
[2.430s] -- Build files have been written to: /home/ros2/Documents/fa_ROS2_ws/build/ackermann_msgs
[2.445s] Invoked command in '/home/ros2/Documents/fa_ROS2_ws/build/ackermann_msgs' returned '0': CMAKE_PREFIX_PATH=/opt/ros/humble /usr/bin/cmake /home/ros2/Documents/fa_ROS2_ws/src/ackermann_msgs -DCMAKE_INSTALL_PREFIX=/home/ros2/Documents/fa_ROS2_ws/install/ackermann_msgs
[2.448s] Invoking command in '/home/ros2/Documents/fa_ROS2_ws/build/ackermann_msgs': CMAKE_PREFIX_PATH=/opt/ros/humble /usr/bin/cmake --build /home/ros2/Documents/fa_ROS2_ws/build/ackermann_msgs -- -j8 -l8
[2.534s] [  2%] [34m[1mGenerating C code for ROS interfaces[0m
[2.561s] [  5%] [34m[1mGenerating C++ code for ROS interfaces[0m
[2.590s] [  5%] Built target ament_cmake_python_copy_ackermann_msgs
[3.210s] running egg_info
[3.210s] creating ackermann_msgs.egg-info
[3.210s] writing ackermann_msgs.egg-info/PKG-INFO
[3.210s] writing dependency_links to ackermann_msgs.egg-info/dependency_links.txt
[3.210s] writing top-level names to ackermann_msgs.egg-info/top_level.txt
[3.211s] writing manifest file 'ackermann_msgs.egg-info/SOURCES.txt'
[3.211s] reading manifest file 'ackermann_msgs.egg-info/SOURCES.txt'
[3.212s] writing manifest file 'ackermann_msgs.egg-info/SOURCES.txt'
[3.282s] [  5%] Built target ament_cmake_python_build_ackermann_msgs_egg
[3.631s] [  5%] Built target ackermann_msgs__cpp
[3.713s] [  7%] [34m[1mGenerating C++ introspection for ROS interfaces[0m
[3.733s] [ 10%] [34m[1mGenerating C++ type support dispatch for ROS interfaces[0m
[3.753s] [ 12%] [34m[1mGenerating C++ type support for eProsima Fast-RTPS[0m
[3.807s] [ 15%] [32mBuilding C object CMakeFiles/ackermann_msgs__rosidl_generator_c.dir/rosidl_generator_c/ackermann_msgs/msg/detail/ackermann_drive_stamped__functions.c.o[0m
[3.807s] [ 17%] [32mBuilding C object CMakeFiles/ackermann_msgs__rosidl_generator_c.dir/rosidl_generator_c/ackermann_msgs/msg/detail/ackermann_drive__functions.c.o[0m
[3.887s] [ 20%] [32m[1mLinking C shared library libackermann_msgs__rosidl_generator_c.so[0m
[4.107s] [ 20%] Built target ackermann_msgs__rosidl_generator_c
[4.244s] [ 23%] [34m[1mGenerating C type support for eProsima Fast-RTPS[0m
[4.245s] [ 25%] [34m[1mGenerating C type support dispatch for ROS interfaces[0m
[4.266s] [ 28%] [34m[1mGenerating C introspection for ROS interfaces[0m
[4.916s] [ 30%] [32mBuilding CXX object CMakeFiles/ackermann_msgs__rosidl_typesupport_introspection_cpp.dir/rosidl_typesupport_introspection_cpp/ackermann_msgs/msg/detail/ackermann_drive_stamped__type_support.cpp.o[0m
[4.918s] [ 33%] [32mBuilding CXX object CMakeFiles/ackermann_msgs__rosidl_typesupport_introspection_cpp.dir/rosidl_typesupport_introspection_cpp/ackermann_msgs/msg/detail/ackermann_drive__type_support.cpp.o[0m
[4.943s] [ 35%] [32mBuilding CXX object CMakeFiles/ackermann_msgs__rosidl_typesupport_fastrtps_cpp.dir/rosidl_typesupport_fastrtps_cpp/ackermann_msgs/msg/detail/dds_fastrtps/ackermann_drive_stamped__type_support.cpp.o[0m
[4.943s] [ 38%] [32mBuilding CXX object CMakeFiles/ackermann_msgs__rosidl_typesupport_fastrtps_cpp.dir/rosidl_typesupport_fastrtps_cpp/ackermann_msgs/msg/detail/dds_fastrtps/ackermann_drive__type_support.cpp.o[0m
[4.996s] [ 41%] [32m[1mLinking CXX shared library libackermann_msgs__rosidl_typesupport_introspection_cpp.so[0m
[4.996s] [ 43%] [32mBuilding CXX object CMakeFiles/ackermann_msgs__rosidl_typesupport_cpp.dir/rosidl_typesupport_cpp/ackermann_msgs/msg/ackermann_drive__type_support.cpp.o[0m
[5.016s] [ 46%] [32m[1mLinking CXX shared library libackermann_msgs__rosidl_typesupport_fastrtps_cpp.so[0m
[5.019s] [ 48%] [32mBuilding CXX object CMakeFiles/ackermann_msgs__rosidl_typesupport_cpp.dir/rosidl_typesupport_cpp/ackermann_msgs/msg/ackermann_drive_stamped__type_support.cpp.o[0m
[5.098s] [ 51%] [32m[1mLinking CXX shared library libackermann_msgs__rosidl_typesupport_cpp.so[0m
[5.269s] [ 53%] [32mBuilding C object CMakeFiles/ackermann_msgs__rosidl_typesupport_introspection_c.dir/rosidl_typesupport_introspection_c/ackermann_msgs/msg/detail/ackermann_drive__type_support.c.o[0m
[5.291s] [ 53%] Built target ackermann_msgs__rosidl_typesupport_introspection_cpp
[5.304s] [ 56%] [32mBuilding C object CMakeFiles/ackermann_msgs__rosidl_typesupport_introspection_c.dir/rosidl_typesupport_introspection_c/ackermann_msgs/msg/detail/ackermann_drive_stamped__type_support.c.o[0m
[5.304s] [ 56%] Built target ackermann_msgs__rosidl_typesupport_cpp
[5.312s] [ 56%] Built target ackermann_msgs__rosidl_typesupport_fastrtps_cpp
[5.318s] [ 58%] [32mBuilding CXX object CMakeFiles/ackermann_msgs__rosidl_typesupport_fastrtps_c.dir/rosidl_typesupport_fastrtps_c/ackermann_msgs/msg/detail/ackermann_drive_stamped__type_support_c.cpp.o[0m
[5.321s] [ 61%] [32mBuilding CXX object CMakeFiles/ackermann_msgs__rosidl_typesupport_fastrtps_c.dir/rosidl_typesupport_fastrtps_c/ackermann_msgs/msg/detail/ackermann_drive__type_support_c.cpp.o[0m
[5.330s] [ 66%] [32m[1mLinking C shared library libackermann_msgs__rosidl_typesupport_introspection_c.so[0m
[5.330s] [ 66%] [32mBuilding CXX object CMakeFiles/ackermann_msgs__rosidl_typesupport_c.dir/rosidl_typesupport_c/ackermann_msgs/msg/ackermann_drive__type_support.cpp.o[0m
[5.331s] [ 69%] [32mBuilding CXX object CMakeFiles/ackermann_msgs__rosidl_typesupport_c.dir/rosidl_typesupport_c/ackermann_msgs/msg/ackermann_drive_stamped__type_support.cpp.o[0m
[5.356s] [ 71%] [32m[1mLinking CXX shared library libackermann_msgs__rosidl_typesupport_fastrtps_c.so[0m
[5.366s] [ 74%] [32m[1mLinking CXX shared library libackermann_msgs__rosidl_typesupport_c.so[0m
[5.411s] [ 74%] Built target ackermann_msgs__rosidl_typesupport_introspection_c
[5.456s] [ 74%] Built target ackermann_msgs__rosidl_typesupport_c
[5.555s] [ 74%] Built target ackermann_msgs__rosidl_typesupport_fastrtps_c
[5.598s] [ 74%] Built target ackermann_msgs
[5.628s] [ 76%] [34m[1mGenerating Python code for ROS interfaces[0m
[6.639s] [ 76%] Built target ackermann_msgs__py
[6.674s] [ 82%] [32mBuilding C object CMakeFiles/ackermann_msgs__rosidl_generator_py.dir/rosidl_generator_py/ackermann_msgs/msg/_ackermann_drive_s.c.o[0m
[6.674s] [ 82%] [32mBuilding C object CMakeFiles/ackermann_msgs__rosidl_generator_py.dir/rosidl_generator_py/ackermann_msgs/msg/_ackermann_drive_stamped_s.c.o[0m
[6.703s] [ 84%] [32m[1mLinking C shared library rosidl_generator_py/ackermann_msgs/libackermann_msgs__rosidl_generator_py.so[0m
[6.765s] [ 84%] Built target ackermann_msgs__rosidl_generator_py
[6.806s] [ 92%] [32mBuilding C object CMakeFiles/ackermann_msgs__rosidl_typesupport_introspection_c__pyext.dir/rosidl_generator_py/ackermann_msgs/_ackermann_msgs_s.ep.rosidl_typesupport_introspection_c.c.o[0m
[6.806s] [ 92%] [32mBuilding C object CMakeFiles/ackermann_msgs__rosidl_typesupport_fastrtps_c__pyext.dir/rosidl_generator_py/ackermann_msgs/_ackermann_msgs_s.ep.rosidl_typesupport_fastrtps_c.c.o[0m
[6.806s] [ 92%] [32mBuilding C object CMakeFiles/ackermann_msgs__rosidl_typesupport_c__pyext.dir/rosidl_generator_py/ackermann_msgs/_ackermann_msgs_s.ep.rosidl_typesupport_c.c.o[0m
[6.841s] [ 94%] [32m[1mLinking C shared library rosidl_generator_py/ackermann_msgs/ackermann_msgs_s__rosidl_typesupport_c.cpython-310-x86_64-linux-gnu.so[0m
[6.841s] [ 97%] [32m[1mLinking C shared library rosidl_generator_py/ackermann_msgs/ackermann_msgs_s__rosidl_typesupport_introspection_c.cpython-310-x86_64-linux-gnu.so[0m
[6.843s] [100%] [32m[1mLinking C shared library rosidl_generator_py/ackermann_msgs/ackermann_msgs_s__rosidl_typesupport_fastrtps_c.cpython-310-x86_64-linux-gnu.so[0m
[6.906s] [100%] Built target ackermann_msgs__rosidl_typesupport_c__pyext
[6.906s] [100%] Built target ackermann_msgs__rosidl_typesupport_introspection_c__pyext
[6.907s] [100%] Built target ackermann_msgs__rosidl_typesupport_fastrtps_c__pyext
[6.931s] Invoked command in '/home/ros2/Documents/fa_ROS2_ws/build/ackermann_msgs' returned '0': CMAKE_PREFIX_PATH=/opt/ros/humble /usr/bin/cmake --build /home/ros2/Documents/fa_ROS2_ws/build/ackermann_msgs -- -j8 -l8
[7.080s] Invoking command in '/home/ros2/Documents/fa_ROS2_ws/build/ackermann_msgs': CMAKE_PREFIX_PATH=/opt/ros/humble /usr/bin/cmake --install /home/ros2/Documents/fa_ROS2_ws/build/ackermann_msgs
[7.096s] -- Install configuration: ""
[7.096s] -- Installing: /home/ros2/Documents/fa_ROS2_ws/install/ackermann_msgs/share/ament_index/resource_index/rosidl_interfaces/ackermann_msgs
[7.097s] -- Installing: /home/ros2/Documents/fa_ROS2_ws/install/ackermann_msgs/include/ackermann_msgs/ackermann_msgs
[7.097s] -- Installing: /home/ros2/Documents/fa_ROS2_ws/install/ackermann_msgs/include/ackermann_msgs/ackermann_msgs/msg
[7.097s] -- Installing: /home/ros2/Documents/fa_ROS2_ws/install/ackermann_msgs/include/ackermann_msgs/ackermann_msgs/msg/rosidl_generator_c__visibility_control.h
[7.097s] -- Installing: /home/ros2/Documents/fa_ROS2_ws/install/ackermann_msgs/include/ackermann_msgs/ackermann_msgs/msg/ackermann_drive.h
[7.097s] -- Installing: /home/ros2/Documents/fa_ROS2_ws/install/ackermann_msgs/include/ackermann_msgs/ackermann_msgs/msg/ackermann_drive_stamped.h
[7.097s] -- Installing: /home/ros2/Documents/fa_ROS2_ws/install/ackermann_msgs/include/ackermann_msgs/ackermann_msgs/msg/detail
[7.098s] -- Installing: /home/ros2/Documents/fa_ROS2_ws/install/ackermann_msgs/include/ackermann_msgs/ackermann_msgs/msg/detail/ackermann_drive_stamped__functions.h
[7.098s] -- Installing: /home/ros2/Documents/fa_ROS2_ws/install/ackermann_msgs/include/ackermann_msgs/ackermann_msgs/msg/detail/ackermann_drive_stamped__functions.c
[7.099s] -- Installing: /home/ros2/Documents/fa_ROS2_ws/install/ackermann_msgs/include/ackermann_msgs/ackermann_msgs/msg/detail/ackermann_drive__struct.h
[7.100s] -- Installing: /home/ros2/Documents/fa_ROS2_ws/install/ackermann_msgs/include/ackermann_msgs/ackermann_msgs/msg/detail/ackermann_drive__functions.c
[7.100s] -- Installing: /home/ros2/Documents/fa_ROS2_ws/install/ackermann_msgs/include/ackermann_msgs/ackermann_msgs/msg/detail/ackermann_drive_stamped__type_support.h
[7.100s] -- Installing: /home/ros2/Documents/fa_ROS2_ws/install/ackermann_msgs/include/ackermann_msgs/ackermann_msgs/msg/detail/ackermann_drive__functions.h
[7.100s] -- Installing: /home/ros2/Documents/fa_ROS2_ws/install/ackermann_msgs/include/ackermann_msgs/ackermann_msgs/msg/detail/ackermann_drive__type_support.h
[7.100s] -- Installing: /home/ros2/Documents/fa_ROS2_ws/install/ackermann_msgs/include/ackermann_msgs/ackermann_msgs/msg/detail/ackermann_drive_stamped__struct.h
[7.100s] -- Installing: /home/ros2/Documents/fa_ROS2_ws/install/ackermann_msgs/share/ackermann_msgs/environment/library_path.sh
[7.100s] -- Installing: /home/ros2/Documents/fa_ROS2_ws/install/ackermann_msgs/share/ackermann_msgs/environment/library_path.dsv
[7.100s] -- Installing: /home/ros2/Documents/fa_ROS2_ws/install/ackermann_msgs/lib/libackermann_msgs__rosidl_generator_c.so
[7.100s] -- Set runtime path of "/home/ros2/Documents/fa_ROS2_ws/install/ackermann_msgs/lib/libackermann_msgs__rosidl_generator_c.so" to ""
[7.100s] -- Up-to-date: /home/ros2/Documents/fa_ROS2_ws/install/ackermann_msgs/include/ackermann_msgs/ackermann_msgs
[7.100s] -- Up-to-date: /home/ros2/Documents/fa_ROS2_ws/install/ackermann_msgs/include/ackermann_msgs/ackermann_msgs/msg
[7.101s] -- Installing: /home/ros2/Documents/fa_ROS2_ws/install/ackermann_msgs/include/ackermann_msgs/ackermann_msgs/msg/rosidl_typesupport_fastrtps_c__visibility_control.h
[7.101s] -- Up-to-date: /home/ros2/Documents/fa_ROS2_ws/install/ackermann_msgs/include/ackermann_msgs/ackermann_msgs/msg/detail
[7.101s] -- Installing: /home/ros2/Documents/fa_ROS2_ws/install/ackermann_msgs/include/ackermann_msgs/ackermann_msgs/msg/detail/ackermann_drive__rosidl_typesupport_fastrtps_c.h
[7.101s] -- Installing: /home/ros2/Documents/fa_ROS2_ws/install/ackermann_msgs/include/ackermann_msgs/ackermann_msgs/msg/detail/ackermann_drive_stamped__rosidl_typesupport_fastrtps_c.h
[7.101s] -- Installing: /home/ros2/Documents/fa_ROS2_ws/install/ackermann_msgs/lib/libackermann_msgs__rosidl_typesupport_fastrtps_c.so
[7.101s] -- Set runtime path of "/home/ros2/Documents/fa_ROS2_ws/install/ackermann_msgs/lib/libackermann_msgs__rosidl_typesupport_fastrtps_c.so" to ""
[7.101s] -- Up-to-date: /home/ros2/Documents/fa_ROS2_ws/install/ackermann_msgs/include/ackermann_msgs/ackermann_msgs
[7.102s] -- Up-to-date: /home/ros2/Documents/fa_ROS2_ws/install/ackermann_msgs/include/ackermann_msgs/ackermann_msgs/msg
[7.102s] -- Up-to-date: /home/ros2/Documents/fa_ROS2_ws/install/ackermann_msgs/include/ackermann_msgs/ackermann_msgs/msg/detail
[7.102s] -- Installing: /home/ros2/Documents/fa_ROS2_ws/install/ackermann_msgs/include/ackermann_msgs/ackermann_msgs/msg/detail/ackermann_drive_stamped__rosidl_typesupport_introspection_c.h
[7.102s] -- Installing: /home/ros2/Documents/fa_ROS2_ws/install/ackermann_msgs/include/ackermann_msgs/ackermann_msgs/msg/detail/ackermann_drive__rosidl_typesupport_introspection_c.h
[7.102s] -- Installing: /home/ros2/Documents/fa_ROS2_ws/install/ackermann_msgs/include/ackermann_msgs/ackermann_msgs/msg/detail/ackermann_drive__type_support.c
[7.102s] -- Installing: /home/ros2/Documents/fa_ROS2_ws/install/ackermann_msgs/include/ackermann_msgs/ackermann_msgs/msg/detail/ackermann_drive_stamped__type_support.c
[7.102s] -- Installing: /home/ros2/Documents/fa_ROS2_ws/install/ackermann_msgs/include/ackermann_msgs/ackermann_msgs/msg/rosidl_typesupport_introspection_c__visibility_control.h
[7.102s] -- Installing: /home/ros2/Documents/fa_ROS2_ws/install/ackermann_msgs/lib/libackermann_msgs__rosidl_typesupport_introspection_c.so
[7.102s] -- Set runtime path of "/home/ros2/Documents/fa_ROS2_ws/install/ackermann_msgs/lib/libackermann_msgs__rosidl_typesupport_introspection_c.so" to ""
[7.102s] -- Installing: /home/ros2/Documents/fa_ROS2_ws/install/ackermann_msgs/lib/libackermann_msgs__rosidl_typesupport_c.so
[7.102s] -- Set runtime path of "/home/ros2/Documents/fa_ROS2_ws/install/ackermann_msgs/lib/libackermann_msgs__rosidl_typesupport_c.so" to ""
[7.103s] -- Up-to-date: /home/ros2/Documents/fa_ROS2_ws/install/ackermann_msgs/include/ackermann_msgs/ackermann_msgs
[7.103s] -- Up-to-date: /home/ros2/Documents/fa_ROS2_ws/install/ackermann_msgs/include/ackermann_msgs/ackermann_msgs/msg
[7.103s] -- Installing: /home/ros2/Documents/fa_ROS2_ws/install/ackermann_msgs/include/ackermann_msgs/ackermann_msgs/msg/ackermann_drive_stamped.hpp
[7.103s] -- Installing: /home/ros2/Documents/fa_ROS2_ws/install/ackermann_msgs/include/ackermann_msgs/ackermann_msgs/msg/ackermann_drive.hpp
[7.103s] -- Up-to-date: /home/ros2/Documents/fa_ROS2_ws/install/ackermann_msgs/include/ackermann_msgs/ackermann_msgs/msg/detail
[7.103s] -- Installing: /home/ros2/Documents/fa_ROS2_ws/install/ackermann_msgs/include/ackermann_msgs/ackermann_msgs/msg/detail/ackermann_drive__builder.hpp
[7.103s] -- Installing: /home/ros2/Documents/fa_ROS2_ws/install/ackermann_msgs/include/ackermann_msgs/ackermann_msgs/msg/detail/ackermann_drive__struct.hpp
[7.103s] -- Installing: /home/ros2/Documents/fa_ROS2_ws/install/ackermann_msgs/include/ackermann_msgs/ackermann_msgs/msg/detail/ackermann_drive_stamped__struct.hpp
[7.103s] -- Installing: /home/ros2/Documents/fa_ROS2_ws/install/ackermann_msgs/include/ackermann_msgs/ackermann_msgs/msg/detail/ackermann_drive__traits.hpp
[7.103s] -- Installing: /home/ros2/Documents/fa_ROS2_ws/install/ackermann_msgs/include/ackermann_msgs/ackermann_msgs/msg/detail/ackermann_drive_stamped__builder.hpp
[7.104s] -- Installing: /home/ros2/Documents/fa_ROS2_ws/install/ackermann_msgs/include/ackermann_msgs/ackermann_msgs/msg/detail/ackermann_drive_stamped__traits.hpp
[7.104s] -- Up-to-date: /home/ros2/Documents/fa_ROS2_ws/install/ackermann_msgs/include/ackermann_msgs/ackermann_msgs
[7.104s] -- Up-to-date: /home/ros2/Documents/fa_ROS2_ws/install/ackermann_msgs/include/ackermann_msgs/ackermann_msgs/msg
[7.104s] -- Installing: /home/ros2/Documents/fa_ROS2_ws/install/ackermann_msgs/include/ackermann_msgs/ackermann_msgs/msg/rosidl_typesupport_fastrtps_cpp__visibility_control.h
[7.104s] -- Up-to-date: /home/ros2/Documents/fa_ROS2_ws/install/ackermann_msgs/include/ackermann_msgs/ackermann_msgs/msg/detail
[7.104s] -- Installing: /home/ros2/Documents/fa_ROS2_ws/install/ackermann_msgs/include/ackermann_msgs/ackermann_msgs/msg/detail/ackermann_drive__rosidl_typesupport_fastrtps_cpp.hpp
[7.104s] -- Installing: /home/ros2/Documents/fa_ROS2_ws/install/ackermann_msgs/include/ackermann_msgs/ackermann_msgs/msg/detail/ackermann_drive_stamped__rosidl_typesupport_fastrtps_cpp.hpp
[7.105s] -- Installing: /home/ros2/Documents/fa_ROS2_ws/install/ackermann_msgs/include/ackermann_msgs/ackermann_msgs/msg/detail/dds_fastrtps
[7.105s] -- Installing: /home/ros2/Documents/fa_ROS2_ws/install/ackermann_msgs/lib/libackermann_msgs__rosidl_typesupport_fastrtps_cpp.so
[7.105s] -- Set runtime path of "/home/ros2/Documents/fa_ROS2_ws/install/ackermann_msgs/lib/libackermann_msgs__rosidl_typesupport_fastrtps_cpp.so" to ""
[7.105s] -- Up-to-date: /home/ros2/Documents/fa_ROS2_ws/install/ackermann_msgs/include/ackermann_msgs/ackermann_msgs
[7.105s] -- Up-to-date: /home/ros2/Documents/fa_ROS2_ws/install/ackermann_msgs/include/ackermann_msgs/ackermann_msgs/msg
[7.105s] -- Up-to-date: /home/ros2/Documents/fa_ROS2_ws/install/ackermann_msgs/include/ackermann_msgs/ackermann_msgs/msg/detail
[7.105s] -- Installing: /home/ros2/Documents/fa_ROS2_ws/install/ackermann_msgs/include/ackermann_msgs/ackermann_msgs/msg/detail/ackermann_drive_stamped__rosidl_typesupport_introspection_cpp.hpp
[7.105s] -- Installing: /home/ros2/Documents/fa_ROS2_ws/install/ackermann_msgs/include/ackermann_msgs/ackermann_msgs/msg/detail/ackermann_drive_stamped__type_support.cpp
[7.106s] -- Installing: /home/ros2/Documents/fa_ROS2_ws/install/ackermann_msgs/include/ackermann_msgs/ackermann_msgs/msg/detail/ackermann_drive__type_support.cpp
[7.106s] -- Installing: /home/ros2/Documents/fa_ROS2_ws/install/ackermann_msgs/include/ackermann_msgs/ackermann_msgs/msg/detail/ackermann_drive__rosidl_typesupport_introspection_cpp.hpp
[7.106s] -- Installing: /home/ros2/Documents/fa_ROS2_ws/install/ackermann_msgs/lib/libackermann_msgs__rosidl_typesupport_introspection_cpp.so
[7.106s] -- Set runtime path of "/home/ros2/Documents/fa_ROS2_ws/install/ackermann_msgs/lib/libackermann_msgs__rosidl_typesupport_introspection_cpp.so" to ""
[7.106s] -- Installing: /home/ros2/Documents/fa_ROS2_ws/install/ackermann_msgs/lib/libackermann_msgs__rosidl_typesupport_cpp.so
[7.106s] -- Set runtime path of "/home/ros2/Documents/fa_ROS2_ws/install/ackermann_msgs/lib/libackermann_msgs__rosidl_typesupport_cpp.so" to ""
[7.106s] -- Installing: /home/ros2/Documents/fa_ROS2_ws/install/ackermann_msgs/share/ackermann_msgs/environment/pythonpath.sh
[7.107s] -- Installing: /home/ros2/Documents/fa_ROS2_ws/install/ackermann_msgs/share/ackermann_msgs/environment/pythonpath.dsv
[7.111s] -- Installing: /home/ros2/Documents/fa_ROS2_ws/install/ackermann_msgs/local/lib/python3.10/dist-packages/ackermann_msgs-2.0.2-py3.10.egg-info
[7.111s] -- Installing: /home/ros2/Documents/fa_ROS2_ws/install/ackermann_msgs/local/lib/python3.10/dist-packages/ackermann_msgs-2.0.2-py3.10.egg-info/SOURCES.txt
[7.112s] -- Installing: /home/ros2/Documents/fa_ROS2_ws/install/ackermann_msgs/local/lib/python3.10/dist-packages/ackermann_msgs-2.0.2-py3.10.egg-info/PKG-INFO
[7.112s] -- Installing: /home/ros2/Documents/fa_ROS2_ws/install/ackermann_msgs/local/lib/python3.10/dist-packages/ackermann_msgs-2.0.2-py3.10.egg-info/top_level.txt
[7.112s] -- Installing: /home/ros2/Documents/fa_ROS2_ws/install/ackermann_msgs/local/lib/python3.10/dist-packages/ackermann_msgs-2.0.2-py3.10.egg-info/dependency_links.txt
[7.112s] -- Installing: /home/ros2/Documents/fa_ROS2_ws/install/ackermann_msgs/local/lib/python3.10/dist-packages/ackermann_msgs
[7.112s] -- Installing: /home/ros2/Documents/fa_ROS2_ws/install/ackermann_msgs/local/lib/python3.10/dist-packages/ackermann_msgs/__init__.py
[7.112s] -- Installing: /home/ros2/Documents/fa_ROS2_ws/install/ackermann_msgs/local/lib/python3.10/dist-packages/ackermann_msgs/_ackermann_msgs_s.ep.rosidl_typesupport_c.c
[7.112s] -- Installing: /home/ros2/Documents/fa_ROS2_ws/install/ackermann_msgs/local/lib/python3.10/dist-packages/ackermann_msgs/ackermann_msgs_s__rosidl_typesupport_fastrtps_c.cpython-310-x86_64-linux-gnu.so
[7.113s] -- Installing: /home/ros2/Documents/fa_ROS2_ws/install/ackermann_msgs/local/lib/python3.10/dist-packages/ackermann_msgs/libackermann_msgs__rosidl_generator_py.so
[7.113s] -- Installing: /home/ros2/Documents/fa_ROS2_ws/install/ackermann_msgs/local/lib/python3.10/dist-packages/ackermann_msgs/ackermann_msgs_s__rosidl_typesupport_c.cpython-310-x86_64-linux-gnu.so
[7.113s] -- Installing: /home/ros2/Documents/fa_ROS2_ws/install/ackermann_msgs/local/lib/python3.10/dist-packages/ackermann_msgs/ackermann_msgs_s__rosidl_typesupport_introspection_c.cpython-310-x86_64-linux-gnu.so
[7.113s] -- Installing: /home/ros2/Documents/fa_ROS2_ws/install/ackermann_msgs/local/lib/python3.10/dist-packages/ackermann_msgs/_ackermann_msgs_s.ep.rosidl_typesupport_introspection_c.c
[7.113s] -- Installing: /home/ros2/Documents/fa_ROS2_ws/install/ackermann_msgs/local/lib/python3.10/dist-packages/ackermann_msgs/_ackermann_msgs_s.ep.rosidl_typesupport_fastrtps_c.c
[7.113s] -- Installing: /home/ros2/Documents/fa_ROS2_ws/install/ackermann_msgs/local/lib/python3.10/dist-packages/ackermann_msgs/msg
[7.113s] -- Installing: /home/ros2/Documents/fa_ROS2_ws/install/ackermann_msgs/local/lib/python3.10/dist-packages/ackermann_msgs/msg/__init__.py
[7.113s] -- Installing: /home/ros2/Documents/fa_ROS2_ws/install/ackermann_msgs/local/lib/python3.10/dist-packages/ackermann_msgs/msg/_ackermann_drive_stamped.py
[7.113s] -- Installing: /home/ros2/Documents/fa_ROS2_ws/install/ackermann_msgs/local/lib/python3.10/dist-packages/ackermann_msgs/msg/_ackermann_drive.py
[7.114s] -- Installing: /home/ros2/Documents/fa_ROS2_ws/install/ackermann_msgs/local/lib/python3.10/dist-packages/ackermann_msgs/msg/_ackermann_drive_s.c
[7.114s] -- Installing: /home/ros2/Documents/fa_ROS2_ws/install/ackermann_msgs/local/lib/python3.10/dist-packages/ackermann_msgs/msg/_ackermann_drive_stamped_s.c
[7.149s] Listing '/home/ros2/Documents/fa_ROS2_ws/install/ackermann_msgs/local/lib/python3.10/dist-packages/ackermann_msgs'...
[7.149s] Compiling '/home/ros2/Documents/fa_ROS2_ws/install/ackermann_msgs/local/lib/python3.10/dist-packages/ackermann_msgs/__init__.py'...
[7.149s] Listing '/home/ros2/Documents/fa_ROS2_ws/install/ackermann_msgs/local/lib/python3.10/dist-packages/ackermann_msgs/msg'...
[7.149s] Compiling '/home/ros2/Documents/fa_ROS2_ws/install/ackermann_msgs/local/lib/python3.10/dist-packages/ackermann_msgs/msg/__init__.py'...
[7.149s] Compiling '/home/ros2/Documents/fa_ROS2_ws/install/ackermann_msgs/local/lib/python3.10/dist-packages/ackermann_msgs/msg/_ackermann_drive.py'...
[7.150s] Compiling '/home/ros2/Documents/fa_ROS2_ws/install/ackermann_msgs/local/lib/python3.10/dist-packages/ackermann_msgs/msg/_ackermann_drive_stamped.py'...
[7.155s] -- Installing: /home/ros2/Documents/fa_ROS2_ws/install/ackermann_msgs/local/lib/python3.10/dist-packages/ackermann_msgs/ackermann_msgs_s__rosidl_typesupport_fastrtps_c.cpython-310-x86_64-linux-gnu.so
[7.155s] -- Set runtime path of "/home/ros2/Documents/fa_ROS2_ws/install/ackermann_msgs/local/lib/python3.10/dist-packages/ackermann_msgs/ackermann_msgs_s__rosidl_typesupport_fastrtps_c.cpython-310-x86_64-linux-gnu.so" to ""
[7.156s] -- Installing: /home/ros2/Documents/fa_ROS2_ws/install/ackermann_msgs/local/lib/python3.10/dist-packages/ackermann_msgs/ackermann_msgs_s__rosidl_typesupport_introspection_c.cpython-310-x86_64-linux-gnu.so
[7.156s] -- Set runtime path of "/home/ros2/Documents/fa_ROS2_ws/install/ackermann_msgs/local/lib/python3.10/dist-packages/ackermann_msgs/ackermann_msgs_s__rosidl_typesupport_introspection_c.cpython-310-x86_64-linux-gnu.so" to ""
[7.156s] -- Installing: /home/ros2/Documents/fa_ROS2_ws/install/ackermann_msgs/local/lib/python3.10/dist-packages/ackermann_msgs/ackermann_msgs_s__rosidl_typesupport_c.cpython-310-x86_64-linux-gnu.so
[7.157s] -- Set runtime path of "/home/ros2/Documents/fa_ROS2_ws/install/ackermann_msgs/local/lib/python3.10/dist-packages/ackermann_msgs/ackermann_msgs_s__rosidl_typesupport_c.cpython-310-x86_64-linux-gnu.so" to ""
[7.157s] -- Installing: /home/ros2/Documents/fa_ROS2_ws/install/ackermann_msgs/lib/libackermann_msgs__rosidl_generator_py.so
[7.157s] -- Set runtime path of "/home/ros2/Documents/fa_ROS2_ws/install/ackermann_msgs/lib/libackermann_msgs__rosidl_generator_py.so" to ""
[7.157s] -- Installing: /home/ros2/Documents/fa_ROS2_ws/install/ackermann_msgs/share/ackermann_msgs/msg/AckermannDrive.idl
[7.157s] -- Installing: /home/ros2/Documents/fa_ROS2_ws/install/ackermann_msgs/share/ackermann_msgs/msg/AckermannDriveStamped.idl
[7.158s] -- Installing: /home/ros2/Documents/fa_ROS2_ws/install/ackermann_msgs/share/ackermann_msgs/msg/AckermannDrive.msg
[7.158s] -- Installing: /home/ros2/Documents/fa_ROS2_ws/install/ackermann_msgs/share/ackermann_msgs/msg/AckermannDriveStamped.msg
[7.158s] -- Installing: /home/ros2/Documents/fa_ROS2_ws/install/ackermann_msgs/share/ament_index/resource_index/package_run_dependencies/ackermann_msgs
[7.158s] -- Installing: /home/ros2/Documents/fa_ROS2_ws/install/ackermann_msgs/share/ament_index/resource_index/parent_prefix_path/ackermann_msgs
[7.158s] -- Installing: /home/ros2/Documents/fa_ROS2_ws/install/ackermann_msgs/share/ackermann_msgs/environment/ament_prefix_path.sh
[7.159s] -- Installing: /home/ros2/Documents/fa_ROS2_ws/install/ackermann_msgs/share/ackermann_msgs/environment/ament_prefix_path.dsv
[7.159s] -- Installing: /home/ros2/Documents/fa_ROS2_ws/install/ackermann_msgs/share/ackermann_msgs/environment/path.sh
[7.159s] -- Installing: /home/ros2/Documents/fa_ROS2_ws/install/ackermann_msgs/share/ackermann_msgs/environment/path.dsv
[7.159s] -- Installing: /home/ros2/Documents/fa_ROS2_ws/install/ackermann_msgs/share/ackermann_msgs/local_setup.bash
[7.159s] -- Installing: /home/ros2/Documents/fa_ROS2_ws/install/ackermann_msgs/share/ackermann_msgs/local_setup.sh
[7.159s] -- Installing: /home/ros2/Documents/fa_ROS2_ws/install/ackermann_msgs/share/ackermann_msgs/local_setup.zsh
[7.159s] -- Installing: /home/ros2/Documents/fa_ROS2_ws/install/ackermann_msgs/share/ackermann_msgs/local_setup.dsv
[7.160s] -- Installing: /home/ros2/Documents/fa_ROS2_ws/install/ackermann_msgs/share/ackermann_msgs/package.dsv
[7.160s] -- Installing: /home/ros2/Documents/fa_ROS2_ws/install/ackermann_msgs/share/ament_index/resource_index/packages/ackermann_msgs
[7.160s] -- Installing: /home/ros2/Documents/fa_ROS2_ws/install/ackermann_msgs/share/ackermann_msgs/cmake/export_ackermann_msgs__rosidl_generator_cExport.cmake
[7.160s] -- Installing: /home/ros2/Documents/fa_ROS2_ws/install/ackermann_msgs/share/ackermann_msgs/cmake/export_ackermann_msgs__rosidl_generator_cExport-noconfig.cmake
[7.160s] -- Installing: /home/ros2/Documents/fa_ROS2_ws/install/ackermann_msgs/share/ackermann_msgs/cmake/export_ackermann_msgs__rosidl_typesupport_fastrtps_cExport.cmake
[7.161s] -- Installing: /home/ros2/Documents/fa_ROS2_ws/install/ackermann_msgs/share/ackermann_msgs/cmake/export_ackermann_msgs__rosidl_typesupport_fastrtps_cExport-noconfig.cmake
[7.161s] -- Installing: /home/ros2/Documents/fa_ROS2_ws/install/ackermann_msgs/share/ackermann_msgs/cmake/ackermann_msgs__rosidl_typesupport_introspection_cExport.cmake
[7.161s] -- Installing: /home/ros2/Documents/fa_ROS2_ws/install/ackermann_msgs/share/ackermann_msgs/cmake/ackermann_msgs__rosidl_typesupport_introspection_cExport-noconfig.cmake
[7.161s] -- Installing: /home/ros2/Documents/fa_ROS2_ws/install/ackermann_msgs/share/ackermann_msgs/cmake/ackermann_msgs__rosidl_typesupport_cExport.cmake
[7.161s] -- Installing: /home/ros2/Documents/fa_ROS2_ws/install/ackermann_msgs/share/ackermann_msgs/cmake/ackermann_msgs__rosidl_typesupport_cExport-noconfig.cmake
[7.161s] -- Installing: /home/ros2/Documents/fa_ROS2_ws/install/ackermann_msgs/share/ackermann_msgs/cmake/export_ackermann_msgs__rosidl_generator_cppExport.cmake
[7.162s] -- Installing: /home/ros2/Documents/fa_ROS2_ws/install/ackermann_msgs/share/ackermann_msgs/cmake/export_ackermann_msgs__rosidl_typesupport_fastrtps_cppExport.cmake
[7.162s] -- Installing: /home/ros2/Documents/fa_ROS2_ws/install/ackermann_msgs/share/ackermann_msgs/cmake/export_ackermann_msgs__rosidl_typesupport_fastrtps_cppExport-noconfig.cmake
[7.162s] -- Installing: /home/ros2/Documents/fa_ROS2_ws/install/ackermann_msgs/share/ackermann_msgs/cmake/ackermann_msgs__rosidl_typesupport_introspection_cppExport.cmake
[7.162s] -- Installing: /home/ros2/Documents/fa_ROS2_ws/install/ackermann_msgs/share/ackermann_msgs/cmake/ackermann_msgs__rosidl_typesupport_introspection_cppExport-noconfig.cmake
[7.162s] -- Installing: /home/ros2/Documents/fa_ROS2_ws/install/ackermann_msgs/share/ackermann_msgs/cmake/ackermann_msgs__rosidl_typesupport_cppExport.cmake
[7.162s] -- Installing: /home/ros2/Documents/fa_ROS2_ws/install/ackermann_msgs/share/ackermann_msgs/cmake/ackermann_msgs__rosidl_typesupport_cppExport-noconfig.cmake
[7.163s] -- Installing: /home/ros2/Documents/fa_ROS2_ws/install/ackermann_msgs/share/ackermann_msgs/cmake/export_ackermann_msgs__rosidl_generator_pyExport.cmake
[7.163s] -- Installing: /home/ros2/Documents/fa_ROS2_ws/install/ackermann_msgs/share/ackermann_msgs/cmake/export_ackermann_msgs__rosidl_generator_pyExport-noconfig.cmake
[7.163s] -- Installing: /home/ros2/Documents/fa_ROS2_ws/install/ackermann_msgs/share/ackermann_msgs/cmake/rosidl_cmake-extras.cmake
[7.163s] -- Installing: /home/ros2/Documents/fa_ROS2_ws/install/ackermann_msgs/share/ackermann_msgs/cmake/ament_cmake_export_dependencies-extras.cmake
[7.163s] -- Installing: /home/ros2/Documents/fa_ROS2_ws/install/ackermann_msgs/share/ackermann_msgs/cmake/ament_cmake_export_include_directories-extras.cmake
[7.163s] -- Installing: /home/ros2/Documents/fa_ROS2_ws/install/ackermann_msgs/share/ackermann_msgs/cmake/ament_cmake_export_libraries-extras.cmake
[7.164s] -- Installing: /home/ros2/Documents/fa_ROS2_ws/install/ackermann_msgs/share/ackermann_msgs/cmake/ament_cmake_export_targets-extras.cmake
[7.165s] -- Installing: /home/ros2/Documents/fa_ROS2_ws/install/ackermann_msgs/share/ackermann_msgs/cmake/rosidl_cmake_export_typesupport_targets-extras.cmake
[7.166s] -- Installing: /home/ros2/Documents/fa_ROS2_ws/install/ackermann_msgs/share/ackermann_msgs/cmake/rosidl_cmake_export_typesupport_libraries-extras.cmake
[7.166s] -- Installing: /home/ros2/Documents/fa_ROS2_ws/install/ackermann_msgs/share/ackermann_msgs/cmake/ackermann_msgsConfig.cmake
[7.166s] -- Installing: /home/ros2/Documents/fa_ROS2_ws/install/ackermann_msgs/share/ackermann_msgs/cmake/ackermann_msgsConfig-version.cmake
[7.166s] -- Installing: /home/ros2/Documents/fa_ROS2_ws/install/ackermann_msgs/share/ackermann_msgs/package.xml
[7.168s] Invoked command in '/home/ros2/Documents/fa_ROS2_ws/build/ackermann_msgs' returned '0': CMAKE_PREFIX_PATH=/opt/ros/humble /usr/bin/cmake --install /home/ros2/Documents/fa_ROS2_ws/build/ackermann_msgs
