[0.046s] Invoking command in '/home/ros2/Documents/fa_ROS2_ws/build/nav2_common': CMAKE_PREFIX_PATH=${CMAKE_PREFIX_PATH}:/opt/ros/humble /usr/bin/cmake /home/ros2/Documents/fa_ROS2_ws/src/navigation2/nav2_common -DAMENT_CMAKE_SYMLINK_INSTALL=1 -DCMAKE_INSTALL_PREFIX=/home/ros2/Documents/fa_ROS2_ws/install/nav2_common
[0.092s] -- Found ament_cmake_core: 1.3.10 (/opt/ros/humble/share/ament_cmake_core/cmake)
[0.398s] -- Found Python3: /usr/bin/python3 (found version "3.10.12") found components: Interpreter 
[0.502s] -- Override CMake install command with custom implementation using symlinks instead of copying resources
[0.504s] -- Found ament_cmake_python: 1.3.10 (/opt/ros/humble/share/ament_cmake_python/cmake)
[0.774s] -- Configuring done
[0.780s] -- Generating done
[0.784s] -- Build files have been written to: /home/ros2/Documents/fa_ROS2_ws/build/nav2_common
[0.796s] Invoked command in '/home/ros2/Documents/fa_ROS2_ws/build/nav2_common' returned '0': CMAKE_PREFIX_PATH=${CMAKE_PREFIX_PATH}:/opt/ros/humble /usr/bin/cmake /home/ros2/Documents/fa_ROS2_ws/src/navigation2/nav2_common -DAMENT_CMAKE_SYMLINK_INSTALL=1 -DCMAKE_INSTALL_PREFIX=/home/ros2/Documents/fa_ROS2_ws/install/nav2_common
[0.797s] Invoking command in '/home/ros2/Documents/fa_ROS2_ws/build/nav2_common': CMAKE_PREFIX_PATH=${CMAKE_PREFIX_PATH}:/opt/ros/humble /usr/bin/cmake --build /home/ros2/Documents/fa_ROS2_ws/build/nav2_common -- -j8 -l8
[0.925s] Built target ament_cmake_python_symlink_nav2_common
[1.344s] running egg_info
[1.345s] creating nav2_common.egg-info
[1.345s] writing nav2_common.egg-info/PKG-INFO
[1.347s] writing dependency_links to nav2_common.egg-info/dependency_links.txt
[1.347s] writing top-level names to nav2_common.egg-info/top_level.txt
[1.347s] writing manifest file 'nav2_common.egg-info/SOURCES.txt'
[1.352s] reading manifest file 'nav2_common.egg-info/SOURCES.txt'
[1.354s] writing manifest file 'nav2_common.egg-info/SOURCES.txt'
[1.400s] Built target ament_cmake_python_build_nav2_common_egg
[1.419s] Invoked command in '/home/ros2/Documents/fa_ROS2_ws/build/nav2_common' returned '0': CMAKE_PREFIX_PATH=${CMAKE_PREFIX_PATH}:/opt/ros/humble /usr/bin/cmake --build /home/ros2/Documents/fa_ROS2_ws/build/nav2_common -- -j8 -l8
[1.504s] Invoking command in '/home/ros2/Documents/fa_ROS2_ws/build/nav2_common': CMAKE_PREFIX_PATH=${CMAKE_PREFIX_PATH}:/opt/ros/humble /usr/bin/cmake --install /home/ros2/Documents/fa_ROS2_ws/build/nav2_common
[1.527s] -- Install configuration: ""
[1.528s] -- Execute custom install script
[1.529s] -- Symlinking: /home/ros2/Documents/fa_ROS2_ws/install/nav2_common/share/nav2_common/environment/pythonpath.sh
[1.559s] -- Symlinking: /home/ros2/Documents/fa_ROS2_ws/install/nav2_common/share/nav2_common/environment/pythonpath.dsv
[1.579s] -- Symlinking: /home/ros2/Documents/fa_ROS2_ws/install/nav2_common/local/lib/python3.10/dist-packages/nav2_common-1.1.17-py3.10.egg-info/PKG-INFO
[1.597s] -- Symlinking: /home/ros2/Documents/fa_ROS2_ws/install/nav2_common/local/lib/python3.10/dist-packages/nav2_common-1.1.17-py3.10.egg-info/SOURCES.txt
[1.612s] -- Symlinking: /home/ros2/Documents/fa_ROS2_ws/install/nav2_common/local/lib/python3.10/dist-packages/nav2_common-1.1.17-py3.10.egg-info/dependency_links.txt
[1.627s] -- Symlinking: /home/ros2/Documents/fa_ROS2_ws/install/nav2_common/local/lib/python3.10/dist-packages/nav2_common-1.1.17-py3.10.egg-info/top_level.txt
[1.652s] -- Symlinking: /home/ros2/Documents/fa_ROS2_ws/install/nav2_common/local/lib/python3.10/dist-packages/nav2_common/__init__.py
[1.673s] -- Symlinking: /home/ros2/Documents/fa_ROS2_ws/install/nav2_common/local/lib/python3.10/dist-packages/nav2_common/launch/__init__.py
[1.694s] -- Symlinking: /home/ros2/Documents/fa_ROS2_ws/install/nav2_common/local/lib/python3.10/dist-packages/nav2_common/launch/has_node_params.py
[1.714s] -- Symlinking: /home/ros2/Documents/fa_ROS2_ws/install/nav2_common/local/lib/python3.10/dist-packages/nav2_common/launch/parse_multirobot_pose.py
[1.755s] -- Symlinking: /home/ros2/Documents/fa_ROS2_ws/install/nav2_common/local/lib/python3.10/dist-packages/nav2_common/launch/replace_string.py
[1.770s] -- Symlinking: /home/ros2/Documents/fa_ROS2_ws/install/nav2_common/local/lib/python3.10/dist-packages/nav2_common/launch/rewritten_yaml.py
[1.786s] -- Symlinking: /home/ros2/Documents/fa_ROS2_ws/install/nav2_common/share/ament_index/resource_index/package_run_dependencies/nav2_common
[1.803s] -- Symlinking: /home/ros2/Documents/fa_ROS2_ws/install/nav2_common/share/ament_index/resource_index/parent_prefix_path/nav2_common
[1.837s] -- Symlinking: /home/ros2/Documents/fa_ROS2_ws/install/nav2_common/share/nav2_common/environment/ament_prefix_path.sh
[1.859s] -- Symlinking: /home/ros2/Documents/fa_ROS2_ws/install/nav2_common/share/nav2_common/environment/ament_prefix_path.dsv
[1.878s] -- Symlinking: /home/ros2/Documents/fa_ROS2_ws/install/nav2_common/share/nav2_common/environment/path.sh
[1.897s] -- Symlinking: /home/ros2/Documents/fa_ROS2_ws/install/nav2_common/share/nav2_common/environment/path.dsv
[1.928s] -- Symlinking: /home/ros2/Documents/fa_ROS2_ws/install/nav2_common/share/nav2_common/local_setup.bash
[1.961s] -- Symlinking: /home/ros2/Documents/fa_ROS2_ws/install/nav2_common/share/nav2_common/local_setup.sh
[1.980s] -- Symlinking: /home/ros2/Documents/fa_ROS2_ws/install/nav2_common/share/nav2_common/local_setup.zsh
[1.998s] -- Symlinking: /home/ros2/Documents/fa_ROS2_ws/install/nav2_common/share/nav2_common/local_setup.dsv
[2.021s] -- Symlinking: /home/ros2/Documents/fa_ROS2_ws/install/nav2_common/share/nav2_common/package.dsv
[2.084s] -- Symlinking: /home/ros2/Documents/fa_ROS2_ws/install/nav2_common/share/ament_index/resource_index/packages/nav2_common
[2.122s] -- Symlinking: /home/ros2/Documents/fa_ROS2_ws/install/nav2_common/share/nav2_common/cmake/nav2_common-extras.cmake
[2.183s] -- Symlinking: /home/ros2/Documents/fa_ROS2_ws/install/nav2_common/share/nav2_common/cmake/nav2_commonConfig.cmake
[2.254s] -- Symlinking: /home/ros2/Documents/fa_ROS2_ws/install/nav2_common/share/nav2_common/cmake/nav2_commonConfig-version.cmake
[2.331s] -- Symlinking: /home/ros2/Documents/fa_ROS2_ws/install/nav2_common/share/nav2_common/package.xml
[2.376s] -- Symlinking: /home/ros2/Documents/fa_ROS2_ws/install/nav2_common/share/nav2_common/cmake/nav2_package.cmake
[2.483s] Listing '/home/ros2/Documents/fa_ROS2_ws/install/nav2_common/local/lib/python3.10/dist-packages/nav2_common'...
[2.483s] Compiling '/home/ros2/Documents/fa_ROS2_ws/install/nav2_common/local/lib/python3.10/dist-packages/nav2_common/__init__.py'...
[2.483s] Listing '/home/ros2/Documents/fa_ROS2_ws/install/nav2_common/local/lib/python3.10/dist-packages/nav2_common/launch'...
[2.483s] Compiling '/home/ros2/Documents/fa_ROS2_ws/install/nav2_common/local/lib/python3.10/dist-packages/nav2_common/launch/__init__.py'...
[2.483s] Compiling '/home/ros2/Documents/fa_ROS2_ws/install/nav2_common/local/lib/python3.10/dist-packages/nav2_common/launch/has_node_params.py'...
[2.483s] Compiling '/home/ros2/Documents/fa_ROS2_ws/install/nav2_common/local/lib/python3.10/dist-packages/nav2_common/launch/parse_multirobot_pose.py'...
[2.483s] Compiling '/home/ros2/Documents/fa_ROS2_ws/install/nav2_common/local/lib/python3.10/dist-packages/nav2_common/launch/replace_string.py'...
[2.483s] Compiling '/home/ros2/Documents/fa_ROS2_ws/install/nav2_common/local/lib/python3.10/dist-packages/nav2_common/launch/rewritten_yaml.py'...
[2.494s] Invoked command in '/home/ros2/Documents/fa_ROS2_ws/build/nav2_common' returned '0': CMAKE_PREFIX_PATH=${CMAKE_PREFIX_PATH}:/opt/ros/humble /usr/bin/cmake --install /home/ros2/Documents/fa_ROS2_ws/build/nav2_common
