[0.016s] Invoking command in '/home/ros2/Documents/fa_ROS2_ws/build/smartcar_msgs': CMAKE_PREFIX_PATH=/opt/ros/humble /usr/bin/cmake /home/ros2/Documents/fa_ROS2_ws/src/smartcar_msgs -DCMAKE_INSTALL_PREFIX=/home/ros2/Documents/fa_ROS2_ws/install/smartcar_msgs
[0.125s] -- The C compiler identification is GNU 11.4.0
[0.234s] -- The CXX compiler identification is GNU 11.4.0
[0.256s] -- Detecting C compiler ABI info
[0.386s] -- Detecting C compiler ABI info - done
[0.403s] -- Check for working C compiler: /usr/lib/ccache/gcc - skipped
[0.403s] -- Detecting C compile features
[0.406s] -- Detecting C compile features - done
[0.410s] -- Detecting CXX compiler ABI info
[0.587s] -- Detecting CXX compiler ABI info - done
[0.604s] -- Check for working CXX compiler: /usr/lib/ccache/g++ - skipped
[0.605s] -- Detecting CXX compile features
[0.605s] -- Detecting CXX compile features - done
[0.609s] -- Found ament_cmake: 1.3.10 (/opt/ros/humble/share/ament_cmake/cmake)
[0.902s] -- Found Python3: /usr/bin/python3 (found version "3.10.12") found components: Interpreter 
[1.051s] -- Found geometry_msgs: 4.2.4 (/opt/ros/humble/share/geometry_msgs/cmake)
[1.097s] -- Found rosidl_generator_c: 3.1.5 (/opt/ros/humble/share/rosidl_generator_c/cmake)
[1.103s] -- Found rosidl_adapter: 3.1.5 (/opt/ros/humble/share/rosidl_adapter/cmake)
[1.113s] -- Found rosidl_generator_cpp: 3.1.5 (/opt/ros/humble/share/rosidl_generator_cpp/cmake)
[1.128s] -- Using all available rosidl_typesupport_c: rosidl_typesupport_fastrtps_c;rosidl_typesupport_introspection_c
[1.148s] -- Using all available rosidl_typesupport_cpp: rosidl_typesupport_fastrtps_cpp;rosidl_typesupport_introspection_cpp
[1.210s] -- Found rosidl_default_generators: 1.2.0 (/opt/ros/humble/share/rosidl_default_generators/cmake)
[1.588s] -- Found ament_cmake_ros: 0.10.0 (/opt/ros/humble/share/ament_cmake_ros/cmake)
[2.100s] -- Using all available rosidl_typesupport_c: rosidl_typesupport_fastrtps_c;rosidl_typesupport_introspection_c
[2.304s] -- Using all available rosidl_typesupport_cpp: rosidl_typesupport_fastrtps_cpp;rosidl_typesupport_introspection_cpp
[2.338s] -- Found PythonInterp: /usr/bin/python3 (found suitable version "3.10.12", minimum required is "3.6") 
[2.340s] -- Found python_cmake_module: 0.10.0 (/opt/ros/humble/share/python_cmake_module/cmake)
[2.374s] -- Found PythonLibs: /usr/lib/x86_64-linux-gnu/libpython3.10.so (found suitable version "3.10.12", minimum required is "3.5") 
[2.375s] -- Using PYTHON_EXECUTABLE: /usr/bin/python3
[2.375s] -- Using PYTHON_INCLUDE_DIRS: /usr/include/python3.10
[2.375s] -- Using PYTHON_LIBRARIES: /usr/lib/x86_64-linux-gnu/libpython3.10.so
[2.397s] -- Found PythonExtra: .so  
[2.472s] -- Found ament_lint_auto: 0.12.11 (/opt/ros/humble/share/ament_lint_auto/cmake)
[2.493s] -- Added test 'lint_cmake' to check CMake code style
[2.495s] -- Added test 'xmllint' to check XML markup files
[2.500s] -- Configuring done
[2.554s] -- Generating done
[2.556s] -- Build files have been written to: /home/ros2/Documents/fa_ROS2_ws/build/smartcar_msgs
[2.584s] Invoked command in '/home/ros2/Documents/fa_ROS2_ws/build/smartcar_msgs' returned '0': CMAKE_PREFIX_PATH=/opt/ros/humble /usr/bin/cmake /home/ros2/Documents/fa_ROS2_ws/src/smartcar_msgs -DCMAKE_INSTALL_PREFIX=/home/ros2/Documents/fa_ROS2_ws/install/smartcar_msgs
[2.585s] Invoking command in '/home/ros2/Documents/fa_ROS2_ws/build/smartcar_msgs': CMAKE_PREFIX_PATH=/opt/ros/humble /usr/bin/cmake --build /home/ros2/Documents/fa_ROS2_ws/build/smartcar_msgs -- -j8 -l8
[2.675s] [  3%] [34m[1mGenerating C code for ROS interfaces[0m
[2.699s] [  6%] [34m[1mGenerating C++ code for ROS interfaces[0m
[2.726s] [  6%] Built target ament_cmake_python_copy_smartcar_msgs
[3.131s] running egg_info
[3.132s] creating smartcar_msgs.egg-info
[3.133s] writing smartcar_msgs.egg-info/PKG-INFO
[3.134s] writing dependency_links to smartcar_msgs.egg-info/dependency_links.txt
[3.134s] writing top-level names to smartcar_msgs.egg-info/top_level.txt
[3.134s] writing manifest file 'smartcar_msgs.egg-info/SOURCES.txt'
[3.137s] reading manifest file 'smartcar_msgs.egg-info/SOURCES.txt'
[3.138s] writing manifest file 'smartcar_msgs.egg-info/SOURCES.txt'
[3.212s] [  6%] Built target ament_cmake_python_build_smartcar_msgs_egg
[3.323s] [  9%] [32mBuilding C object CMakeFiles/smartcar_msgs__rosidl_generator_c.dir/rosidl_generator_c/smartcar_msgs/msg/detail/status__functions.c.o[0m
[3.347s] [ 12%] [32m[1mLinking C shared library libsmartcar_msgs__rosidl_generator_c.so[0m
[3.354s] [ 12%] Built target smartcar_msgs__cpp
[3.388s] [ 16%] [34m[1mGenerating C++ introspection for ROS interfaces[0m
[3.393s] [ 22%] [34m[1mGenerating C++ type support dispatch for ROS interfaces[0m
[3.393s] [ 22%] [34m[1mGenerating C++ type support for eProsima Fast-RTPS[0m
[3.544s] [ 22%] Built target smartcar_msgs__rosidl_generator_c
[3.674s] [ 25%] [34m[1mGenerating C type support for eProsima Fast-RTPS[0m
[3.674s] [ 29%] [34m[1mGenerating C type support dispatch for ROS interfaces[0m
[3.694s] [ 32%] [34m[1mGenerating C introspection for ROS interfaces[0m
[3.938s] [ 35%] [32mBuilding CXX object CMakeFiles/smartcar_msgs__rosidl_typesupport_cpp.dir/rosidl_typesupport_cpp/smartcar_msgs/msg/status__type_support.cpp.o[0m
[4.002s] [ 38%] [32mBuilding CXX object CMakeFiles/smartcar_msgs__rosidl_typesupport_introspection_cpp.dir/rosidl_typesupport_introspection_cpp/smartcar_msgs/msg/detail/status__type_support.cpp.o[0m
[4.022s] [ 41%] [32m[1mLinking CXX shared library libsmartcar_msgs__rosidl_typesupport_cpp.so[0m
[4.110s] [ 45%] [32m[1mLinking CXX shared library libsmartcar_msgs__rosidl_typesupport_introspection_cpp.so[0m
[4.271s] [ 48%] [32mBuilding CXX object CMakeFiles/smartcar_msgs__rosidl_typesupport_fastrtps_cpp.dir/rosidl_typesupport_fastrtps_cpp/smartcar_msgs/msg/detail/dds_fastrtps/status__type_support.cpp.o[0m
[4.337s] [ 48%] Built target smartcar_msgs__rosidl_typesupport_cpp
[4.341s] [ 51%] [32mBuilding CXX object CMakeFiles/smartcar_msgs__rosidl_typesupport_c.dir/rosidl_typesupport_c/smartcar_msgs/msg/status__type_support.cpp.o[0m
[4.373s] [ 54%] [32m[1mLinking CXX shared library libsmartcar_msgs__rosidl_typesupport_fastrtps_cpp.so[0m
[4.411s] [ 58%] [32mBuilding CXX object CMakeFiles/smartcar_msgs__rosidl_typesupport_fastrtps_c.dir/rosidl_typesupport_fastrtps_c/smartcar_msgs/msg/detail/status__type_support_c.cpp.o[0m
[4.472s] [ 58%] Built target smartcar_msgs__rosidl_typesupport_introspection_cpp
[4.502s] [ 61%] [32m[1mLinking CXX shared library libsmartcar_msgs__rosidl_typesupport_c.so[0m
[4.508s] [ 64%] [32mBuilding C object CMakeFiles/smartcar_msgs__rosidl_typesupport_introspection_c.dir/rosidl_typesupport_introspection_c/smartcar_msgs/msg/detail/status__type_support.c.o[0m
[4.513s] [ 67%] [32m[1mLinking CXX shared library libsmartcar_msgs__rosidl_typesupport_fastrtps_c.so[0m
[4.589s] [ 70%] [32m[1mLinking C shared library libsmartcar_msgs__rosidl_typesupport_introspection_c.so[0m
[4.794s] [ 70%] Built target smartcar_msgs__rosidl_typesupport_c
[4.886s] [ 70%] Built target smartcar_msgs__rosidl_typesupport_introspection_c
[4.891s] [ 70%] Built target smartcar_msgs__rosidl_typesupport_fastrtps_cpp
[4.954s] [ 70%] Built target smartcar_msgs__rosidl_typesupport_fastrtps_c
[5.080s] [ 70%] Built target smartcar_msgs
[5.230s] [ 74%] [34m[1mGenerating Python code for ROS interfaces[0m
[5.761s] [ 74%] Built target smartcar_msgs__py
[5.797s] [ 77%] [32mBuilding C object CMakeFiles/smartcar_msgs__rosidl_generator_py.dir/rosidl_generator_py/smartcar_msgs/msg/_status_s.c.o[0m
[5.817s] [ 80%] [32m[1mLinking C shared library rosidl_generator_py/smartcar_msgs/libsmartcar_msgs__rosidl_generator_py.so[0m
[5.888s] [ 80%] Built target smartcar_msgs__rosidl_generator_py
[5.923s] [ 83%] [32mBuilding C object CMakeFiles/smartcar_msgs__rosidl_typesupport_fastrtps_c__pyext.dir/rosidl_generator_py/smartcar_msgs/_smartcar_msgs_s.ep.rosidl_typesupport_fastrtps_c.c.o[0m
[5.923s] [ 87%] [32mBuilding C object CMakeFiles/smartcar_msgs__rosidl_typesupport_introspection_c__pyext.dir/rosidl_generator_py/smartcar_msgs/_smartcar_msgs_s.ep.rosidl_typesupport_introspection_c.c.o[0m
[5.924s] [ 90%] [32mBuilding C object CMakeFiles/smartcar_msgs__rosidl_typesupport_c__pyext.dir/rosidl_generator_py/smartcar_msgs/_smartcar_msgs_s.ep.rosidl_typesupport_c.c.o[0m
[5.950s] [ 96%] [32m[1mLinking C shared library rosidl_generator_py/smartcar_msgs/smartcar_msgs_s__rosidl_typesupport_introspection_c.cpython-310-x86_64-linux-gnu.so[0m
[5.950s] [ 96%] [32m[1mLinking C shared library rosidl_generator_py/smartcar_msgs/smartcar_msgs_s__rosidl_typesupport_c.cpython-310-x86_64-linux-gnu.so[0m
[5.950s] [100%] [32m[1mLinking C shared library rosidl_generator_py/smartcar_msgs/smartcar_msgs_s__rosidl_typesupport_fastrtps_c.cpython-310-x86_64-linux-gnu.so[0m
[6.039s] [100%] Built target smartcar_msgs__rosidl_typesupport_c__pyext
[6.043s] [100%] Built target smartcar_msgs__rosidl_typesupport_fastrtps_c__pyext
[6.043s] [100%] Built target smartcar_msgs__rosidl_typesupport_introspection_c__pyext
[6.061s] Invoked command in '/home/ros2/Documents/fa_ROS2_ws/build/smartcar_msgs' returned '0': CMAKE_PREFIX_PATH=/opt/ros/humble /usr/bin/cmake --build /home/ros2/Documents/fa_ROS2_ws/build/smartcar_msgs -- -j8 -l8
[6.186s] Invoking command in '/home/ros2/Documents/fa_ROS2_ws/build/smartcar_msgs': CMAKE_PREFIX_PATH=/opt/ros/humble /usr/bin/cmake --install /home/ros2/Documents/fa_ROS2_ws/build/smartcar_msgs
[6.202s] -- Install configuration: ""
[6.203s] -- Installing: /home/ros2/Documents/fa_ROS2_ws/install/smartcar_msgs/share/ament_index/resource_index/rosidl_interfaces/smartcar_msgs
[6.206s] -- Installing: /home/ros2/Documents/fa_ROS2_ws/install/smartcar_msgs/include/smartcar_msgs/smartcar_msgs
[6.206s] -- Installing: /home/ros2/Documents/fa_ROS2_ws/install/smartcar_msgs/include/smartcar_msgs/smartcar_msgs/msg
[6.206s] -- Installing: /home/ros2/Documents/fa_ROS2_ws/install/smartcar_msgs/include/smartcar_msgs/smartcar_msgs/msg/status.h
[6.206s] -- Installing: /home/ros2/Documents/fa_ROS2_ws/install/smartcar_msgs/include/smartcar_msgs/smartcar_msgs/msg/rosidl_generator_c__visibility_control.h
[6.206s] -- Installing: /home/ros2/Documents/fa_ROS2_ws/install/smartcar_msgs/include/smartcar_msgs/smartcar_msgs/msg/detail
[6.207s] -- Installing: /home/ros2/Documents/fa_ROS2_ws/install/smartcar_msgs/include/smartcar_msgs/smartcar_msgs/msg/detail/status__type_support.h
[6.207s] -- Installing: /home/ros2/Documents/fa_ROS2_ws/install/smartcar_msgs/include/smartcar_msgs/smartcar_msgs/msg/detail/status__functions.h
[6.207s] -- Installing: /home/ros2/Documents/fa_ROS2_ws/install/smartcar_msgs/include/smartcar_msgs/smartcar_msgs/msg/detail/status__struct.h
[6.207s] -- Installing: /home/ros2/Documents/fa_ROS2_ws/install/smartcar_msgs/include/smartcar_msgs/smartcar_msgs/msg/detail/status__functions.c
[6.207s] -- Installing: /home/ros2/Documents/fa_ROS2_ws/install/smartcar_msgs/share/smartcar_msgs/environment/library_path.sh
[6.207s] -- Installing: /home/ros2/Documents/fa_ROS2_ws/install/smartcar_msgs/share/smartcar_msgs/environment/library_path.dsv
[6.207s] -- Installing: /home/ros2/Documents/fa_ROS2_ws/install/smartcar_msgs/lib/libsmartcar_msgs__rosidl_generator_c.so
[6.207s] -- Set runtime path of "/home/ros2/Documents/fa_ROS2_ws/install/smartcar_msgs/lib/libsmartcar_msgs__rosidl_generator_c.so" to ""
[6.207s] -- Up-to-date: /home/ros2/Documents/fa_ROS2_ws/install/smartcar_msgs/include/smartcar_msgs/smartcar_msgs
[6.208s] -- Up-to-date: /home/ros2/Documents/fa_ROS2_ws/install/smartcar_msgs/include/smartcar_msgs/smartcar_msgs/msg
[6.208s] -- Installing: /home/ros2/Documents/fa_ROS2_ws/install/smartcar_msgs/include/smartcar_msgs/smartcar_msgs/msg/rosidl_typesupport_fastrtps_c__visibility_control.h
[6.208s] -- Up-to-date: /home/ros2/Documents/fa_ROS2_ws/install/smartcar_msgs/include/smartcar_msgs/smartcar_msgs/msg/detail
[6.208s] -- Installing: /home/ros2/Documents/fa_ROS2_ws/install/smartcar_msgs/include/smartcar_msgs/smartcar_msgs/msg/detail/status__rosidl_typesupport_fastrtps_c.h
[6.208s] -- Installing: /home/ros2/Documents/fa_ROS2_ws/install/smartcar_msgs/lib/libsmartcar_msgs__rosidl_typesupport_fastrtps_c.so
[6.208s] -- Set runtime path of "/home/ros2/Documents/fa_ROS2_ws/install/smartcar_msgs/lib/libsmartcar_msgs__rosidl_typesupport_fastrtps_c.so" to ""
[6.208s] -- Up-to-date: /home/ros2/Documents/fa_ROS2_ws/install/smartcar_msgs/include/smartcar_msgs/smartcar_msgs
[6.208s] -- Up-to-date: /home/ros2/Documents/fa_ROS2_ws/install/smartcar_msgs/include/smartcar_msgs/smartcar_msgs/msg
[6.208s] -- Up-to-date: /home/ros2/Documents/fa_ROS2_ws/install/smartcar_msgs/include/smartcar_msgs/smartcar_msgs/msg/detail
[6.208s] -- Installing: /home/ros2/Documents/fa_ROS2_ws/install/smartcar_msgs/include/smartcar_msgs/smartcar_msgs/msg/detail/status__traits.hpp
[6.209s] -- Installing: /home/ros2/Documents/fa_ROS2_ws/install/smartcar_msgs/include/smartcar_msgs/smartcar_msgs/msg/detail/status__struct.hpp
[6.209s] -- Installing: /home/ros2/Documents/fa_ROS2_ws/install/smartcar_msgs/include/smartcar_msgs/smartcar_msgs/msg/detail/status__builder.hpp
[6.209s] -- Installing: /home/ros2/Documents/fa_ROS2_ws/install/smartcar_msgs/include/smartcar_msgs/smartcar_msgs/msg/status.hpp
[6.209s] -- Up-to-date: /home/ros2/Documents/fa_ROS2_ws/install/smartcar_msgs/include/smartcar_msgs/smartcar_msgs
[6.209s] -- Up-to-date: /home/ros2/Documents/fa_ROS2_ws/install/smartcar_msgs/include/smartcar_msgs/smartcar_msgs/msg
[6.209s] -- Installing: /home/ros2/Documents/fa_ROS2_ws/install/smartcar_msgs/include/smartcar_msgs/smartcar_msgs/msg/rosidl_typesupport_fastrtps_cpp__visibility_control.h
[6.209s] -- Up-to-date: /home/ros2/Documents/fa_ROS2_ws/install/smartcar_msgs/include/smartcar_msgs/smartcar_msgs/msg/detail
[6.209s] -- Installing: /home/ros2/Documents/fa_ROS2_ws/install/smartcar_msgs/include/smartcar_msgs/smartcar_msgs/msg/detail/status__rosidl_typesupport_fastrtps_cpp.hpp
[6.209s] -- Installing: /home/ros2/Documents/fa_ROS2_ws/install/smartcar_msgs/include/smartcar_msgs/smartcar_msgs/msg/detail/dds_fastrtps
[6.209s] -- Installing: /home/ros2/Documents/fa_ROS2_ws/install/smartcar_msgs/lib/libsmartcar_msgs__rosidl_typesupport_fastrtps_cpp.so
[6.210s] -- Set runtime path of "/home/ros2/Documents/fa_ROS2_ws/install/smartcar_msgs/lib/libsmartcar_msgs__rosidl_typesupport_fastrtps_cpp.so" to ""
[6.210s] -- Up-to-date: /home/ros2/Documents/fa_ROS2_ws/install/smartcar_msgs/include/smartcar_msgs/smartcar_msgs
[6.210s] -- Up-to-date: /home/ros2/Documents/fa_ROS2_ws/install/smartcar_msgs/include/smartcar_msgs/smartcar_msgs/msg
[6.210s] -- Up-to-date: /home/ros2/Documents/fa_ROS2_ws/install/smartcar_msgs/include/smartcar_msgs/smartcar_msgs/msg/detail
[6.210s] -- Installing: /home/ros2/Documents/fa_ROS2_ws/install/smartcar_msgs/include/smartcar_msgs/smartcar_msgs/msg/detail/status__type_support.c
[6.210s] -- Installing: /home/ros2/Documents/fa_ROS2_ws/install/smartcar_msgs/include/smartcar_msgs/smartcar_msgs/msg/detail/status__rosidl_typesupport_introspection_c.h
[6.210s] -- Installing: /home/ros2/Documents/fa_ROS2_ws/install/smartcar_msgs/include/smartcar_msgs/smartcar_msgs/msg/rosidl_typesupport_introspection_c__visibility_control.h
[6.210s] -- Installing: /home/ros2/Documents/fa_ROS2_ws/install/smartcar_msgs/lib/libsmartcar_msgs__rosidl_typesupport_introspection_c.so
[6.211s] -- Set runtime path of "/home/ros2/Documents/fa_ROS2_ws/install/smartcar_msgs/lib/libsmartcar_msgs__rosidl_typesupport_introspection_c.so" to ""
[6.211s] -- Installing: /home/ros2/Documents/fa_ROS2_ws/install/smartcar_msgs/lib/libsmartcar_msgs__rosidl_typesupport_c.so
[6.211s] -- Set runtime path of "/home/ros2/Documents/fa_ROS2_ws/install/smartcar_msgs/lib/libsmartcar_msgs__rosidl_typesupport_c.so" to ""
[6.211s] -- Up-to-date: /home/ros2/Documents/fa_ROS2_ws/install/smartcar_msgs/include/smartcar_msgs/smartcar_msgs
[6.211s] -- Up-to-date: /home/ros2/Documents/fa_ROS2_ws/install/smartcar_msgs/include/smartcar_msgs/smartcar_msgs/msg
[6.211s] -- Up-to-date: /home/ros2/Documents/fa_ROS2_ws/install/smartcar_msgs/include/smartcar_msgs/smartcar_msgs/msg/detail
[6.211s] -- Installing: /home/ros2/Documents/fa_ROS2_ws/install/smartcar_msgs/include/smartcar_msgs/smartcar_msgs/msg/detail/status__type_support.cpp
[6.211s] -- Installing: /home/ros2/Documents/fa_ROS2_ws/install/smartcar_msgs/include/smartcar_msgs/smartcar_msgs/msg/detail/status__rosidl_typesupport_introspection_cpp.hpp
[6.211s] -- Installing: /home/ros2/Documents/fa_ROS2_ws/install/smartcar_msgs/lib/libsmartcar_msgs__rosidl_typesupport_introspection_cpp.so
[6.211s] -- Set runtime path of "/home/ros2/Documents/fa_ROS2_ws/install/smartcar_msgs/lib/libsmartcar_msgs__rosidl_typesupport_introspection_cpp.so" to ""
[6.212s] -- Installing: /home/ros2/Documents/fa_ROS2_ws/install/smartcar_msgs/lib/libsmartcar_msgs__rosidl_typesupport_cpp.so
[6.212s] -- Set runtime path of "/home/ros2/Documents/fa_ROS2_ws/install/smartcar_msgs/lib/libsmartcar_msgs__rosidl_typesupport_cpp.so" to ""
[6.212s] -- Installing: /home/ros2/Documents/fa_ROS2_ws/install/smartcar_msgs/share/smartcar_msgs/environment/pythonpath.sh
[6.212s] -- Installing: /home/ros2/Documents/fa_ROS2_ws/install/smartcar_msgs/share/smartcar_msgs/environment/pythonpath.dsv
[6.212s] -- Installing: /home/ros2/Documents/fa_ROS2_ws/install/smartcar_msgs/local/lib/python3.10/dist-packages/smartcar_msgs-0.0.0-py3.10.egg-info
[6.212s] -- Installing: /home/ros2/Documents/fa_ROS2_ws/install/smartcar_msgs/local/lib/python3.10/dist-packages/smartcar_msgs-0.0.0-py3.10.egg-info/SOURCES.txt
[6.213s] -- Installing: /home/ros2/Documents/fa_ROS2_ws/install/smartcar_msgs/local/lib/python3.10/dist-packages/smartcar_msgs-0.0.0-py3.10.egg-info/PKG-INFO
[6.213s] -- Installing: /home/ros2/Documents/fa_ROS2_ws/install/smartcar_msgs/local/lib/python3.10/dist-packages/smartcar_msgs-0.0.0-py3.10.egg-info/top_level.txt
[6.214s] -- Installing: /home/ros2/Documents/fa_ROS2_ws/install/smartcar_msgs/local/lib/python3.10/dist-packages/smartcar_msgs-0.0.0-py3.10.egg-info/dependency_links.txt
[6.214s] -- Installing: /home/ros2/Documents/fa_ROS2_ws/install/smartcar_msgs/local/lib/python3.10/dist-packages/smartcar_msgs
[6.214s] -- Installing: /home/ros2/Documents/fa_ROS2_ws/install/smartcar_msgs/local/lib/python3.10/dist-packages/smartcar_msgs/__init__.py
[6.214s] -- Installing: /home/ros2/Documents/fa_ROS2_ws/install/smartcar_msgs/local/lib/python3.10/dist-packages/smartcar_msgs/libsmartcar_msgs__rosidl_generator_py.so
[6.214s] -- Installing: /home/ros2/Documents/fa_ROS2_ws/install/smartcar_msgs/local/lib/python3.10/dist-packages/smartcar_msgs/smartcar_msgs_s__rosidl_typesupport_introspection_c.cpython-310-x86_64-linux-gnu.so
[6.214s] -- Installing: /home/ros2/Documents/fa_ROS2_ws/install/smartcar_msgs/local/lib/python3.10/dist-packages/smartcar_msgs/_smartcar_msgs_s.ep.rosidl_typesupport_c.c
[6.214s] -- Installing: /home/ros2/Documents/fa_ROS2_ws/install/smartcar_msgs/local/lib/python3.10/dist-packages/smartcar_msgs/_smartcar_msgs_s.ep.rosidl_typesupport_fastrtps_c.c
[6.215s] -- Installing: /home/ros2/Documents/fa_ROS2_ws/install/smartcar_msgs/local/lib/python3.10/dist-packages/smartcar_msgs/smartcar_msgs_s__rosidl_typesupport_fastrtps_c.cpython-310-x86_64-linux-gnu.so
[6.215s] -- Installing: /home/ros2/Documents/fa_ROS2_ws/install/smartcar_msgs/local/lib/python3.10/dist-packages/smartcar_msgs/smartcar_msgs_s__rosidl_typesupport_c.cpython-310-x86_64-linux-gnu.so
[6.215s] -- Installing: /home/ros2/Documents/fa_ROS2_ws/install/smartcar_msgs/local/lib/python3.10/dist-packages/smartcar_msgs/_smartcar_msgs_s.ep.rosidl_typesupport_introspection_c.c
[6.215s] -- Installing: /home/ros2/Documents/fa_ROS2_ws/install/smartcar_msgs/local/lib/python3.10/dist-packages/smartcar_msgs/msg
[6.215s] -- Installing: /home/ros2/Documents/fa_ROS2_ws/install/smartcar_msgs/local/lib/python3.10/dist-packages/smartcar_msgs/msg/__init__.py
[6.215s] -- Installing: /home/ros2/Documents/fa_ROS2_ws/install/smartcar_msgs/local/lib/python3.10/dist-packages/smartcar_msgs/msg/_status_s.c
[6.215s] -- Installing: /home/ros2/Documents/fa_ROS2_ws/install/smartcar_msgs/local/lib/python3.10/dist-packages/smartcar_msgs/msg/_status.py
[6.259s] Listing '/home/ros2/Documents/fa_ROS2_ws/install/smartcar_msgs/local/lib/python3.10/dist-packages/smartcar_msgs'...
[6.259s] Compiling '/home/ros2/Documents/fa_ROS2_ws/install/smartcar_msgs/local/lib/python3.10/dist-packages/smartcar_msgs/__init__.py'...
[6.259s] Listing '/home/ros2/Documents/fa_ROS2_ws/install/smartcar_msgs/local/lib/python3.10/dist-packages/smartcar_msgs/msg'...
[6.259s] Compiling '/home/ros2/Documents/fa_ROS2_ws/install/smartcar_msgs/local/lib/python3.10/dist-packages/smartcar_msgs/msg/__init__.py'...
[6.259s] Compiling '/home/ros2/Documents/fa_ROS2_ws/install/smartcar_msgs/local/lib/python3.10/dist-packages/smartcar_msgs/msg/_status.py'...
[6.264s] -- Installing: /home/ros2/Documents/fa_ROS2_ws/install/smartcar_msgs/local/lib/python3.10/dist-packages/smartcar_msgs/smartcar_msgs_s__rosidl_typesupport_fastrtps_c.cpython-310-x86_64-linux-gnu.so
[6.264s] -- Set runtime path of "/home/ros2/Documents/fa_ROS2_ws/install/smartcar_msgs/local/lib/python3.10/dist-packages/smartcar_msgs/smartcar_msgs_s__rosidl_typesupport_fastrtps_c.cpython-310-x86_64-linux-gnu.so" to ""
[6.264s] -- Installing: /home/ros2/Documents/fa_ROS2_ws/install/smartcar_msgs/local/lib/python3.10/dist-packages/smartcar_msgs/smartcar_msgs_s__rosidl_typesupport_introspection_c.cpython-310-x86_64-linux-gnu.so
[6.268s] -- Set runtime path of "/home/ros2/Documents/fa_ROS2_ws/install/smartcar_msgs/local/lib/python3.10/dist-packages/smartcar_msgs/smartcar_msgs_s__rosidl_typesupport_introspection_c.cpython-310-x86_64-linux-gnu.so" to ""
[6.268s] -- Installing: /home/ros2/Documents/fa_ROS2_ws/install/smartcar_msgs/local/lib/python3.10/dist-packages/smartcar_msgs/smartcar_msgs_s__rosidl_typesupport_c.cpython-310-x86_64-linux-gnu.so
[6.268s] -- Set runtime path of "/home/ros2/Documents/fa_ROS2_ws/install/smartcar_msgs/local/lib/python3.10/dist-packages/smartcar_msgs/smartcar_msgs_s__rosidl_typesupport_c.cpython-310-x86_64-linux-gnu.so" to ""
[6.269s] -- Installing: /home/ros2/Documents/fa_ROS2_ws/install/smartcar_msgs/lib/libsmartcar_msgs__rosidl_generator_py.so
[6.269s] -- Set runtime path of "/home/ros2/Documents/fa_ROS2_ws/install/smartcar_msgs/lib/libsmartcar_msgs__rosidl_generator_py.so" to ""
[6.269s] -- Installing: /home/ros2/Documents/fa_ROS2_ws/install/smartcar_msgs/share/smartcar_msgs/msg/Status.idl
[6.269s] -- Installing: /home/ros2/Documents/fa_ROS2_ws/install/smartcar_msgs/share/smartcar_msgs/msg/Status.msg
[6.269s] -- Installing: /home/ros2/Documents/fa_ROS2_ws/install/smartcar_msgs/share/ament_index/resource_index/package_run_dependencies/smartcar_msgs
[6.270s] -- Installing: /home/ros2/Documents/fa_ROS2_ws/install/smartcar_msgs/share/ament_index/resource_index/parent_prefix_path/smartcar_msgs
[6.270s] -- Installing: /home/ros2/Documents/fa_ROS2_ws/install/smartcar_msgs/share/smartcar_msgs/environment/ament_prefix_path.sh
[6.270s] -- Installing: /home/ros2/Documents/fa_ROS2_ws/install/smartcar_msgs/share/smartcar_msgs/environment/ament_prefix_path.dsv
[6.270s] -- Installing: /home/ros2/Documents/fa_ROS2_ws/install/smartcar_msgs/share/smartcar_msgs/environment/path.sh
[6.270s] -- Installing: /home/ros2/Documents/fa_ROS2_ws/install/smartcar_msgs/share/smartcar_msgs/environment/path.dsv
[6.270s] -- Installing: /home/ros2/Documents/fa_ROS2_ws/install/smartcar_msgs/share/smartcar_msgs/local_setup.bash
[6.270s] -- Installing: /home/ros2/Documents/fa_ROS2_ws/install/smartcar_msgs/share/smartcar_msgs/local_setup.sh
[6.270s] -- Installing: /home/ros2/Documents/fa_ROS2_ws/install/smartcar_msgs/share/smartcar_msgs/local_setup.zsh
[6.270s] -- Installing: /home/ros2/Documents/fa_ROS2_ws/install/smartcar_msgs/share/smartcar_msgs/local_setup.dsv
[6.270s] -- Installing: /home/ros2/Documents/fa_ROS2_ws/install/smartcar_msgs/share/smartcar_msgs/package.dsv
[6.270s] -- Installing: /home/ros2/Documents/fa_ROS2_ws/install/smartcar_msgs/share/ament_index/resource_index/packages/smartcar_msgs
[6.270s] -- Installing: /home/ros2/Documents/fa_ROS2_ws/install/smartcar_msgs/share/smartcar_msgs/cmake/export_smartcar_msgs__rosidl_generator_cExport.cmake
[6.271s] -- Installing: /home/ros2/Documents/fa_ROS2_ws/install/smartcar_msgs/share/smartcar_msgs/cmake/export_smartcar_msgs__rosidl_generator_cExport-noconfig.cmake
[6.271s] -- Installing: /home/ros2/Documents/fa_ROS2_ws/install/smartcar_msgs/share/smartcar_msgs/cmake/export_smartcar_msgs__rosidl_typesupport_fastrtps_cExport.cmake
[6.271s] -- Installing: /home/ros2/Documents/fa_ROS2_ws/install/smartcar_msgs/share/smartcar_msgs/cmake/export_smartcar_msgs__rosidl_typesupport_fastrtps_cExport-noconfig.cmake
[6.271s] -- Installing: /home/ros2/Documents/fa_ROS2_ws/install/smartcar_msgs/share/smartcar_msgs/cmake/export_smartcar_msgs__rosidl_generator_cppExport.cmake
[6.271s] -- Installing: /home/ros2/Documents/fa_ROS2_ws/install/smartcar_msgs/share/smartcar_msgs/cmake/export_smartcar_msgs__rosidl_typesupport_fastrtps_cppExport.cmake
[6.271s] -- Installing: /home/ros2/Documents/fa_ROS2_ws/install/smartcar_msgs/share/smartcar_msgs/cmake/export_smartcar_msgs__rosidl_typesupport_fastrtps_cppExport-noconfig.cmake
[6.271s] -- Installing: /home/ros2/Documents/fa_ROS2_ws/install/smartcar_msgs/share/smartcar_msgs/cmake/smartcar_msgs__rosidl_typesupport_introspection_cExport.cmake
[6.271s] -- Installing: /home/ros2/Documents/fa_ROS2_ws/install/smartcar_msgs/share/smartcar_msgs/cmake/smartcar_msgs__rosidl_typesupport_introspection_cExport-noconfig.cmake
[6.271s] -- Installing: /home/ros2/Documents/fa_ROS2_ws/install/smartcar_msgs/share/smartcar_msgs/cmake/smartcar_msgs__rosidl_typesupport_cExport.cmake
[6.272s] -- Installing: /home/ros2/Documents/fa_ROS2_ws/install/smartcar_msgs/share/smartcar_msgs/cmake/smartcar_msgs__rosidl_typesupport_cExport-noconfig.cmake
[6.272s] -- Installing: /home/ros2/Documents/fa_ROS2_ws/install/smartcar_msgs/share/smartcar_msgs/cmake/smartcar_msgs__rosidl_typesupport_introspection_cppExport.cmake
[6.272s] -- Installing: /home/ros2/Documents/fa_ROS2_ws/install/smartcar_msgs/share/smartcar_msgs/cmake/smartcar_msgs__rosidl_typesupport_introspection_cppExport-noconfig.cmake
[6.272s] -- Installing: /home/ros2/Documents/fa_ROS2_ws/install/smartcar_msgs/share/smartcar_msgs/cmake/smartcar_msgs__rosidl_typesupport_cppExport.cmake
[6.273s] -- Installing: /home/ros2/Documents/fa_ROS2_ws/install/smartcar_msgs/share/smartcar_msgs/cmake/smartcar_msgs__rosidl_typesupport_cppExport-noconfig.cmake
[6.274s] -- Installing: /home/ros2/Documents/fa_ROS2_ws/install/smartcar_msgs/share/smartcar_msgs/cmake/export_smartcar_msgs__rosidl_generator_pyExport.cmake
[6.274s] -- Installing: /home/ros2/Documents/fa_ROS2_ws/install/smartcar_msgs/share/smartcar_msgs/cmake/export_smartcar_msgs__rosidl_generator_pyExport-noconfig.cmake
[6.274s] -- Installing: /home/ros2/Documents/fa_ROS2_ws/install/smartcar_msgs/share/smartcar_msgs/cmake/rosidl_cmake-extras.cmake
[6.274s] -- Installing: /home/ros2/Documents/fa_ROS2_ws/install/smartcar_msgs/share/smartcar_msgs/cmake/ament_cmake_export_dependencies-extras.cmake
[6.274s] -- Installing: /home/ros2/Documents/fa_ROS2_ws/install/smartcar_msgs/share/smartcar_msgs/cmake/ament_cmake_export_include_directories-extras.cmake
[6.274s] -- Installing: /home/ros2/Documents/fa_ROS2_ws/install/smartcar_msgs/share/smartcar_msgs/cmake/ament_cmake_export_libraries-extras.cmake
[6.274s] -- Installing: /home/ros2/Documents/fa_ROS2_ws/install/smartcar_msgs/share/smartcar_msgs/cmake/ament_cmake_export_targets-extras.cmake
[6.275s] -- Installing: /home/ros2/Documents/fa_ROS2_ws/install/smartcar_msgs/share/smartcar_msgs/cmake/rosidl_cmake_export_typesupport_targets-extras.cmake
[6.275s] -- Installing: /home/ros2/Documents/fa_ROS2_ws/install/smartcar_msgs/share/smartcar_msgs/cmake/rosidl_cmake_export_typesupport_libraries-extras.cmake
[6.275s] -- Installing: /home/ros2/Documents/fa_ROS2_ws/install/smartcar_msgs/share/smartcar_msgs/cmake/smartcar_msgsConfig.cmake
[6.275s] -- Installing: /home/ros2/Documents/fa_ROS2_ws/install/smartcar_msgs/share/smartcar_msgs/cmake/smartcar_msgsConfig-version.cmake
[6.275s] -- Installing: /home/ros2/Documents/fa_ROS2_ws/install/smartcar_msgs/share/smartcar_msgs/package.xml
[6.278s] Invoked command in '/home/ros2/Documents/fa_ROS2_ws/build/smartcar_msgs' returned '0': CMAKE_PREFIX_PATH=/opt/ros/humble /usr/bin/cmake --install /home/ros2/Documents/fa_ROS2_ws/build/smartcar_msgs
