[0.022s] Invoking command in '/home/ros2/Documents/fa_ROS2_ws/build/smart_car': CMAKE_PREFIX_PATH=/home/ros2/Documents/fa_ROS2_ws/install/car_gazebo_plugin:/home/ros2/Documents/fa_ROS2_ws/install/smartcar_msgs:/home/ros2/Documents/fa_ROS2_ws/install/ackermann_msgs:/home/ros2/Documents/fa_ROS2_ws/install/smart_car:/opt/ros/humble LD_LIBRARY_PATH=/home/ros2/Documents/fa_ROS2_ws/install/car_gazebo_plugin/lib:/home/ros2/Documents/fa_ROS2_ws/install/smartcar_msgs/lib:/home/ros2/Documents/fa_ROS2_ws/install/ackermann_msgs/lib:/usr/lib/x86_64-linux-gnu/gazebo-11/plugins:/opt/ros/humble/opt/rviz_ogre_vendor/lib:/opt/ros/humble/lib/x86_64-linux-gnu:/opt/ros/humble/lib:/tmp/.mount_cursorHqA3fm/usr/lib:/usr/lib/x86_64-linux-gnu/gazebo-11/plugins:/usr/lib/x86_64-linux-gnu/gazebo-11/plugins:/usr/lib/x86_64-linux-gnu/gazebo-11/plugins /usr/bin/cmake --build /home/ros2/Documents/fa_ROS2_ws/build/smart_car -- -j8 -l8
[0.063s] -- Found ament_cmake: 1.3.10 (/opt/ros/humble/share/ament_cmake/cmake)
[0.218s] -- Found gazebo_ros: 3.7.0 (/opt/ros/humble/share/gazebo_ros/cmake)
[0.255s] -- Found rosidl_generator_c: 3.1.5 (/opt/ros/humble/share/rosidl_generator_c/cmake)
[0.258s] -- Found rosidl_adapter: 3.1.5 (/opt/ros/humble/share/rosidl_adapter/cmake)
[0.264s] -- Found rosidl_generator_cpp: 3.1.5 (/opt/ros/humble/share/rosidl_generator_cpp/cmake)
[0.276s] -- Using all available rosidl_typesupport_c: rosidl_typesupport_fastrtps_c;rosidl_typesupport_introspection_c
[0.290s] -- Using all available rosidl_typesupport_cpp: rosidl_typesupport_fastrtps_cpp;rosidl_typesupport_introspection_cpp
[0.336s] -- Found rmw_implementation_cmake: 6.1.2 (/opt/ros/humble/share/rmw_implementation_cmake/cmake)
[0.337s] -- Found rmw_cyclonedds_cpp: 1.3.4 (/opt/ros/humble/share/rmw_cyclonedds_cpp/cmake)
[0.360s] -- Using RMW implementation 'rmw_cyclonedds_cpp' as default
[0.463s] -- Found DART: /usr/include (Required is at least version "6.6") found components: dart 
[0.497s] -- Found Protobuf: /usr/lib/x86_64-linux-gnu/libprotobuf.so (found version "3.12.4") 
[0.498s] -- Looking for ignition-math6 -- found version 6.15.1
[0.503s] -- Searching for dependencies of ignition-math6
[0.505s] -- Looking for OGRE...
[0.512s] -- Found Ogre Ghadamon (1.9.0)
[0.512s] -- Found OGRE: optimized;/usr/lib/x86_64-linux-gnu/libOgreMain.so;debug;/usr/lib/x86_64-linux-gnu/libOgreMain.so
[0.524s] -- Looking for OGRE_Paging...
[0.524s] -- Found OGRE_Paging: optimized;/usr/lib/x86_64-linux-gnu/libOgrePaging.so;debug;/usr/lib/x86_64-linux-gnu/libOgrePaging.so
[0.524s] -- Looking for OGRE_Terrain...
[0.525s] -- Found OGRE_Terrain: optimized;/usr/lib/x86_64-linux-gnu/libOgreTerrain.so;debug;/usr/lib/x86_64-linux-gnu/libOgreTerrain.so
[0.525s] -- Looking for OGRE_Property...
[0.525s] -- Found OGRE_Property: optimized;/usr/lib/x86_64-linux-gnu/libOgreProperty.so;debug;/usr/lib/x86_64-linux-gnu/libOgreProperty.so
[0.525s] -- Looking for OGRE_RTShaderSystem...
[0.525s] -- Found OGRE_RTShaderSystem: optimized;/usr/lib/x86_64-linux-gnu/libOgreRTShaderSystem.so;debug;/usr/lib/x86_64-linux-gnu/libOgreRTShaderSystem.so
[0.525s] -- Looking for OGRE_Volume...
[0.525s] -- Found OGRE_Volume: optimized;/usr/lib/x86_64-linux-gnu/libOgreVolume.so;debug;/usr/lib/x86_64-linux-gnu/libOgreVolume.so
[0.525s] -- Looking for OGRE_Overlay...
[0.525s] -- Found OGRE_Overlay: optimized;/usr/lib/x86_64-linux-gnu/libOgreOverlay.so;debug;/usr/lib/x86_64-linux-gnu/libOgreOverlay.so
[0.717s] -- Looking for ignition-math6 -- found version 6.15.1
[0.718s] -- Looking for ignition-transport8 -- found version 8.2.1
[0.718s] -- Searching for dependencies of ignition-transport8
[0.739s] -- Found Protobuf: /usr/lib/x86_64-linux-gnu/libprotobuf.so (found suitable version "3.12.4", minimum required is "3") 
[0.752s] -- Config-file not installed for ZeroMQ -- checking for pkg-config
[0.760s] -- Checking for module 'libzmq >= 4'
[0.778s] --   Found libzmq , version 4.3.4
[0.833s] -- Checking for module 'uuid'
[0.861s] --   Found uuid, version 2.37.2
[0.906s] -- Looking for ignition-msgs5 -- found version 5.8.1
[0.906s] -- Searching for dependencies of ignition-msgs5
[0.929s] -- Looking for ignition-math6 -- found version 6.15.1
[0.937s] -- Checking for module 'tinyxml2'
[0.956s] --   Found tinyxml2, version 9.0.0
[1.000s] -- Looking for ignition-msgs5 -- found version 5.8.1
[1.001s] -- Looking for ignition-common3 -- found version 3.14.0
[1.001s] -- Searching for dependencies of ignition-common3
[1.001s] -- Looking for dlfcn.h - found
[1.002s] -- Looking for libdl - found
[1.015s] -- Searching for <ignition-common3> component [graphics]
[1.016s] -- Looking for ignition-common3-graphics -- found version 3.14.0
[1.016s] -- Searching for dependencies of ignition-common3-graphics
[1.017s] -- Looking for ignition-math6 -- found version 6.15.1
[1.018s] -- Looking for ignition-fuel_tools4 -- found version 4.4.0
[1.018s] -- Searching for dependencies of ignition-fuel_tools4
[1.070s] -- Checking for module 'jsoncpp'
[1.086s] --   Found jsoncpp, version 1.9.5
[1.138s] -- Checking for module 'libzip'
[1.156s] --   Found libzip, version 1.7.3
[1.198s] -- Looking for ignition-common3 -- found version 3.14.0
[1.198s] -- Looking for ignition-math6 -- found version 6.15.1
[1.199s] -- Looking for ignition-msgs5 -- found version 5.8.1
[1.200s] -- Gazebo version: 11.10
[1.203s] -- Found car_gazebo_plugin: 0.1.0 (/home/ros2/Documents/fa_ROS2_ws/install/car_gazebo_plugin/share/car_gazebo_plugin/cmake)
[1.256s] -- Found ament_lint_auto: 0.12.11 (/opt/ros/humble/share/ament_lint_auto/cmake)
[1.339s] -- Added test 'flake8' to check Python code syntax and style conventions
[1.339s] -- Added test 'lint_cmake' to check CMake code style
[1.339s] -- Added test 'pep257' to check Python code against some of the docstring style conventions in PEP 257
[1.341s] -- Added test 'xmllint' to check XML markup files
[1.342s] -- Configuring done
[1.351s] -- Generating done
[1.355s] -- Build files have been written to: /home/ros2/Documents/fa_ROS2_ws/build/smart_car
[1.391s] Invoked command in '/home/ros2/Documents/fa_ROS2_ws/build/smart_car' returned '0': CMAKE_PREFIX_PATH=/home/ros2/Documents/fa_ROS2_ws/install/car_gazebo_plugin:/home/ros2/Documents/fa_ROS2_ws/install/smartcar_msgs:/home/ros2/Documents/fa_ROS2_ws/install/ackermann_msgs:/home/ros2/Documents/fa_ROS2_ws/install/smart_car:/opt/ros/humble LD_LIBRARY_PATH=/home/ros2/Documents/fa_ROS2_ws/install/car_gazebo_plugin/lib:/home/ros2/Documents/fa_ROS2_ws/install/smartcar_msgs/lib:/home/ros2/Documents/fa_ROS2_ws/install/ackermann_msgs/lib:/usr/lib/x86_64-linux-gnu/gazebo-11/plugins:/opt/ros/humble/opt/rviz_ogre_vendor/lib:/opt/ros/humble/lib/x86_64-linux-gnu:/opt/ros/humble/lib:/tmp/.mount_cursorHqA3fm/usr/lib:/usr/lib/x86_64-linux-gnu/gazebo-11/plugins:/usr/lib/x86_64-linux-gnu/gazebo-11/plugins:/usr/lib/x86_64-linux-gnu/gazebo-11/plugins /usr/bin/cmake --build /home/ros2/Documents/fa_ROS2_ws/build/smart_car -- -j8 -l8
[1.428s] Invoking command in '/home/ros2/Documents/fa_ROS2_ws/build/smart_car': CMAKE_PREFIX_PATH=/home/ros2/Documents/fa_ROS2_ws/install/car_gazebo_plugin:/home/ros2/Documents/fa_ROS2_ws/install/smartcar_msgs:/home/ros2/Documents/fa_ROS2_ws/install/ackermann_msgs:/home/ros2/Documents/fa_ROS2_ws/install/smart_car:/opt/ros/humble LD_LIBRARY_PATH=/home/ros2/Documents/fa_ROS2_ws/install/car_gazebo_plugin/lib:/home/ros2/Documents/fa_ROS2_ws/install/smartcar_msgs/lib:/home/ros2/Documents/fa_ROS2_ws/install/ackermann_msgs/lib:/usr/lib/x86_64-linux-gnu/gazebo-11/plugins:/opt/ros/humble/opt/rviz_ogre_vendor/lib:/opt/ros/humble/lib/x86_64-linux-gnu:/opt/ros/humble/lib:/tmp/.mount_cursorHqA3fm/usr/lib:/usr/lib/x86_64-linux-gnu/gazebo-11/plugins:/usr/lib/x86_64-linux-gnu/gazebo-11/plugins:/usr/lib/x86_64-linux-gnu/gazebo-11/plugins /usr/bin/cmake --install /home/ros2/Documents/fa_ROS2_ws/build/smart_car
[1.438s] -- Install configuration: ""
[1.439s] -- Up-to-date: /home/ros2/Documents/fa_ROS2_ws/install/smart_car/share/smart_car//launch
[1.439s] -- Installing: /home/ros2/Documents/fa_ROS2_ws/install/smart_car/share/smart_car//launch/gazebo.launch.py
[1.439s] -- Up-to-date: /home/ros2/Documents/fa_ROS2_ws/install/smart_car/share/smart_car//launch/display.launch.py
[1.439s] -- Up-to-date: /home/ros2/Documents/fa_ROS2_ws/install/smart_car/share/smart_car//urdf
[1.440s] -- Up-to-date: /home/ros2/Documents/fa_ROS2_ws/install/smart_car/share/smart_car//urdf/smartcar.urdf.xacro
[1.440s] -- Up-to-date: /home/ros2/Documents/fa_ROS2_ws/install/smart_car/share/smart_car//urdf/smartcar.urdf
[1.440s] -- Up-to-date: /home/ros2/Documents/fa_ROS2_ws/install/smart_car/share/smart_car//rviz
[1.440s] -- Up-to-date: /home/ros2/Documents/fa_ROS2_ws/install/smart_car/share/smart_car//rviz/config.rviz
[1.440s] -- Up-to-date: /home/ros2/Documents/fa_ROS2_ws/install/smart_car/share/smart_car//world
[1.440s] -- Up-to-date: /home/ros2/Documents/fa_ROS2_ws/install/smart_car/share/smart_car//world/smalltown.world
[1.441s] -- Up-to-date: /home/ros2/Documents/fa_ROS2_ws/install/smart_car/share/smart_car//world/smalltown_world.yaml
[1.441s] -- Up-to-date: /home/ros2/Documents/fa_ROS2_ws/install/smart_car/share/smart_car//world/smalltown_world.pgm
[1.441s] -- Installing: /home/ros2/Documents/fa_ROS2_ws/install/smart_car/lib/smart_car/wheel_odometry.py
[1.441s] -- Up-to-date: /home/ros2/Documents/fa_ROS2_ws/install/smart_car/lib/smart_car/joint_state_publisher.py
[1.441s] -- Up-to-date: /home/ros2/Documents/fa_ROS2_ws/install/smart_car/share/ament_index/resource_index/package_run_dependencies/smart_car
[1.441s] -- Installing: /home/ros2/Documents/fa_ROS2_ws/install/smart_car/share/ament_index/resource_index/parent_prefix_path/smart_car
[1.441s] -- Up-to-date: /home/ros2/Documents/fa_ROS2_ws/install/smart_car/share/smart_car/environment/ament_prefix_path.sh
[1.442s] -- Installing: /home/ros2/Documents/fa_ROS2_ws/install/smart_car/share/smart_car/environment/ament_prefix_path.dsv
[1.442s] -- Up-to-date: /home/ros2/Documents/fa_ROS2_ws/install/smart_car/share/smart_car/environment/path.sh
[1.442s] -- Installing: /home/ros2/Documents/fa_ROS2_ws/install/smart_car/share/smart_car/environment/path.dsv
[1.442s] -- Up-to-date: /home/ros2/Documents/fa_ROS2_ws/install/smart_car/share/smart_car/local_setup.bash
[1.442s] -- Up-to-date: /home/ros2/Documents/fa_ROS2_ws/install/smart_car/share/smart_car/local_setup.sh
[1.442s] -- Up-to-date: /home/ros2/Documents/fa_ROS2_ws/install/smart_car/share/smart_car/local_setup.zsh
[1.442s] -- Installing: /home/ros2/Documents/fa_ROS2_ws/install/smart_car/share/smart_car/local_setup.dsv
[1.442s] -- Installing: /home/ros2/Documents/fa_ROS2_ws/install/smart_car/share/smart_car/package.dsv
[1.442s] -- Up-to-date: /home/ros2/Documents/fa_ROS2_ws/install/smart_car/share/ament_index/resource_index/packages/smart_car
[1.442s] -- Up-to-date: /home/ros2/Documents/fa_ROS2_ws/install/smart_car/share/smart_car/cmake/smart_carConfig.cmake
[1.442s] -- Up-to-date: /home/ros2/Documents/fa_ROS2_ws/install/smart_car/share/smart_car/cmake/smart_carConfig-version.cmake
[1.443s] -- Up-to-date: /home/ros2/Documents/fa_ROS2_ws/install/smart_car/share/smart_car/package.xml
[1.445s] Invoked command in '/home/ros2/Documents/fa_ROS2_ws/build/smart_car' returned '0': CMAKE_PREFIX_PATH=/home/ros2/Documents/fa_ROS2_ws/install/car_gazebo_plugin:/home/ros2/Documents/fa_ROS2_ws/install/smartcar_msgs:/home/ros2/Documents/fa_ROS2_ws/install/ackermann_msgs:/home/ros2/Documents/fa_ROS2_ws/install/smart_car:/opt/ros/humble LD_LIBRARY_PATH=/home/ros2/Documents/fa_ROS2_ws/install/car_gazebo_plugin/lib:/home/ros2/Documents/fa_ROS2_ws/install/smartcar_msgs/lib:/home/ros2/Documents/fa_ROS2_ws/install/ackermann_msgs/lib:/usr/lib/x86_64-linux-gnu/gazebo-11/plugins:/opt/ros/humble/opt/rviz_ogre_vendor/lib:/opt/ros/humble/lib/x86_64-linux-gnu:/opt/ros/humble/lib:/tmp/.mount_cursorHqA3fm/usr/lib:/usr/lib/x86_64-linux-gnu/gazebo-11/plugins:/usr/lib/x86_64-linux-gnu/gazebo-11/plugins:/usr/lib/x86_64-linux-gnu/gazebo-11/plugins /usr/bin/cmake --install /home/ros2/Documents/fa_ROS2_ws/build/smart_car
