[0.040s] Invoking command in '/home/ros2/Documents/fa_ROS2_ws/build/opennav_docking_core': AMENT_PREFIX_PATH=/home/ros2/Documents/fa_ROS2_ws/install/nav2_common:${AMENT_PREFIX_PATH} CMAKE_PREFIX_PATH=/home/ros2/Documents/fa_ROS2_ws/install/nav2_common:/home/ros2/Documents/fa_ROS2_ws/install/smart_car:/home/ros2/Documents/fa_ROS2_ws/install/car_gazebo_plugin:/home/ros2/Documents/fa_ROS2_ws/install/smartcar_msgs:/home/ros2/Documents/fa_ROS2_ws/install/ackermann_msgs:/opt/ros/humble PYTHONPATH=/home/ros2/Documents/fa_ROS2_ws/install/nav2_common/local/lib/python3.10/dist-packages:${PYTHONPATH} /usr/bin/cmake /home/ros2/Documents/fa_ROS2_ws/src/navigation2/nav2_docking/opennav_docking_core -DAMENT_CMAKE_SYMLINK_INSTALL=1 -DCMAKE_INSTALL_PREFIX=/home/ros2/Documents/fa_ROS2_ws/install/opennav_docking_core
[0.454s] -- The C compiler identification is GNU 11.4.0
[0.750s] -- The CXX compiler identification is GNU 11.4.0
[0.823s] -- Detecting C compiler ABI info
[1.111s] -- Detecting C compiler ABI info - done
[1.136s] -- Check for working C compiler: /usr/lib/ccache/gcc - skipped
[1.137s] -- Detecting C compile features
[1.137s] -- Detecting C compile features - done
[1.143s] -- Detecting CXX compiler ABI info
[1.392s] -- Detecting CXX compiler ABI info - done
[1.418s] -- Check for working CXX compiler: /usr/lib/ccache/g++ - skipped
[1.418s] -- Detecting CXX compile features
[1.420s] -- Detecting CXX compile features - done
[1.423s] -- Found ament_cmake: 1.3.10 (/opt/ros/humble/share/ament_cmake/cmake)
[1.810s] -- Found Python3: /usr/bin/python3 (found version "3.10.12") found components: Interpreter 
[1.988s] -- Override CMake install command with custom implementation using symlinks instead of copying resources
[2.056s] -- Found geometry_msgs: 4.2.4 (/opt/ros/humble/share/geometry_msgs/cmake)
[2.129s] -- Found rosidl_generator_c: 3.1.5 (/opt/ros/humble/share/rosidl_generator_c/cmake)
[2.134s] -- Found rosidl_adapter: 3.1.5 (/opt/ros/humble/share/rosidl_adapter/cmake)
[2.150s] -- Found rosidl_generator_cpp: 3.1.5 (/opt/ros/humble/share/rosidl_generator_cpp/cmake)
[2.178s] -- Using all available rosidl_typesupport_c: rosidl_typesupport_fastrtps_c;rosidl_typesupport_introspection_c
[2.212s] -- Using all available rosidl_typesupport_cpp: rosidl_typesupport_fastrtps_cpp;rosidl_typesupport_introspection_cpp
[2.301s] -- Found nav2_common: 1.3.1 (/home/ros2/Documents/fa_ROS2_ws/install/nav2_common/share/nav2_common/cmake)
[2.308s] -- Found rclcpp_lifecycle: 16.0.10 (/opt/ros/humble/share/rclcpp_lifecycle/cmake)
[2.413s] -- Found rmw_implementation_cmake: 6.1.2 (/opt/ros/humble/share/rmw_implementation_cmake/cmake)
[2.421s] -- Found rmw_cyclonedds_cpp: 1.3.4 (/opt/ros/humble/share/rmw_cyclonedds_cpp/cmake)
[2.465s] -- Using RMW implementation 'rmw_cyclonedds_cpp' as default
[2.482s] -- Looking for pthread.h
[2.758s] -- Looking for pthread.h - found
[2.764s] -- Performing Test CMAKE_HAVE_LIBC_PTHREAD
[3.025s] -- Performing Test CMAKE_HAVE_LIBC_PTHREAD - Success
[3.025s] -- Found Threads: TRUE  
[3.179s] -- Found tf2_ros: 0.25.7 (/opt/ros/humble/share/tf2_ros/cmake)
[3.378s] -- Setting build type to Release as none was specified.
[3.383s] -- Found ament_lint_auto: 0.12.11 (/opt/ros/humble/share/ament_lint_auto/cmake)
[3.521s] -- Added test 'cppcheck' to perform static code analysis on C / C++ code
[3.523s] -- Configured cppcheck include dirs: $<BUILD_INTERFACE:/home/ros2/Documents/fa_ROS2_ws/src/navigation2/nav2_docking/opennav_docking_core/include>
[3.523s] -- Configured cppcheck exclude dirs and/or files: 
[3.524s] -- Added test 'cpplint' to check C / C++ code against the Google style
[3.524s] -- Configured cpplint exclude dirs and/or files: 
[3.524s] -- Added test 'lint_cmake' to check CMake code style
[3.526s] -- Added test 'uncrustify' to check C / C++ code style
[3.526s] -- Configured uncrustify additional arguments: 
[3.527s] -- Added test 'xmllint' to check XML markup files
[3.533s] -- Configuring done
[3.541s] -- Generating done
[3.545s] -- Build files have been written to: /home/ros2/Documents/fa_ROS2_ws/build/opennav_docking_core
