[0.264s] Invoking command in '/home/ros2/Documents/fa_ROS2_ws/build/dwb_plugins': AMENT_PREFIX_PATH=/home/ros2/Documents/fa_ROS2_ws/install/dwb_core:/home/ros2/Documents/fa_ROS2_ws/install/nav2_core:/home/ros2/Documents/fa_ROS2_ws/install/nav2_costmap_2d:/home/ros2/Documents/fa_ROS2_ws/install/nav_2d_utils:/home/ros2/Documents/fa_ROS2_ws/install/nav2_map_server:/home/ros2/Documents/fa_ROS2_ws/install/nav2_lifecycle_manager:/home/ros2/Documents/fa_ROS2_ws/install/nav2_util:/home/ros2/Documents/fa_ROS2_ws/install/nav2_voxel_grid:/home/ros2/Documents/fa_ROS2_ws/install/nav2_msgs:/home/ros2/Documents/fa_ROS2_ws/install/dwb_msgs:/home/ros2/Documents/fa_ROS2_ws/install/nav_2d_msgs:/home/ros2/Documents/fa_ROS2_ws/install/nav2_common:${AMENT_PREFIX_PATH} CMAKE_PREFIX_PATH=/home/ros2/Documents/fa_ROS2_ws/install/dwb_core:/home/ros2/Documents/fa_ROS2_ws/install/nav2_core:/home/ros2/Documents/fa_ROS2_ws/install/nav2_costmap_2d:/home/ros2/Documents/fa_ROS2_ws/install/nav_2d_utils:/home/ros2/Documents/fa_ROS2_ws/install/nav2_map_server:/home/ros2/Documents/fa_ROS2_ws/install/nav2_lifecycle_manager:/home/ros2/Documents/fa_ROS2_ws/install/nav2_util:/home/ros2/Documents/fa_ROS2_ws/install/nav2_voxel_grid:/home/ros2/Documents/fa_ROS2_ws/install/nav2_msgs:/home/ros2/Documents/fa_ROS2_ws/install/dwb_msgs:/home/ros2/Documents/fa_ROS2_ws/install/nav_2d_msgs:/home/ros2/Documents/fa_ROS2_ws/install/nav2_common:/home/ros2/Documents/fa_ROS2_ws/install/smart_car:/home/ros2/Documents/fa_ROS2_ws/install/car_gazebo_plugin:/home/ros2/Documents/fa_ROS2_ws/install/smartcar_msgs:/home/ros2/Documents/fa_ROS2_ws/install/ackermann_msgs:/opt/ros/humble LD_LIBRARY_PATH=/home/ros2/Documents/fa_ROS2_ws/install/dwb_core/lib:/home/ros2/Documents/fa_ROS2_ws/install/nav2_costmap_2d/lib:/home/ros2/Documents/fa_ROS2_ws/install/nav_2d_utils/lib:/home/ros2/Documents/fa_ROS2_ws/install/nav2_map_server/lib:/home/ros2/Documents/fa_ROS2_ws/install/nav2_lifecycle_manager/lib:/home/ros2/Documents/fa_ROS2_ws/install/nav2_util/lib:/home/ros2/Documents/fa_ROS2_ws/install/nav2_voxel_grid/lib:/home/ros2/Documents/fa_ROS2_ws/install/nav2_msgs/lib:/home/ros2/Documents/fa_ROS2_ws/install/dwb_msgs/lib:/home/ros2/Documents/fa_ROS2_ws/install/nav_2d_msgs/lib:/home/ros2/Documents/fa_ROS2_ws/install/car_gazebo_plugin/lib:/home/ros2/Documents/fa_ROS2_ws/install/smartcar_msgs/lib:/home/ros2/Documents/fa_ROS2_ws/install/ackermann_msgs/lib:/usr/lib/x86_64-linux-gnu/gazebo-11/plugins:/opt/ros/humble/opt/rviz_ogre_vendor/lib:/opt/ros/humble/lib/x86_64-linux-gnu:/opt/ros/humble/lib:/tmp/.mount_cursorflfrK2/usr/lib:/usr/lib/x86_64-linux-gnu/gazebo-11/plugins:/usr/lib/x86_64-linux-gnu/gazebo-11/plugins:/usr/lib/x86_64-linux-gnu/gazebo-11/plugins PYTHONPATH=/home/ros2/Documents/fa_ROS2_ws/install/nav2_msgs/local/lib/python3.10/dist-packages:/home/ros2/Documents/fa_ROS2_ws/install/dwb_msgs/local/lib/python3.10/dist-packages:/home/ros2/Documents/fa_ROS2_ws/install/nav_2d_msgs/local/lib/python3.10/dist-packages:/home/ros2/Documents/fa_ROS2_ws/install/nav2_common/local/lib/python3.10/dist-packages:${PYTHONPATH} /usr/bin/cmake /home/ros2/Documents/fa_ROS2_ws/src/navigation2/nav2_dwb_controller/dwb_plugins -DAMENT_CMAKE_SYMLINK_INSTALL=1 -DCMAKE_INSTALL_PREFIX=/home/ros2/Documents/fa_ROS2_ws/install/dwb_plugins
[29.646s] -- The C compiler identification is GNU 11.4.0
[29.646s] -- The CXX compiler identification is GNU 11.4.0
[29.646s] -- Detecting C compiler ABI info
[29.646s] -- Detecting C compiler ABI info - done
[29.646s] -- Check for working C compiler: /usr/lib/ccache/gcc - skipped
[29.647s] -- Detecting C compile features
[29.647s] -- Detecting C compile features - done
[29.647s] -- Detecting CXX compiler ABI info
[29.647s] -- Detecting CXX compiler ABI info - done
[29.647s] -- Check for working CXX compiler: /usr/lib/ccache/g++ - skipped
[29.647s] -- Detecting CXX compile features
[29.647s] -- Detecting CXX compile features - done
[29.647s] -- Found ament_cmake: 1.3.10 (/opt/ros/humble/share/ament_cmake/cmake)
[29.647s] -- Found Python3: /usr/bin/python3 (found version "3.10.12") found components: Interpreter 
[29.647s] -- Override CMake install command with custom implementation using symlinks instead of copying resources
[29.647s] -- Found nav2_common: 1.1.17 (/home/ros2/Documents/fa_ROS2_ws/install/nav2_common/share/nav2_common/cmake)
[29.647s] -- Found angles: 1.15.0 (/opt/ros/humble/share/angles/cmake)
[29.647s] -- Found dwb_core: 1.1.17 (/home/ros2/Documents/fa_ROS2_ws/install/dwb_core/share/dwb_core/cmake)
[29.648s] -- Found rosidl_generator_c: 3.1.5 (/opt/ros/humble/share/rosidl_generator_c/cmake)
[29.654s] -- Found rosidl_adapter: 3.1.5 (/opt/ros/humble/share/rosidl_adapter/cmake)
[29.655s] -- Found rosidl_generator_cpp: 3.1.5 (/opt/ros/humble/share/rosidl_generator_cpp/cmake)
[29.655s] -- Using all available rosidl_typesupport_c: rosidl_typesupport_fastrtps_c;rosidl_typesupport_introspection_c
[29.655s] -- Using all available rosidl_typesupport_cpp: rosidl_typesupport_fastrtps_cpp;rosidl_typesupport_introspection_cpp
[29.655s] -- Found rmw_implementation_cmake: 6.1.2 (/opt/ros/humble/share/rmw_implementation_cmake/cmake)
[29.656s] -- Found rmw_cyclonedds_cpp: 1.3.4 (/opt/ros/humble/share/rmw_cyclonedds_cpp/cmake)
[29.656s] -- Using RMW implementation 'rmw_cyclonedds_cpp' as default
[29.656s] -- Looking for pthread.h
[29.656s] -- Looking for pthread.h - found
[29.656s] -- Performing Test CMAKE_HAVE_LIBC_PTHREAD
[29.656s] -- Performing Test CMAKE_HAVE_LIBC_PTHREAD - Success
[29.656s] -- Found Threads: TRUE  
[29.656s] -- Found Eigen3: TRUE (found version "3.4.0") 
[29.656s] -- Ensuring Eigen3 include directory is part of orocos-kdl CMake target
[29.657s] -- Setting build type to Release as none was specified.
[29.657s] -- Found ament_lint_auto: 0.12.11 (/opt/ros/humble/share/ament_lint_auto/cmake)
[29.657s] -- Found gtest sources under '/opt/ros/humble/src/gtest_vendor': C++ tests using 'Google Test' will be built
[29.657s] -- Added test 'cppcheck' to perform static code analysis on C / C++ code
[29.657s] -- Configured cppcheck include dirs: /home/ros2/Documents/fa_ROS2_ws/src/navigation2/nav2_dwb_controller/dwb_plugins/include
[29.657s] -- Configured cppcheck exclude dirs and/or files: 
[29.657s] -- Added test 'cpplint' to check C / C++ code against the Google style
[29.657s] -- Configured cpplint exclude dirs and/or files: 
[29.657s] -- Added test 'lint_cmake' to check CMake code style
[29.661s] -- Added test 'uncrustify' to check C / C++ code style
[29.661s] -- Configured uncrustify additional arguments: 
[29.661s] -- Added test 'xmllint' to check XML markup files
[29.661s] -- Configuring done
[29.661s] -- Generating done
[29.662s] -- Build files have been written to: /home/ros2/Documents/fa_ROS2_ws/build/dwb_plugins
[29.678s] Invoked command in '/home/ros2/Documents/fa_ROS2_ws/build/dwb_plugins' returned '0': AMENT_PREFIX_PATH=/home/ros2/Documents/fa_ROS2_ws/install/dwb_core:/home/ros2/Documents/fa_ROS2_ws/install/nav2_core:/home/ros2/Documents/fa_ROS2_ws/install/nav2_costmap_2d:/home/ros2/Documents/fa_ROS2_ws/install/nav_2d_utils:/home/ros2/Documents/fa_ROS2_ws/install/nav2_map_server:/home/ros2/Documents/fa_ROS2_ws/install/nav2_lifecycle_manager:/home/ros2/Documents/fa_ROS2_ws/install/nav2_util:/home/ros2/Documents/fa_ROS2_ws/install/nav2_voxel_grid:/home/ros2/Documents/fa_ROS2_ws/install/nav2_msgs:/home/ros2/Documents/fa_ROS2_ws/install/dwb_msgs:/home/ros2/Documents/fa_ROS2_ws/install/nav_2d_msgs:/home/ros2/Documents/fa_ROS2_ws/install/nav2_common:${AMENT_PREFIX_PATH} CMAKE_PREFIX_PATH=/home/ros2/Documents/fa_ROS2_ws/install/dwb_core:/home/ros2/Documents/fa_ROS2_ws/install/nav2_core:/home/ros2/Documents/fa_ROS2_ws/install/nav2_costmap_2d:/home/ros2/Documents/fa_ROS2_ws/install/nav_2d_utils:/home/ros2/Documents/fa_ROS2_ws/install/nav2_map_server:/home/ros2/Documents/fa_ROS2_ws/install/nav2_lifecycle_manager:/home/ros2/Documents/fa_ROS2_ws/install/nav2_util:/home/ros2/Documents/fa_ROS2_ws/install/nav2_voxel_grid:/home/ros2/Documents/fa_ROS2_ws/install/nav2_msgs:/home/ros2/Documents/fa_ROS2_ws/install/dwb_msgs:/home/ros2/Documents/fa_ROS2_ws/install/nav_2d_msgs:/home/ros2/Documents/fa_ROS2_ws/install/nav2_common:/home/ros2/Documents/fa_ROS2_ws/install/smart_car:/home/ros2/Documents/fa_ROS2_ws/install/car_gazebo_plugin:/home/ros2/Documents/fa_ROS2_ws/install/smartcar_msgs:/home/ros2/Documents/fa_ROS2_ws/install/ackermann_msgs:/opt/ros/humble LD_LIBRARY_PATH=/home/ros2/Documents/fa_ROS2_ws/install/dwb_core/lib:/home/ros2/Documents/fa_ROS2_ws/install/nav2_costmap_2d/lib:/home/ros2/Documents/fa_ROS2_ws/install/nav_2d_utils/lib:/home/ros2/Documents/fa_ROS2_ws/install/nav2_map_server/lib:/home/ros2/Documents/fa_ROS2_ws/install/nav2_lifecycle_manager/lib:/home/ros2/Documents/fa_ROS2_ws/install/nav2_util/lib:/home/ros2/Documents/fa_ROS2_ws/install/nav2_voxel_grid/lib:/home/ros2/Documents/fa_ROS2_ws/install/nav2_msgs/lib:/home/ros2/Documents/fa_ROS2_ws/install/dwb_msgs/lib:/home/ros2/Documents/fa_ROS2_ws/install/nav_2d_msgs/lib:/home/ros2/Documents/fa_ROS2_ws/install/car_gazebo_plugin/lib:/home/ros2/Documents/fa_ROS2_ws/install/smartcar_msgs/lib:/home/ros2/Documents/fa_ROS2_ws/install/ackermann_msgs/lib:/usr/lib/x86_64-linux-gnu/gazebo-11/plugins:/opt/ros/humble/opt/rviz_ogre_vendor/lib:/opt/ros/humble/lib/x86_64-linux-gnu:/opt/ros/humble/lib:/tmp/.mount_cursorflfrK2/usr/lib:/usr/lib/x86_64-linux-gnu/gazebo-11/plugins:/usr/lib/x86_64-linux-gnu/gazebo-11/plugins:/usr/lib/x86_64-linux-gnu/gazebo-11/plugins PYTHONPATH=/home/ros2/Documents/fa_ROS2_ws/install/nav2_msgs/local/lib/python3.10/dist-packages:/home/ros2/Documents/fa_ROS2_ws/install/dwb_msgs/local/lib/python3.10/dist-packages:/home/ros2/Documents/fa_ROS2_ws/install/nav_2d_msgs/local/lib/python3.10/dist-packages:/home/ros2/Documents/fa_ROS2_ws/install/nav2_common/local/lib/python3.10/dist-packages:${PYTHONPATH} /usr/bin/cmake /home/ros2/Documents/fa_ROS2_ws/src/navigation2/nav2_dwb_controller/dwb_plugins -DAMENT_CMAKE_SYMLINK_INSTALL=1 -DCMAKE_INSTALL_PREFIX=/home/ros2/Documents/fa_ROS2_ws/install/dwb_plugins
[29.680s] Invoking command in '/home/ros2/Documents/fa_ROS2_ws/build/dwb_plugins': AMENT_PREFIX_PATH=/home/ros2/Documents/fa_ROS2_ws/install/dwb_core:/home/ros2/Documents/fa_ROS2_ws/install/nav2_core:/home/ros2/Documents/fa_ROS2_ws/install/nav2_costmap_2d:/home/ros2/Documents/fa_ROS2_ws/install/nav_2d_utils:/home/ros2/Documents/fa_ROS2_ws/install/nav2_map_server:/home/ros2/Documents/fa_ROS2_ws/install/nav2_lifecycle_manager:/home/ros2/Documents/fa_ROS2_ws/install/nav2_util:/home/ros2/Documents/fa_ROS2_ws/install/nav2_voxel_grid:/home/ros2/Documents/fa_ROS2_ws/install/nav2_msgs:/home/ros2/Documents/fa_ROS2_ws/install/dwb_msgs:/home/ros2/Documents/fa_ROS2_ws/install/nav_2d_msgs:/home/ros2/Documents/fa_ROS2_ws/install/nav2_common:${AMENT_PREFIX_PATH} CMAKE_PREFIX_PATH=/home/ros2/Documents/fa_ROS2_ws/install/dwb_core:/home/ros2/Documents/fa_ROS2_ws/install/nav2_core:/home/ros2/Documents/fa_ROS2_ws/install/nav2_costmap_2d:/home/ros2/Documents/fa_ROS2_ws/install/nav_2d_utils:/home/ros2/Documents/fa_ROS2_ws/install/nav2_map_server:/home/ros2/Documents/fa_ROS2_ws/install/nav2_lifecycle_manager:/home/ros2/Documents/fa_ROS2_ws/install/nav2_util:/home/ros2/Documents/fa_ROS2_ws/install/nav2_voxel_grid:/home/ros2/Documents/fa_ROS2_ws/install/nav2_msgs:/home/ros2/Documents/fa_ROS2_ws/install/dwb_msgs:/home/ros2/Documents/fa_ROS2_ws/install/nav_2d_msgs:/home/ros2/Documents/fa_ROS2_ws/install/nav2_common:/home/ros2/Documents/fa_ROS2_ws/install/smart_car:/home/ros2/Documents/fa_ROS2_ws/install/car_gazebo_plugin:/home/ros2/Documents/fa_ROS2_ws/install/smartcar_msgs:/home/ros2/Documents/fa_ROS2_ws/install/ackermann_msgs:/opt/ros/humble LD_LIBRARY_PATH=/home/ros2/Documents/fa_ROS2_ws/install/dwb_core/lib:/home/ros2/Documents/fa_ROS2_ws/install/nav2_costmap_2d/lib:/home/ros2/Documents/fa_ROS2_ws/install/nav_2d_utils/lib:/home/ros2/Documents/fa_ROS2_ws/install/nav2_map_server/lib:/home/ros2/Documents/fa_ROS2_ws/install/nav2_lifecycle_manager/lib:/home/ros2/Documents/fa_ROS2_ws/install/nav2_util/lib:/home/ros2/Documents/fa_ROS2_ws/install/nav2_voxel_grid/lib:/home/ros2/Documents/fa_ROS2_ws/install/nav2_msgs/lib:/home/ros2/Documents/fa_ROS2_ws/install/dwb_msgs/lib:/home/ros2/Documents/fa_ROS2_ws/install/nav_2d_msgs/lib:/home/ros2/Documents/fa_ROS2_ws/install/car_gazebo_plugin/lib:/home/ros2/Documents/fa_ROS2_ws/install/smartcar_msgs/lib:/home/ros2/Documents/fa_ROS2_ws/install/ackermann_msgs/lib:/usr/lib/x86_64-linux-gnu/gazebo-11/plugins:/opt/ros/humble/opt/rviz_ogre_vendor/lib:/opt/ros/humble/lib/x86_64-linux-gnu:/opt/ros/humble/lib:/tmp/.mount_cursorflfrK2/usr/lib:/usr/lib/x86_64-linux-gnu/gazebo-11/plugins:/usr/lib/x86_64-linux-gnu/gazebo-11/plugins:/usr/lib/x86_64-linux-gnu/gazebo-11/plugins PYTHONPATH=/home/ros2/Documents/fa_ROS2_ws/install/nav2_msgs/local/lib/python3.10/dist-packages:/home/ros2/Documents/fa_ROS2_ws/install/dwb_msgs/local/lib/python3.10/dist-packages:/home/ros2/Documents/fa_ROS2_ws/install/nav_2d_msgs/local/lib/python3.10/dist-packages:/home/ros2/Documents/fa_ROS2_ws/install/nav2_common/local/lib/python3.10/dist-packages:${PYTHONPATH} /usr/bin/cmake --build /home/ros2/Documents/fa_ROS2_ws/build/dwb_plugins -- -j8 -l8
[30.209s] [  5%] [32mBuilding CXX object CMakeFiles/standard_traj_generator.dir/src/standard_traj_generator.cpp.o[0m
[39.487s] [ 11%] [32mBuilding CXX object CMakeFiles/standard_traj_generator.dir/src/xy_theta_iterator.cpp.o[0m
[46.405s] [ 17%] [32mBuilding CXX object CMakeFiles/standard_traj_generator.dir/src/kinematic_parameters.cpp.o[0m
[53.545s] [ 23%] [32mBuilding CXX object CMakeFiles/standard_traj_generator.dir/src/limited_accel_generator.cpp.o[0m
[60.302s] [ 29%] [32m[1mLinking CXX shared library libstandard_traj_generator.so[0m
[61.000s] [ 29%] Built target standard_traj_generator
[61.136s] [ 35%] [32mBuilding CXX object gtest/CMakeFiles/gtest.dir/src/gtest-all.cc.o[0m
[61.617s] [ 41%] [32m[1mLinking CXX static library libgtest.a[0m
[61.933s] [ 41%] Built target gtest
[62.092s] [ 47%] [32mBuilding CXX object gtest/CMakeFiles/gtest_main.dir/src/gtest_main.cc.o[0m
[62.435s] [ 52%] [32m[1mLinking CXX static library libgtest_main.a[0m
[62.647s] [ 52%] Built target gtest_main
[62.795s] [ 58%] [32mBuilding CXX object test/CMakeFiles/vtest.dir/velocity_iterator_test.cpp.o[0m
[65.728s] [ 64%] [32m[1mLinking CXX executable vtest[0m
[66.092s] [ 64%] Built target vtest
[66.166s] [ 70%] [32mBuilding CXX object test/CMakeFiles/speed_limit_test.dir/speed_limit_test.cpp.o[0m
[76.408s] [ 76%] [32m[1mLinking CXX executable speed_limit_test[0m
[77.164s] [ 76%] Built target speed_limit_test
[77.225s] [ 82%] [32mBuilding CXX object test/CMakeFiles/kinematic_parameters_test.dir/kinematic_parameters_test.cpp.o[0m
[85.350s] [ 88%] [32m[1mLinking CXX executable kinematic_parameters_test[0m
[86.025s] [ 88%] Built target kinematic_parameters_test
[86.093s] [ 94%] [32mBuilding CXX object test/CMakeFiles/twist_gen_test.dir/twist_gen.cpp.o[0m
[96.043s] [100%] [32m[1mLinking CXX executable twist_gen_test[0m
[96.712s] [100%] Built target twist_gen_test
[96.736s] Invoked command in '/home/ros2/Documents/fa_ROS2_ws/build/dwb_plugins' returned '0': AMENT_PREFIX_PATH=/home/ros2/Documents/fa_ROS2_ws/install/dwb_core:/home/ros2/Documents/fa_ROS2_ws/install/nav2_core:/home/ros2/Documents/fa_ROS2_ws/install/nav2_costmap_2d:/home/ros2/Documents/fa_ROS2_ws/install/nav_2d_utils:/home/ros2/Documents/fa_ROS2_ws/install/nav2_map_server:/home/ros2/Documents/fa_ROS2_ws/install/nav2_lifecycle_manager:/home/ros2/Documents/fa_ROS2_ws/install/nav2_util:/home/ros2/Documents/fa_ROS2_ws/install/nav2_voxel_grid:/home/ros2/Documents/fa_ROS2_ws/install/nav2_msgs:/home/ros2/Documents/fa_ROS2_ws/install/dwb_msgs:/home/ros2/Documents/fa_ROS2_ws/install/nav_2d_msgs:/home/ros2/Documents/fa_ROS2_ws/install/nav2_common:${AMENT_PREFIX_PATH} CMAKE_PREFIX_PATH=/home/ros2/Documents/fa_ROS2_ws/install/dwb_core:/home/ros2/Documents/fa_ROS2_ws/install/nav2_core:/home/ros2/Documents/fa_ROS2_ws/install/nav2_costmap_2d:/home/ros2/Documents/fa_ROS2_ws/install/nav_2d_utils:/home/ros2/Documents/fa_ROS2_ws/install/nav2_map_server:/home/ros2/Documents/fa_ROS2_ws/install/nav2_lifecycle_manager:/home/ros2/Documents/fa_ROS2_ws/install/nav2_util:/home/ros2/Documents/fa_ROS2_ws/install/nav2_voxel_grid:/home/ros2/Documents/fa_ROS2_ws/install/nav2_msgs:/home/ros2/Documents/fa_ROS2_ws/install/dwb_msgs:/home/ros2/Documents/fa_ROS2_ws/install/nav_2d_msgs:/home/ros2/Documents/fa_ROS2_ws/install/nav2_common:/home/ros2/Documents/fa_ROS2_ws/install/smart_car:/home/ros2/Documents/fa_ROS2_ws/install/car_gazebo_plugin:/home/ros2/Documents/fa_ROS2_ws/install/smartcar_msgs:/home/ros2/Documents/fa_ROS2_ws/install/ackermann_msgs:/opt/ros/humble LD_LIBRARY_PATH=/home/ros2/Documents/fa_ROS2_ws/install/dwb_core/lib:/home/ros2/Documents/fa_ROS2_ws/install/nav2_costmap_2d/lib:/home/ros2/Documents/fa_ROS2_ws/install/nav_2d_utils/lib:/home/ros2/Documents/fa_ROS2_ws/install/nav2_map_server/lib:/home/ros2/Documents/fa_ROS2_ws/install/nav2_lifecycle_manager/lib:/home/ros2/Documents/fa_ROS2_ws/install/nav2_util/lib:/home/ros2/Documents/fa_ROS2_ws/install/nav2_voxel_grid/lib:/home/ros2/Documents/fa_ROS2_ws/install/nav2_msgs/lib:/home/ros2/Documents/fa_ROS2_ws/install/dwb_msgs/lib:/home/ros2/Documents/fa_ROS2_ws/install/nav_2d_msgs/lib:/home/ros2/Documents/fa_ROS2_ws/install/car_gazebo_plugin/lib:/home/ros2/Documents/fa_ROS2_ws/install/smartcar_msgs/lib:/home/ros2/Documents/fa_ROS2_ws/install/ackermann_msgs/lib:/usr/lib/x86_64-linux-gnu/gazebo-11/plugins:/opt/ros/humble/opt/rviz_ogre_vendor/lib:/opt/ros/humble/lib/x86_64-linux-gnu:/opt/ros/humble/lib:/tmp/.mount_cursorflfrK2/usr/lib:/usr/lib/x86_64-linux-gnu/gazebo-11/plugins:/usr/lib/x86_64-linux-gnu/gazebo-11/plugins:/usr/lib/x86_64-linux-gnu/gazebo-11/plugins PYTHONPATH=/home/ros2/Documents/fa_ROS2_ws/install/nav2_msgs/local/lib/python3.10/dist-packages:/home/ros2/Documents/fa_ROS2_ws/install/dwb_msgs/local/lib/python3.10/dist-packages:/home/ros2/Documents/fa_ROS2_ws/install/nav_2d_msgs/local/lib/python3.10/dist-packages:/home/ros2/Documents/fa_ROS2_ws/install/nav2_common/local/lib/python3.10/dist-packages:${PYTHONPATH} /usr/bin/cmake --build /home/ros2/Documents/fa_ROS2_ws/build/dwb_plugins -- -j8 -l8
[96.919s] Invoking command in '/home/ros2/Documents/fa_ROS2_ws/build/dwb_plugins': AMENT_PREFIX_PATH=/home/ros2/Documents/fa_ROS2_ws/install/dwb_core:/home/ros2/Documents/fa_ROS2_ws/install/nav2_core:/home/ros2/Documents/fa_ROS2_ws/install/nav2_costmap_2d:/home/ros2/Documents/fa_ROS2_ws/install/nav_2d_utils:/home/ros2/Documents/fa_ROS2_ws/install/nav2_map_server:/home/ros2/Documents/fa_ROS2_ws/install/nav2_lifecycle_manager:/home/ros2/Documents/fa_ROS2_ws/install/nav2_util:/home/ros2/Documents/fa_ROS2_ws/install/nav2_voxel_grid:/home/ros2/Documents/fa_ROS2_ws/install/nav2_msgs:/home/ros2/Documents/fa_ROS2_ws/install/dwb_msgs:/home/ros2/Documents/fa_ROS2_ws/install/nav_2d_msgs:/home/ros2/Documents/fa_ROS2_ws/install/nav2_common:${AMENT_PREFIX_PATH} CMAKE_PREFIX_PATH=/home/ros2/Documents/fa_ROS2_ws/install/dwb_core:/home/ros2/Documents/fa_ROS2_ws/install/nav2_core:/home/ros2/Documents/fa_ROS2_ws/install/nav2_costmap_2d:/home/ros2/Documents/fa_ROS2_ws/install/nav_2d_utils:/home/ros2/Documents/fa_ROS2_ws/install/nav2_map_server:/home/ros2/Documents/fa_ROS2_ws/install/nav2_lifecycle_manager:/home/ros2/Documents/fa_ROS2_ws/install/nav2_util:/home/ros2/Documents/fa_ROS2_ws/install/nav2_voxel_grid:/home/ros2/Documents/fa_ROS2_ws/install/nav2_msgs:/home/ros2/Documents/fa_ROS2_ws/install/dwb_msgs:/home/ros2/Documents/fa_ROS2_ws/install/nav_2d_msgs:/home/ros2/Documents/fa_ROS2_ws/install/nav2_common:/home/ros2/Documents/fa_ROS2_ws/install/smart_car:/home/ros2/Documents/fa_ROS2_ws/install/car_gazebo_plugin:/home/ros2/Documents/fa_ROS2_ws/install/smartcar_msgs:/home/ros2/Documents/fa_ROS2_ws/install/ackermann_msgs:/opt/ros/humble LD_LIBRARY_PATH=/home/ros2/Documents/fa_ROS2_ws/install/dwb_core/lib:/home/ros2/Documents/fa_ROS2_ws/install/nav2_costmap_2d/lib:/home/ros2/Documents/fa_ROS2_ws/install/nav_2d_utils/lib:/home/ros2/Documents/fa_ROS2_ws/install/nav2_map_server/lib:/home/ros2/Documents/fa_ROS2_ws/install/nav2_lifecycle_manager/lib:/home/ros2/Documents/fa_ROS2_ws/install/nav2_util/lib:/home/ros2/Documents/fa_ROS2_ws/install/nav2_voxel_grid/lib:/home/ros2/Documents/fa_ROS2_ws/install/nav2_msgs/lib:/home/ros2/Documents/fa_ROS2_ws/install/dwb_msgs/lib:/home/ros2/Documents/fa_ROS2_ws/install/nav_2d_msgs/lib:/home/ros2/Documents/fa_ROS2_ws/install/car_gazebo_plugin/lib:/home/ros2/Documents/fa_ROS2_ws/install/smartcar_msgs/lib:/home/ros2/Documents/fa_ROS2_ws/install/ackermann_msgs/lib:/usr/lib/x86_64-linux-gnu/gazebo-11/plugins:/opt/ros/humble/opt/rviz_ogre_vendor/lib:/opt/ros/humble/lib/x86_64-linux-gnu:/opt/ros/humble/lib:/tmp/.mount_cursorflfrK2/usr/lib:/usr/lib/x86_64-linux-gnu/gazebo-11/plugins:/usr/lib/x86_64-linux-gnu/gazebo-11/plugins:/usr/lib/x86_64-linux-gnu/gazebo-11/plugins PYTHONPATH=/home/ros2/Documents/fa_ROS2_ws/install/nav2_msgs/local/lib/python3.10/dist-packages:/home/ros2/Documents/fa_ROS2_ws/install/dwb_msgs/local/lib/python3.10/dist-packages:/home/ros2/Documents/fa_ROS2_ws/install/nav_2d_msgs/local/lib/python3.10/dist-packages:/home/ros2/Documents/fa_ROS2_ws/install/nav2_common/local/lib/python3.10/dist-packages:${PYTHONPATH} /usr/bin/cmake --install /home/ros2/Documents/fa_ROS2_ws/build/dwb_plugins
[116.562s] -- Install configuration: "Release"
[116.562s] -- Execute custom install script
[116.563s] -- Symlinking: /home/ros2/Documents/fa_ROS2_ws/install/dwb_plugins/lib/libstandard_traj_generator.so
[116.563s] -- Symlinking: /home/ros2/Documents/fa_ROS2_ws/install/dwb_plugins/include//dwb_plugins/kinematic_parameters.hpp
[116.563s] -- Symlinking: /home/ros2/Documents/fa_ROS2_ws/install/dwb_plugins/include//dwb_plugins/limited_accel_generator.hpp
[116.564s] -- Symlinking: /home/ros2/Documents/fa_ROS2_ws/install/dwb_plugins/include//dwb_plugins/one_d_velocity_iterator.hpp
[116.564s] -- Symlinking: /home/ros2/Documents/fa_ROS2_ws/install/dwb_plugins/include//dwb_plugins/standard_traj_generator.hpp
[116.564s] -- Symlinking: /home/ros2/Documents/fa_ROS2_ws/install/dwb_plugins/include//dwb_plugins/velocity_iterator.hpp
[116.564s] -- Symlinking: /home/ros2/Documents/fa_ROS2_ws/install/dwb_plugins/include//dwb_plugins/xy_theta_iterator.hpp
[116.564s] -- Symlinking: /home/ros2/Documents/fa_ROS2_ws/install/dwb_plugins/share/dwb_plugins/plugins.xml
[116.564s] -- Symlinking: /home/ros2/Documents/fa_ROS2_ws/install/dwb_plugins/share/dwb_plugins/environment/library_path.sh
[116.564s] -- Symlinking: /home/ros2/Documents/fa_ROS2_ws/install/dwb_plugins/share/dwb_plugins/environment/library_path.dsv
[116.564s] -- Up-to-date symlink: /home/ros2/Documents/fa_ROS2_ws/install/dwb_plugins/share/dwb_plugins//plugins.xml
[116.565s] -- Symlinking: /home/ros2/Documents/fa_ROS2_ws/install/dwb_plugins/share/ament_index/resource_index/package_run_dependencies/dwb_plugins
[116.565s] -- Symlinking: /home/ros2/Documents/fa_ROS2_ws/install/dwb_plugins/share/ament_index/resource_index/parent_prefix_path/dwb_plugins
[116.565s] -- Symlinking: /home/ros2/Documents/fa_ROS2_ws/install/dwb_plugins/share/dwb_plugins/environment/ament_prefix_path.sh
[116.570s] -- Symlinking: /home/ros2/Documents/fa_ROS2_ws/install/dwb_plugins/share/dwb_plugins/environment/ament_prefix_path.dsv
[116.570s] -- Symlinking: /home/ros2/Documents/fa_ROS2_ws/install/dwb_plugins/share/dwb_plugins/environment/path.sh
[116.570s] -- Symlinking: /home/ros2/Documents/fa_ROS2_ws/install/dwb_plugins/share/dwb_plugins/environment/path.dsv
[116.571s] -- Symlinking: /home/ros2/Documents/fa_ROS2_ws/install/dwb_plugins/share/dwb_plugins/local_setup.bash
[116.571s] -- Symlinking: /home/ros2/Documents/fa_ROS2_ws/install/dwb_plugins/share/dwb_plugins/local_setup.sh
[116.571s] -- Symlinking: /home/ros2/Documents/fa_ROS2_ws/install/dwb_plugins/share/dwb_plugins/local_setup.zsh
[116.576s] -- Symlinking: /home/ros2/Documents/fa_ROS2_ws/install/dwb_plugins/share/dwb_plugins/local_setup.dsv
[116.586s] -- Symlinking: /home/ros2/Documents/fa_ROS2_ws/install/dwb_plugins/share/dwb_plugins/package.dsv
[116.586s] -- Symlinking: /home/ros2/Documents/fa_ROS2_ws/install/dwb_plugins/share/ament_index/resource_index/packages/dwb_plugins
[116.586s] -- Symlinking: /home/ros2/Documents/fa_ROS2_ws/install/dwb_plugins/share/ament_index/resource_index/dwb_core__pluginlib__plugin/dwb_plugins
[116.587s] -- Symlinking: /home/ros2/Documents/fa_ROS2_ws/install/dwb_plugins/share/dwb_plugins/cmake/ament_cmake_export_include_directories-extras.cmake
[116.587s] -- Symlinking: /home/ros2/Documents/fa_ROS2_ws/install/dwb_plugins/share/dwb_plugins/cmake/ament_cmake_export_libraries-extras.cmake
[116.587s] -- Symlinking: /home/ros2/Documents/fa_ROS2_ws/install/dwb_plugins/share/dwb_plugins/cmake/dwb_pluginsConfig.cmake
[116.587s] -- Symlinking: /home/ros2/Documents/fa_ROS2_ws/install/dwb_plugins/share/dwb_plugins/cmake/dwb_pluginsConfig-version.cmake
[116.588s] -- Symlinking: /home/ros2/Documents/fa_ROS2_ws/install/dwb_plugins/share/dwb_plugins/package.xml
[116.598s] Invoked command in '/home/ros2/Documents/fa_ROS2_ws/build/dwb_plugins' returned '0': AMENT_PREFIX_PATH=/home/ros2/Documents/fa_ROS2_ws/install/dwb_core:/home/ros2/Documents/fa_ROS2_ws/install/nav2_core:/home/ros2/Documents/fa_ROS2_ws/install/nav2_costmap_2d:/home/ros2/Documents/fa_ROS2_ws/install/nav_2d_utils:/home/ros2/Documents/fa_ROS2_ws/install/nav2_map_server:/home/ros2/Documents/fa_ROS2_ws/install/nav2_lifecycle_manager:/home/ros2/Documents/fa_ROS2_ws/install/nav2_util:/home/ros2/Documents/fa_ROS2_ws/install/nav2_voxel_grid:/home/ros2/Documents/fa_ROS2_ws/install/nav2_msgs:/home/ros2/Documents/fa_ROS2_ws/install/dwb_msgs:/home/ros2/Documents/fa_ROS2_ws/install/nav_2d_msgs:/home/ros2/Documents/fa_ROS2_ws/install/nav2_common:${AMENT_PREFIX_PATH} CMAKE_PREFIX_PATH=/home/ros2/Documents/fa_ROS2_ws/install/dwb_core:/home/ros2/Documents/fa_ROS2_ws/install/nav2_core:/home/ros2/Documents/fa_ROS2_ws/install/nav2_costmap_2d:/home/ros2/Documents/fa_ROS2_ws/install/nav_2d_utils:/home/ros2/Documents/fa_ROS2_ws/install/nav2_map_server:/home/ros2/Documents/fa_ROS2_ws/install/nav2_lifecycle_manager:/home/ros2/Documents/fa_ROS2_ws/install/nav2_util:/home/ros2/Documents/fa_ROS2_ws/install/nav2_voxel_grid:/home/ros2/Documents/fa_ROS2_ws/install/nav2_msgs:/home/ros2/Documents/fa_ROS2_ws/install/dwb_msgs:/home/ros2/Documents/fa_ROS2_ws/install/nav_2d_msgs:/home/ros2/Documents/fa_ROS2_ws/install/nav2_common:/home/ros2/Documents/fa_ROS2_ws/install/smart_car:/home/ros2/Documents/fa_ROS2_ws/install/car_gazebo_plugin:/home/ros2/Documents/fa_ROS2_ws/install/smartcar_msgs:/home/ros2/Documents/fa_ROS2_ws/install/ackermann_msgs:/opt/ros/humble LD_LIBRARY_PATH=/home/ros2/Documents/fa_ROS2_ws/install/dwb_core/lib:/home/ros2/Documents/fa_ROS2_ws/install/nav2_costmap_2d/lib:/home/ros2/Documents/fa_ROS2_ws/install/nav_2d_utils/lib:/home/ros2/Documents/fa_ROS2_ws/install/nav2_map_server/lib:/home/ros2/Documents/fa_ROS2_ws/install/nav2_lifecycle_manager/lib:/home/ros2/Documents/fa_ROS2_ws/install/nav2_util/lib:/home/ros2/Documents/fa_ROS2_ws/install/nav2_voxel_grid/lib:/home/ros2/Documents/fa_ROS2_ws/install/nav2_msgs/lib:/home/ros2/Documents/fa_ROS2_ws/install/dwb_msgs/lib:/home/ros2/Documents/fa_ROS2_ws/install/nav_2d_msgs/lib:/home/ros2/Documents/fa_ROS2_ws/install/car_gazebo_plugin/lib:/home/ros2/Documents/fa_ROS2_ws/install/smartcar_msgs/lib:/home/ros2/Documents/fa_ROS2_ws/install/ackermann_msgs/lib:/usr/lib/x86_64-linux-gnu/gazebo-11/plugins:/opt/ros/humble/opt/rviz_ogre_vendor/lib:/opt/ros/humble/lib/x86_64-linux-gnu:/opt/ros/humble/lib:/tmp/.mount_cursorflfrK2/usr/lib:/usr/lib/x86_64-linux-gnu/gazebo-11/plugins:/usr/lib/x86_64-linux-gnu/gazebo-11/plugins:/usr/lib/x86_64-linux-gnu/gazebo-11/plugins PYTHONPATH=/home/ros2/Documents/fa_ROS2_ws/install/nav2_msgs/local/lib/python3.10/dist-packages:/home/ros2/Documents/fa_ROS2_ws/install/dwb_msgs/local/lib/python3.10/dist-packages:/home/ros2/Documents/fa_ROS2_ws/install/nav_2d_msgs/local/lib/python3.10/dist-packages:/home/ros2/Documents/fa_ROS2_ws/install/nav2_common/local/lib/python3.10/dist-packages:${PYTHONPATH} /usr/bin/cmake --install /home/ros2/Documents/fa_ROS2_ws/build/dwb_plugins
