[0.051s] Invoking command in '/home/ros2/Documents/fa_ROS2_ws/build/nav2_amcl': AMENT_PREFIX_PATH=/home/ros2/Documents/fa_ROS2_ws/install/nav2_util:/home/ros2/Documents/fa_ROS2_ws/install/nav2_msgs:/home/ros2/Documents/fa_ROS2_ws/install/nav2_common:${AMENT_PREFIX_PATH} CMAKE_PREFIX_PATH=/home/ros2/Documents/fa_ROS2_ws/install/nav2_util:/home/ros2/Documents/fa_ROS2_ws/install/nav2_msgs:/home/ros2/Documents/fa_ROS2_ws/install/nav2_common:/home/ros2/Documents/fa_ROS2_ws/install/smart_car:/home/ros2/Documents/fa_ROS2_ws/install/car_gazebo_plugin:/home/ros2/Documents/fa_ROS2_ws/install/smartcar_msgs:/home/ros2/Documents/fa_ROS2_ws/install/ackermann_msgs:/opt/ros/humble LD_LIBRARY_PATH=/home/ros2/Documents/fa_ROS2_ws/install/nav2_util/lib:/home/ros2/Documents/fa_ROS2_ws/install/nav2_msgs/lib:/home/ros2/Documents/fa_ROS2_ws/install/car_gazebo_plugin/lib:/home/ros2/Documents/fa_ROS2_ws/install/smartcar_msgs/lib:/home/ros2/Documents/fa_ROS2_ws/install/ackermann_msgs/lib:/usr/lib/x86_64-linux-gnu/gazebo-11/plugins:/opt/ros/humble/opt/rviz_ogre_vendor/lib:/opt/ros/humble/lib/x86_64-linux-gnu:/opt/ros/humble/lib:/tmp/.mount_cursorflfrK2/usr/lib:/usr/lib/x86_64-linux-gnu/gazebo-11/plugins:/usr/lib/x86_64-linux-gnu/gazebo-11/plugins:/usr/lib/x86_64-linux-gnu/gazebo-11/plugins PYTHONPATH=/home/ros2/Documents/fa_ROS2_ws/install/nav2_msgs/local/lib/python3.10/dist-packages:/home/ros2/Documents/fa_ROS2_ws/install/nav2_common/local/lib/python3.10/dist-packages:${PYTHONPATH} /usr/bin/cmake /home/ros2/Documents/fa_ROS2_ws/src/navigation2/nav2_amcl -DAMENT_CMAKE_SYMLINK_INSTALL=1 -DCMAKE_INSTALL_PREFIX=/home/ros2/Documents/fa_ROS2_ws/install/nav2_amcl
[0.425s] -- The C compiler identification is GNU 11.4.0
[0.679s] -- The CXX compiler identification is GNU 11.4.0
[0.724s] -- Detecting C compiler ABI info
[1.163s] -- Detecting C compiler ABI info - done
[1.174s] -- Check for working C compiler: /usr/lib/ccache/gcc - skipped
[1.176s] -- Detecting C compile features
[1.177s] -- Detecting C compile features - done
[1.183s] -- Detecting CXX compiler ABI info
[1.627s] -- Detecting CXX compiler ABI info - done
[1.660s] -- Check for working CXX compiler: /usr/lib/ccache/g++ - skipped
[1.663s] -- Detecting CXX compile features
[1.663s] -- Detecting CXX compile features - done
[1.669s] -- Found ament_cmake: 1.3.10 (/opt/ros/humble/share/ament_cmake/cmake)
[2.244s] -- Found Python3: /usr/bin/python3 (found version "3.10.12") found components: Interpreter 
[2.489s] -- Override CMake install command with custom implementation using symlinks instead of copying resources
[2.582s] -- Found nav2_common: 1.1.17 (/home/ros2/Documents/fa_ROS2_ws/install/nav2_common/share/nav2_common/cmake)
[2.587s] -- Found rclcpp: 16.0.10 (/opt/ros/humble/share/rclcpp/cmake)
[2.672s] -- Found rosidl_generator_c: 3.1.5 (/opt/ros/humble/share/rosidl_generator_c/cmake)
[2.681s] -- Found rosidl_adapter: 3.1.5 (/opt/ros/humble/share/rosidl_adapter/cmake)
[2.707s] -- Found rosidl_generator_cpp: 3.1.5 (/opt/ros/humble/share/rosidl_generator_cpp/cmake)
[2.744s] -- Using all available rosidl_typesupport_c: rosidl_typesupport_fastrtps_c;rosidl_typesupport_introspection_c
[2.785s] -- Using all available rosidl_typesupport_cpp: rosidl_typesupport_fastrtps_cpp;rosidl_typesupport_introspection_cpp
[2.889s] -- Found rmw_implementation_cmake: 6.1.2 (/opt/ros/humble/share/rmw_implementation_cmake/cmake)
[2.901s] -- Found rmw_cyclonedds_cpp: 1.3.4 (/opt/ros/humble/share/rmw_cyclonedds_cpp/cmake)
[2.965s] -- Using RMW implementation 'rmw_cyclonedds_cpp' as default
[2.991s] -- Looking for pthread.h
[3.418s] -- Looking for pthread.h - found
[3.418s] -- Performing Test CMAKE_HAVE_LIBC_PTHREAD
[3.898s] -- Performing Test CMAKE_HAVE_LIBC_PTHREAD - Success
[3.902s] -- Found Threads: TRUE  
[4.079s] -- Found rclcpp_lifecycle: 16.0.10 (/opt/ros/humble/share/rclcpp_lifecycle/cmake)
[4.137s] -- Found rclcpp_components: 16.0.10 (/opt/ros/humble/share/rclcpp_components/cmake)
[4.225s] -- Found message_filters: 4.3.4 (/opt/ros/humble/share/message_filters/cmake)
[4.236s] -- Found tf2_geometry_msgs: 0.25.7 (/opt/ros/humble/share/tf2_geometry_msgs/cmake)
[4.368s] -- Found eigen3_cmake_module: 0.1.1 (/opt/ros/humble/share/eigen3_cmake_module/cmake)
[4.374s] -- Found Eigen3: TRUE (found version "3.4.0") 
[4.375s] -- Ensuring Eigen3 include directory is part of orocos-kdl CMake target
[4.574s] -- Found nav_msgs: 4.2.4 (/opt/ros/humble/share/nav_msgs/cmake)
[4.619s] -- Found sensor_msgs: 4.2.4 (/opt/ros/humble/share/sensor_msgs/cmake)
[4.655s] -- Found std_srvs: 4.2.4 (/opt/ros/humble/share/std_srvs/cmake)
[4.681s] -- Found nav2_util: 1.1.17 (/home/ros2/Documents/fa_ROS2_ws/install/nav2_util/share/nav2_util/cmake)
[4.834s] -- Found pluginlib: 5.1.0 (/opt/ros/humble/share/pluginlib/cmake)
[4.879s] -- Setting build type to Release as none was specified.
[4.881s] -- Looking for drand48
[5.255s] -- Looking for drand48 - found
[5.436s] -- Found ament_lint_auto: 0.12.11 (/opt/ros/humble/share/ament_lint_auto/cmake)
[5.662s] -- Added test 'cppcheck' to perform static code analysis on C / C++ code
[5.665s] -- Configured cppcheck include dirs: /home/ros2/Documents/fa_ROS2_ws/src/navigation2/nav2_amcl/include;/home/ros2/Documents/fa_ROS2_ws/src/navigation2/nav2_amcl/src/include
[5.665s] -- Configured cppcheck exclude dirs and/or files: 
[5.670s] -- Added test 'lint_cmake' to check CMake code style
[5.671s] -- Added test 'uncrustify' to check C / C++ code style
[5.672s] -- Configured uncrustify additional arguments: 
[5.673s] -- Added test 'xmllint' to check XML markup files
[5.699s] -- Configuring done
[5.915s] -- Generating done
[5.921s] -- Build files have been written to: /home/ros2/Documents/fa_ROS2_ws/build/nav2_amcl
[5.967s] Invoked command in '/home/ros2/Documents/fa_ROS2_ws/build/nav2_amcl' returned '0': AMENT_PREFIX_PATH=/home/ros2/Documents/fa_ROS2_ws/install/nav2_util:/home/ros2/Documents/fa_ROS2_ws/install/nav2_msgs:/home/ros2/Documents/fa_ROS2_ws/install/nav2_common:${AMENT_PREFIX_PATH} CMAKE_PREFIX_PATH=/home/ros2/Documents/fa_ROS2_ws/install/nav2_util:/home/ros2/Documents/fa_ROS2_ws/install/nav2_msgs:/home/ros2/Documents/fa_ROS2_ws/install/nav2_common:/home/ros2/Documents/fa_ROS2_ws/install/smart_car:/home/ros2/Documents/fa_ROS2_ws/install/car_gazebo_plugin:/home/ros2/Documents/fa_ROS2_ws/install/smartcar_msgs:/home/ros2/Documents/fa_ROS2_ws/install/ackermann_msgs:/opt/ros/humble LD_LIBRARY_PATH=/home/ros2/Documents/fa_ROS2_ws/install/nav2_util/lib:/home/ros2/Documents/fa_ROS2_ws/install/nav2_msgs/lib:/home/ros2/Documents/fa_ROS2_ws/install/car_gazebo_plugin/lib:/home/ros2/Documents/fa_ROS2_ws/install/smartcar_msgs/lib:/home/ros2/Documents/fa_ROS2_ws/install/ackermann_msgs/lib:/usr/lib/x86_64-linux-gnu/gazebo-11/plugins:/opt/ros/humble/opt/rviz_ogre_vendor/lib:/opt/ros/humble/lib/x86_64-linux-gnu:/opt/ros/humble/lib:/tmp/.mount_cursorflfrK2/usr/lib:/usr/lib/x86_64-linux-gnu/gazebo-11/plugins:/usr/lib/x86_64-linux-gnu/gazebo-11/plugins:/usr/lib/x86_64-linux-gnu/gazebo-11/plugins PYTHONPATH=/home/ros2/Documents/fa_ROS2_ws/install/nav2_msgs/local/lib/python3.10/dist-packages:/home/ros2/Documents/fa_ROS2_ws/install/nav2_common/local/lib/python3.10/dist-packages:${PYTHONPATH} /usr/bin/cmake /home/ros2/Documents/fa_ROS2_ws/src/navigation2/nav2_amcl -DAMENT_CMAKE_SYMLINK_INSTALL=1 -DCMAKE_INSTALL_PREFIX=/home/ros2/Documents/fa_ROS2_ws/install/nav2_amcl
[5.979s] Invoking command in '/home/ros2/Documents/fa_ROS2_ws/build/nav2_amcl': AMENT_PREFIX_PATH=/home/ros2/Documents/fa_ROS2_ws/install/nav2_util:/home/ros2/Documents/fa_ROS2_ws/install/nav2_msgs:/home/ros2/Documents/fa_ROS2_ws/install/nav2_common:${AMENT_PREFIX_PATH} CMAKE_PREFIX_PATH=/home/ros2/Documents/fa_ROS2_ws/install/nav2_util:/home/ros2/Documents/fa_ROS2_ws/install/nav2_msgs:/home/ros2/Documents/fa_ROS2_ws/install/nav2_common:/home/ros2/Documents/fa_ROS2_ws/install/smart_car:/home/ros2/Documents/fa_ROS2_ws/install/car_gazebo_plugin:/home/ros2/Documents/fa_ROS2_ws/install/smartcar_msgs:/home/ros2/Documents/fa_ROS2_ws/install/ackermann_msgs:/opt/ros/humble LD_LIBRARY_PATH=/home/ros2/Documents/fa_ROS2_ws/install/nav2_util/lib:/home/ros2/Documents/fa_ROS2_ws/install/nav2_msgs/lib:/home/ros2/Documents/fa_ROS2_ws/install/car_gazebo_plugin/lib:/home/ros2/Documents/fa_ROS2_ws/install/smartcar_msgs/lib:/home/ros2/Documents/fa_ROS2_ws/install/ackermann_msgs/lib:/usr/lib/x86_64-linux-gnu/gazebo-11/plugins:/opt/ros/humble/opt/rviz_ogre_vendor/lib:/opt/ros/humble/lib/x86_64-linux-gnu:/opt/ros/humble/lib:/tmp/.mount_cursorflfrK2/usr/lib:/usr/lib/x86_64-linux-gnu/gazebo-11/plugins:/usr/lib/x86_64-linux-gnu/gazebo-11/plugins:/usr/lib/x86_64-linux-gnu/gazebo-11/plugins PYTHONPATH=/home/ros2/Documents/fa_ROS2_ws/install/nav2_msgs/local/lib/python3.10/dist-packages:/home/ros2/Documents/fa_ROS2_ws/install/nav2_common/local/lib/python3.10/dist-packages:${PYTHONPATH} /usr/bin/cmake --build /home/ros2/Documents/fa_ROS2_ws/build/nav2_amcl -- -j8 -l8
[6.296s] [  4%] [32mBuilding C object src/map/CMakeFiles/map_lib.dir/map.c.o[0m
[6.543s] [  8%] [32mBuilding CXX object src/map/CMakeFiles/map_lib.dir/map_cspace.cpp.o[0m
[7.595s] [ 12%] [32mBuilding C object src/map/CMakeFiles/map_lib.dir/map_draw.c.o[0m
[7.713s] [ 16%] [32mBuilding C object src/map/CMakeFiles/map_lib.dir/map_range.c.o[0m
[8.028s] [ 20%] [32m[1mLinking CXX shared library libmap_lib.so[0m
[8.472s] [ 20%] Built target map_lib
[8.530s] [ 25%] [32mBuilding C object src/pf/CMakeFiles/pf_lib.dir/pf.c.o[0m
[8.926s] [ 29%] [32mBuilding C object src/pf/CMakeFiles/pf_lib.dir/pf_draw.c.o[0m
[9.048s] [ 33%] [32mBuilding C object src/pf/CMakeFiles/pf_lib.dir/eig3.c.o[0m
[9.471s] [ 37%] [32mBuilding C object src/pf/CMakeFiles/pf_lib.dir/pf_vector.c.o[0m
[9.722s] [ 41%] [32mBuilding C object src/pf/CMakeFiles/pf_lib.dir/pf_pdf.c.o[0m
[9.902s] [ 45%] [32mBuilding C object src/pf/CMakeFiles/pf_lib.dir/pf_kdtree.c.o[0m
[10.376s] [ 50%] [32m[1mLinking C shared library libpf_lib.so[0m
[10.590s] [ 50%] Built target pf_lib
[10.673s] [ 54%] [32mBuilding CXX object src/sensors/CMakeFiles/sensors_lib.dir/laser/laser.cpp.o[0m
[11.489s] [ 58%] [32mBuilding CXX object src/sensors/CMakeFiles/sensors_lib.dir/laser/likelihood_field_model_prob.cpp.o[0m
[12.471s] [ 62%] [32mBuilding CXX object src/sensors/CMakeFiles/sensors_lib.dir/laser/likelihood_field_model.cpp.o[0m
[13.350s] [ 66%] [32mBuilding CXX object src/sensors/CMakeFiles/sensors_lib.dir/laser/beam_model.cpp.o[0m
[14.240s] [ 70%] [32m[1mLinking CXX shared library libsensors_lib.so[0m
[14.840s] [ 70%] Built target sensors_lib
[14.969s] [ 75%] [32mBuilding CXX object src/motion_model/CMakeFiles/motions_lib.dir/omni_motion_model.cpp.o[0m
[16.747s] [ 79%] [32mBuilding CXX object src/motion_model/CMakeFiles/motions_lib.dir/differential_motion_model.cpp.o[0m
[19.394s] [ 83%] [32m[1mLinking CXX shared library libmotions_lib.so[0m
[20.072s] [ 83%] Built target motions_lib
[20.126s] [ 87%] [32mBuilding CXX object CMakeFiles/amcl_core.dir/src/amcl_node.cpp.o[0m
[74.613s] [ 91%] [32m[1mLinking CXX shared library libamcl_core.so[0m
[75.337s] [ 91%] Built target amcl_core
[75.394s] [ 95%] [32mBuilding CXX object CMakeFiles/amcl.dir/src/main.cpp.o[0m
[83.508s] [100%] [32m[1mLinking CXX executable amcl[0m
[84.187s] [100%] Built target amcl
[84.212s] Invoked command in '/home/ros2/Documents/fa_ROS2_ws/build/nav2_amcl' returned '0': AMENT_PREFIX_PATH=/home/ros2/Documents/fa_ROS2_ws/install/nav2_util:/home/ros2/Documents/fa_ROS2_ws/install/nav2_msgs:/home/ros2/Documents/fa_ROS2_ws/install/nav2_common:${AMENT_PREFIX_PATH} CMAKE_PREFIX_PATH=/home/ros2/Documents/fa_ROS2_ws/install/nav2_util:/home/ros2/Documents/fa_ROS2_ws/install/nav2_msgs:/home/ros2/Documents/fa_ROS2_ws/install/nav2_common:/home/ros2/Documents/fa_ROS2_ws/install/smart_car:/home/ros2/Documents/fa_ROS2_ws/install/car_gazebo_plugin:/home/ros2/Documents/fa_ROS2_ws/install/smartcar_msgs:/home/ros2/Documents/fa_ROS2_ws/install/ackermann_msgs:/opt/ros/humble LD_LIBRARY_PATH=/home/ros2/Documents/fa_ROS2_ws/install/nav2_util/lib:/home/ros2/Documents/fa_ROS2_ws/install/nav2_msgs/lib:/home/ros2/Documents/fa_ROS2_ws/install/car_gazebo_plugin/lib:/home/ros2/Documents/fa_ROS2_ws/install/smartcar_msgs/lib:/home/ros2/Documents/fa_ROS2_ws/install/ackermann_msgs/lib:/usr/lib/x86_64-linux-gnu/gazebo-11/plugins:/opt/ros/humble/opt/rviz_ogre_vendor/lib:/opt/ros/humble/lib/x86_64-linux-gnu:/opt/ros/humble/lib:/tmp/.mount_cursorflfrK2/usr/lib:/usr/lib/x86_64-linux-gnu/gazebo-11/plugins:/usr/lib/x86_64-linux-gnu/gazebo-11/plugins:/usr/lib/x86_64-linux-gnu/gazebo-11/plugins PYTHONPATH=/home/ros2/Documents/fa_ROS2_ws/install/nav2_msgs/local/lib/python3.10/dist-packages:/home/ros2/Documents/fa_ROS2_ws/install/nav2_common/local/lib/python3.10/dist-packages:${PYTHONPATH} /usr/bin/cmake --build /home/ros2/Documents/fa_ROS2_ws/build/nav2_amcl -- -j8 -l8
[84.310s] Invoking command in '/home/ros2/Documents/fa_ROS2_ws/build/nav2_amcl': AMENT_PREFIX_PATH=/home/ros2/Documents/fa_ROS2_ws/install/nav2_util:/home/ros2/Documents/fa_ROS2_ws/install/nav2_msgs:/home/ros2/Documents/fa_ROS2_ws/install/nav2_common:${AMENT_PREFIX_PATH} CMAKE_PREFIX_PATH=/home/ros2/Documents/fa_ROS2_ws/install/nav2_util:/home/ros2/Documents/fa_ROS2_ws/install/nav2_msgs:/home/ros2/Documents/fa_ROS2_ws/install/nav2_common:/home/ros2/Documents/fa_ROS2_ws/install/smart_car:/home/ros2/Documents/fa_ROS2_ws/install/car_gazebo_plugin:/home/ros2/Documents/fa_ROS2_ws/install/smartcar_msgs:/home/ros2/Documents/fa_ROS2_ws/install/ackermann_msgs:/opt/ros/humble LD_LIBRARY_PATH=/home/ros2/Documents/fa_ROS2_ws/install/nav2_util/lib:/home/ros2/Documents/fa_ROS2_ws/install/nav2_msgs/lib:/home/ros2/Documents/fa_ROS2_ws/install/car_gazebo_plugin/lib:/home/ros2/Documents/fa_ROS2_ws/install/smartcar_msgs/lib:/home/ros2/Documents/fa_ROS2_ws/install/ackermann_msgs/lib:/usr/lib/x86_64-linux-gnu/gazebo-11/plugins:/opt/ros/humble/opt/rviz_ogre_vendor/lib:/opt/ros/humble/lib/x86_64-linux-gnu:/opt/ros/humble/lib:/tmp/.mount_cursorflfrK2/usr/lib:/usr/lib/x86_64-linux-gnu/gazebo-11/plugins:/usr/lib/x86_64-linux-gnu/gazebo-11/plugins:/usr/lib/x86_64-linux-gnu/gazebo-11/plugins PYTHONPATH=/home/ros2/Documents/fa_ROS2_ws/install/nav2_msgs/local/lib/python3.10/dist-packages:/home/ros2/Documents/fa_ROS2_ws/install/nav2_common/local/lib/python3.10/dist-packages:${PYTHONPATH} /usr/bin/cmake --install /home/ros2/Documents/fa_ROS2_ws/build/nav2_amcl
[84.322s] -- Install configuration: "Release"
[84.323s] -- Execute custom install script
[84.324s] -- Symlinking: /home/ros2/Documents/fa_ROS2_ws/install/nav2_amcl/lib/libpf_lib.so
[84.342s] -- Symlinking: /home/ros2/Documents/fa_ROS2_ws/install/nav2_amcl/lib/libmap_lib.so
[84.365s] -- Symlinking: /home/ros2/Documents/fa_ROS2_ws/install/nav2_amcl/lib/libmotions_lib.so
[84.383s] -- Symlinking: /home/ros2/Documents/fa_ROS2_ws/install/nav2_amcl/lib/libsensors_lib.so
[84.401s] -- Symlinking: /home/ros2/Documents/fa_ROS2_ws/install/nav2_amcl/lib/libamcl_core.so
[84.417s] -- Symlinking: /home/ros2/Documents/fa_ROS2_ws/install/nav2_amcl/lib/nav2_amcl/amcl
[84.446s] -- Symlinking: /home/ros2/Documents/fa_ROS2_ws/install/nav2_amcl/include//nav2_amcl/amcl_node.hpp
[84.473s] -- Symlinking: /home/ros2/Documents/fa_ROS2_ws/install/nav2_amcl/include//nav2_amcl/angleutils.hpp
[84.494s] -- Symlinking: /home/ros2/Documents/fa_ROS2_ws/install/nav2_amcl/include//nav2_amcl/map/map.hpp
[84.509s] -- Symlinking: /home/ros2/Documents/fa_ROS2_ws/install/nav2_amcl/include//nav2_amcl/motion_model/differential_motion_model.hpp
[84.528s] -- Symlinking: /home/ros2/Documents/fa_ROS2_ws/install/nav2_amcl/include//nav2_amcl/motion_model/motion_model.hpp
[84.550s] -- Symlinking: /home/ros2/Documents/fa_ROS2_ws/install/nav2_amcl/include//nav2_amcl/motion_model/omni_motion_model.hpp
[84.583s] -- Symlinking: /home/ros2/Documents/fa_ROS2_ws/install/nav2_amcl/include//nav2_amcl/pf/eig3.hpp
[84.605s] -- Symlinking: /home/ros2/Documents/fa_ROS2_ws/install/nav2_amcl/include//nav2_amcl/pf/pf.hpp
[84.622s] -- Symlinking: /home/ros2/Documents/fa_ROS2_ws/install/nav2_amcl/include//nav2_amcl/pf/pf_kdtree.hpp
[84.636s] -- Symlinking: /home/ros2/Documents/fa_ROS2_ws/install/nav2_amcl/include//nav2_amcl/pf/pf_pdf.hpp
[84.656s] -- Symlinking: /home/ros2/Documents/fa_ROS2_ws/install/nav2_amcl/include//nav2_amcl/pf/pf_vector.hpp
[84.707s] -- Symlinking: /home/ros2/Documents/fa_ROS2_ws/install/nav2_amcl/include//nav2_amcl/portable_utils.hpp
[84.741s] -- Symlinking: /home/ros2/Documents/fa_ROS2_ws/install/nav2_amcl/include//nav2_amcl/sensors/laser/laser.hpp
[84.773s] -- Symlinking: /home/ros2/Documents/fa_ROS2_ws/install/nav2_amcl/share/nav2_amcl/environment/library_path.sh
[84.798s] -- Symlinking: /home/ros2/Documents/fa_ROS2_ws/install/nav2_amcl/share/nav2_amcl/environment/library_path.dsv
[84.822s] -- Symlinking: /home/ros2/Documents/fa_ROS2_ws/install/nav2_amcl/share/nav2_amcl//plugins.xml
[84.841s] -- Symlinking: /home/ros2/Documents/fa_ROS2_ws/install/nav2_amcl/share/ament_index/resource_index/package_run_dependencies/nav2_amcl
[84.861s] -- Symlinking: /home/ros2/Documents/fa_ROS2_ws/install/nav2_amcl/share/ament_index/resource_index/parent_prefix_path/nav2_amcl
[84.890s] -- Symlinking: /home/ros2/Documents/fa_ROS2_ws/install/nav2_amcl/share/nav2_amcl/environment/ament_prefix_path.sh
[84.911s] -- Symlinking: /home/ros2/Documents/fa_ROS2_ws/install/nav2_amcl/share/nav2_amcl/environment/ament_prefix_path.dsv
[84.928s] -- Symlinking: /home/ros2/Documents/fa_ROS2_ws/install/nav2_amcl/share/nav2_amcl/environment/path.sh
[84.967s] -- Symlinking: /home/ros2/Documents/fa_ROS2_ws/install/nav2_amcl/share/nav2_amcl/environment/path.dsv
[84.989s] -- Symlinking: /home/ros2/Documents/fa_ROS2_ws/install/nav2_amcl/share/nav2_amcl/local_setup.bash
[85.006s] -- Symlinking: /home/ros2/Documents/fa_ROS2_ws/install/nav2_amcl/share/nav2_amcl/local_setup.sh
[85.028s] -- Symlinking: /home/ros2/Documents/fa_ROS2_ws/install/nav2_amcl/share/nav2_amcl/local_setup.zsh
[85.042s] -- Symlinking: /home/ros2/Documents/fa_ROS2_ws/install/nav2_amcl/share/nav2_amcl/local_setup.dsv
[85.069s] -- Symlinking: /home/ros2/Documents/fa_ROS2_ws/install/nav2_amcl/share/nav2_amcl/package.dsv
[85.106s] -- Symlinking: /home/ros2/Documents/fa_ROS2_ws/install/nav2_amcl/share/ament_index/resource_index/packages/nav2_amcl
[85.137s] -- Symlinking: /home/ros2/Documents/fa_ROS2_ws/install/nav2_amcl/share/ament_index/resource_index/nav2_amcl__pluginlib__plugin/nav2_amcl
[85.162s] -- Symlinking: /home/ros2/Documents/fa_ROS2_ws/install/nav2_amcl/share/ament_index/resource_index/rclcpp_components/nav2_amcl
[85.195s] -- Symlinking: /home/ros2/Documents/fa_ROS2_ws/install/nav2_amcl/share/nav2_amcl/cmake/ament_cmake_export_include_directories-extras.cmake
[85.218s] -- Symlinking: /home/ros2/Documents/fa_ROS2_ws/install/nav2_amcl/share/nav2_amcl/cmake/ament_cmake_export_libraries-extras.cmake
[85.250s] -- Symlinking: /home/ros2/Documents/fa_ROS2_ws/install/nav2_amcl/share/nav2_amcl/cmake/ament_cmake_export_dependencies-extras.cmake
[85.268s] -- Symlinking: /home/ros2/Documents/fa_ROS2_ws/install/nav2_amcl/share/nav2_amcl/cmake/nav2_amclConfig.cmake
[85.289s] -- Symlinking: /home/ros2/Documents/fa_ROS2_ws/install/nav2_amcl/share/nav2_amcl/cmake/nav2_amclConfig-version.cmake
[85.309s] -- Symlinking: /home/ros2/Documents/fa_ROS2_ws/install/nav2_amcl/share/nav2_amcl/package.xml
[85.329s] Invoked command in '/home/ros2/Documents/fa_ROS2_ws/build/nav2_amcl' returned '0': AMENT_PREFIX_PATH=/home/ros2/Documents/fa_ROS2_ws/install/nav2_util:/home/ros2/Documents/fa_ROS2_ws/install/nav2_msgs:/home/ros2/Documents/fa_ROS2_ws/install/nav2_common:${AMENT_PREFIX_PATH} CMAKE_PREFIX_PATH=/home/ros2/Documents/fa_ROS2_ws/install/nav2_util:/home/ros2/Documents/fa_ROS2_ws/install/nav2_msgs:/home/ros2/Documents/fa_ROS2_ws/install/nav2_common:/home/ros2/Documents/fa_ROS2_ws/install/smart_car:/home/ros2/Documents/fa_ROS2_ws/install/car_gazebo_plugin:/home/ros2/Documents/fa_ROS2_ws/install/smartcar_msgs:/home/ros2/Documents/fa_ROS2_ws/install/ackermann_msgs:/opt/ros/humble LD_LIBRARY_PATH=/home/ros2/Documents/fa_ROS2_ws/install/nav2_util/lib:/home/ros2/Documents/fa_ROS2_ws/install/nav2_msgs/lib:/home/ros2/Documents/fa_ROS2_ws/install/car_gazebo_plugin/lib:/home/ros2/Documents/fa_ROS2_ws/install/smartcar_msgs/lib:/home/ros2/Documents/fa_ROS2_ws/install/ackermann_msgs/lib:/usr/lib/x86_64-linux-gnu/gazebo-11/plugins:/opt/ros/humble/opt/rviz_ogre_vendor/lib:/opt/ros/humble/lib/x86_64-linux-gnu:/opt/ros/humble/lib:/tmp/.mount_cursorflfrK2/usr/lib:/usr/lib/x86_64-linux-gnu/gazebo-11/plugins:/usr/lib/x86_64-linux-gnu/gazebo-11/plugins:/usr/lib/x86_64-linux-gnu/gazebo-11/plugins PYTHONPATH=/home/ros2/Documents/fa_ROS2_ws/install/nav2_msgs/local/lib/python3.10/dist-packages:/home/ros2/Documents/fa_ROS2_ws/install/nav2_common/local/lib/python3.10/dist-packages:${PYTHONPATH} /usr/bin/cmake --install /home/ros2/Documents/fa_ROS2_ws/build/nav2_amcl
