[0.056s] Invoking command in '/home/ros2/Documents/fa_ROS2_ws/build/nav2_behavior_tree': AMENT_PREFIX_PATH=/home/ros2/Documents/fa_ROS2_ws/install/nav2_util:/home/ros2/Documents/fa_ROS2_ws/install/nav2_msgs:/home/ros2/Documents/fa_ROS2_ws/install/nav2_common:${AMENT_PREFIX_PATH} CMAKE_PREFIX_PATH=/home/ros2/Documents/fa_ROS2_ws/install/nav2_util:/home/ros2/Documents/fa_ROS2_ws/install/nav2_msgs:/home/ros2/Documents/fa_ROS2_ws/install/nav2_common:/home/ros2/Documents/fa_ROS2_ws/install/smart_car:/home/ros2/Documents/fa_ROS2_ws/install/car_gazebo_plugin:/home/ros2/Documents/fa_ROS2_ws/install/smartcar_msgs:/home/ros2/Documents/fa_ROS2_ws/install/ackermann_msgs:/opt/ros/humble LD_LIBRARY_PATH=/home/ros2/Documents/fa_ROS2_ws/install/nav2_util/lib:/home/ros2/Documents/fa_ROS2_ws/install/nav2_msgs/lib:/home/ros2/Documents/fa_ROS2_ws/install/car_gazebo_plugin/lib:/home/ros2/Documents/fa_ROS2_ws/install/smartcar_msgs/lib:/home/ros2/Documents/fa_ROS2_ws/install/ackermann_msgs/lib:/usr/lib/x86_64-linux-gnu/gazebo-11/plugins:/opt/ros/humble/opt/rviz_ogre_vendor/lib:/opt/ros/humble/lib/x86_64-linux-gnu:/opt/ros/humble/lib:/tmp/.mount_cursorflfrK2/usr/lib:/usr/lib/x86_64-linux-gnu/gazebo-11/plugins:/usr/lib/x86_64-linux-gnu/gazebo-11/plugins:/usr/lib/x86_64-linux-gnu/gazebo-11/plugins PYTHONPATH=/home/ros2/Documents/fa_ROS2_ws/install/nav2_msgs/local/lib/python3.10/dist-packages:/home/ros2/Documents/fa_ROS2_ws/install/nav2_common/local/lib/python3.10/dist-packages:${PYTHONPATH} /usr/bin/cmake /home/ros2/Documents/fa_ROS2_ws/src/navigation2/nav2_behavior_tree -DAMENT_CMAKE_SYMLINK_INSTALL=1 -DCMAKE_INSTALL_PREFIX=/home/ros2/Documents/fa_ROS2_ws/install/nav2_behavior_tree
[0.481s] -- The CXX compiler identification is GNU 11.4.0
[0.518s] -- Detecting CXX compiler ABI info
[0.860s] -- Detecting CXX compiler ABI info - done
[0.875s] -- Check for working CXX compiler: /usr/lib/ccache/g++ - skipped
[0.875s] -- Detecting CXX compile features
[0.876s] -- Detecting CXX compile features - done
[0.880s] -- Found ament_cmake: 1.3.10 (/opt/ros/humble/share/ament_cmake/cmake)
[1.435s] -- Found Python3: /usr/bin/python3 (found version "3.10.12") found components: Interpreter 
[1.633s] -- Override CMake install command with custom implementation using symlinks instead of copying resources
[1.745s] -- Found nav2_common: 1.1.17 (/home/ros2/Documents/fa_ROS2_ws/install/nav2_common/share/nav2_common/cmake)
[1.754s] -- Found rclcpp: 16.0.10 (/opt/ros/humble/share/rclcpp/cmake)
[1.949s] -- Found rosidl_generator_c: 3.1.5 (/opt/ros/humble/share/rosidl_generator_c/cmake)
[1.962s] -- Found rosidl_adapter: 3.1.5 (/opt/ros/humble/share/rosidl_adapter/cmake)
[1.980s] -- Found rosidl_generator_cpp: 3.1.5 (/opt/ros/humble/share/rosidl_generator_cpp/cmake)
[2.045s] -- Using all available rosidl_typesupport_c: rosidl_typesupport_fastrtps_c;rosidl_typesupport_introspection_c
[2.089s] -- Using all available rosidl_typesupport_cpp: rosidl_typesupport_fastrtps_cpp;rosidl_typesupport_introspection_cpp
[2.195s] -- Found rmw_implementation_cmake: 6.1.2 (/opt/ros/humble/share/rmw_implementation_cmake/cmake)
[2.199s] -- Found rmw_cyclonedds_cpp: 1.3.4 (/opt/ros/humble/share/rmw_cyclonedds_cpp/cmake)
[2.249s] -- Using RMW implementation 'rmw_cyclonedds_cpp' as default
[2.286s] -- Looking for C++ include pthread.h
[2.813s] -- Looking for C++ include pthread.h - found
[2.815s] -- Performing Test CMAKE_HAVE_LIBC_PTHREAD
[3.349s] -- Performing Test CMAKE_HAVE_LIBC_PTHREAD - Success
[3.350s] -- Found Threads: TRUE  
[3.479s] -- Found rclcpp_action: 16.0.10 (/opt/ros/humble/share/rclcpp_action/cmake)
[3.565s] -- Found rclcpp_lifecycle: 16.0.10 (/opt/ros/humble/share/rclcpp_lifecycle/cmake)
[3.603s] -- Found geometry_msgs: 4.2.4 (/opt/ros/humble/share/geometry_msgs/cmake)
[3.631s] -- Found sensor_msgs: 4.2.4 (/opt/ros/humble/share/sensor_msgs/cmake)
[3.692s] -- Found nav2_msgs: 1.1.17 (/home/ros2/Documents/fa_ROS2_ws/install/nav2_msgs/share/nav2_msgs/cmake)
[3.820s] -- Found tf2_ros: 0.25.7 (/opt/ros/humble/share/tf2_ros/cmake)
[4.013s] -- Found tf2_geometry_msgs: 0.25.7 (/opt/ros/humble/share/tf2_geometry_msgs/cmake)
[4.066s] -- Found eigen3_cmake_module: 0.1.1 (/opt/ros/humble/share/eigen3_cmake_module/cmake)
[4.067s] -- Found Eigen3: TRUE (found version "3.4.0") 
[4.068s] -- Ensuring Eigen3 include directory is part of orocos-kdl CMake target
[4.073s] -- Found std_srvs: 4.2.4 (/opt/ros/humble/share/std_srvs/cmake)
[4.091s] -- Found nav2_util: 1.1.17 (/home/ros2/Documents/fa_ROS2_ws/install/nav2_util/share/nav2_util/cmake)
[4.177s] -- Setting build type to Release as none was specified.
[6.960s] -- Found ament_lint_auto: 0.12.11 (/opt/ros/humble/share/ament_lint_auto/cmake)
[7.339s] -- Found gtest sources under '/opt/ros/humble/src/gtest_vendor': C++ tests using 'Google Test' will be built
[7.505s] -- The C compiler identification is GNU 11.4.0
[7.540s] -- Detecting C compiler ABI info
[7.860s] -- Detecting C compiler ABI info - done
[7.893s] -- Check for working C compiler: /usr/lib/ccache/gcc - skipped
[7.893s] -- Detecting C compile features
[7.901s] -- Detecting C compile features - done
[11.156s] -- Added test 'copyright' to check source files copyright and LICENSE
[11.167s] -- Added test 'cppcheck' to perform static code analysis on C / C++ code
[11.200s] -- Configured cppcheck include dirs: /home/ros2/Documents/fa_ROS2_ws/src/navigation2/nav2_behavior_tree/include
[11.200s] -- Configured cppcheck exclude dirs and/or files: 
[11.224s] -- Added test 'cpplint' to check C / C++ code against the Google style
[11.224s] -- Configured cpplint exclude dirs and/or files: 
[11.226s] -- Added test 'lint_cmake' to check CMake code style
[11.247s] -- Added test 'uncrustify' to check C / C++ code style
[11.247s] -- Configured uncrustify additional arguments: 
[11.249s] -- Added test 'xmllint' to check XML markup files
[11.260s] -- Configuring done
[17.584s] -- Generating done
[17.641s] -- Build files have been written to: /home/ros2/Documents/fa_ROS2_ws/build/nav2_behavior_tree
[17.826s] Invoked command in '/home/ros2/Documents/fa_ROS2_ws/build/nav2_behavior_tree' returned '0': AMENT_PREFIX_PATH=/home/ros2/Documents/fa_ROS2_ws/install/nav2_util:/home/ros2/Documents/fa_ROS2_ws/install/nav2_msgs:/home/ros2/Documents/fa_ROS2_ws/install/nav2_common:${AMENT_PREFIX_PATH} CMAKE_PREFIX_PATH=/home/ros2/Documents/fa_ROS2_ws/install/nav2_util:/home/ros2/Documents/fa_ROS2_ws/install/nav2_msgs:/home/ros2/Documents/fa_ROS2_ws/install/nav2_common:/home/ros2/Documents/fa_ROS2_ws/install/smart_car:/home/ros2/Documents/fa_ROS2_ws/install/car_gazebo_plugin:/home/ros2/Documents/fa_ROS2_ws/install/smartcar_msgs:/home/ros2/Documents/fa_ROS2_ws/install/ackermann_msgs:/opt/ros/humble LD_LIBRARY_PATH=/home/ros2/Documents/fa_ROS2_ws/install/nav2_util/lib:/home/ros2/Documents/fa_ROS2_ws/install/nav2_msgs/lib:/home/ros2/Documents/fa_ROS2_ws/install/car_gazebo_plugin/lib:/home/ros2/Documents/fa_ROS2_ws/install/smartcar_msgs/lib:/home/ros2/Documents/fa_ROS2_ws/install/ackermann_msgs/lib:/usr/lib/x86_64-linux-gnu/gazebo-11/plugins:/opt/ros/humble/opt/rviz_ogre_vendor/lib:/opt/ros/humble/lib/x86_64-linux-gnu:/opt/ros/humble/lib:/tmp/.mount_cursorflfrK2/usr/lib:/usr/lib/x86_64-linux-gnu/gazebo-11/plugins:/usr/lib/x86_64-linux-gnu/gazebo-11/plugins:/usr/lib/x86_64-linux-gnu/gazebo-11/plugins PYTHONPATH=/home/ros2/Documents/fa_ROS2_ws/install/nav2_msgs/local/lib/python3.10/dist-packages:/home/ros2/Documents/fa_ROS2_ws/install/nav2_common/local/lib/python3.10/dist-packages:${PYTHONPATH} /usr/bin/cmake /home/ros2/Documents/fa_ROS2_ws/src/navigation2/nav2_behavior_tree -DAMENT_CMAKE_SYMLINK_INSTALL=1 -DCMAKE_INSTALL_PREFIX=/home/ros2/Documents/fa_ROS2_ws/install/nav2_behavior_tree
[17.828s] Invoking command in '/home/ros2/Documents/fa_ROS2_ws/build/nav2_behavior_tree': AMENT_PREFIX_PATH=/home/ros2/Documents/fa_ROS2_ws/install/nav2_util:/home/ros2/Documents/fa_ROS2_ws/install/nav2_msgs:/home/ros2/Documents/fa_ROS2_ws/install/nav2_common:${AMENT_PREFIX_PATH} CMAKE_PREFIX_PATH=/home/ros2/Documents/fa_ROS2_ws/install/nav2_util:/home/ros2/Documents/fa_ROS2_ws/install/nav2_msgs:/home/ros2/Documents/fa_ROS2_ws/install/nav2_common:/home/ros2/Documents/fa_ROS2_ws/install/smart_car:/home/ros2/Documents/fa_ROS2_ws/install/car_gazebo_plugin:/home/ros2/Documents/fa_ROS2_ws/install/smartcar_msgs:/home/ros2/Documents/fa_ROS2_ws/install/ackermann_msgs:/opt/ros/humble LD_LIBRARY_PATH=/home/ros2/Documents/fa_ROS2_ws/install/nav2_util/lib:/home/ros2/Documents/fa_ROS2_ws/install/nav2_msgs/lib:/home/ros2/Documents/fa_ROS2_ws/install/car_gazebo_plugin/lib:/home/ros2/Documents/fa_ROS2_ws/install/smartcar_msgs/lib:/home/ros2/Documents/fa_ROS2_ws/install/ackermann_msgs/lib:/usr/lib/x86_64-linux-gnu/gazebo-11/plugins:/opt/ros/humble/opt/rviz_ogre_vendor/lib:/opt/ros/humble/lib/x86_64-linux-gnu:/opt/ros/humble/lib:/tmp/.mount_cursorflfrK2/usr/lib:/usr/lib/x86_64-linux-gnu/gazebo-11/plugins:/usr/lib/x86_64-linux-gnu/gazebo-11/plugins:/usr/lib/x86_64-linux-gnu/gazebo-11/plugins PYTHONPATH=/home/ros2/Documents/fa_ROS2_ws/install/nav2_msgs/local/lib/python3.10/dist-packages:/home/ros2/Documents/fa_ROS2_ws/install/nav2_common/local/lib/python3.10/dist-packages:${PYTHONPATH} /usr/bin/cmake --build /home/ros2/Documents/fa_ROS2_ws/build/nav2_behavior_tree -- -j8 -l8
[18.123s] [  1%] [32mBuilding CXX object CMakeFiles/nav2_behavior_tree.dir/src/behavior_tree_engine.cpp.o[0m
[26.263s] [  1%] [32m[1mLinking CXX shared library libnav2_behavior_tree.so[0m
[26.640s] [  1%] Built target nav2_behavior_tree
[26.684s] [  2%] [32mBuilding CXX object CMakeFiles/nav2_assisted_teleop_cancel_bt_node.dir/plugins/action/assisted_teleop_cancel_node.cpp.o[0m
[37.523s] [  2%] [32m[1mLinking CXX shared library libnav2_assisted_teleop_cancel_bt_node.so[0m
[37.969s] [  2%] Built target nav2_assisted_teleop_cancel_bt_node
[38.048s] [  2%] [32mBuilding CXX object CMakeFiles/nav2_drive_on_heading_cancel_bt_node.dir/plugins/action/drive_on_heading_cancel_node.cpp.o[0m
[48.773s] [  3%] [32m[1mLinking CXX shared library libnav2_drive_on_heading_cancel_bt_node.so[0m
[49.440s] [  3%] Built target nav2_drive_on_heading_cancel_bt_node
[49.542s] [  3%] [32mBuilding CXX object CMakeFiles/nav2_smooth_path_action_bt_node.dir/plugins/action/smooth_path_action.cpp.o[0m
[62.415s] [  3%] [32m[1mLinking CXX shared library libnav2_smooth_path_action_bt_node.so[0m
[62.811s] [  3%] Built target nav2_smooth_path_action_bt_node
[62.875s] [  3%] [32mBuilding CXX object CMakeFiles/nav2_follow_path_action_bt_node.dir/plugins/action/follow_path_action.cpp.o[0m
[75.036s] [  4%] [32m[1mLinking CXX shared library libnav2_follow_path_action_bt_node.so[0m
[75.432s] [  4%] Built target nav2_follow_path_action_bt_node
[75.481s] [  5%] [32mBuilding CXX object CMakeFiles/nav2_back_up_action_bt_node.dir/plugins/action/back_up_action.cpp.o[0m
[86.274s] [  5%] [32m[1mLinking CXX shared library libnav2_back_up_action_bt_node.so[0m
[86.654s] [  5%] Built target nav2_back_up_action_bt_node
[86.720s] [  5%] [32mBuilding CXX object CMakeFiles/nav2_drive_on_heading_bt_node.dir/plugins/action/drive_on_heading_action.cpp.o[0m
[97.787s] [  6%] [32m[1mLinking CXX shared library libnav2_drive_on_heading_bt_node.so[0m
[98.200s] [  6%] Built target nav2_drive_on_heading_bt_node
[98.240s] [  7%] [32mBuilding CXX object CMakeFiles/nav2_spin_action_bt_node.dir/plugins/action/spin_action.cpp.o[0m
[108.663s] [  7%] [32m[1mLinking CXX shared library libnav2_spin_action_bt_node.so[0m
[109.120s] [  7%] Built target nav2_spin_action_bt_node
[109.183s] [  8%] [32mBuilding CXX object CMakeFiles/nav2_wait_action_bt_node.dir/plugins/action/wait_action.cpp.o[0m
[119.438s] [  8%] [32m[1mLinking CXX shared library libnav2_wait_action_bt_node.so[0m
[119.803s] [  8%] Built target nav2_wait_action_bt_node
[119.844s] [  9%] [32mBuilding CXX object CMakeFiles/nav2_assisted_teleop_action_bt_node.dir/plugins/action/assisted_teleop_action.cpp.o[0m
[130.364s] [  9%] [32m[1mLinking CXX shared library libnav2_assisted_teleop_action_bt_node.so[0m
[130.752s] [  9%] Built target nav2_assisted_teleop_action_bt_node
[130.800s] [ 10%] [32mBuilding CXX object CMakeFiles/nav2_clear_costmap_service_bt_node.dir/plugins/action/clear_costmap_service.cpp.o[0m
[142.354s] [ 10%] [32m[1mLinking CXX shared library libnav2_clear_costmap_service_bt_node.so[0m
[142.754s] [ 10%] Built target nav2_clear_costmap_service_bt_node
[142.801s] [ 11%] [32mBuilding CXX object CMakeFiles/nav2_is_stuck_condition_bt_node.dir/plugins/condition/is_stuck_condition.cpp.o[0m
[158.628s] [ 11%] [32m[1mLinking CXX shared library libnav2_is_stuck_condition_bt_node.so[0m
[159.074s] [ 11%] Built target nav2_is_stuck_condition_bt_node
[159.145s] [ 12%] [32mBuilding CXX object CMakeFiles/nav2_transform_available_condition_bt_node.dir/plugins/condition/transform_available_condition.cpp.o[0m
[166.444s] [ 12%] [32m[1mLinking CXX shared library libnav2_transform_available_condition_bt_node.so[0m
[166.835s] [ 12%] Built target nav2_transform_available_condition_bt_node
[166.875s] [ 12%] [32mBuilding CXX object CMakeFiles/nav2_goal_reached_condition_bt_node.dir/plugins/condition/goal_reached_condition.cpp.o[0m
[174.767s] [ 13%] [32m[1mLinking CXX shared library libnav2_goal_reached_condition_bt_node.so[0m
[175.213s] [ 13%] Built target nav2_goal_reached_condition_bt_node
[175.288s] [ 13%] [32mBuilding CXX object CMakeFiles/nav2_globally_updated_goal_condition_bt_node.dir/plugins/condition/globally_updated_goal_condition.cpp.o[0m
[182.547s] [ 14%] [32m[1mLinking CXX shared library libnav2_globally_updated_goal_condition_bt_node.so[0m
[182.994s] [ 14%] Built target nav2_globally_updated_goal_condition_bt_node
[183.062s] [ 14%] [32mBuilding CXX object CMakeFiles/nav2_goal_updated_condition_bt_node.dir/plugins/condition/goal_updated_condition.cpp.o[0m
[186.029s] [ 14%] [32m[1mLinking CXX shared library libnav2_goal_updated_condition_bt_node.so[0m
[186.393s] [ 14%] Built target nav2_goal_updated_condition_bt_node
[186.454s] [ 15%] [32mBuilding CXX object CMakeFiles/nav2_is_path_valid_condition_bt_node.dir/plugins/condition/is_path_valid_condition.cpp.o[0m
[194.156s] [ 15%] [32m[1mLinking CXX shared library libnav2_is_path_valid_condition_bt_node.so[0m
[194.479s] [ 15%] Built target nav2_is_path_valid_condition_bt_node
[194.520s] [ 16%] [32mBuilding CXX object CMakeFiles/nav2_time_expired_condition_bt_node.dir/plugins/condition/time_expired_condition.cpp.o[0m
[200.152s] [ 16%] [32m[1mLinking CXX shared library libnav2_time_expired_condition_bt_node.so[0m
[200.503s] [ 16%] Built target nav2_time_expired_condition_bt_node
[200.543s] [ 17%] [32mBuilding CXX object CMakeFiles/nav2_path_expiring_timer_condition.dir/plugins/condition/path_expiring_timer_condition.cpp.o[0m
[203.578s] [ 17%] [32mBuilding CXX object CMakeFiles/nav2_distance_traveled_condition_bt_node.dir/plugins/condition/distance_traveled_condition.cpp.o[0m
[203.579s] [ 18%] [32mBuilding CXX object CMakeFiles/nav2_back_up_cancel_bt_node.dir/plugins/action/back_up_cancel_node.cpp.o[0m
[204.648s] [ 19%] [32mBuilding CXX object CMakeFiles/nav2_spin_cancel_bt_node.dir/plugins/action/spin_cancel_node.cpp.o[0m
[205.720s] [ 20%] [32mBuilding CXX object CMakeFiles/nav2_controller_cancel_bt_node.dir/plugins/action/controller_cancel_node.cpp.o[0m
[205.727s] [ 21%] [32mBuilding CXX object CMakeFiles/nav2_wait_cancel_bt_node.dir/plugins/action/wait_cancel_node.cpp.o[0m
[206.773s] [ 22%] [32mBuilding CXX object CMakeFiles/nav2_compute_path_through_poses_action_bt_node.dir/plugins/action/compute_path_through_poses_action.cpp.o[0m
[207.834s] [ 23%] [32mBuilding CXX object CMakeFiles/nav2_compute_path_to_pose_action_bt_node.dir/plugins/action/compute_path_to_pose_action.cpp.o[0m
[211.346s] [ 23%] [32m[1mLinking CXX shared library libnav2_path_expiring_timer_condition.so[0m
[212.231s] [ 23%] Built target nav2_path_expiring_timer_condition
[219.807s] [ 24%] [32m[1mLinking CXX shared library libnav2_distance_traveled_condition_bt_node.so[0m
[220.409s] [ 24%] Built target nav2_distance_traveled_condition_bt_node
[221.206s] [ 24%] [32m[1mLinking CXX shared library libnav2_back_up_cancel_bt_node.so[0m
[222.042s] [ 24%] Built target nav2_back_up_cancel_bt_node
[222.764s] [ 24%] [32m[1mLinking CXX shared library libnav2_spin_cancel_bt_node.so[0m
[222.932s] [ 24%] [32m[1mLinking CXX shared library libnav2_controller_cancel_bt_node.so[0m
[223.283s] [ 24%] Built target nav2_spin_cancel_bt_node
[223.375s] [ 24%] Built target nav2_controller_cancel_bt_node
[223.383s] [ 24%] [32m[1mLinking CXX shared library libnav2_wait_cancel_bt_node.so[0m
[223.772s] [ 24%] Built target nav2_wait_cancel_bt_node
[225.584s] [ 24%] [32m[1mLinking CXX shared library libnav2_compute_path_through_poses_action_bt_node.so[0m
[225.959s] [ 24%] Built target nav2_compute_path_through_poses_action_bt_node
[226.020s] [ 24%] [32m[1mLinking CXX shared library libnav2_compute_path_to_pose_action_bt_node.so[0m
[226.356s] [ 24%] Built target nav2_compute_path_to_pose_action_bt_node
[226.395s] [ 25%] [32mBuilding CXX object CMakeFiles/nav2_speed_controller_bt_node.dir/plugins/decorator/speed_controller.cpp.o[0m
[233.305s] [ 25%] [32m[1mLinking CXX shared library libnav2_speed_controller_bt_node.so[0m
[233.667s] [ 25%] Built target nav2_speed_controller_bt_node
[233.703s] [ 26%] [32mBuilding CXX object CMakeFiles/nav2_truncate_path_action_bt_node.dir/plugins/action/truncate_path_action.cpp.o[0m
[241.531s] [ 26%] [32m[1mLinking CXX shared library libnav2_truncate_path_action_bt_node.so[0m
[241.912s] [ 26%] Built target nav2_truncate_path_action_bt_node
[241.952s] [ 27%] [32mBuilding CXX object CMakeFiles/nav2_truncate_path_local_action_bt_node.dir/plugins/action/truncate_path_local_action.cpp.o[0m
[251.801s] [ 27%] [32m[1mLinking CXX shared library libnav2_truncate_path_local_action_bt_node.so[0m
[252.316s] [ 27%] Built target nav2_truncate_path_local_action_bt_node
[252.370s] [ 28%] [32mBuilding CXX object CMakeFiles/nav2_goal_updater_node_bt_node.dir/plugins/decorator/goal_updater_node.cpp.o[0m
[258.396s] [ 28%] [32mBuilding CXX object CMakeFiles/nav2_path_longer_on_approach_bt_node.dir/plugins/decorator/path_longer_on_approach.cpp.o[0m
[259.441s] [ 28%] [32mBuilding CXX object CMakeFiles/nav2_distance_controller_bt_node.dir/plugins/decorator/distance_controller.cpp.o[0m
[260.474s] [ 28%] [32mBuilding CXX object CMakeFiles/nav2_rate_controller_bt_node.dir/plugins/decorator/rate_controller.cpp.o[0m
[260.493s] [ 28%] [32mBuilding CXX object CMakeFiles/nav2_reinitialize_global_localization_service_bt_node.dir/plugins/action/reinitialize_global_localization_service.cpp.o[0m
[261.583s] [ 29%] [32mBuilding CXX object CMakeFiles/nav2_is_battery_low_condition_bt_node.dir/plugins/condition/is_battery_low_condition.cpp.o[0m
[262.640s] [ 30%] [32mBuilding CXX object CMakeFiles/nav2_is_battery_charging_condition_bt_node.dir/plugins/condition/is_battery_charging_condition.cpp.o[0m
[265.583s] [ 31%] [32m[1mLinking CXX shared library libnav2_rate_controller_bt_node.so[0m
[266.455s] [ 31%] Built target nav2_rate_controller_bt_node
[268.947s] [ 32%] [32m[1mLinking CXX shared library libnav2_path_longer_on_approach_bt_node.so[0m
[269.512s] [ 32%] Built target nav2_path_longer_on_approach_bt_node
[270.521s] [ 33%] [32m[1mLinking CXX shared library libnav2_distance_controller_bt_node.so[0m
[271.062s] [ 33%] Built target nav2_distance_controller_bt_node
[271.664s] [ 34%] [32m[1mLinking CXX shared library libnav2_reinitialize_global_localization_service_bt_node.so[0m
[272.090s] [ 34%] Built target nav2_reinitialize_global_localization_service_bt_node
[272.858s] [ 34%] [32m[1mLinking CXX shared library libnav2_goal_updater_node_bt_node.so[0m
[273.399s] [ 34%] Built target nav2_goal_updater_node_bt_node
[281.309s] [ 34%] [32m[1mLinking CXX shared library libnav2_is_battery_low_condition_bt_node.so[0m
[281.775s] [ 34%] Built target nav2_is_battery_low_condition_bt_node
[281.919s] [ 34%] [32m[1mLinking CXX shared library libnav2_is_battery_charging_condition_bt_node.so[0m
[282.366s] [ 34%] Built target nav2_is_battery_charging_condition_bt_node
[282.409s] [ 34%] [32mBuilding CXX object CMakeFiles/nav2_pipeline_sequence_bt_node.dir/plugins/control/pipeline_sequence.cpp.o[0m
[284.672s] [ 35%] [32m[1mLinking CXX shared library libnav2_pipeline_sequence_bt_node.so[0m
[285.007s] [ 35%] Built target nav2_pipeline_sequence_bt_node
[285.059s] [ 35%] [32mBuilding CXX object CMakeFiles/nav2_round_robin_node_bt_node.dir/plugins/control/round_robin_node.cpp.o[0m
[287.167s] [ 36%] [32m[1mLinking CXX shared library libnav2_round_robin_node_bt_node.so[0m
[287.468s] [ 36%] Built target nav2_round_robin_node_bt_node
[287.517s] [ 36%] [32mBuilding CXX object CMakeFiles/nav2_single_trigger_bt_node.dir/plugins/decorator/single_trigger_node.cpp.o[0m
[289.610s] [ 37%] [32m[1mLinking CXX shared library libnav2_single_trigger_bt_node.so[0m
[289.916s] [ 37%] Built target nav2_single_trigger_bt_node
[289.960s] [ 37%] [32mBuilding CXX object CMakeFiles/nav2_planner_selector_bt_node.dir/plugins/action/planner_selector_node.cpp.o[0m
[305.953s] [ 38%] [32m[1mLinking CXX shared library libnav2_planner_selector_bt_node.so[0m
[306.389s] [ 38%] Built target nav2_planner_selector_bt_node
[306.430s] [ 38%] [32mBuilding CXX object CMakeFiles/nav2_controller_selector_bt_node.dir/plugins/action/controller_selector_node.cpp.o[0m
[322.030s] [ 39%] [32m[1mLinking CXX shared library libnav2_controller_selector_bt_node.so[0m
[322.481s] [ 39%] Built target nav2_controller_selector_bt_node
[322.522s] [ 40%] [32mBuilding CXX object CMakeFiles/nav2_smoother_selector_bt_node.dir/plugins/action/smoother_selector_node.cpp.o[0m
[333.557s] [ 40%] [32mBuilding CXX object CMakeFiles/nav2_goal_checker_selector_bt_node.dir/plugins/action/goal_checker_selector_node.cpp.o[0m
[334.587s] [ 40%] [32mBuilding CXX object CMakeFiles/nav2_get_pose_from_path_action_bt_node.dir/plugins/action/get_pose_from_path_action.cpp.o[0m
[335.617s] [ 40%] [32mBuilding CXX object CMakeFiles/nav2_remove_passed_goals_action_bt_node.dir/plugins/action/remove_passed_goals_action.cpp.o[0m
[336.711s] [ 41%] [32mBuilding CXX object CMakeFiles/nav2_navigate_through_poses_action_bt_node.dir/plugins/action/navigate_through_poses_action.cpp.o[0m
[337.721s] [ 42%] [32mBuilding CXX object CMakeFiles/nav2_navigate_to_pose_action_bt_node.dir/plugins/action/navigate_to_pose_action.cpp.o[0m
[339.775s] [ 42%] [32m[1mLinking CXX shared library libnav2_smoother_selector_bt_node.so[0m
[340.580s] [ 42%] Built target nav2_smoother_selector_bt_node
[344.749s] [ 43%] [32m[1mLinking CXX shared library libnav2_get_pose_from_path_action_bt_node.so[0m
[345.281s] [ 43%] Built target nav2_get_pose_from_path_action_bt_node
[346.470s] [ 44%] [32m[1mLinking CXX shared library libnav2_remove_passed_goals_action_bt_node.so[0m
[346.963s] [ 44%] Built target nav2_remove_passed_goals_action_bt_node
[349.928s] [ 44%] [32m[1mLinking CXX shared library libnav2_navigate_through_poses_action_bt_node.so[0m
[350.332s] [ 44%] Built target nav2_navigate_through_poses_action_bt_node
[350.436s] [ 44%] [32m[1mLinking CXX shared library libnav2_navigate_to_pose_action_bt_node.so[0m
[350.818s] [ 44%] Built target nav2_navigate_to_pose_action_bt_node
[352.125s] [ 45%] [32m[1mLinking CXX shared library libnav2_goal_checker_selector_bt_node.so[0m
[352.494s] [ 45%] Built target nav2_goal_checker_selector_bt_node
[352.530s] [ 45%] [32mBuilding CXX object gtest/CMakeFiles/gtest.dir/src/gtest-all.cc.o[0m
[352.730s] [ 45%] [32m[1mLinking CXX static library libgtest.a[0m
[352.805s] [ 45%] Built target gtest
[352.846s] [ 46%] [32mBuilding CXX object gtest/CMakeFiles/gtest_main.dir/src/gtest_main.cc.o[0m
[353.018s] [ 46%] [32m[1mLinking CXX static library libgtest_main.a[0m
[353.093s] [ 46%] Built target gtest_main
[353.141s] [ 47%] [32mBuilding CXX object CMakeFiles/nav2_goal_updated_controller_bt_node.dir/plugins/decorator/goal_updated_controller.cpp.o[0m
[355.162s] [ 47%] [32mBuilding CXX object test/plugins/condition/CMakeFiles/test_condition_path_expiring_timer.dir/test_path_expiring_timer.cpp.o[0m
[357.185s] [ 47%] [32mBuilding CXX object test/plugins/condition/CMakeFiles/test_condition_time_expired.dir/test_time_expired.cpp.o[0m
[359.079s] [ 47%] [32m[1mLinking CXX shared library libnav2_goal_updated_controller_bt_node.so[0m
[359.443s] [ 47%] Built target nav2_goal_updated_controller_bt_node
[366.750s] [ 48%] [32m[1mLinking CXX executable test_condition_path_expiring_timer[0m
[367.414s] [ 48%] Built target test_condition_path_expiring_timer
[368.604s] [ 48%] [32m[1mLinking CXX executable test_condition_time_expired[0m
[369.251s] [ 48%] Built target test_condition_time_expired
[369.297s] [ 48%] [32mBuilding CXX object test/plugins/condition/CMakeFiles/test_condition_goal_updated.dir/test_goal_updated.cpp.o[0m
[378.336s] [ 48%] [32mBuilding CXX object test/plugins/condition/CMakeFiles/test_condition_goal_reached.dir/test_goal_reached.cpp.o[0m
[378.337s] [ 48%] [32mBuilding CXX object test/plugins/condition/CMakeFiles/test_condition_globally_updated_goal.dir/test_globally_updated_goal.cpp.o[0m
[379.365s] [ 48%] [32mBuilding CXX object test/plugins/condition/CMakeFiles/test_condition_distance_traveled.dir/test_distance_traveled.cpp.o[0m
[379.944s] [ 49%] [32m[1mLinking CXX executable test_condition_goal_updated[0m
[380.394s] [ 50%] [32mBuilding CXX object test/CMakeFiles/test_bt_conversions.dir/test_bt_conversions.cpp.o[0m
[380.609s] [ 50%] Built target test_condition_goal_updated
[380.639s] [ 50%] [32mBuilding CXX object CMakeFiles/nav2_progress_checker_selector_bt_node.dir/plugins/action/progress_checker_selector_node.cpp.o[0m
[380.709s] [ 50%] [32mBuilding CXX object CMakeFiles/nav2_recovery_node_bt_node.dir/plugins/control/recovery_node.cpp.o[0m
[381.753s] [ 51%] [32mBuilding CXX object test/plugins/condition/CMakeFiles/test_condition_transform_available.dir/test_transform_available.cpp.o[0m
[382.810s] [ 52%] [32mBuilding CXX object CMakeFiles/nav2_initial_pose_received_condition_bt_node.dir/plugins/condition/initial_pose_received_condition.cpp.o[0m
[385.091s] [ 53%] [32m[1mLinking CXX shared library libnav2_recovery_node_bt_node.so[0m
[386.013s] [ 53%] Built target nav2_recovery_node_bt_node
[388.358s] [ 53%] [32m[1mLinking CXX shared library libnav2_initial_pose_received_condition_bt_node.so[0m
[389.217s] [ 53%] Built target nav2_initial_pose_received_condition_bt_node
[389.279s] [ 53%] [32m[1mLinking CXX executable test_bt_conversions[0m
[390.163s] [ 53%] Built target test_bt_conversions
[393.771s] [ 54%] [32m[1mLinking CXX executable test_condition_globally_updated_goal[0m
[394.594s] [ 54%] Built target test_condition_globally_updated_goal
[396.013s] [ 55%] [32m[1mLinking CXX executable test_condition_goal_reached[0m
[396.046s] [ 56%] [32m[1mLinking CXX executable test_condition_distance_traveled[0m
[396.759s] [ 56%] Built target test_condition_distance_traveled
[396.806s] [ 56%] Built target test_condition_goal_reached
[397.819s] [ 56%] [32m[1mLinking CXX executable test_condition_transform_available[0m
[398.458s] [ 56%] Built target test_condition_transform_available
[401.361s] [ 57%] [32m[1mLinking CXX shared library libnav2_progress_checker_selector_bt_node.so[0m
[401.779s] [ 57%] Built target nav2_progress_checker_selector_bt_node
[401.819s] [ 58%] [32mBuilding CXX object test/plugins/decorator/CMakeFiles/test_decorator_rate_controller.dir/test_rate_controller.cpp.o[0m
[412.421s] [ 58%] [32m[1mLinking CXX executable test_decorator_rate_controller[0m
[413.013s] [ 58%] Built target test_decorator_rate_controller
[413.070s] [ 58%] [32mBuilding CXX object test/plugins/decorator/CMakeFiles/test_goal_updater_node.dir/test_goal_updater_node.cpp.o[0m
[414.094s] [ 58%] [32mBuilding CXX object test/plugins/decorator/CMakeFiles/test_single_trigger_node.dir/test_single_trigger_node.cpp.o[0m
[415.147s] [ 59%] [32mBuilding CXX object test/plugins/decorator/CMakeFiles/test_decorator_speed_controller.dir/test_speed_controller.cpp.o[0m
[416.170s] [ 60%] [32mBuilding CXX object test/plugins/decorator/CMakeFiles/test_decorator_distance_controller.dir/test_distance_controller.cpp.o[0m
[417.252s] [ 60%] [32mBuilding CXX object test/plugins/condition/CMakeFiles/test_condition_is_path_valid.dir/test_is_path_valid.cpp.o[0m
[428.467s] [ 61%] [32m[1mLinking CXX executable test_single_trigger_node[0m
[429.386s] [ 61%] Built target test_single_trigger_node
[429.495s] [ 62%] [32m[1mLinking CXX executable test_goal_updater_node[0m
[430.201s] [ 62%] Built target test_goal_updater_node
[431.582s] [ 62%] [32m[1mLinking CXX executable test_decorator_distance_controller[0m
[432.287s] [ 62%] Built target test_decorator_distance_controller
[432.456s] [ 63%] [32m[1mLinking CXX executable test_condition_is_path_valid[0m
[433.001s] [ 63%] Built target test_condition_is_path_valid
[433.286s] [ 63%] [32m[1mLinking CXX executable test_decorator_speed_controller[0m
[433.803s] [ 63%] Built target test_decorator_speed_controller
[433.848s] [ 64%] [32mBuilding CXX object test/plugins/control/CMakeFiles/test_control_pipeline_sequence.dir/test_pipeline_sequence.cpp.o[0m
[443.996s] [ 64%] [32m[1mLinking CXX executable test_control_pipeline_sequence[0m
[444.561s] [ 64%] Built target test_control_pipeline_sequence
[444.607s] [ 65%] [32mBuilding CXX object test/plugins/control/CMakeFiles/test_control_round_robin_node.dir/test_round_robin_node.cpp.o[0m
[455.651s] [ 65%] [32m[1mLinking CXX executable test_control_round_robin_node[0m
[456.219s] [ 65%] Built target test_control_round_robin_node
[456.268s] [ 66%] [32mBuilding CXX object test/plugins/action/CMakeFiles/test_bt_action_node.dir/test_bt_action_node.cpp.o[0m
[458.305s] [ 67%] [32mBuilding CXX object test/plugins/action/CMakeFiles/test_action_spin_action.dir/test_spin_action.cpp.o[0m
[459.333s] [ 68%] [32mBuilding CXX object test/plugins/control/CMakeFiles/test_control_recovery_node.dir/test_recovery_node.cpp.o[0m
[460.361s] [ 69%] [32mBuilding CXX object test/plugins/decorator/CMakeFiles/test_decorator_path_longer_on_approach.dir/test_path_longer_on_approach.cpp.o[0m
[461.390s] [ 69%] [32mBuilding CXX object test/plugins/decorator/CMakeFiles/test_goal_updated_controller.dir/test_goal_updated_controller.cpp.o[0m
[462.523s] [ 69%] [32mBuilding CXX object test/plugins/condition/CMakeFiles/test_condition_is_battery_low.dir/test_is_battery_low.cpp.o[0m
[462.582s] [ 69%] [32mBuilding CXX object test/plugins/condition/CMakeFiles/test_condition_is_battery_charging.dir/test_is_battery_charging.cpp.o[0m
[474.924s] [ 69%] [32m[1mLinking CXX executable test_bt_action_node[0m
[475.166s] [ 69%] [32m[1mLinking CXX executable test_action_spin_action[0m
[475.443s] [ 69%] [32m[1mLinking CXX executable test_decorator_path_longer_on_approach[0m
[475.702s] [ 69%] [32m[1mLinking CXX executable test_control_recovery_node[0m
[475.929s] [ 69%] Built target test_bt_action_node
[476.010s] [ 69%] Built target test_action_spin_action
[476.486s] [ 69%] Built target test_decorator_path_longer_on_approach
[476.643s] [ 69%] Built target test_control_recovery_node
[478.746s] [ 70%] [32m[1mLinking CXX executable test_goal_updated_controller[0m
[479.111s] [ 71%] [32m[1mLinking CXX executable test_condition_is_battery_low[0m
[479.458s] [ 71%] Built target test_goal_updated_controller
[479.688s] [ 71%] Built target test_condition_is_battery_low
[479.921s] [ 72%] [32m[1mLinking CXX executable test_condition_is_battery_charging[0m
[480.442s] [ 72%] Built target test_condition_is_battery_charging
[480.490s] [ 73%] [32mBuilding CXX object test/plugins/action/CMakeFiles/test_action_wait_cancel_action.dir/test_wait_cancel_node.cpp.o[0m
[491.885s] [ 73%] [32m[1mLinking CXX executable test_action_wait_cancel_action[0m
[492.423s] [ 73%] Built target test_action_wait_cancel_action
[492.473s] [ 74%] [32mBuilding CXX object test/plugins/action/CMakeFiles/test_action_spin_cancel_action.dir/test_spin_cancel_node.cpp.o[0m
[493.492s] [ 74%] [32mBuilding CXX object test/plugins/action/CMakeFiles/test_action_back_up_cancel_action.dir/test_back_up_cancel_node.cpp.o[0m
[494.515s] [ 74%] [32mBuilding CXX object test/plugins/action/CMakeFiles/test_action_controller_cancel_action.dir/test_controller_cancel_node.cpp.o[0m
[495.549s] [ 74%] [32mBuilding CXX object test/plugins/action/CMakeFiles/test_action_assisted_teleop_action.dir/test_assisted_teleop_action.cpp.o[0m
[496.574s] [ 75%] [32mBuilding CXX object test/plugins/action/CMakeFiles/test_action_wait_action.dir/test_wait_action.cpp.o[0m
[497.638s] [ 75%] [32mBuilding CXX object test/plugins/action/CMakeFiles/test_action_drive_on_heading.dir/test_drive_on_heading_action.cpp.o[0m
[506.934s] [ 75%] [32m[1mLinking CXX executable test_action_spin_cancel_action[0m
[507.726s] [ 75%] Built target test_action_spin_cancel_action
[508.065s] [ 76%] [32m[1mLinking CXX executable test_action_back_up_cancel_action[0m
[508.966s] [ 76%] Built target test_action_back_up_cancel_action
[510.359s] [ 77%] [32m[1mLinking CXX executable test_action_controller_cancel_action[0m
[510.697s] [ 78%] [32m[1mLinking CXX executable test_action_assisted_teleop_action[0m
[510.933s] [ 78%] [32m[1mLinking CXX executable test_action_wait_action[0m
[511.056s] [ 78%] Built target test_action_controller_cancel_action
[511.414s] [ 78%] Built target test_action_assisted_teleop_action
[511.578s] [ 78%] Built target test_action_wait_action
[512.713s] [ 79%] [32m[1mLinking CXX executable test_action_drive_on_heading[0m
[513.329s] [ 79%] Built target test_action_drive_on_heading
[513.386s] [ 79%] [32mBuilding CXX object test/plugins/action/CMakeFiles/test_action_compute_path_to_pose_action.dir/test_compute_path_to_pose_action.cpp.o[0m
[523.417s] [ 79%] [32mBuilding CXX object test/plugins/action/CMakeFiles/test_action_compute_path_through_poses_action.dir/test_compute_path_through_poses_action.cpp.o[0m
[524.356s] [ 80%] [32m[1mLinking CXX executable test_action_compute_path_to_pose_action[0m
[524.459s] [ 81%] [32mBuilding CXX object test/plugins/action/CMakeFiles/test_action_reinitialize_global_localization_service.dir/test_reinitialize_global_localization_service.cpp.o[0m
[524.512s] [ 81%] [32mBuilding CXX object test/plugins/action/CMakeFiles/test_action_clear_costmap_service.dir/test_clear_costmap_service.cpp.o[0m
[525.140s] [ 81%] Built target test_action_compute_path_to_pose_action
[525.218s] [ 81%] [32mBuilding CXX object test/plugins/action/CMakeFiles/test_action_drive_on_heading_cancel_action.dir/test_drive_on_heading_cancel_node.cpp.o[0m
[526.295s] [ 82%] [32mBuilding CXX object test/plugins/action/CMakeFiles/test_action_smooth_path_action.dir/test_smooth_path_action.cpp.o[0m
[527.335s] [ 82%] [32mBuilding CXX object test/plugins/action/CMakeFiles/test_action_assisted_teleop_cancel_action.dir/test_assisted_teleop_cancel_node.cpp.o[0m
[545.695s] [ 82%] [32m[1mLinking CXX executable test_action_reinitialize_global_localization_service[0m
[546.365s] [ 82%] Built target test_action_reinitialize_global_localization_service
[546.365s] [ 83%] [32m[1mLinking CXX executable test_action_compute_path_through_poses_action[0m
[546.871s] [ 84%] [32m[1mLinking CXX executable test_action_drive_on_heading_cancel_action[0m
[547.056s] [ 84%] Built target test_action_compute_path_through_poses_action
[547.536s] [ 84%] Built target test_action_drive_on_heading_cancel_action
[547.850s] [ 84%] [32m[1mLinking CXX executable test_action_smooth_path_action[0m
[548.423s] [ 84%] Built target test_action_smooth_path_action
[548.705s] [ 85%] [32m[1mLinking CXX executable test_action_clear_costmap_service[0m
[549.313s] [ 85%] Built target test_action_clear_costmap_service
[550.683s] [ 86%] [32m[1mLinking CXX executable test_action_assisted_teleop_cancel_action[0m
[551.474s] [ 86%] Built target test_action_assisted_teleop_cancel_action
[551.538s] [ 86%] [32mBuilding CXX object test/plugins/action/CMakeFiles/test_truncate_path_local_action.dir/test_truncate_path_local_action.cpp.o[0m
[563.375s] [ 87%] [32m[1mLinking CXX executable test_truncate_path_local_action[0m
[563.932s] [ 87%] Built target test_truncate_path_local_action
[563.968s] [ 87%] [32mBuilding CXX object test/plugins/action/CMakeFiles/test_remove_passed_goals_action.dir/test_remove_passed_goals_action.cpp.o[0m
[567.993s] [ 88%] [32mBuilding CXX object test/plugins/action/CMakeFiles/test_truncate_path_action.dir/test_truncate_path_action.cpp.o[0m
[567.993s] [ 88%] [32mBuilding CXX object test/plugins/action/CMakeFiles/test_get_pose_from_path_action.dir/test_get_pose_from_path_action.cpp.o[0m
[569.066s] [ 90%] [32mBuilding CXX object test/plugins/action/CMakeFiles/test_action_navigate_through_poses_action.dir/test_navigate_through_poses_action.cpp.o[0m
[569.066s] [ 90%] [32mBuilding CXX object test/plugins/action/CMakeFiles/test_action_navigate_to_pose_action.dir/test_navigate_to_pose_action.cpp.o[0m
[570.139s] [ 90%] [32mBuilding CXX object test/plugins/action/CMakeFiles/test_action_follow_path_action.dir/test_follow_path_action.cpp.o[0m
[570.169s] [ 90%] [32mBuilding CXX object test/plugins/action/CMakeFiles/test_action_back_up_action.dir/test_back_up_action.cpp.o[0m
[571.237s] [ 90%] [32mBuilding CXX object test/plugins/condition/CMakeFiles/test_condition_is_stuck.dir/test_is_stuck.cpp.o[0m
[586.125s] [ 91%] [32m[1mLinking CXX executable test_remove_passed_goals_action[0m
[587.959s] [ 91%] Built target test_remove_passed_goals_action
[590.962s] [ 92%] [32m[1mLinking CXX executable test_truncate_path_action[0m
[592.538s] [ 92%] Built target test_truncate_path_action
[595.448s] [ 92%] [32m[1mLinking CXX executable test_get_pose_from_path_action[0m
[596.839s] [ 92%] Built target test_get_pose_from_path_action
[597.450s] [ 92%] [32m[1mLinking CXX executable test_action_follow_path_action[0m
[597.976s] [ 92%] [32m[1mLinking CXX executable test_action_navigate_through_poses_action[0m
[597.977s] [ 92%] [32m[1mLinking CXX executable test_action_navigate_to_pose_action[0m
[598.737s] [ 92%] Built target test_action_follow_path_action
[599.017s] [ 92%] Built target test_action_navigate_to_pose_action
[599.083s] [ 92%] Built target test_action_navigate_through_poses_action
[599.671s] [ 93%] [32m[1mLinking CXX executable test_action_back_up_action[0m
[600.266s] [ 93%] Built target test_action_back_up_action
[600.952s] [ 94%] [32m[1mLinking CXX executable test_condition_is_stuck[0m
[601.556s] [ 94%] Built target test_condition_is_stuck
[601.599s] [ 94%] [32mBuilding CXX object test/plugins/condition/CMakeFiles/test_condition_initial_pose_received.dir/test_initial_pose_received.cpp.o[0m
[611.102s] [ 95%] [32m[1mLinking CXX executable test_condition_initial_pose_received[0m
[611.602s] [ 95%] Built target test_condition_initial_pose_received
[611.642s] [ 95%] [32mBuilding CXX object test/plugins/action/CMakeFiles/test_progress_checker_selector_node.dir/test_progress_checker_selector_node.cpp.o[0m
[621.782s] [ 96%] [32m[1mLinking CXX executable test_progress_checker_selector_node[0m
[622.281s] [ 96%] Built target test_progress_checker_selector_node
[622.320s] [ 96%] [32mBuilding CXX object test/plugins/action/CMakeFiles/test_goal_checker_selector_node.dir/test_goal_checker_selector_node.cpp.o[0m
[635.476s] [ 97%] [32m[1mLinking CXX executable test_goal_checker_selector_node[0m
[636.425s] [ 97%] Built target test_goal_checker_selector_node
[636.525s] [ 97%] [32mBuilding CXX object test/plugins/action/CMakeFiles/test_smoother_selector_node.dir/test_smoother_selector_node.cpp.o[0m
[653.467s] [ 98%] [32m[1mLinking CXX executable test_smoother_selector_node[0m
[654.501s] [ 98%] Built target test_smoother_selector_node
[654.700s] [ 99%] [32mBuilding CXX object test/plugins/action/CMakeFiles/test_controller_selector_node.dir/test_controller_selector_node.cpp.o[0m
[670.758s] [ 99%] [32m[1mLinking CXX executable test_controller_selector_node[0m
[671.478s] [ 99%] Built target test_controller_selector_node
[671.537s] [ 99%] [32mBuilding CXX object test/plugins/action/CMakeFiles/test_planner_selector_node.dir/test_planner_selector_node.cpp.o[0m
[686.134s] [100%] [32m[1mLinking CXX executable test_planner_selector_node[0m
[686.914s] [100%] Built target test_planner_selector_node
[686.980s] Invoked command in '/home/ros2/Documents/fa_ROS2_ws/build/nav2_behavior_tree' returned '0': AMENT_PREFIX_PATH=/home/ros2/Documents/fa_ROS2_ws/install/nav2_util:/home/ros2/Documents/fa_ROS2_ws/install/nav2_msgs:/home/ros2/Documents/fa_ROS2_ws/install/nav2_common:${AMENT_PREFIX_PATH} CMAKE_PREFIX_PATH=/home/ros2/Documents/fa_ROS2_ws/install/nav2_util:/home/ros2/Documents/fa_ROS2_ws/install/nav2_msgs:/home/ros2/Documents/fa_ROS2_ws/install/nav2_common:/home/ros2/Documents/fa_ROS2_ws/install/smart_car:/home/ros2/Documents/fa_ROS2_ws/install/car_gazebo_plugin:/home/ros2/Documents/fa_ROS2_ws/install/smartcar_msgs:/home/ros2/Documents/fa_ROS2_ws/install/ackermann_msgs:/opt/ros/humble LD_LIBRARY_PATH=/home/ros2/Documents/fa_ROS2_ws/install/nav2_util/lib:/home/ros2/Documents/fa_ROS2_ws/install/nav2_msgs/lib:/home/ros2/Documents/fa_ROS2_ws/install/car_gazebo_plugin/lib:/home/ros2/Documents/fa_ROS2_ws/install/smartcar_msgs/lib:/home/ros2/Documents/fa_ROS2_ws/install/ackermann_msgs/lib:/usr/lib/x86_64-linux-gnu/gazebo-11/plugins:/opt/ros/humble/opt/rviz_ogre_vendor/lib:/opt/ros/humble/lib/x86_64-linux-gnu:/opt/ros/humble/lib:/tmp/.mount_cursorflfrK2/usr/lib:/usr/lib/x86_64-linux-gnu/gazebo-11/plugins:/usr/lib/x86_64-linux-gnu/gazebo-11/plugins:/usr/lib/x86_64-linux-gnu/gazebo-11/plugins PYTHONPATH=/home/ros2/Documents/fa_ROS2_ws/install/nav2_msgs/local/lib/python3.10/dist-packages:/home/ros2/Documents/fa_ROS2_ws/install/nav2_common/local/lib/python3.10/dist-packages:${PYTHONPATH} /usr/bin/cmake --build /home/ros2/Documents/fa_ROS2_ws/build/nav2_behavior_tree -- -j8 -l8
[687.822s] Invoking command in '/home/ros2/Documents/fa_ROS2_ws/build/nav2_behavior_tree': AMENT_PREFIX_PATH=/home/ros2/Documents/fa_ROS2_ws/install/nav2_util:/home/ros2/Documents/fa_ROS2_ws/install/nav2_msgs:/home/ros2/Documents/fa_ROS2_ws/install/nav2_common:${AMENT_PREFIX_PATH} CMAKE_PREFIX_PATH=/home/ros2/Documents/fa_ROS2_ws/install/nav2_util:/home/ros2/Documents/fa_ROS2_ws/install/nav2_msgs:/home/ros2/Documents/fa_ROS2_ws/install/nav2_common:/home/ros2/Documents/fa_ROS2_ws/install/smart_car:/home/ros2/Documents/fa_ROS2_ws/install/car_gazebo_plugin:/home/ros2/Documents/fa_ROS2_ws/install/smartcar_msgs:/home/ros2/Documents/fa_ROS2_ws/install/ackermann_msgs:/opt/ros/humble LD_LIBRARY_PATH=/home/ros2/Documents/fa_ROS2_ws/install/nav2_util/lib:/home/ros2/Documents/fa_ROS2_ws/install/nav2_msgs/lib:/home/ros2/Documents/fa_ROS2_ws/install/car_gazebo_plugin/lib:/home/ros2/Documents/fa_ROS2_ws/install/smartcar_msgs/lib:/home/ros2/Documents/fa_ROS2_ws/install/ackermann_msgs/lib:/usr/lib/x86_64-linux-gnu/gazebo-11/plugins:/opt/ros/humble/opt/rviz_ogre_vendor/lib:/opt/ros/humble/lib/x86_64-linux-gnu:/opt/ros/humble/lib:/tmp/.mount_cursorflfrK2/usr/lib:/usr/lib/x86_64-linux-gnu/gazebo-11/plugins:/usr/lib/x86_64-linux-gnu/gazebo-11/plugins:/usr/lib/x86_64-linux-gnu/gazebo-11/plugins PYTHONPATH=/home/ros2/Documents/fa_ROS2_ws/install/nav2_msgs/local/lib/python3.10/dist-packages:/home/ros2/Documents/fa_ROS2_ws/install/nav2_common/local/lib/python3.10/dist-packages:${PYTHONPATH} /usr/bin/cmake --install /home/ros2/Documents/fa_ROS2_ws/build/nav2_behavior_tree
[696.720s] -- Install configuration: "Release"
[696.720s] -- Execute custom install script
[696.720s] -- Symlinking: /home/ros2/Documents/fa_ROS2_ws/install/nav2_behavior_tree/lib/libnav2_behavior_tree.so
[696.720s] -- Symlinking: /home/ros2/Documents/fa_ROS2_ws/install/nav2_behavior_tree/lib/libnav2_compute_path_to_pose_action_bt_node.so
[696.721s] -- Symlinking: /home/ros2/Documents/fa_ROS2_ws/install/nav2_behavior_tree/lib/libnav2_compute_path_through_poses_action_bt_node.so
[696.721s] -- Symlinking: /home/ros2/Documents/fa_ROS2_ws/install/nav2_behavior_tree/lib/libnav2_controller_cancel_bt_node.so
[696.721s] -- Symlinking: /home/ros2/Documents/fa_ROS2_ws/install/nav2_behavior_tree/lib/libnav2_wait_cancel_bt_node.so
[696.721s] -- Symlinking: /home/ros2/Documents/fa_ROS2_ws/install/nav2_behavior_tree/lib/libnav2_spin_cancel_bt_node.so
[696.721s] -- Symlinking: /home/ros2/Documents/fa_ROS2_ws/install/nav2_behavior_tree/lib/libnav2_back_up_cancel_bt_node.so
[696.721s] -- Symlinking: /home/ros2/Documents/fa_ROS2_ws/install/nav2_behavior_tree/lib/libnav2_assisted_teleop_cancel_bt_node.so
[696.721s] -- Symlinking: /home/ros2/Documents/fa_ROS2_ws/install/nav2_behavior_tree/lib/libnav2_drive_on_heading_cancel_bt_node.so
[696.721s] -- Symlinking: /home/ros2/Documents/fa_ROS2_ws/install/nav2_behavior_tree/lib/libnav2_smooth_path_action_bt_node.so
[696.721s] -- Symlinking: /home/ros2/Documents/fa_ROS2_ws/install/nav2_behavior_tree/lib/libnav2_follow_path_action_bt_node.so
[696.721s] -- Symlinking: /home/ros2/Documents/fa_ROS2_ws/install/nav2_behavior_tree/lib/libnav2_back_up_action_bt_node.so
[696.721s] -- Symlinking: /home/ros2/Documents/fa_ROS2_ws/install/nav2_behavior_tree/lib/libnav2_drive_on_heading_bt_node.so
[696.722s] -- Symlinking: /home/ros2/Documents/fa_ROS2_ws/install/nav2_behavior_tree/lib/libnav2_spin_action_bt_node.so
[696.722s] -- Symlinking: /home/ros2/Documents/fa_ROS2_ws/install/nav2_behavior_tree/lib/libnav2_wait_action_bt_node.so
[696.727s] -- Symlinking: /home/ros2/Documents/fa_ROS2_ws/install/nav2_behavior_tree/lib/libnav2_assisted_teleop_action_bt_node.so
[696.727s] -- Symlinking: /home/ros2/Documents/fa_ROS2_ws/install/nav2_behavior_tree/lib/libnav2_clear_costmap_service_bt_node.so
[696.727s] -- Symlinking: /home/ros2/Documents/fa_ROS2_ws/install/nav2_behavior_tree/lib/libnav2_is_stuck_condition_bt_node.so
[696.727s] -- Symlinking: /home/ros2/Documents/fa_ROS2_ws/install/nav2_behavior_tree/lib/libnav2_transform_available_condition_bt_node.so
[696.727s] -- Symlinking: /home/ros2/Documents/fa_ROS2_ws/install/nav2_behavior_tree/lib/libnav2_goal_reached_condition_bt_node.so
[696.728s] -- Symlinking: /home/ros2/Documents/fa_ROS2_ws/install/nav2_behavior_tree/lib/libnav2_globally_updated_goal_condition_bt_node.so
[696.728s] -- Symlinking: /home/ros2/Documents/fa_ROS2_ws/install/nav2_behavior_tree/lib/libnav2_goal_updated_condition_bt_node.so
[696.728s] -- Symlinking: /home/ros2/Documents/fa_ROS2_ws/install/nav2_behavior_tree/lib/libnav2_is_path_valid_condition_bt_node.so
[696.728s] -- Symlinking: /home/ros2/Documents/fa_ROS2_ws/install/nav2_behavior_tree/lib/libnav2_time_expired_condition_bt_node.so
[696.732s] -- Symlinking: /home/ros2/Documents/fa_ROS2_ws/install/nav2_behavior_tree/lib/libnav2_path_expiring_timer_condition.so
[696.732s] -- Symlinking: /home/ros2/Documents/fa_ROS2_ws/install/nav2_behavior_tree/lib/libnav2_distance_traveled_condition_bt_node.so
[696.732s] -- Symlinking: /home/ros2/Documents/fa_ROS2_ws/install/nav2_behavior_tree/lib/libnav2_initial_pose_received_condition_bt_node.so
[696.733s] -- Symlinking: /home/ros2/Documents/fa_ROS2_ws/install/nav2_behavior_tree/lib/libnav2_is_battery_charging_condition_bt_node.so
[696.733s] -- Symlinking: /home/ros2/Documents/fa_ROS2_ws/install/nav2_behavior_tree/lib/libnav2_is_battery_low_condition_bt_node.so
[696.733s] -- Symlinking: /home/ros2/Documents/fa_ROS2_ws/install/nav2_behavior_tree/lib/libnav2_reinitialize_global_localization_service_bt_node.so
[696.733s] -- Symlinking: /home/ros2/Documents/fa_ROS2_ws/install/nav2_behavior_tree/lib/libnav2_rate_controller_bt_node.so
[696.733s] -- Symlinking: /home/ros2/Documents/fa_ROS2_ws/install/nav2_behavior_tree/lib/libnav2_distance_controller_bt_node.so
[696.733s] -- Symlinking: /home/ros2/Documents/fa_ROS2_ws/install/nav2_behavior_tree/lib/libnav2_speed_controller_bt_node.so
[696.734s] -- Symlinking: /home/ros2/Documents/fa_ROS2_ws/install/nav2_behavior_tree/lib/libnav2_truncate_path_action_bt_node.so
[696.734s] -- Symlinking: /home/ros2/Documents/fa_ROS2_ws/install/nav2_behavior_tree/lib/libnav2_truncate_path_local_action_bt_node.so
[696.734s] -- Symlinking: /home/ros2/Documents/fa_ROS2_ws/install/nav2_behavior_tree/lib/libnav2_goal_updater_node_bt_node.so
[696.734s] -- Symlinking: /home/ros2/Documents/fa_ROS2_ws/install/nav2_behavior_tree/lib/libnav2_path_longer_on_approach_bt_node.so
[696.734s] -- Symlinking: /home/ros2/Documents/fa_ROS2_ws/install/nav2_behavior_tree/lib/libnav2_recovery_node_bt_node.so
[696.734s] -- Symlinking: /home/ros2/Documents/fa_ROS2_ws/install/nav2_behavior_tree/lib/libnav2_navigate_to_pose_action_bt_node.so
[696.734s] -- Symlinking: /home/ros2/Documents/fa_ROS2_ws/install/nav2_behavior_tree/lib/libnav2_navigate_through_poses_action_bt_node.so
[696.734s] -- Symlinking: /home/ros2/Documents/fa_ROS2_ws/install/nav2_behavior_tree/lib/libnav2_remove_passed_goals_action_bt_node.so
[696.735s] -- Symlinking: /home/ros2/Documents/fa_ROS2_ws/install/nav2_behavior_tree/lib/libnav2_get_pose_from_path_action_bt_node.so
[696.735s] -- Symlinking: /home/ros2/Documents/fa_ROS2_ws/install/nav2_behavior_tree/lib/libnav2_pipeline_sequence_bt_node.so
[696.741s] -- Symlinking: /home/ros2/Documents/fa_ROS2_ws/install/nav2_behavior_tree/lib/libnav2_round_robin_node_bt_node.so
[696.742s] -- Symlinking: /home/ros2/Documents/fa_ROS2_ws/install/nav2_behavior_tree/lib/libnav2_single_trigger_bt_node.so
[696.742s] -- Symlinking: /home/ros2/Documents/fa_ROS2_ws/install/nav2_behavior_tree/lib/libnav2_planner_selector_bt_node.so
[696.743s] -- Symlinking: /home/ros2/Documents/fa_ROS2_ws/install/nav2_behavior_tree/lib/libnav2_controller_selector_bt_node.so
[696.743s] -- Symlinking: /home/ros2/Documents/fa_ROS2_ws/install/nav2_behavior_tree/lib/libnav2_smoother_selector_bt_node.so
[696.743s] -- Symlinking: /home/ros2/Documents/fa_ROS2_ws/install/nav2_behavior_tree/lib/libnav2_goal_checker_selector_bt_node.so
[696.743s] -- Symlinking: /home/ros2/Documents/fa_ROS2_ws/install/nav2_behavior_tree/lib/libnav2_progress_checker_selector_bt_node.so
[696.743s] -- Symlinking: /home/ros2/Documents/fa_ROS2_ws/install/nav2_behavior_tree/lib/libnav2_goal_updated_controller_bt_node.so
[696.743s] -- Symlinking: /home/ros2/Documents/fa_ROS2_ws/install/nav2_behavior_tree/include//nav2_behavior_tree/behavior_tree_engine.hpp
[696.743s] -- Symlinking: /home/ros2/Documents/fa_ROS2_ws/install/nav2_behavior_tree/include//nav2_behavior_tree/bt_action_node.hpp
[696.744s] -- Symlinking: /home/ros2/Documents/fa_ROS2_ws/install/nav2_behavior_tree/include//nav2_behavior_tree/bt_action_server.hpp
[696.744s] -- Symlinking: /home/ros2/Documents/fa_ROS2_ws/install/nav2_behavior_tree/include//nav2_behavior_tree/bt_action_server_impl.hpp
[696.744s] -- Symlinking: /home/ros2/Documents/fa_ROS2_ws/install/nav2_behavior_tree/include//nav2_behavior_tree/bt_cancel_action_node.hpp
[696.744s] -- Symlinking: /home/ros2/Documents/fa_ROS2_ws/install/nav2_behavior_tree/include//nav2_behavior_tree/bt_conversions.hpp
[696.744s] -- Symlinking: /home/ros2/Documents/fa_ROS2_ws/install/nav2_behavior_tree/include//nav2_behavior_tree/bt_service_node.hpp
[696.744s] -- Symlinking: /home/ros2/Documents/fa_ROS2_ws/install/nav2_behavior_tree/include//nav2_behavior_tree/plugins/action/assisted_teleop_action.hpp
[696.744s] -- Symlinking: /home/ros2/Documents/fa_ROS2_ws/install/nav2_behavior_tree/include//nav2_behavior_tree/plugins/action/assisted_teleop_cancel_node.hpp
[696.744s] -- Symlinking: /home/ros2/Documents/fa_ROS2_ws/install/nav2_behavior_tree/include//nav2_behavior_tree/plugins/action/back_up_action.hpp
[696.744s] -- Symlinking: /home/ros2/Documents/fa_ROS2_ws/install/nav2_behavior_tree/include//nav2_behavior_tree/plugins/action/back_up_cancel_node.hpp
[696.745s] -- Symlinking: /home/ros2/Documents/fa_ROS2_ws/install/nav2_behavior_tree/include//nav2_behavior_tree/plugins/action/clear_costmap_service.hpp
[696.745s] -- Symlinking: /home/ros2/Documents/fa_ROS2_ws/install/nav2_behavior_tree/include//nav2_behavior_tree/plugins/action/compute_path_through_poses_action.hpp
[696.745s] -- Symlinking: /home/ros2/Documents/fa_ROS2_ws/install/nav2_behavior_tree/include//nav2_behavior_tree/plugins/action/compute_path_to_pose_action.hpp
[696.745s] -- Symlinking: /home/ros2/Documents/fa_ROS2_ws/install/nav2_behavior_tree/include//nav2_behavior_tree/plugins/action/controller_cancel_node.hpp
[696.753s] -- Symlinking: /home/ros2/Documents/fa_ROS2_ws/install/nav2_behavior_tree/include//nav2_behavior_tree/plugins/action/controller_selector_node.hpp
[696.753s] -- Symlinking: /home/ros2/Documents/fa_ROS2_ws/install/nav2_behavior_tree/include//nav2_behavior_tree/plugins/action/drive_on_heading_action.hpp
[696.754s] -- Symlinking: /home/ros2/Documents/fa_ROS2_ws/install/nav2_behavior_tree/include//nav2_behavior_tree/plugins/action/drive_on_heading_cancel_node.hpp
[696.754s] -- Symlinking: /home/ros2/Documents/fa_ROS2_ws/install/nav2_behavior_tree/include//nav2_behavior_tree/plugins/action/follow_path_action.hpp
[696.754s] -- Symlinking: /home/ros2/Documents/fa_ROS2_ws/install/nav2_behavior_tree/include//nav2_behavior_tree/plugins/action/get_pose_from_path_action.hpp
[696.754s] -- Symlinking: /home/ros2/Documents/fa_ROS2_ws/install/nav2_behavior_tree/include//nav2_behavior_tree/plugins/action/goal_checker_selector_node.hpp
[696.755s] -- Symlinking: /home/ros2/Documents/fa_ROS2_ws/install/nav2_behavior_tree/include//nav2_behavior_tree/plugins/action/navigate_through_poses_action.hpp
[696.755s] -- Symlinking: /home/ros2/Documents/fa_ROS2_ws/install/nav2_behavior_tree/include//nav2_behavior_tree/plugins/action/navigate_to_pose_action.hpp
[696.755s] -- Symlinking: /home/ros2/Documents/fa_ROS2_ws/install/nav2_behavior_tree/include//nav2_behavior_tree/plugins/action/planner_selector_node.hpp
[696.758s] -- Symlinking: /home/ros2/Documents/fa_ROS2_ws/install/nav2_behavior_tree/include//nav2_behavior_tree/plugins/action/progress_checker_selector_node.hpp
[696.758s] -- Symlinking: /home/ros2/Documents/fa_ROS2_ws/install/nav2_behavior_tree/include//nav2_behavior_tree/plugins/action/reinitialize_global_localization_service.hpp
[696.759s] -- Symlinking: /home/ros2/Documents/fa_ROS2_ws/install/nav2_behavior_tree/include//nav2_behavior_tree/plugins/action/remove_passed_goals_action.hpp
[696.759s] -- Symlinking: /home/ros2/Documents/fa_ROS2_ws/install/nav2_behavior_tree/include//nav2_behavior_tree/plugins/action/smooth_path_action.hpp
[696.759s] -- Symlinking: /home/ros2/Documents/fa_ROS2_ws/install/nav2_behavior_tree/include//nav2_behavior_tree/plugins/action/smoother_selector_node.hpp
[696.759s] -- Symlinking: /home/ros2/Documents/fa_ROS2_ws/install/nav2_behavior_tree/include//nav2_behavior_tree/plugins/action/spin_action.hpp
[696.759s] -- Symlinking: /home/ros2/Documents/fa_ROS2_ws/install/nav2_behavior_tree/include//nav2_behavior_tree/plugins/action/spin_cancel_node.hpp
[696.759s] -- Symlinking: /home/ros2/Documents/fa_ROS2_ws/install/nav2_behavior_tree/include//nav2_behavior_tree/plugins/action/truncate_path_action.hpp
[696.759s] -- Symlinking: /home/ros2/Documents/fa_ROS2_ws/install/nav2_behavior_tree/include//nav2_behavior_tree/plugins/action/truncate_path_local_action.hpp
[696.768s] -- Symlinking: /home/ros2/Documents/fa_ROS2_ws/install/nav2_behavior_tree/include//nav2_behavior_tree/plugins/action/wait_action.hpp
[696.768s] -- Symlinking: /home/ros2/Documents/fa_ROS2_ws/install/nav2_behavior_tree/include//nav2_behavior_tree/plugins/action/wait_cancel_node.hpp
[696.769s] -- Symlinking: /home/ros2/Documents/fa_ROS2_ws/install/nav2_behavior_tree/include//nav2_behavior_tree/plugins/condition/distance_traveled_condition.hpp
[696.769s] -- Symlinking: /home/ros2/Documents/fa_ROS2_ws/install/nav2_behavior_tree/include//nav2_behavior_tree/plugins/condition/globally_updated_goal_condition.hpp
[696.769s] -- Symlinking: /home/ros2/Documents/fa_ROS2_ws/install/nav2_behavior_tree/include//nav2_behavior_tree/plugins/condition/goal_reached_condition.hpp
[696.769s] -- Symlinking: /home/ros2/Documents/fa_ROS2_ws/install/nav2_behavior_tree/include//nav2_behavior_tree/plugins/condition/goal_updated_condition.hpp
[696.769s] -- Symlinking: /home/ros2/Documents/fa_ROS2_ws/install/nav2_behavior_tree/include//nav2_behavior_tree/plugins/condition/initial_pose_received_condition.hpp
[696.770s] -- Symlinking: /home/ros2/Documents/fa_ROS2_ws/install/nav2_behavior_tree/include//nav2_behavior_tree/plugins/condition/is_battery_charging_condition.hpp
[696.770s] -- Symlinking: /home/ros2/Documents/fa_ROS2_ws/install/nav2_behavior_tree/include//nav2_behavior_tree/plugins/condition/is_battery_low_condition.hpp
[696.770s] -- Symlinking: /home/ros2/Documents/fa_ROS2_ws/install/nav2_behavior_tree/include//nav2_behavior_tree/plugins/condition/is_path_valid_condition.hpp
[696.770s] -- Symlinking: /home/ros2/Documents/fa_ROS2_ws/install/nav2_behavior_tree/include//nav2_behavior_tree/plugins/condition/is_stuck_condition.hpp
[696.770s] -- Symlinking: /home/ros2/Documents/fa_ROS2_ws/install/nav2_behavior_tree/include//nav2_behavior_tree/plugins/condition/path_expiring_timer_condition.hpp
[696.770s] -- Symlinking: /home/ros2/Documents/fa_ROS2_ws/install/nav2_behavior_tree/include//nav2_behavior_tree/plugins/condition/time_expired_condition.hpp
[696.771s] -- Symlinking: /home/ros2/Documents/fa_ROS2_ws/install/nav2_behavior_tree/include//nav2_behavior_tree/plugins/condition/transform_available_condition.hpp
[696.771s] -- Symlinking: /home/ros2/Documents/fa_ROS2_ws/install/nav2_behavior_tree/include//nav2_behavior_tree/plugins/control/pipeline_sequence.hpp
[696.771s] -- Symlinking: /home/ros2/Documents/fa_ROS2_ws/install/nav2_behavior_tree/include//nav2_behavior_tree/plugins/control/recovery_node.hpp
[696.771s] -- Symlinking: /home/ros2/Documents/fa_ROS2_ws/install/nav2_behavior_tree/include//nav2_behavior_tree/plugins/control/round_robin_node.hpp
[696.771s] -- Symlinking: /home/ros2/Documents/fa_ROS2_ws/install/nav2_behavior_tree/include//nav2_behavior_tree/plugins/decorator/distance_controller.hpp
[696.771s] -- Symlinking: /home/ros2/Documents/fa_ROS2_ws/install/nav2_behavior_tree/include//nav2_behavior_tree/plugins/decorator/goal_updated_controller.hpp
[696.771s] -- Symlinking: /home/ros2/Documents/fa_ROS2_ws/install/nav2_behavior_tree/include//nav2_behavior_tree/plugins/decorator/goal_updater_node.hpp
[696.771s] -- Symlinking: /home/ros2/Documents/fa_ROS2_ws/install/nav2_behavior_tree/include//nav2_behavior_tree/plugins/decorator/path_longer_on_approach.hpp
[696.787s] -- Symlinking: /home/ros2/Documents/fa_ROS2_ws/install/nav2_behavior_tree/include//nav2_behavior_tree/plugins/decorator/rate_controller.hpp
[696.787s] -- Symlinking: /home/ros2/Documents/fa_ROS2_ws/install/nav2_behavior_tree/include//nav2_behavior_tree/plugins/decorator/single_trigger_node.hpp
[696.787s] -- Symlinking: /home/ros2/Documents/fa_ROS2_ws/install/nav2_behavior_tree/include//nav2_behavior_tree/plugins/decorator/speed_controller.hpp
[696.787s] -- Symlinking: /home/ros2/Documents/fa_ROS2_ws/install/nav2_behavior_tree/include//nav2_behavior_tree/ros_topic_logger.hpp
[696.788s] -- Symlinking: /home/ros2/Documents/fa_ROS2_ws/install/nav2_behavior_tree/share/nav2_behavior_tree/nav2_tree_nodes.xml
[696.788s] -- Symlinking: /home/ros2/Documents/fa_ROS2_ws/install/nav2_behavior_tree/share/nav2_behavior_tree/environment/library_path.sh
[696.788s] -- Symlinking: /home/ros2/Documents/fa_ROS2_ws/install/nav2_behavior_tree/share/nav2_behavior_tree/environment/library_path.dsv
[696.788s] -- Symlinking: /home/ros2/Documents/fa_ROS2_ws/install/nav2_behavior_tree/share/ament_index/resource_index/package_run_dependencies/nav2_behavior_tree
[696.788s] -- Symlinking: /home/ros2/Documents/fa_ROS2_ws/install/nav2_behavior_tree/share/ament_index/resource_index/parent_prefix_path/nav2_behavior_tree
[696.788s] -- Symlinking: /home/ros2/Documents/fa_ROS2_ws/install/nav2_behavior_tree/share/nav2_behavior_tree/environment/ament_prefix_path.sh
[696.788s] -- Symlinking: /home/ros2/Documents/fa_ROS2_ws/install/nav2_behavior_tree/share/nav2_behavior_tree/environment/ament_prefix_path.dsv
[696.788s] -- Symlinking: /home/ros2/Documents/fa_ROS2_ws/install/nav2_behavior_tree/share/nav2_behavior_tree/environment/path.sh
[696.788s] -- Symlinking: /home/ros2/Documents/fa_ROS2_ws/install/nav2_behavior_tree/share/nav2_behavior_tree/environment/path.dsv
[696.789s] -- Symlinking: /home/ros2/Documents/fa_ROS2_ws/install/nav2_behavior_tree/share/nav2_behavior_tree/local_setup.bash
[696.789s] -- Symlinking: /home/ros2/Documents/fa_ROS2_ws/install/nav2_behavior_tree/share/nav2_behavior_tree/local_setup.sh
[696.789s] -- Symlinking: /home/ros2/Documents/fa_ROS2_ws/install/nav2_behavior_tree/share/nav2_behavior_tree/local_setup.zsh
[696.789s] -- Symlinking: /home/ros2/Documents/fa_ROS2_ws/install/nav2_behavior_tree/share/nav2_behavior_tree/local_setup.dsv
[696.789s] -- Symlinking: /home/ros2/Documents/fa_ROS2_ws/install/nav2_behavior_tree/share/nav2_behavior_tree/package.dsv
[696.789s] -- Symlinking: /home/ros2/Documents/fa_ROS2_ws/install/nav2_behavior_tree/share/ament_index/resource_index/packages/nav2_behavior_tree
[696.789s] -- Symlinking: /home/ros2/Documents/fa_ROS2_ws/install/nav2_behavior_tree/share/nav2_behavior_tree/cmake/ament_cmake_export_include_directories-extras.cmake
[696.789s] -- Symlinking: /home/ros2/Documents/fa_ROS2_ws/install/nav2_behavior_tree/share/nav2_behavior_tree/cmake/ament_cmake_export_libraries-extras.cmake
[696.790s] -- Symlinking: /home/ros2/Documents/fa_ROS2_ws/install/nav2_behavior_tree/share/nav2_behavior_tree/cmake/ament_cmake_export_dependencies-extras.cmake
[696.793s] -- Symlinking: /home/ros2/Documents/fa_ROS2_ws/install/nav2_behavior_tree/share/nav2_behavior_tree/cmake/nav2_behavior_treeConfig.cmake
[696.793s] -- Symlinking: /home/ros2/Documents/fa_ROS2_ws/install/nav2_behavior_tree/share/nav2_behavior_tree/cmake/nav2_behavior_treeConfig-version.cmake
[696.793s] -- Symlinking: /home/ros2/Documents/fa_ROS2_ws/install/nav2_behavior_tree/share/nav2_behavior_tree/package.xml
[696.795s] Invoked command in '/home/ros2/Documents/fa_ROS2_ws/build/nav2_behavior_tree' returned '0': AMENT_PREFIX_PATH=/home/ros2/Documents/fa_ROS2_ws/install/nav2_util:/home/ros2/Documents/fa_ROS2_ws/install/nav2_msgs:/home/ros2/Documents/fa_ROS2_ws/install/nav2_common:${AMENT_PREFIX_PATH} CMAKE_PREFIX_PATH=/home/ros2/Documents/fa_ROS2_ws/install/nav2_util:/home/ros2/Documents/fa_ROS2_ws/install/nav2_msgs:/home/ros2/Documents/fa_ROS2_ws/install/nav2_common:/home/ros2/Documents/fa_ROS2_ws/install/smart_car:/home/ros2/Documents/fa_ROS2_ws/install/car_gazebo_plugin:/home/ros2/Documents/fa_ROS2_ws/install/smartcar_msgs:/home/ros2/Documents/fa_ROS2_ws/install/ackermann_msgs:/opt/ros/humble LD_LIBRARY_PATH=/home/ros2/Documents/fa_ROS2_ws/install/nav2_util/lib:/home/ros2/Documents/fa_ROS2_ws/install/nav2_msgs/lib:/home/ros2/Documents/fa_ROS2_ws/install/car_gazebo_plugin/lib:/home/ros2/Documents/fa_ROS2_ws/install/smartcar_msgs/lib:/home/ros2/Documents/fa_ROS2_ws/install/ackermann_msgs/lib:/usr/lib/x86_64-linux-gnu/gazebo-11/plugins:/opt/ros/humble/opt/rviz_ogre_vendor/lib:/opt/ros/humble/lib/x86_64-linux-gnu:/opt/ros/humble/lib:/tmp/.mount_cursorflfrK2/usr/lib:/usr/lib/x86_64-linux-gnu/gazebo-11/plugins:/usr/lib/x86_64-linux-gnu/gazebo-11/plugins:/usr/lib/x86_64-linux-gnu/gazebo-11/plugins PYTHONPATH=/home/ros2/Documents/fa_ROS2_ws/install/nav2_msgs/local/lib/python3.10/dist-packages:/home/ros2/Documents/fa_ROS2_ws/install/nav2_common/local/lib/python3.10/dist-packages:${PYTHONPATH} /usr/bin/cmake --install /home/ros2/Documents/fa_ROS2_ws/build/nav2_behavior_tree
