[0.035s] Invoking command in '/home/ros2/Documents/fa_ROS2_ws/build/nav2_voxel_grid': AMENT_PREFIX_PATH=/home/ros2/Documents/fa_ROS2_ws/install/nav2_common:${AMENT_PREFIX_PATH} CMAKE_PREFIX_PATH=/home/ros2/Documents/fa_ROS2_ws/install/nav2_common:/home/ros2/Documents/fa_ROS2_ws/install/smart_car:/home/ros2/Documents/fa_ROS2_ws/install/car_gazebo_plugin:/home/ros2/Documents/fa_ROS2_ws/install/smartcar_msgs:/home/ros2/Documents/fa_ROS2_ws/install/ackermann_msgs:/opt/ros/humble PYTHONPATH=/home/ros2/Documents/fa_ROS2_ws/install/nav2_common/local/lib/python3.10/dist-packages:${PYTHONPATH} /usr/bin/cmake /home/ros2/Documents/fa_ROS2_ws/src/navigation2/nav2_voxel_grid -DAMENT_CMAKE_SYMLINK_INSTALL=1 -DCMAKE_INSTALL_PREFIX=/home/ros2/Documents/fa_ROS2_ws/install/nav2_voxel_grid
[0.172s] -- The C compiler identification is GNU 11.4.0
[0.324s] -- The CXX compiler identification is GNU 11.4.0
[0.358s] -- Detecting C compiler ABI info
[0.532s] -- Detecting C compiler ABI info - done
[0.548s] -- Check for working C compiler: /usr/lib/ccache/gcc - skipped
[0.549s] -- Detecting C compile features
[0.549s] -- Detecting C compile features - done
[0.550s] -- Detecting CXX compiler ABI info
[0.761s] -- Detecting CXX compiler ABI info - done
[0.793s] -- Check for working CXX compiler: /usr/lib/ccache/g++ - skipped
[0.793s] -- Detecting CXX compile features
[0.796s] -- Detecting CXX compile features - done
[0.807s] -- Found ament_cmake: 1.3.10 (/opt/ros/humble/share/ament_cmake/cmake)
[1.286s] -- Found Python3: /usr/bin/python3 (found version "3.10.12") found components: Interpreter 
[1.659s] -- Override CMake install command with custom implementation using symlinks instead of copying resources
[1.865s] -- Found nav2_common: 1.1.17 (/home/ros2/Documents/fa_ROS2_ws/install/nav2_common/share/nav2_common/cmake)
[1.875s] -- Found rclcpp: 16.0.10 (/opt/ros/humble/share/rclcpp/cmake)
[2.000s] -- Found rosidl_generator_c: 3.1.5 (/opt/ros/humble/share/rosidl_generator_c/cmake)
[2.005s] -- Found rosidl_adapter: 3.1.5 (/opt/ros/humble/share/rosidl_adapter/cmake)
[2.030s] -- Found rosidl_generator_cpp: 3.1.5 (/opt/ros/humble/share/rosidl_generator_cpp/cmake)
[2.049s] -- Using all available rosidl_typesupport_c: rosidl_typesupport_fastrtps_c;rosidl_typesupport_introspection_c
[2.076s] -- Using all available rosidl_typesupport_cpp: rosidl_typesupport_fastrtps_cpp;rosidl_typesupport_introspection_cpp
[2.174s] -- Found rmw_implementation_cmake: 6.1.2 (/opt/ros/humble/share/rmw_implementation_cmake/cmake)
[2.179s] -- Found rmw_cyclonedds_cpp: 1.3.4 (/opt/ros/humble/share/rmw_cyclonedds_cpp/cmake)
[2.240s] -- Using RMW implementation 'rmw_cyclonedds_cpp' as default
[2.251s] -- Looking for pthread.h
[3.635s] -- Looking for pthread.h - found
[3.636s] -- Performing Test CMAKE_HAVE_LIBC_PTHREAD
[5.018s] -- Performing Test CMAKE_HAVE_LIBC_PTHREAD - Success
[5.029s] -- Found Threads: TRUE  
[5.360s] -- Setting build type to Release as none was specified.
[5.369s] -- Found ament_lint_auto: 0.12.11 (/opt/ros/humble/share/ament_lint_auto/cmake)
[5.657s] -- Found gtest sources under '/opt/ros/humble/src/gtest_vendor': C++ tests using 'Google Test' will be built
[5.696s] -- Added test 'cppcheck' to perform static code analysis on C / C++ code
[5.697s] -- Configured cppcheck include dirs: /home/ros2/Documents/fa_ROS2_ws/src/navigation2/nav2_voxel_grid/include
[5.698s] -- Configured cppcheck exclude dirs and/or files: 
[5.702s] -- Added test 'cpplint' to check C / C++ code against the Google style
[5.703s] -- Configured cpplint exclude dirs and/or files: 
[5.706s] -- Added test 'lint_cmake' to check CMake code style
[5.709s] -- Added test 'uncrustify' to check C / C++ code style
[5.710s] -- Configured uncrustify additional arguments: 
[5.712s] -- Added test 'xmllint' to check XML markup files
[5.728s] -- Configuring done
[5.816s] -- Generating done
[5.830s] -- Build files have been written to: /home/ros2/Documents/fa_ROS2_ws/build/nav2_voxel_grid
[5.851s] Invoked command in '/home/ros2/Documents/fa_ROS2_ws/build/nav2_voxel_grid' returned '0': AMENT_PREFIX_PATH=/home/ros2/Documents/fa_ROS2_ws/install/nav2_common:${AMENT_PREFIX_PATH} CMAKE_PREFIX_PATH=/home/ros2/Documents/fa_ROS2_ws/install/nav2_common:/home/ros2/Documents/fa_ROS2_ws/install/smart_car:/home/ros2/Documents/fa_ROS2_ws/install/car_gazebo_plugin:/home/ros2/Documents/fa_ROS2_ws/install/smartcar_msgs:/home/ros2/Documents/fa_ROS2_ws/install/ackermann_msgs:/opt/ros/humble PYTHONPATH=/home/ros2/Documents/fa_ROS2_ws/install/nav2_common/local/lib/python3.10/dist-packages:${PYTHONPATH} /usr/bin/cmake /home/ros2/Documents/fa_ROS2_ws/src/navigation2/nav2_voxel_grid -DAMENT_CMAKE_SYMLINK_INSTALL=1 -DCMAKE_INSTALL_PREFIX=/home/ros2/Documents/fa_ROS2_ws/install/nav2_voxel_grid
[5.857s] Invoking command in '/home/ros2/Documents/fa_ROS2_ws/build/nav2_voxel_grid': AMENT_PREFIX_PATH=/home/ros2/Documents/fa_ROS2_ws/install/nav2_common:${AMENT_PREFIX_PATH} CMAKE_PREFIX_PATH=/home/ros2/Documents/fa_ROS2_ws/install/nav2_common:/home/ros2/Documents/fa_ROS2_ws/install/smart_car:/home/ros2/Documents/fa_ROS2_ws/install/car_gazebo_plugin:/home/ros2/Documents/fa_ROS2_ws/install/smartcar_msgs:/home/ros2/Documents/fa_ROS2_ws/install/ackermann_msgs:/opt/ros/humble PYTHONPATH=/home/ros2/Documents/fa_ROS2_ws/install/nav2_common/local/lib/python3.10/dist-packages:${PYTHONPATH} /usr/bin/cmake --build /home/ros2/Documents/fa_ROS2_ws/build/nav2_voxel_grid -- -j8 -l8
[7.170s] [ 10%] [32mBuilding CXX object gtest/CMakeFiles/gtest.dir/src/gtest-all.cc.o[0m
[7.188s] [ 20%] [32mBuilding CXX object gtest/CMakeFiles/gtest_main.dir/src/gtest_main.cc.o[0m
[7.212s] [ 30%] [32mBuilding CXX object CMakeFiles/voxel_grid.dir/src/voxel_grid.cpp.o[0m
[7.875s] [ 40%] [32m[1mLinking CXX static library libgtest_main.a[0m
[7.956s] [ 50%] [32m[1mLinking CXX static library libgtest.a[0m
[8.695s] [ 50%] Built target gtest_main
[8.795s] [ 50%] Built target gtest
[16.089s] [ 60%] [32m[1mLinking CXX shared library libvoxel_grid.so[0m
[16.538s] [ 60%] Built target voxel_grid
[16.814s] [ 80%] [32mBuilding CXX object test/CMakeFiles/voxel_grid_bresenham_3d.dir/voxel_grid_bresenham_3d.cpp.o[0m
[16.819s] [ 80%] [32mBuilding CXX object test/CMakeFiles/voxel_grid_tests.dir/voxel_grid_tests.cpp.o[0m
[23.994s] [ 90%] [32m[1mLinking CXX executable voxel_grid_bresenham_3d[0m
[24.537s] [100%] [32m[1mLinking CXX executable voxel_grid_tests[0m
[25.128s] [100%] Built target voxel_grid_bresenham_3d
[25.406s] [100%] Built target voxel_grid_tests
[25.508s] Invoked command in '/home/ros2/Documents/fa_ROS2_ws/build/nav2_voxel_grid' returned '0': AMENT_PREFIX_PATH=/home/ros2/Documents/fa_ROS2_ws/install/nav2_common:${AMENT_PREFIX_PATH} CMAKE_PREFIX_PATH=/home/ros2/Documents/fa_ROS2_ws/install/nav2_common:/home/ros2/Documents/fa_ROS2_ws/install/smart_car:/home/ros2/Documents/fa_ROS2_ws/install/car_gazebo_plugin:/home/ros2/Documents/fa_ROS2_ws/install/smartcar_msgs:/home/ros2/Documents/fa_ROS2_ws/install/ackermann_msgs:/opt/ros/humble PYTHONPATH=/home/ros2/Documents/fa_ROS2_ws/install/nav2_common/local/lib/python3.10/dist-packages:${PYTHONPATH} /usr/bin/cmake --build /home/ros2/Documents/fa_ROS2_ws/build/nav2_voxel_grid -- -j8 -l8
[26.370s] Invoking command in '/home/ros2/Documents/fa_ROS2_ws/build/nav2_voxel_grid': AMENT_PREFIX_PATH=/home/ros2/Documents/fa_ROS2_ws/install/nav2_common:${AMENT_PREFIX_PATH} CMAKE_PREFIX_PATH=/home/ros2/Documents/fa_ROS2_ws/install/nav2_common:/home/ros2/Documents/fa_ROS2_ws/install/smart_car:/home/ros2/Documents/fa_ROS2_ws/install/car_gazebo_plugin:/home/ros2/Documents/fa_ROS2_ws/install/smartcar_msgs:/home/ros2/Documents/fa_ROS2_ws/install/ackermann_msgs:/opt/ros/humble PYTHONPATH=/home/ros2/Documents/fa_ROS2_ws/install/nav2_common/local/lib/python3.10/dist-packages:${PYTHONPATH} /usr/bin/cmake --install /home/ros2/Documents/fa_ROS2_ws/build/nav2_voxel_grid
[26.396s] -- Install configuration: "Release"
[26.396s] -- Execute custom install script
[26.396s] -- Symlinking: /home/ros2/Documents/fa_ROS2_ws/install/nav2_voxel_grid/lib/libvoxel_grid.so
[26.441s] -- Symlinking: /home/ros2/Documents/fa_ROS2_ws/install/nav2_voxel_grid/include/nav2_voxel_grid/voxel_grid.hpp
[26.480s] -- Symlinking: /home/ros2/Documents/fa_ROS2_ws/install/nav2_voxel_grid/share/nav2_voxel_grid/environment/library_path.sh
[26.496s] -- Symlinking: /home/ros2/Documents/fa_ROS2_ws/install/nav2_voxel_grid/share/nav2_voxel_grid/environment/library_path.dsv
[26.515s] -- Symlinking: /home/ros2/Documents/fa_ROS2_ws/install/nav2_voxel_grid/share/ament_index/resource_index/package_run_dependencies/nav2_voxel_grid
[26.541s] -- Symlinking: /home/ros2/Documents/fa_ROS2_ws/install/nav2_voxel_grid/share/ament_index/resource_index/parent_prefix_path/nav2_voxel_grid
[26.575s] -- Symlinking: /home/ros2/Documents/fa_ROS2_ws/install/nav2_voxel_grid/share/nav2_voxel_grid/environment/ament_prefix_path.sh
[26.595s] -- Symlinking: /home/ros2/Documents/fa_ROS2_ws/install/nav2_voxel_grid/share/nav2_voxel_grid/environment/ament_prefix_path.dsv
[26.623s] -- Symlinking: /home/ros2/Documents/fa_ROS2_ws/install/nav2_voxel_grid/share/nav2_voxel_grid/environment/path.sh
[26.647s] -- Symlinking: /home/ros2/Documents/fa_ROS2_ws/install/nav2_voxel_grid/share/nav2_voxel_grid/environment/path.dsv
[26.684s] -- Symlinking: /home/ros2/Documents/fa_ROS2_ws/install/nav2_voxel_grid/share/nav2_voxel_grid/local_setup.bash
[26.704s] -- Symlinking: /home/ros2/Documents/fa_ROS2_ws/install/nav2_voxel_grid/share/nav2_voxel_grid/local_setup.sh
[26.733s] -- Symlinking: /home/ros2/Documents/fa_ROS2_ws/install/nav2_voxel_grid/share/nav2_voxel_grid/local_setup.zsh
[26.774s] -- Symlinking: /home/ros2/Documents/fa_ROS2_ws/install/nav2_voxel_grid/share/nav2_voxel_grid/local_setup.dsv
[26.800s] -- Symlinking: /home/ros2/Documents/fa_ROS2_ws/install/nav2_voxel_grid/share/nav2_voxel_grid/package.dsv
[26.829s] -- Symlinking: /home/ros2/Documents/fa_ROS2_ws/install/nav2_voxel_grid/share/ament_index/resource_index/packages/nav2_voxel_grid
[26.864s] -- Symlinking: /home/ros2/Documents/fa_ROS2_ws/install/nav2_voxel_grid/share/nav2_voxel_grid/cmake/ament_cmake_export_dependencies-extras.cmake
[26.887s] -- Symlinking: /home/ros2/Documents/fa_ROS2_ws/install/nav2_voxel_grid/share/nav2_voxel_grid/cmake/ament_cmake_export_include_directories-extras.cmake
[26.916s] -- Symlinking: /home/ros2/Documents/fa_ROS2_ws/install/nav2_voxel_grid/share/nav2_voxel_grid/cmake/ament_cmake_export_libraries-extras.cmake
[26.956s] -- Symlinking: /home/ros2/Documents/fa_ROS2_ws/install/nav2_voxel_grid/share/nav2_voxel_grid/cmake/nav2_voxel_gridConfig.cmake
[26.982s] -- Symlinking: /home/ros2/Documents/fa_ROS2_ws/install/nav2_voxel_grid/share/nav2_voxel_grid/cmake/nav2_voxel_gridConfig-version.cmake
[27.010s] -- Symlinking: /home/ros2/Documents/fa_ROS2_ws/install/nav2_voxel_grid/share/nav2_voxel_grid/package.xml
[27.038s] Invoked command in '/home/ros2/Documents/fa_ROS2_ws/build/nav2_voxel_grid' returned '0': AMENT_PREFIX_PATH=/home/ros2/Documents/fa_ROS2_ws/install/nav2_common:${AMENT_PREFIX_PATH} CMAKE_PREFIX_PATH=/home/ros2/Documents/fa_ROS2_ws/install/nav2_common:/home/ros2/Documents/fa_ROS2_ws/install/smart_car:/home/ros2/Documents/fa_ROS2_ws/install/car_gazebo_plugin:/home/ros2/Documents/fa_ROS2_ws/install/smartcar_msgs:/home/ros2/Documents/fa_ROS2_ws/install/ackermann_msgs:/opt/ros/humble PYTHONPATH=/home/ros2/Documents/fa_ROS2_ws/install/nav2_common/local/lib/python3.10/dist-packages:${PYTHONPATH} /usr/bin/cmake --install /home/ros2/Documents/fa_ROS2_ws/build/nav2_voxel_grid
