[0.014s] Invoking command in '/home/ros2/Documents/fa_ROS2_ws/build/smartcar_msgs': CMAKE_PREFIX_PATH=${CMAKE_PREFIX_PATH}:/opt/ros/humble /usr/bin/cmake --build /home/ros2/Documents/fa_ROS2_ws/build/smartcar_msgs -- -j8 -l8
[0.141s] [  9%] Built target smartcar_msgs__rosidl_generator_c
[0.142s] [ 12%] Built target smartcar_msgs__cpp
[0.173s] [ 12%] Built target ament_cmake_python_copy_smartcar_msgs
[0.311s] [ 22%] Built target smartcar_msgs__rosidl_typesupport_fastrtps_cpp
[0.358s] [ 32%] Built target smartcar_msgs__rosidl_typesupport_fastrtps_c
[0.364s] [ 41%] Built target smartcar_msgs__rosidl_typesupport_introspection_c
[0.378s] [ 51%] Built target smartcar_msgs__rosidl_typesupport_cpp
[0.378s] [ 61%] Built target smartcar_msgs__rosidl_typesupport_c
[0.379s] [ 70%] Built target smartcar_msgs__rosidl_typesupport_introspection_cpp
[0.426s] [ 70%] Built target smartcar_msgs
[0.475s] [ 74%] Built target smartcar_msgs__py
[0.521s] [ 80%] Built target smartcar_msgs__rosidl_generator_py
[0.618s] [ 93%] Built target smartcar_msgs__rosidl_typesupport_c__pyext
[0.618s] [ 93%] Built target smartcar_msgs__rosidl_typesupport_fastrtps_c__pyext
[0.619s] [100%] Built target smartcar_msgs__rosidl_typesupport_introspection_c__pyext
[0.693s] running egg_info
[0.696s] writing smartcar_msgs.egg-info/PKG-INFO
[0.697s] writing dependency_links to smartcar_msgs.egg-info/dependency_links.txt
[0.697s] writing top-level names to smartcar_msgs.egg-info/top_level.txt
[0.698s] reading manifest file 'smartcar_msgs.egg-info/SOURCES.txt'
[0.699s] writing manifest file 'smartcar_msgs.egg-info/SOURCES.txt'
[0.761s] [100%] Built target ament_cmake_python_build_smartcar_msgs_egg
[0.779s] Invoked command in '/home/ros2/Documents/fa_ROS2_ws/build/smartcar_msgs' returned '0': CMAKE_PREFIX_PATH=${CMAKE_PREFIX_PATH}:/opt/ros/humble /usr/bin/cmake --build /home/ros2/Documents/fa_ROS2_ws/build/smartcar_msgs -- -j8 -l8
[0.916s] Invoking command in '/home/ros2/Documents/fa_ROS2_ws/build/smartcar_msgs': CMAKE_PREFIX_PATH=${CMAKE_PREFIX_PATH}:/opt/ros/humble /usr/bin/cmake --install /home/ros2/Documents/fa_ROS2_ws/build/smartcar_msgs
[0.927s] -- Install configuration: ""
[0.928s] -- Up-to-date: /home/ros2/Documents/fa_ROS2_ws/install/smartcar_msgs/share/ament_index/resource_index/rosidl_interfaces/smartcar_msgs
[0.928s] -- Up-to-date: /home/ros2/Documents/fa_ROS2_ws/install/smartcar_msgs/include/smartcar_msgs/smartcar_msgs
[0.928s] -- Up-to-date: /home/ros2/Documents/fa_ROS2_ws/install/smartcar_msgs/include/smartcar_msgs/smartcar_msgs/msg
[0.928s] -- Up-to-date: /home/ros2/Documents/fa_ROS2_ws/install/smartcar_msgs/include/smartcar_msgs/smartcar_msgs/msg/status.h
[0.928s] -- Up-to-date: /home/ros2/Documents/fa_ROS2_ws/install/smartcar_msgs/include/smartcar_msgs/smartcar_msgs/msg/rosidl_generator_c__visibility_control.h
[0.929s] -- Up-to-date: /home/ros2/Documents/fa_ROS2_ws/install/smartcar_msgs/include/smartcar_msgs/smartcar_msgs/msg/detail
[0.929s] -- Up-to-date: /home/ros2/Documents/fa_ROS2_ws/install/smartcar_msgs/include/smartcar_msgs/smartcar_msgs/msg/detail/status__type_support.h
[0.929s] -- Up-to-date: /home/ros2/Documents/fa_ROS2_ws/install/smartcar_msgs/include/smartcar_msgs/smartcar_msgs/msg/detail/status__functions.h
[0.929s] -- Up-to-date: /home/ros2/Documents/fa_ROS2_ws/install/smartcar_msgs/include/smartcar_msgs/smartcar_msgs/msg/detail/status__struct.h
[0.929s] -- Up-to-date: /home/ros2/Documents/fa_ROS2_ws/install/smartcar_msgs/include/smartcar_msgs/smartcar_msgs/msg/detail/status__functions.c
[0.929s] -- Up-to-date: /home/ros2/Documents/fa_ROS2_ws/install/smartcar_msgs/share/smartcar_msgs/environment/library_path.sh
[0.929s] -- Up-to-date: /home/ros2/Documents/fa_ROS2_ws/install/smartcar_msgs/share/smartcar_msgs/environment/library_path.dsv
[0.929s] -- Up-to-date: /home/ros2/Documents/fa_ROS2_ws/install/smartcar_msgs/lib/libsmartcar_msgs__rosidl_generator_c.so
[0.930s] -- Up-to-date: /home/ros2/Documents/fa_ROS2_ws/install/smartcar_msgs/include/smartcar_msgs/smartcar_msgs
[0.930s] -- Up-to-date: /home/ros2/Documents/fa_ROS2_ws/install/smartcar_msgs/include/smartcar_msgs/smartcar_msgs/msg
[0.930s] -- Up-to-date: /home/ros2/Documents/fa_ROS2_ws/install/smartcar_msgs/include/smartcar_msgs/smartcar_msgs/msg/rosidl_typesupport_fastrtps_c__visibility_control.h
[0.930s] -- Up-to-date: /home/ros2/Documents/fa_ROS2_ws/install/smartcar_msgs/include/smartcar_msgs/smartcar_msgs/msg/detail
[0.930s] -- Up-to-date: /home/ros2/Documents/fa_ROS2_ws/install/smartcar_msgs/include/smartcar_msgs/smartcar_msgs/msg/detail/status__rosidl_typesupport_fastrtps_c.h
[0.930s] -- Up-to-date: /home/ros2/Documents/fa_ROS2_ws/install/smartcar_msgs/lib/libsmartcar_msgs__rosidl_typesupport_fastrtps_c.so
[0.930s] -- Up-to-date: /home/ros2/Documents/fa_ROS2_ws/install/smartcar_msgs/include/smartcar_msgs/smartcar_msgs
[0.931s] -- Up-to-date: /home/ros2/Documents/fa_ROS2_ws/install/smartcar_msgs/include/smartcar_msgs/smartcar_msgs/msg
[0.931s] -- Up-to-date: /home/ros2/Documents/fa_ROS2_ws/install/smartcar_msgs/include/smartcar_msgs/smartcar_msgs/msg/detail
[0.932s] -- Up-to-date: /home/ros2/Documents/fa_ROS2_ws/install/smartcar_msgs/include/smartcar_msgs/smartcar_msgs/msg/detail/status__traits.hpp
[0.932s] -- Up-to-date: /home/ros2/Documents/fa_ROS2_ws/install/smartcar_msgs/include/smartcar_msgs/smartcar_msgs/msg/detail/status__struct.hpp
[0.932s] -- Up-to-date: /home/ros2/Documents/fa_ROS2_ws/install/smartcar_msgs/include/smartcar_msgs/smartcar_msgs/msg/detail/status__builder.hpp
[0.932s] -- Up-to-date: /home/ros2/Documents/fa_ROS2_ws/install/smartcar_msgs/include/smartcar_msgs/smartcar_msgs/msg/status.hpp
[0.933s] -- Up-to-date: /home/ros2/Documents/fa_ROS2_ws/install/smartcar_msgs/include/smartcar_msgs/smartcar_msgs
[0.933s] -- Up-to-date: /home/ros2/Documents/fa_ROS2_ws/install/smartcar_msgs/include/smartcar_msgs/smartcar_msgs/msg
[0.933s] -- Up-to-date: /home/ros2/Documents/fa_ROS2_ws/install/smartcar_msgs/include/smartcar_msgs/smartcar_msgs/msg/rosidl_typesupport_fastrtps_cpp__visibility_control.h
[0.933s] -- Up-to-date: /home/ros2/Documents/fa_ROS2_ws/install/smartcar_msgs/include/smartcar_msgs/smartcar_msgs/msg/detail
[0.933s] -- Up-to-date: /home/ros2/Documents/fa_ROS2_ws/install/smartcar_msgs/include/smartcar_msgs/smartcar_msgs/msg/detail/status__rosidl_typesupport_fastrtps_cpp.hpp
[0.933s] -- Up-to-date: /home/ros2/Documents/fa_ROS2_ws/install/smartcar_msgs/include/smartcar_msgs/smartcar_msgs/msg/detail/dds_fastrtps
[0.933s] -- Up-to-date: /home/ros2/Documents/fa_ROS2_ws/install/smartcar_msgs/lib/libsmartcar_msgs__rosidl_typesupport_fastrtps_cpp.so
[0.933s] -- Up-to-date: /home/ros2/Documents/fa_ROS2_ws/install/smartcar_msgs/include/smartcar_msgs/smartcar_msgs
[0.933s] -- Up-to-date: /home/ros2/Documents/fa_ROS2_ws/install/smartcar_msgs/include/smartcar_msgs/smartcar_msgs/msg
[0.934s] -- Up-to-date: /home/ros2/Documents/fa_ROS2_ws/install/smartcar_msgs/include/smartcar_msgs/smartcar_msgs/msg/detail
[0.935s] -- Up-to-date: /home/ros2/Documents/fa_ROS2_ws/install/smartcar_msgs/include/smartcar_msgs/smartcar_msgs/msg/detail/status__type_support.c
[0.935s] -- Up-to-date: /home/ros2/Documents/fa_ROS2_ws/install/smartcar_msgs/include/smartcar_msgs/smartcar_msgs/msg/detail/status__rosidl_typesupport_introspection_c.h
[0.935s] -- Up-to-date: /home/ros2/Documents/fa_ROS2_ws/install/smartcar_msgs/include/smartcar_msgs/smartcar_msgs/msg/rosidl_typesupport_introspection_c__visibility_control.h
[0.935s] -- Up-to-date: /home/ros2/Documents/fa_ROS2_ws/install/smartcar_msgs/lib/libsmartcar_msgs__rosidl_typesupport_introspection_c.so
[0.936s] -- Up-to-date: /home/ros2/Documents/fa_ROS2_ws/install/smartcar_msgs/lib/libsmartcar_msgs__rosidl_typesupport_c.so
[0.936s] -- Up-to-date: /home/ros2/Documents/fa_ROS2_ws/install/smartcar_msgs/include/smartcar_msgs/smartcar_msgs
[0.936s] -- Up-to-date: /home/ros2/Documents/fa_ROS2_ws/install/smartcar_msgs/include/smartcar_msgs/smartcar_msgs/msg
[0.936s] -- Up-to-date: /home/ros2/Documents/fa_ROS2_ws/install/smartcar_msgs/include/smartcar_msgs/smartcar_msgs/msg/detail
[0.936s] -- Up-to-date: /home/ros2/Documents/fa_ROS2_ws/install/smartcar_msgs/include/smartcar_msgs/smartcar_msgs/msg/detail/status__type_support.cpp
[0.936s] -- Up-to-date: /home/ros2/Documents/fa_ROS2_ws/install/smartcar_msgs/include/smartcar_msgs/smartcar_msgs/msg/detail/status__rosidl_typesupport_introspection_cpp.hpp
[0.939s] -- Up-to-date: /home/ros2/Documents/fa_ROS2_ws/install/smartcar_msgs/lib/libsmartcar_msgs__rosidl_typesupport_introspection_cpp.so
[0.939s] -- Up-to-date: /home/ros2/Documents/fa_ROS2_ws/install/smartcar_msgs/lib/libsmartcar_msgs__rosidl_typesupport_cpp.so
[0.939s] -- Up-to-date: /home/ros2/Documents/fa_ROS2_ws/install/smartcar_msgs/share/smartcar_msgs/environment/pythonpath.sh
[0.939s] -- Up-to-date: /home/ros2/Documents/fa_ROS2_ws/install/smartcar_msgs/share/smartcar_msgs/environment/pythonpath.dsv
[0.939s] -- Up-to-date: /home/ros2/Documents/fa_ROS2_ws/install/smartcar_msgs/local/lib/python3.10/dist-packages/smartcar_msgs-0.0.0-py3.10.egg-info
[0.939s] -- Installing: /home/ros2/Documents/fa_ROS2_ws/install/smartcar_msgs/local/lib/python3.10/dist-packages/smartcar_msgs-0.0.0-py3.10.egg-info/SOURCES.txt
[0.940s] -- Installing: /home/ros2/Documents/fa_ROS2_ws/install/smartcar_msgs/local/lib/python3.10/dist-packages/smartcar_msgs-0.0.0-py3.10.egg-info/PKG-INFO
[0.940s] -- Installing: /home/ros2/Documents/fa_ROS2_ws/install/smartcar_msgs/local/lib/python3.10/dist-packages/smartcar_msgs-0.0.0-py3.10.egg-info/top_level.txt
[0.940s] -- Installing: /home/ros2/Documents/fa_ROS2_ws/install/smartcar_msgs/local/lib/python3.10/dist-packages/smartcar_msgs-0.0.0-py3.10.egg-info/dependency_links.txt
[0.941s] -- Up-to-date: /home/ros2/Documents/fa_ROS2_ws/install/smartcar_msgs/local/lib/python3.10/dist-packages/smartcar_msgs
[0.942s] -- Up-to-date: /home/ros2/Documents/fa_ROS2_ws/install/smartcar_msgs/local/lib/python3.10/dist-packages/smartcar_msgs/__init__.py
[0.942s] -- Up-to-date: /home/ros2/Documents/fa_ROS2_ws/install/smartcar_msgs/local/lib/python3.10/dist-packages/smartcar_msgs/libsmartcar_msgs__rosidl_generator_py.so
[0.942s] -- Up-to-date: /home/ros2/Documents/fa_ROS2_ws/install/smartcar_msgs/local/lib/python3.10/dist-packages/smartcar_msgs/smartcar_msgs_s__rosidl_typesupport_introspection_c.cpython-310-x86_64-linux-gnu.so
[0.942s] -- Up-to-date: /home/ros2/Documents/fa_ROS2_ws/install/smartcar_msgs/local/lib/python3.10/dist-packages/smartcar_msgs/_smartcar_msgs_s.ep.rosidl_typesupport_c.c
[0.942s] -- Up-to-date: /home/ros2/Documents/fa_ROS2_ws/install/smartcar_msgs/local/lib/python3.10/dist-packages/smartcar_msgs/_smartcar_msgs_s.ep.rosidl_typesupport_fastrtps_c.c
[0.942s] -- Up-to-date: /home/ros2/Documents/fa_ROS2_ws/install/smartcar_msgs/local/lib/python3.10/dist-packages/smartcar_msgs/smartcar_msgs_s__rosidl_typesupport_fastrtps_c.cpython-310-x86_64-linux-gnu.so
[0.942s] -- Up-to-date: /home/ros2/Documents/fa_ROS2_ws/install/smartcar_msgs/local/lib/python3.10/dist-packages/smartcar_msgs/smartcar_msgs_s__rosidl_typesupport_c.cpython-310-x86_64-linux-gnu.so
[0.943s] -- Up-to-date: /home/ros2/Documents/fa_ROS2_ws/install/smartcar_msgs/local/lib/python3.10/dist-packages/smartcar_msgs/_smartcar_msgs_s.ep.rosidl_typesupport_introspection_c.c
[0.943s] -- Up-to-date: /home/ros2/Documents/fa_ROS2_ws/install/smartcar_msgs/local/lib/python3.10/dist-packages/smartcar_msgs/msg
[0.943s] -- Up-to-date: /home/ros2/Documents/fa_ROS2_ws/install/smartcar_msgs/local/lib/python3.10/dist-packages/smartcar_msgs/msg/__init__.py
[0.943s] -- Up-to-date: /home/ros2/Documents/fa_ROS2_ws/install/smartcar_msgs/local/lib/python3.10/dist-packages/smartcar_msgs/msg/_status_s.c
[0.943s] -- Up-to-date: /home/ros2/Documents/fa_ROS2_ws/install/smartcar_msgs/local/lib/python3.10/dist-packages/smartcar_msgs/msg/_status.py
[0.970s] Listing '/home/ros2/Documents/fa_ROS2_ws/install/smartcar_msgs/local/lib/python3.10/dist-packages/smartcar_msgs'...
[0.971s] Listing '/home/ros2/Documents/fa_ROS2_ws/install/smartcar_msgs/local/lib/python3.10/dist-packages/smartcar_msgs/msg'...
[0.976s] -- Up-to-date: /home/ros2/Documents/fa_ROS2_ws/install/smartcar_msgs/local/lib/python3.10/dist-packages/smartcar_msgs/smartcar_msgs_s__rosidl_typesupport_fastrtps_c.cpython-310-x86_64-linux-gnu.so
[0.976s] -- Up-to-date: /home/ros2/Documents/fa_ROS2_ws/install/smartcar_msgs/local/lib/python3.10/dist-packages/smartcar_msgs/smartcar_msgs_s__rosidl_typesupport_introspection_c.cpython-310-x86_64-linux-gnu.so
[0.976s] -- Up-to-date: /home/ros2/Documents/fa_ROS2_ws/install/smartcar_msgs/local/lib/python3.10/dist-packages/smartcar_msgs/smartcar_msgs_s__rosidl_typesupport_c.cpython-310-x86_64-linux-gnu.so
[0.977s] -- Up-to-date: /home/ros2/Documents/fa_ROS2_ws/install/smartcar_msgs/lib/libsmartcar_msgs__rosidl_generator_py.so
[0.977s] -- Up-to-date: /home/ros2/Documents/fa_ROS2_ws/install/smartcar_msgs/share/smartcar_msgs/msg/Status.idl
[0.977s] -- Up-to-date: /home/ros2/Documents/fa_ROS2_ws/install/smartcar_msgs/share/smartcar_msgs/msg/Status.msg
[0.977s] -- Up-to-date: /home/ros2/Documents/fa_ROS2_ws/install/smartcar_msgs/share/ament_index/resource_index/package_run_dependencies/smartcar_msgs
[0.977s] -- Up-to-date: /home/ros2/Documents/fa_ROS2_ws/install/smartcar_msgs/share/ament_index/resource_index/parent_prefix_path/smartcar_msgs
[0.978s] -- Up-to-date: /home/ros2/Documents/fa_ROS2_ws/install/smartcar_msgs/share/smartcar_msgs/environment/ament_prefix_path.sh
[0.978s] -- Up-to-date: /home/ros2/Documents/fa_ROS2_ws/install/smartcar_msgs/share/smartcar_msgs/environment/ament_prefix_path.dsv
[0.978s] -- Up-to-date: /home/ros2/Documents/fa_ROS2_ws/install/smartcar_msgs/share/smartcar_msgs/environment/path.sh
[0.978s] -- Up-to-date: /home/ros2/Documents/fa_ROS2_ws/install/smartcar_msgs/share/smartcar_msgs/environment/path.dsv
[0.978s] -- Up-to-date: /home/ros2/Documents/fa_ROS2_ws/install/smartcar_msgs/share/smartcar_msgs/local_setup.bash
[0.978s] -- Up-to-date: /home/ros2/Documents/fa_ROS2_ws/install/smartcar_msgs/share/smartcar_msgs/local_setup.sh
[0.978s] -- Up-to-date: /home/ros2/Documents/fa_ROS2_ws/install/smartcar_msgs/share/smartcar_msgs/local_setup.zsh
[0.978s] -- Up-to-date: /home/ros2/Documents/fa_ROS2_ws/install/smartcar_msgs/share/smartcar_msgs/local_setup.dsv
[0.978s] -- Installing: /home/ros2/Documents/fa_ROS2_ws/install/smartcar_msgs/share/smartcar_msgs/package.dsv
[0.979s] -- Up-to-date: /home/ros2/Documents/fa_ROS2_ws/install/smartcar_msgs/share/ament_index/resource_index/packages/smartcar_msgs
[0.979s] -- Up-to-date: /home/ros2/Documents/fa_ROS2_ws/install/smartcar_msgs/share/smartcar_msgs/cmake/export_smartcar_msgs__rosidl_generator_cExport.cmake
[0.979s] -- Up-to-date: /home/ros2/Documents/fa_ROS2_ws/install/smartcar_msgs/share/smartcar_msgs/cmake/export_smartcar_msgs__rosidl_generator_cExport-noconfig.cmake
[0.979s] -- Up-to-date: /home/ros2/Documents/fa_ROS2_ws/install/smartcar_msgs/share/smartcar_msgs/cmake/export_smartcar_msgs__rosidl_typesupport_fastrtps_cExport.cmake
[0.979s] -- Up-to-date: /home/ros2/Documents/fa_ROS2_ws/install/smartcar_msgs/share/smartcar_msgs/cmake/export_smartcar_msgs__rosidl_typesupport_fastrtps_cExport-noconfig.cmake
[0.979s] -- Up-to-date: /home/ros2/Documents/fa_ROS2_ws/install/smartcar_msgs/share/smartcar_msgs/cmake/export_smartcar_msgs__rosidl_generator_cppExport.cmake
[0.979s] -- Up-to-date: /home/ros2/Documents/fa_ROS2_ws/install/smartcar_msgs/share/smartcar_msgs/cmake/export_smartcar_msgs__rosidl_typesupport_fastrtps_cppExport.cmake
[0.979s] -- Up-to-date: /home/ros2/Documents/fa_ROS2_ws/install/smartcar_msgs/share/smartcar_msgs/cmake/export_smartcar_msgs__rosidl_typesupport_fastrtps_cppExport-noconfig.cmake
[0.979s] -- Up-to-date: /home/ros2/Documents/fa_ROS2_ws/install/smartcar_msgs/share/smartcar_msgs/cmake/smartcar_msgs__rosidl_typesupport_introspection_cExport.cmake
[0.979s] -- Up-to-date: /home/ros2/Documents/fa_ROS2_ws/install/smartcar_msgs/share/smartcar_msgs/cmake/smartcar_msgs__rosidl_typesupport_introspection_cExport-noconfig.cmake
[0.980s] -- Up-to-date: /home/ros2/Documents/fa_ROS2_ws/install/smartcar_msgs/share/smartcar_msgs/cmake/smartcar_msgs__rosidl_typesupport_cExport.cmake
[0.980s] -- Up-to-date: /home/ros2/Documents/fa_ROS2_ws/install/smartcar_msgs/share/smartcar_msgs/cmake/smartcar_msgs__rosidl_typesupport_cExport-noconfig.cmake
[0.980s] -- Up-to-date: /home/ros2/Documents/fa_ROS2_ws/install/smartcar_msgs/share/smartcar_msgs/cmake/smartcar_msgs__rosidl_typesupport_introspection_cppExport.cmake
[0.980s] -- Up-to-date: /home/ros2/Documents/fa_ROS2_ws/install/smartcar_msgs/share/smartcar_msgs/cmake/smartcar_msgs__rosidl_typesupport_introspection_cppExport-noconfig.cmake
[0.980s] -- Up-to-date: /home/ros2/Documents/fa_ROS2_ws/install/smartcar_msgs/share/smartcar_msgs/cmake/smartcar_msgs__rosidl_typesupport_cppExport.cmake
[0.980s] -- Up-to-date: /home/ros2/Documents/fa_ROS2_ws/install/smartcar_msgs/share/smartcar_msgs/cmake/smartcar_msgs__rosidl_typesupport_cppExport-noconfig.cmake
[0.980s] -- Up-to-date: /home/ros2/Documents/fa_ROS2_ws/install/smartcar_msgs/share/smartcar_msgs/cmake/export_smartcar_msgs__rosidl_generator_pyExport.cmake
[0.981s] -- Up-to-date: /home/ros2/Documents/fa_ROS2_ws/install/smartcar_msgs/share/smartcar_msgs/cmake/export_smartcar_msgs__rosidl_generator_pyExport-noconfig.cmake
[0.981s] -- Up-to-date: /home/ros2/Documents/fa_ROS2_ws/install/smartcar_msgs/share/smartcar_msgs/cmake/rosidl_cmake-extras.cmake
[0.981s] -- Up-to-date: /home/ros2/Documents/fa_ROS2_ws/install/smartcar_msgs/share/smartcar_msgs/cmake/ament_cmake_export_dependencies-extras.cmake
[0.981s] -- Up-to-date: /home/ros2/Documents/fa_ROS2_ws/install/smartcar_msgs/share/smartcar_msgs/cmake/ament_cmake_export_include_directories-extras.cmake
[0.981s] -- Up-to-date: /home/ros2/Documents/fa_ROS2_ws/install/smartcar_msgs/share/smartcar_msgs/cmake/ament_cmake_export_libraries-extras.cmake
[0.981s] -- Up-to-date: /home/ros2/Documents/fa_ROS2_ws/install/smartcar_msgs/share/smartcar_msgs/cmake/ament_cmake_export_targets-extras.cmake
[0.981s] -- Up-to-date: /home/ros2/Documents/fa_ROS2_ws/install/smartcar_msgs/share/smartcar_msgs/cmake/rosidl_cmake_export_typesupport_targets-extras.cmake
[0.981s] -- Up-to-date: /home/ros2/Documents/fa_ROS2_ws/install/smartcar_msgs/share/smartcar_msgs/cmake/rosidl_cmake_export_typesupport_libraries-extras.cmake
[0.982s] -- Up-to-date: /home/ros2/Documents/fa_ROS2_ws/install/smartcar_msgs/share/smartcar_msgs/cmake/smartcar_msgsConfig.cmake
[0.982s] -- Up-to-date: /home/ros2/Documents/fa_ROS2_ws/install/smartcar_msgs/share/smartcar_msgs/cmake/smartcar_msgsConfig-version.cmake
[0.983s] -- Up-to-date: /home/ros2/Documents/fa_ROS2_ws/install/smartcar_msgs/share/smartcar_msgs/package.xml
[0.986s] Invoked command in '/home/ros2/Documents/fa_ROS2_ws/build/smartcar_msgs' returned '0': CMAKE_PREFIX_PATH=${CMAKE_PREFIX_PATH}:/opt/ros/humble /usr/bin/cmake --install /home/ros2/Documents/fa_ROS2_ws/build/smartcar_msgs
