[0.059s] Invoking command in '/home/ros2/Documents/fa_ROS2_ws/build/nav_2d_utils': AMENT_PREFIX_PATH=/home/ros2/Documents/fa_ROS2_ws/install/nav2_util:/home/ros2/Documents/fa_ROS2_ws/install/nav2_msgs:/home/ros2/Documents/fa_ROS2_ws/install/nav_2d_msgs:/home/ros2/Documents/fa_ROS2_ws/install/nav2_common:${AMENT_PREFIX_PATH} CMAKE_PREFIX_PATH=/home/ros2/Documents/fa_ROS2_ws/install/nav2_util:/home/ros2/Documents/fa_ROS2_ws/install/nav2_msgs:/home/ros2/Documents/fa_ROS2_ws/install/nav_2d_msgs:/home/ros2/Documents/fa_ROS2_ws/install/nav2_common:/home/ros2/Documents/fa_ROS2_ws/install/smart_car:/home/ros2/Documents/fa_ROS2_ws/install/car_gazebo_plugin:/home/ros2/Documents/fa_ROS2_ws/install/smartcar_msgs:/home/ros2/Documents/fa_ROS2_ws/install/ackermann_msgs:/opt/ros/humble LD_LIBRARY_PATH=/home/ros2/Documents/fa_ROS2_ws/install/nav2_util/lib:/home/ros2/Documents/fa_ROS2_ws/install/nav2_msgs/lib:/home/ros2/Documents/fa_ROS2_ws/install/nav_2d_msgs/lib:/home/ros2/Documents/fa_ROS2_ws/install/car_gazebo_plugin/lib:/home/ros2/Documents/fa_ROS2_ws/install/smartcar_msgs/lib:/home/ros2/Documents/fa_ROS2_ws/install/ackermann_msgs/lib:/usr/lib/x86_64-linux-gnu/gazebo-11/plugins:/opt/ros/humble/opt/rviz_ogre_vendor/lib:/opt/ros/humble/lib/x86_64-linux-gnu:/opt/ros/humble/lib:/tmp/.mount_cursorflfrK2/usr/lib:/usr/lib/x86_64-linux-gnu/gazebo-11/plugins:/usr/lib/x86_64-linux-gnu/gazebo-11/plugins:/usr/lib/x86_64-linux-gnu/gazebo-11/plugins PYTHONPATH=/home/ros2/Documents/fa_ROS2_ws/install/nav2_msgs/local/lib/python3.10/dist-packages:/home/ros2/Documents/fa_ROS2_ws/install/nav_2d_msgs/local/lib/python3.10/dist-packages:/home/ros2/Documents/fa_ROS2_ws/install/nav2_common/local/lib/python3.10/dist-packages:${PYTHONPATH} /usr/bin/cmake /home/ros2/Documents/fa_ROS2_ws/src/navigation2/nav2_dwb_controller/nav_2d_utils -DAMENT_CMAKE_SYMLINK_INSTALL=1 -DCMAKE_INSTALL_PREFIX=/home/ros2/Documents/fa_ROS2_ws/install/nav_2d_utils
[0.470s] -- The C compiler identification is GNU 11.4.0
[0.718s] -- The CXX compiler identification is GNU 11.4.0
[0.769s] -- Detecting C compiler ABI info
[1.191s] -- Detecting C compiler ABI info - done
[1.209s] -- Check for working C compiler: /usr/lib/ccache/gcc - skipped
[1.210s] -- Detecting C compile features
[1.210s] -- Detecting C compile features - done
[1.213s] -- Detecting CXX compiler ABI info
[1.613s] -- Detecting CXX compiler ABI info - done
[1.659s] -- Check for working CXX compiler: /usr/lib/ccache/g++ - skipped
[1.665s] -- Detecting CXX compile features
[1.665s] -- Detecting CXX compile features - done
[1.665s] -- Found ament_cmake: 1.3.10 (/opt/ros/humble/share/ament_cmake/cmake)
[2.276s] -- Found Python3: /usr/bin/python3 (found version "3.10.12") found components: Interpreter 
[2.479s] -- Override CMake install command with custom implementation using symlinks instead of copying resources
[2.573s] -- Found nav2_common: 1.1.17 (/home/ros2/Documents/fa_ROS2_ws/install/nav2_common/share/nav2_common/cmake)
[2.578s] -- Found geometry_msgs: 4.2.4 (/opt/ros/humble/share/geometry_msgs/cmake)
[2.665s] -- Found rosidl_generator_c: 3.1.5 (/opt/ros/humble/share/rosidl_generator_c/cmake)
[2.689s] -- Found rosidl_adapter: 3.1.5 (/opt/ros/humble/share/rosidl_adapter/cmake)
[2.693s] -- Found rosidl_generator_cpp: 3.1.5 (/opt/ros/humble/share/rosidl_generator_cpp/cmake)
[2.719s] -- Using all available rosidl_typesupport_c: rosidl_typesupport_fastrtps_c;rosidl_typesupport_introspection_c
[2.768s] -- Using all available rosidl_typesupport_cpp: rosidl_typesupport_fastrtps_cpp;rosidl_typesupport_introspection_cpp
[2.885s] -- Found nav_2d_msgs: 1.1.17 (/home/ros2/Documents/fa_ROS2_ws/install/nav_2d_msgs/share/nav_2d_msgs/cmake)
[2.919s] -- Found nav_msgs: 4.2.4 (/opt/ros/humble/share/nav_msgs/cmake)
[2.952s] -- Found rclcpp: 16.0.10 (/opt/ros/humble/share/rclcpp/cmake)
[3.059s] -- Found rmw_implementation_cmake: 6.1.2 (/opt/ros/humble/share/rmw_implementation_cmake/cmake)
[3.059s] -- Found rmw_cyclonedds_cpp: 1.3.4 (/opt/ros/humble/share/rmw_cyclonedds_cpp/cmake)
[3.101s] -- Using RMW implementation 'rmw_cyclonedds_cpp' as default
[3.136s] -- Looking for pthread.h
[3.499s] -- Looking for pthread.h - found
[3.500s] -- Performing Test CMAKE_HAVE_LIBC_PTHREAD
[3.943s] -- Performing Test CMAKE_HAVE_LIBC_PTHREAD - Success
[3.944s] -- Found Threads: TRUE  
[4.069s] -- Found tf2: 0.25.7 (/opt/ros/humble/share/tf2/cmake)
[4.120s] -- Found tf2_geometry_msgs: 0.25.7 (/opt/ros/humble/share/tf2_geometry_msgs/cmake)
[4.169s] -- Found eigen3_cmake_module: 0.1.1 (/opt/ros/humble/share/eigen3_cmake_module/cmake)
[4.175s] -- Found Eigen3: TRUE (found version "3.4.0") 
[4.175s] -- Ensuring Eigen3 include directory is part of orocos-kdl CMake target
[4.472s] -- Found nav2_msgs: 1.1.17 (/home/ros2/Documents/fa_ROS2_ws/install/nav2_msgs/share/nav2_msgs/cmake)
[4.544s] -- Found nav2_util: 1.1.17 (/home/ros2/Documents/fa_ROS2_ws/install/nav2_util/share/nav2_util/cmake)
[4.676s] -- Setting build type to Release as none was specified.
[4.848s] -- Found ament_lint_auto: 0.12.11 (/opt/ros/humble/share/ament_lint_auto/cmake)
[5.103s] -- Found gtest sources under '/opt/ros/humble/src/gtest_vendor': C++ tests using 'Google Test' will be built
[5.135s] -- Added test 'cppcheck' to perform static code analysis on C / C++ code
[5.137s] -- Configured cppcheck include dirs: /home/ros2/Documents/fa_ROS2_ws/src/navigation2/nav2_dwb_controller/nav_2d_utils/include
[5.137s] -- Configured cppcheck exclude dirs and/or files: 
[5.140s] -- Added test 'cpplint' to check C / C++ code against the Google style
[5.143s] -- Configured cpplint exclude dirs and/or files: 
[5.143s] -- Added test 'lint_cmake' to check CMake code style
[5.148s] -- Added test 'uncrustify' to check C / C++ code style
[5.177s] -- Configured uncrustify additional arguments: 
[5.178s] -- Added test 'xmllint' to check XML markup files
[5.178s] -- Configuring done
[5.471s] -- Generating done
[5.476s] -- Build files have been written to: /home/ros2/Documents/fa_ROS2_ws/build/nav_2d_utils
[5.532s] Invoked command in '/home/ros2/Documents/fa_ROS2_ws/build/nav_2d_utils' returned '0': AMENT_PREFIX_PATH=/home/ros2/Documents/fa_ROS2_ws/install/nav2_util:/home/ros2/Documents/fa_ROS2_ws/install/nav2_msgs:/home/ros2/Documents/fa_ROS2_ws/install/nav_2d_msgs:/home/ros2/Documents/fa_ROS2_ws/install/nav2_common:${AMENT_PREFIX_PATH} CMAKE_PREFIX_PATH=/home/ros2/Documents/fa_ROS2_ws/install/nav2_util:/home/ros2/Documents/fa_ROS2_ws/install/nav2_msgs:/home/ros2/Documents/fa_ROS2_ws/install/nav_2d_msgs:/home/ros2/Documents/fa_ROS2_ws/install/nav2_common:/home/ros2/Documents/fa_ROS2_ws/install/smart_car:/home/ros2/Documents/fa_ROS2_ws/install/car_gazebo_plugin:/home/ros2/Documents/fa_ROS2_ws/install/smartcar_msgs:/home/ros2/Documents/fa_ROS2_ws/install/ackermann_msgs:/opt/ros/humble LD_LIBRARY_PATH=/home/ros2/Documents/fa_ROS2_ws/install/nav2_util/lib:/home/ros2/Documents/fa_ROS2_ws/install/nav2_msgs/lib:/home/ros2/Documents/fa_ROS2_ws/install/nav_2d_msgs/lib:/home/ros2/Documents/fa_ROS2_ws/install/car_gazebo_plugin/lib:/home/ros2/Documents/fa_ROS2_ws/install/smartcar_msgs/lib:/home/ros2/Documents/fa_ROS2_ws/install/ackermann_msgs/lib:/usr/lib/x86_64-linux-gnu/gazebo-11/plugins:/opt/ros/humble/opt/rviz_ogre_vendor/lib:/opt/ros/humble/lib/x86_64-linux-gnu:/opt/ros/humble/lib:/tmp/.mount_cursorflfrK2/usr/lib:/usr/lib/x86_64-linux-gnu/gazebo-11/plugins:/usr/lib/x86_64-linux-gnu/gazebo-11/plugins:/usr/lib/x86_64-linux-gnu/gazebo-11/plugins PYTHONPATH=/home/ros2/Documents/fa_ROS2_ws/install/nav2_msgs/local/lib/python3.10/dist-packages:/home/ros2/Documents/fa_ROS2_ws/install/nav_2d_msgs/local/lib/python3.10/dist-packages:/home/ros2/Documents/fa_ROS2_ws/install/nav2_common/local/lib/python3.10/dist-packages:${PYTHONPATH} /usr/bin/cmake /home/ros2/Documents/fa_ROS2_ws/src/navigation2/nav2_dwb_controller/nav_2d_utils -DAMENT_CMAKE_SYMLINK_INSTALL=1 -DCMAKE_INSTALL_PREFIX=/home/ros2/Documents/fa_ROS2_ws/install/nav_2d_utils
[5.535s] Invoking command in '/home/ros2/Documents/fa_ROS2_ws/build/nav_2d_utils': AMENT_PREFIX_PATH=/home/ros2/Documents/fa_ROS2_ws/install/nav2_util:/home/ros2/Documents/fa_ROS2_ws/install/nav2_msgs:/home/ros2/Documents/fa_ROS2_ws/install/nav_2d_msgs:/home/ros2/Documents/fa_ROS2_ws/install/nav2_common:${AMENT_PREFIX_PATH} CMAKE_PREFIX_PATH=/home/ros2/Documents/fa_ROS2_ws/install/nav2_util:/home/ros2/Documents/fa_ROS2_ws/install/nav2_msgs:/home/ros2/Documents/fa_ROS2_ws/install/nav_2d_msgs:/home/ros2/Documents/fa_ROS2_ws/install/nav2_common:/home/ros2/Documents/fa_ROS2_ws/install/smart_car:/home/ros2/Documents/fa_ROS2_ws/install/car_gazebo_plugin:/home/ros2/Documents/fa_ROS2_ws/install/smartcar_msgs:/home/ros2/Documents/fa_ROS2_ws/install/ackermann_msgs:/opt/ros/humble LD_LIBRARY_PATH=/home/ros2/Documents/fa_ROS2_ws/install/nav2_util/lib:/home/ros2/Documents/fa_ROS2_ws/install/nav2_msgs/lib:/home/ros2/Documents/fa_ROS2_ws/install/nav_2d_msgs/lib:/home/ros2/Documents/fa_ROS2_ws/install/car_gazebo_plugin/lib:/home/ros2/Documents/fa_ROS2_ws/install/smartcar_msgs/lib:/home/ros2/Documents/fa_ROS2_ws/install/ackermann_msgs/lib:/usr/lib/x86_64-linux-gnu/gazebo-11/plugins:/opt/ros/humble/opt/rviz_ogre_vendor/lib:/opt/ros/humble/lib/x86_64-linux-gnu:/opt/ros/humble/lib:/tmp/.mount_cursorflfrK2/usr/lib:/usr/lib/x86_64-linux-gnu/gazebo-11/plugins:/usr/lib/x86_64-linux-gnu/gazebo-11/plugins:/usr/lib/x86_64-linux-gnu/gazebo-11/plugins PYTHONPATH=/home/ros2/Documents/fa_ROS2_ws/install/nav2_msgs/local/lib/python3.10/dist-packages:/home/ros2/Documents/fa_ROS2_ws/install/nav_2d_msgs/local/lib/python3.10/dist-packages:/home/ros2/Documents/fa_ROS2_ws/install/nav2_common/local/lib/python3.10/dist-packages:${PYTHONPATH} /usr/bin/cmake --build /home/ros2/Documents/fa_ROS2_ws/build/nav_2d_utils -- -j8 -l8
[5.708s] [  6%] [32mBuilding CXX object CMakeFiles/conversions.dir/src/conversions.cpp.o[0m
[15.046s] [ 12%] [32m[1mLinking CXX shared library libconversions.so[0m
[15.775s] [ 12%] Built target conversions
[15.874s] [ 18%] [32mBuilding CXX object gtest/CMakeFiles/gtest.dir/src/gtest-all.cc.o[0m
[16.124s] [ 25%] [32m[1mLinking CXX static library libgtest.a[0m
[16.226s] [ 25%] Built target gtest
[16.327s] [ 31%] [32mBuilding CXX object CMakeFiles/tf_help.dir/src/tf_help.cpp.o[0m
[24.585s] [ 37%] [32m[1mLinking CXX shared library libtf_help.so[0m
[25.051s] [ 37%] Built target tf_help
[25.101s] [ 43%] [32mBuilding CXX object gtest/CMakeFiles/gtest_main.dir/src/gtest_main.cc.o[0m
[25.297s] [ 50%] [32m[1mLinking CXX static library libgtest_main.a[0m
[25.390s] [ 50%] Built target gtest_main
[25.445s] [ 56%] [32mBuilding CXX object CMakeFiles/path_ops.dir/src/path_ops.cpp.o[0m
[26.848s] [ 62%] [32m[1mLinking CXX shared library libpath_ops.so[0m
[32.625s] [ 62%] Built target path_ops
[32.717s] [ 68%] [32mBuilding CXX object test/CMakeFiles/tf_help_tests.dir/tf_help_test.cpp.o[0m
[42.767s] [ 75%] [32m[1mLinking CXX executable tf_help_tests[0m
[43.383s] [ 75%] Built target tf_help_tests
[43.440s] [ 81%] [32mBuilding CXX object test/CMakeFiles/path_ops_tests.dir/path_ops_test.cpp.o[0m
[46.605s] [ 87%] [32m[1mLinking CXX executable path_ops_tests[0m
[47.944s] [ 87%] Built target path_ops_tests
[48.009s] [ 93%] [32mBuilding CXX object test/CMakeFiles/2d_utils_tests.dir/2d_utils_test.cpp.o[0m
[57.183s] [100%] [32m[1mLinking CXX executable 2d_utils_tests[0m
[57.654s] [100%] Built target 2d_utils_tests
[57.689s] Invoked command in '/home/ros2/Documents/fa_ROS2_ws/build/nav_2d_utils' returned '0': AMENT_PREFIX_PATH=/home/ros2/Documents/fa_ROS2_ws/install/nav2_util:/home/ros2/Documents/fa_ROS2_ws/install/nav2_msgs:/home/ros2/Documents/fa_ROS2_ws/install/nav_2d_msgs:/home/ros2/Documents/fa_ROS2_ws/install/nav2_common:${AMENT_PREFIX_PATH} CMAKE_PREFIX_PATH=/home/ros2/Documents/fa_ROS2_ws/install/nav2_util:/home/ros2/Documents/fa_ROS2_ws/install/nav2_msgs:/home/ros2/Documents/fa_ROS2_ws/install/nav_2d_msgs:/home/ros2/Documents/fa_ROS2_ws/install/nav2_common:/home/ros2/Documents/fa_ROS2_ws/install/smart_car:/home/ros2/Documents/fa_ROS2_ws/install/car_gazebo_plugin:/home/ros2/Documents/fa_ROS2_ws/install/smartcar_msgs:/home/ros2/Documents/fa_ROS2_ws/install/ackermann_msgs:/opt/ros/humble LD_LIBRARY_PATH=/home/ros2/Documents/fa_ROS2_ws/install/nav2_util/lib:/home/ros2/Documents/fa_ROS2_ws/install/nav2_msgs/lib:/home/ros2/Documents/fa_ROS2_ws/install/nav_2d_msgs/lib:/home/ros2/Documents/fa_ROS2_ws/install/car_gazebo_plugin/lib:/home/ros2/Documents/fa_ROS2_ws/install/smartcar_msgs/lib:/home/ros2/Documents/fa_ROS2_ws/install/ackermann_msgs/lib:/usr/lib/x86_64-linux-gnu/gazebo-11/plugins:/opt/ros/humble/opt/rviz_ogre_vendor/lib:/opt/ros/humble/lib/x86_64-linux-gnu:/opt/ros/humble/lib:/tmp/.mount_cursorflfrK2/usr/lib:/usr/lib/x86_64-linux-gnu/gazebo-11/plugins:/usr/lib/x86_64-linux-gnu/gazebo-11/plugins:/usr/lib/x86_64-linux-gnu/gazebo-11/plugins PYTHONPATH=/home/ros2/Documents/fa_ROS2_ws/install/nav2_msgs/local/lib/python3.10/dist-packages:/home/ros2/Documents/fa_ROS2_ws/install/nav_2d_msgs/local/lib/python3.10/dist-packages:/home/ros2/Documents/fa_ROS2_ws/install/nav2_common/local/lib/python3.10/dist-packages:${PYTHONPATH} /usr/bin/cmake --build /home/ros2/Documents/fa_ROS2_ws/build/nav_2d_utils -- -j8 -l8
[57.948s] Invoking command in '/home/ros2/Documents/fa_ROS2_ws/build/nav_2d_utils': AMENT_PREFIX_PATH=/home/ros2/Documents/fa_ROS2_ws/install/nav2_util:/home/ros2/Documents/fa_ROS2_ws/install/nav2_msgs:/home/ros2/Documents/fa_ROS2_ws/install/nav_2d_msgs:/home/ros2/Documents/fa_ROS2_ws/install/nav2_common:${AMENT_PREFIX_PATH} CMAKE_PREFIX_PATH=/home/ros2/Documents/fa_ROS2_ws/install/nav2_util:/home/ros2/Documents/fa_ROS2_ws/install/nav2_msgs:/home/ros2/Documents/fa_ROS2_ws/install/nav_2d_msgs:/home/ros2/Documents/fa_ROS2_ws/install/nav2_common:/home/ros2/Documents/fa_ROS2_ws/install/smart_car:/home/ros2/Documents/fa_ROS2_ws/install/car_gazebo_plugin:/home/ros2/Documents/fa_ROS2_ws/install/smartcar_msgs:/home/ros2/Documents/fa_ROS2_ws/install/ackermann_msgs:/opt/ros/humble LD_LIBRARY_PATH=/home/ros2/Documents/fa_ROS2_ws/install/nav2_util/lib:/home/ros2/Documents/fa_ROS2_ws/install/nav2_msgs/lib:/home/ros2/Documents/fa_ROS2_ws/install/nav_2d_msgs/lib:/home/ros2/Documents/fa_ROS2_ws/install/car_gazebo_plugin/lib:/home/ros2/Documents/fa_ROS2_ws/install/smartcar_msgs/lib:/home/ros2/Documents/fa_ROS2_ws/install/ackermann_msgs/lib:/usr/lib/x86_64-linux-gnu/gazebo-11/plugins:/opt/ros/humble/opt/rviz_ogre_vendor/lib:/opt/ros/humble/lib/x86_64-linux-gnu:/opt/ros/humble/lib:/tmp/.mount_cursorflfrK2/usr/lib:/usr/lib/x86_64-linux-gnu/gazebo-11/plugins:/usr/lib/x86_64-linux-gnu/gazebo-11/plugins:/usr/lib/x86_64-linux-gnu/gazebo-11/plugins PYTHONPATH=/home/ros2/Documents/fa_ROS2_ws/install/nav2_msgs/local/lib/python3.10/dist-packages:/home/ros2/Documents/fa_ROS2_ws/install/nav_2d_msgs/local/lib/python3.10/dist-packages:/home/ros2/Documents/fa_ROS2_ws/install/nav2_common/local/lib/python3.10/dist-packages:${PYTHONPATH} /usr/bin/cmake --install /home/ros2/Documents/fa_ROS2_ws/build/nav_2d_utils
[57.974s] -- Install configuration: "Release"
[57.976s] -- Execute custom install script
[57.976s] -- Symlinking: /home/ros2/Documents/fa_ROS2_ws/install/nav_2d_utils/lib/libconversions.so
[58.020s] -- Symlinking: /home/ros2/Documents/fa_ROS2_ws/install/nav_2d_utils/lib/libpath_ops.so
[58.058s] -- Symlinking: /home/ros2/Documents/fa_ROS2_ws/install/nav_2d_utils/lib/libtf_help.so
[58.085s] -- Symlinking: /home/ros2/Documents/fa_ROS2_ws/install/nav_2d_utils/include//nav_2d_utils/conversions.hpp
[58.119s] -- Symlinking: /home/ros2/Documents/fa_ROS2_ws/install/nav_2d_utils/include//nav_2d_utils/odom_subscriber.hpp
[58.154s] -- Symlinking: /home/ros2/Documents/fa_ROS2_ws/install/nav_2d_utils/include//nav_2d_utils/parameters.hpp
[58.188s] -- Symlinking: /home/ros2/Documents/fa_ROS2_ws/install/nav_2d_utils/include//nav_2d_utils/path_ops.hpp
[58.222s] -- Symlinking: /home/ros2/Documents/fa_ROS2_ws/install/nav_2d_utils/include//nav_2d_utils/tf_help.hpp
[58.244s] -- Symlinking: /home/ros2/Documents/fa_ROS2_ws/install/nav_2d_utils/share/nav_2d_utils/environment/library_path.sh
[58.279s] -- Symlinking: /home/ros2/Documents/fa_ROS2_ws/install/nav_2d_utils/share/nav_2d_utils/environment/library_path.dsv
[58.331s] -- Symlinking: /home/ros2/Documents/fa_ROS2_ws/install/nav_2d_utils/share/ament_index/resource_index/package_run_dependencies/nav_2d_utils
[58.346s] -- Symlinking: /home/ros2/Documents/fa_ROS2_ws/install/nav_2d_utils/share/ament_index/resource_index/parent_prefix_path/nav_2d_utils
[58.381s] -- Symlinking: /home/ros2/Documents/fa_ROS2_ws/install/nav_2d_utils/share/nav_2d_utils/environment/ament_prefix_path.sh
[58.413s] -- Symlinking: /home/ros2/Documents/fa_ROS2_ws/install/nav_2d_utils/share/nav_2d_utils/environment/ament_prefix_path.dsv
[58.443s] -- Symlinking: /home/ros2/Documents/fa_ROS2_ws/install/nav_2d_utils/share/nav_2d_utils/environment/path.sh
[58.470s] -- Symlinking: /home/ros2/Documents/fa_ROS2_ws/install/nav_2d_utils/share/nav_2d_utils/environment/path.dsv
[58.493s] -- Symlinking: /home/ros2/Documents/fa_ROS2_ws/install/nav_2d_utils/share/nav_2d_utils/local_setup.bash
[58.516s] -- Symlinking: /home/ros2/Documents/fa_ROS2_ws/install/nav_2d_utils/share/nav_2d_utils/local_setup.sh
[58.534s] -- Symlinking: /home/ros2/Documents/fa_ROS2_ws/install/nav_2d_utils/share/nav_2d_utils/local_setup.zsh
[58.564s] -- Symlinking: /home/ros2/Documents/fa_ROS2_ws/install/nav_2d_utils/share/nav_2d_utils/local_setup.dsv
[58.629s] -- Symlinking: /home/ros2/Documents/fa_ROS2_ws/install/nav_2d_utils/share/nav_2d_utils/package.dsv
[58.670s] -- Symlinking: /home/ros2/Documents/fa_ROS2_ws/install/nav_2d_utils/share/ament_index/resource_index/packages/nav_2d_utils
[58.723s] -- Symlinking: /home/ros2/Documents/fa_ROS2_ws/install/nav_2d_utils/share/nav_2d_utils/cmake/ament_cmake_export_include_directories-extras.cmake
[58.739s] -- Symlinking: /home/ros2/Documents/fa_ROS2_ws/install/nav_2d_utils/share/nav_2d_utils/cmake/ament_cmake_export_libraries-extras.cmake
[58.760s] -- Symlinking: /home/ros2/Documents/fa_ROS2_ws/install/nav_2d_utils/share/nav_2d_utils/cmake/ament_cmake_export_dependencies-extras.cmake
[58.806s] -- Symlinking: /home/ros2/Documents/fa_ROS2_ws/install/nav_2d_utils/share/nav_2d_utils/cmake/nav_2d_utilsConfig.cmake
[58.824s] -- Symlinking: /home/ros2/Documents/fa_ROS2_ws/install/nav_2d_utils/share/nav_2d_utils/cmake/nav_2d_utilsConfig-version.cmake
[58.843s] -- Symlinking: /home/ros2/Documents/fa_ROS2_ws/install/nav_2d_utils/share/nav_2d_utils/package.xml
[58.872s] Invoked command in '/home/ros2/Documents/fa_ROS2_ws/build/nav_2d_utils' returned '0': AMENT_PREFIX_PATH=/home/ros2/Documents/fa_ROS2_ws/install/nav2_util:/home/ros2/Documents/fa_ROS2_ws/install/nav2_msgs:/home/ros2/Documents/fa_ROS2_ws/install/nav_2d_msgs:/home/ros2/Documents/fa_ROS2_ws/install/nav2_common:${AMENT_PREFIX_PATH} CMAKE_PREFIX_PATH=/home/ros2/Documents/fa_ROS2_ws/install/nav2_util:/home/ros2/Documents/fa_ROS2_ws/install/nav2_msgs:/home/ros2/Documents/fa_ROS2_ws/install/nav_2d_msgs:/home/ros2/Documents/fa_ROS2_ws/install/nav2_common:/home/ros2/Documents/fa_ROS2_ws/install/smart_car:/home/ros2/Documents/fa_ROS2_ws/install/car_gazebo_plugin:/home/ros2/Documents/fa_ROS2_ws/install/smartcar_msgs:/home/ros2/Documents/fa_ROS2_ws/install/ackermann_msgs:/opt/ros/humble LD_LIBRARY_PATH=/home/ros2/Documents/fa_ROS2_ws/install/nav2_util/lib:/home/ros2/Documents/fa_ROS2_ws/install/nav2_msgs/lib:/home/ros2/Documents/fa_ROS2_ws/install/nav_2d_msgs/lib:/home/ros2/Documents/fa_ROS2_ws/install/car_gazebo_plugin/lib:/home/ros2/Documents/fa_ROS2_ws/install/smartcar_msgs/lib:/home/ros2/Documents/fa_ROS2_ws/install/ackermann_msgs/lib:/usr/lib/x86_64-linux-gnu/gazebo-11/plugins:/opt/ros/humble/opt/rviz_ogre_vendor/lib:/opt/ros/humble/lib/x86_64-linux-gnu:/opt/ros/humble/lib:/tmp/.mount_cursorflfrK2/usr/lib:/usr/lib/x86_64-linux-gnu/gazebo-11/plugins:/usr/lib/x86_64-linux-gnu/gazebo-11/plugins:/usr/lib/x86_64-linux-gnu/gazebo-11/plugins PYTHONPATH=/home/ros2/Documents/fa_ROS2_ws/install/nav2_msgs/local/lib/python3.10/dist-packages:/home/ros2/Documents/fa_ROS2_ws/install/nav_2d_msgs/local/lib/python3.10/dist-packages:/home/ros2/Documents/fa_ROS2_ws/install/nav2_common/local/lib/python3.10/dist-packages:${PYTHONPATH} /usr/bin/cmake --install /home/ros2/Documents/fa_ROS2_ws/build/nav_2d_utils
