[0.019s] Invoking command in '/home/ros2/Documents/fa_ROS2_ws/build/car_gazebo_plugin': AMENT_PREFIX_PATH=/home/ros2/Documents/fa_ROS2_ws/install/smartcar_msgs:/home/ros2/Documents/fa_ROS2_ws/install/ackermann_msgs:${AMENT_PREFIX_PATH} CMAKE_PREFIX_PATH=/home/ros2/Documents/fa_ROS2_ws/install/smartcar_msgs:/home/ros2/Documents/fa_ROS2_ws/install/ackermann_msgs:/opt/ros/humble LD_LIBRARY_PATH=/home/ros2/Documents/fa_ROS2_ws/install/smartcar_msgs/lib:/home/ros2/Documents/fa_ROS2_ws/install/ackermann_msgs/lib:/usr/lib/x86_64-linux-gnu/gazebo-11/plugins:/opt/ros/humble/opt/rviz_ogre_vendor/lib:/opt/ros/humble/lib/x86_64-linux-gnu:/opt/ros/humble/lib:/tmp/.mount_cursorHqA3fm/usr/lib:/usr/lib/x86_64-linux-gnu/gazebo-11/plugins:/usr/lib/x86_64-linux-gnu/gazebo-11/plugins:/usr/lib/x86_64-linux-gnu/gazebo-11/plugins PYTHONPATH=/home/ros2/Documents/fa_ROS2_ws/install/smartcar_msgs/local/lib/python3.10/dist-packages:/home/ros2/Documents/fa_ROS2_ws/install/ackermann_msgs/local/lib/python3.10/dist-packages:${PYTHONPATH} /usr/bin/cmake /home/ros2/Documents/fa_ROS2_ws/src/car_gazebo_plugin -DCMAKE_INSTALL_PREFIX=/home/ros2/Documents/fa_ROS2_ws/install/car_gazebo_plugin
[0.132s] -- The C compiler identification is GNU 11.4.0
[0.255s] -- The CXX compiler identification is GNU 11.4.0
[0.275s] -- Detecting C compiler ABI info
[0.385s] -- Detecting C compiler ABI info - done
[0.394s] -- Check for working C compiler: /usr/lib/ccache/gcc - skipped
[0.394s] -- Detecting C compile features
[0.395s] -- Detecting C compile features - done
[0.399s] -- Detecting CXX compiler ABI info
[0.523s] -- Detecting CXX compiler ABI info - done
[0.538s] -- Check for working CXX compiler: /usr/lib/ccache/g++ - skipped
[0.539s] -- Detecting CXX compile features
[0.540s] -- Detecting CXX compile features - done
[0.565s] [33mCMake Warning (dev) at /usr/share/cmake-3.22/Modules/FindPackageHandleStandardArgs.cmake:438 (message):
[0.565s]   The package name passed to `find_package_handle_standard_args` (PkgConfig)
[0.565s]   does not match the name of the calling package (gazebo).  This can lead to
[0.565s]   problems in calling code that expects `find_package` result variables
[0.566s]   (e.g., `_FOUND`) to follow a certain pattern.
[0.566s] Call Stack (most recent call first):
[0.566s]   /usr/share/cmake-3.22/Modules/FindPkgConfig.cmake:99 (find_package_handle_standard_args)
[0.566s]   /usr/lib/x86_64-linux-gnu/cmake/gazebo/gazebo-config.cmake:72 (include)
[0.566s]   CMakeLists.txt:14 (find_package)
[0.566s] This warning is for project developers.  Use -Wno-dev to suppress it.
[0.566s] [0m
[0.566s] -- Found PkgConfig: /usr/bin/pkg-config (found version "0.29.2") 
[0.571s] -- Checking for module 'bullet>=2.82'
[0.597s] --   Found bullet, version 3.05
[0.805s] -- Found fcl: /usr/include (found suitable version "0.7.0", minimum required is "0.5.0") 
[0.898s] -- Found assimp: /usr/include (found version "5.2.0") 
[0.946s] -- Found DART: /usr/include (Required is at least version "6.6") found components: dart 
[1.254s] -- Found Boost: /usr/lib/x86_64-linux-gnu/cmake/Boost-1.74.0/BoostConfig.cmake (found suitable version "1.74.0", minimum required is "1.40.0") found components: thread system filesystem program_options regex iostreams date_time 
[1.297s] -- Found Protobuf: /usr/lib/x86_64-linux-gnu/libprotobuf.so (found version "3.12.4") 
[1.313s] -- Looking for ignition-math6 -- found version 6.15.1
[1.330s] -- Searching for dependencies of ignition-math6
[1.333s] -- Looking for OGRE...
[1.334s] -- OGRE_PREFIX_WATCH changed.
[1.342s] -- Checking for module 'OGRE'
[1.364s] --   Found OGRE, version 1.9.0
[1.429s] -- Found Ogre Ghadamon (1.9.0)
[1.451s] -- Found OGRE: optimized;/usr/lib/x86_64-linux-gnu/libOgreMain.so;debug;/usr/lib/x86_64-linux-gnu/libOgreMain.so
[1.468s] -- Looking for OGRE_Paging...
[1.484s] -- Found OGRE_Paging: optimized;/usr/lib/x86_64-linux-gnu/libOgrePaging.so;debug;/usr/lib/x86_64-linux-gnu/libOgrePaging.so
[1.484s] -- Looking for OGRE_Terrain...
[1.503s] -- Found OGRE_Terrain: optimized;/usr/lib/x86_64-linux-gnu/libOgreTerrain.so;debug;/usr/lib/x86_64-linux-gnu/libOgreTerrain.so
[1.503s] -- Looking for OGRE_Property...
[1.515s] -- Found OGRE_Property: optimized;/usr/lib/x86_64-linux-gnu/libOgreProperty.so;debug;/usr/lib/x86_64-linux-gnu/libOgreProperty.so
[1.515s] -- Looking for OGRE_RTShaderSystem...
[1.525s] -- Found OGRE_RTShaderSystem: optimized;/usr/lib/x86_64-linux-gnu/libOgreRTShaderSystem.so;debug;/usr/lib/x86_64-linux-gnu/libOgreRTShaderSystem.so
[1.525s] -- Looking for OGRE_Volume...
[1.534s] -- Found OGRE_Volume: optimized;/usr/lib/x86_64-linux-gnu/libOgreVolume.so;debug;/usr/lib/x86_64-linux-gnu/libOgreVolume.so
[1.535s] -- Looking for OGRE_Overlay...
[1.546s] -- Found OGRE_Overlay: optimized;/usr/lib/x86_64-linux-gnu/libOgreOverlay.so;debug;/usr/lib/x86_64-linux-gnu/libOgreOverlay.so
[1.855s] -- Looking for ignition-math6 -- found version 6.15.1
[1.864s] -- Looking for ignition-transport8 -- found version 8.2.1
[1.865s] -- Searching for dependencies of ignition-transport8
[1.897s] -- Found Protobuf: /usr/lib/x86_64-linux-gnu/libprotobuf.so (found suitable version "3.12.4", minimum required is "3") 
[1.917s] -- Config-file not installed for ZeroMQ -- checking for pkg-config
[1.925s] -- Checking for module 'libzmq >= 4'
[1.950s] --   Found libzmq , version 4.3.4
[2.020s] -- Found ZeroMQ: TRUE (Required is at least version "4") 
[2.030s] -- Checking for module 'uuid'
[2.053s] --   Found uuid, version 2.37.2
[2.118s] -- Found UUID: TRUE  
[2.125s] -- Looking for ignition-msgs5 -- found version 5.8.1
[2.125s] -- Searching for dependencies of ignition-msgs5
[2.155s] -- Looking for ignition-math6 -- found version 6.15.1
[2.163s] -- Checking for module 'tinyxml2'
[2.191s] --   Found tinyxml2, version 9.0.0
[2.254s] -- Looking for ignition-msgs5 -- found version 5.8.1
[2.267s] -- Looking for ignition-common3 -- found version 3.14.0
[2.268s] -- Searching for dependencies of ignition-common3
[2.268s] -- Looking for dlfcn.h - found
[2.270s] -- Looking for libdl - found
[2.273s] -- Found DL: TRUE  
[2.297s] -- Found tinyobjloader: /usr/lib/x86_64-linux-gnu/cmake/tinyobjloader/tinyobjloader-config.cmake (found version "2.0.0") 
[2.298s] -- Searching for <ignition-common3> component [graphics]
[2.306s] -- Looking for ignition-common3-graphics -- found version 3.14.0
[2.306s] -- Searching for dependencies of ignition-common3-graphics
[2.307s] -- Looking for ignition-math6 -- found version 6.15.1
[2.316s] -- Looking for ignition-fuel_tools4 -- found version 4.4.0
[2.316s] -- Searching for dependencies of ignition-fuel_tools4
[2.465s] -- Found CURL: /usr/lib/x86_64-linux-gnu/libcurl.so (found version "7.81.0")  
[2.486s] -- Checking for module 'jsoncpp'
[2.514s] --   Found jsoncpp, version 1.9.5
[2.577s] -- Found JSONCPP: TRUE  
[2.589s] -- Checking for module 'libzip'
[2.617s] --   Found libzip, version 1.7.3
[2.676s] -- Found ZIP: TRUE  
[2.677s] -- Looking for ignition-common3 -- found version 3.14.0
[2.677s] -- Looking for ignition-math6 -- found version 6.15.1
[2.678s] -- Looking for ignition-msgs5 -- found version 5.8.1
[2.691s] -- Found gazebo_ros: 3.7.0 (/opt/ros/humble/share/gazebo_ros/cmake)
[2.924s] -- Found Python3: /usr/bin/python3 (found version "3.10.12") found components: Interpreter 
[3.145s] -- Found rosidl_generator_c: 3.1.5 (/opt/ros/humble/share/rosidl_generator_c/cmake)
[3.155s] -- Found rosidl_adapter: 3.1.5 (/opt/ros/humble/share/rosidl_adapter/cmake)
[3.168s] -- Found rosidl_generator_cpp: 3.1.5 (/opt/ros/humble/share/rosidl_generator_cpp/cmake)
[3.189s] -- Using all available rosidl_typesupport_c: rosidl_typesupport_fastrtps_c;rosidl_typesupport_introspection_c
[3.219s] -- Using all available rosidl_typesupport_cpp: rosidl_typesupport_fastrtps_cpp;rosidl_typesupport_introspection_cpp
[3.318s] -- Found rmw_implementation_cmake: 6.1.2 (/opt/ros/humble/share/rmw_implementation_cmake/cmake)
[3.325s] -- Found rmw_cyclonedds_cpp: 1.3.4 (/opt/ros/humble/share/rmw_cyclonedds_cpp/cmake)
[3.391s] -- Using RMW implementation 'rmw_cyclonedds_cpp' as default
[3.438s] -- Found Threads: TRUE  
[3.570s] -- Gazebo version: 11.10
[3.570s] -- Checking for module 'tbb'
[3.596s] --   Found tbb, version 2021.5.0
[3.665s] -- Found gazebo_ros_pkgs: 3.7.0 (/opt/ros/humble/share/gazebo_ros_pkgs/cmake)
[3.669s] -- Found sensor_msgs: 4.2.4 (/opt/ros/humble/share/sensor_msgs/cmake)
[3.744s] -- Found nav_msgs: 4.2.4 (/opt/ros/humble/share/nav_msgs/cmake)
[3.781s] -- Found ackermann_msgs: 2.0.2 (/home/ros2/Documents/fa_ROS2_ws/install/ackermann_msgs/share/ackermann_msgs/cmake)
[3.811s] -- Found tf2: 0.25.7 (/opt/ros/humble/share/tf2/cmake)
[3.837s] -- Found tf2_ros: 0.25.7 (/opt/ros/humble/share/tf2_ros/cmake)
[4.073s] -- Found smartcar_msgs: 0.0.0 (/home/ros2/Documents/fa_ROS2_ws/install/smartcar_msgs/share/smartcar_msgs/cmake)
[4.232s] -- Configuring done
[4.330s] -- Generating done
[4.335s] -- Build files have been written to: /home/ros2/Documents/fa_ROS2_ws/build/car_gazebo_plugin
[4.365s] Invoked command in '/home/ros2/Documents/fa_ROS2_ws/build/car_gazebo_plugin' returned '0': AMENT_PREFIX_PATH=/home/ros2/Documents/fa_ROS2_ws/install/smartcar_msgs:/home/ros2/Documents/fa_ROS2_ws/install/ackermann_msgs:${AMENT_PREFIX_PATH} CMAKE_PREFIX_PATH=/home/ros2/Documents/fa_ROS2_ws/install/smartcar_msgs:/home/ros2/Documents/fa_ROS2_ws/install/ackermann_msgs:/opt/ros/humble LD_LIBRARY_PATH=/home/ros2/Documents/fa_ROS2_ws/install/smartcar_msgs/lib:/home/ros2/Documents/fa_ROS2_ws/install/ackermann_msgs/lib:/usr/lib/x86_64-linux-gnu/gazebo-11/plugins:/opt/ros/humble/opt/rviz_ogre_vendor/lib:/opt/ros/humble/lib/x86_64-linux-gnu:/opt/ros/humble/lib:/tmp/.mount_cursorHqA3fm/usr/lib:/usr/lib/x86_64-linux-gnu/gazebo-11/plugins:/usr/lib/x86_64-linux-gnu/gazebo-11/plugins:/usr/lib/x86_64-linux-gnu/gazebo-11/plugins PYTHONPATH=/home/ros2/Documents/fa_ROS2_ws/install/smartcar_msgs/local/lib/python3.10/dist-packages:/home/ros2/Documents/fa_ROS2_ws/install/ackermann_msgs/local/lib/python3.10/dist-packages:${PYTHONPATH} /usr/bin/cmake /home/ros2/Documents/fa_ROS2_ws/src/car_gazebo_plugin -DCMAKE_INSTALL_PREFIX=/home/ros2/Documents/fa_ROS2_ws/install/car_gazebo_plugin
[4.368s] Invoking command in '/home/ros2/Documents/fa_ROS2_ws/build/car_gazebo_plugin': AMENT_PREFIX_PATH=/home/ros2/Documents/fa_ROS2_ws/install/smartcar_msgs:/home/ros2/Documents/fa_ROS2_ws/install/ackermann_msgs:${AMENT_PREFIX_PATH} CMAKE_PREFIX_PATH=/home/ros2/Documents/fa_ROS2_ws/install/smartcar_msgs:/home/ros2/Documents/fa_ROS2_ws/install/ackermann_msgs:/opt/ros/humble LD_LIBRARY_PATH=/home/ros2/Documents/fa_ROS2_ws/install/smartcar_msgs/lib:/home/ros2/Documents/fa_ROS2_ws/install/ackermann_msgs/lib:/usr/lib/x86_64-linux-gnu/gazebo-11/plugins:/opt/ros/humble/opt/rviz_ogre_vendor/lib:/opt/ros/humble/lib/x86_64-linux-gnu:/opt/ros/humble/lib:/tmp/.mount_cursorHqA3fm/usr/lib:/usr/lib/x86_64-linux-gnu/gazebo-11/plugins:/usr/lib/x86_64-linux-gnu/gazebo-11/plugins:/usr/lib/x86_64-linux-gnu/gazebo-11/plugins PYTHONPATH=/home/ros2/Documents/fa_ROS2_ws/install/smartcar_msgs/local/lib/python3.10/dist-packages:/home/ros2/Documents/fa_ROS2_ws/install/ackermann_msgs/local/lib/python3.10/dist-packages:${PYTHONPATH} /usr/bin/cmake --build /home/ros2/Documents/fa_ROS2_ws/build/car_gazebo_plugin -- -j8 -l8
[4.481s] [ 50%] [32mBuilding CXX object CMakeFiles/car_gazebo_plugin.dir/src/car_gazebo_plugin.cpp.o[0m
[5.025s] [100%] [32m[1mLinking CXX shared library libcar_gazebo_plugin.so[0m
[7.197s] [100%] Built target car_gazebo_plugin
[7.218s] Invoked command in '/home/ros2/Documents/fa_ROS2_ws/build/car_gazebo_plugin' returned '0': AMENT_PREFIX_PATH=/home/ros2/Documents/fa_ROS2_ws/install/smartcar_msgs:/home/ros2/Documents/fa_ROS2_ws/install/ackermann_msgs:${AMENT_PREFIX_PATH} CMAKE_PREFIX_PATH=/home/ros2/Documents/fa_ROS2_ws/install/smartcar_msgs:/home/ros2/Documents/fa_ROS2_ws/install/ackermann_msgs:/opt/ros/humble LD_LIBRARY_PATH=/home/ros2/Documents/fa_ROS2_ws/install/smartcar_msgs/lib:/home/ros2/Documents/fa_ROS2_ws/install/ackermann_msgs/lib:/usr/lib/x86_64-linux-gnu/gazebo-11/plugins:/opt/ros/humble/opt/rviz_ogre_vendor/lib:/opt/ros/humble/lib/x86_64-linux-gnu:/opt/ros/humble/lib:/tmp/.mount_cursorHqA3fm/usr/lib:/usr/lib/x86_64-linux-gnu/gazebo-11/plugins:/usr/lib/x86_64-linux-gnu/gazebo-11/plugins:/usr/lib/x86_64-linux-gnu/gazebo-11/plugins PYTHONPATH=/home/ros2/Documents/fa_ROS2_ws/install/smartcar_msgs/local/lib/python3.10/dist-packages:/home/ros2/Documents/fa_ROS2_ws/install/ackermann_msgs/local/lib/python3.10/dist-packages:${PYTHONPATH} /usr/bin/cmake --build /home/ros2/Documents/fa_ROS2_ws/build/car_gazebo_plugin -- -j8 -l8
[7.280s] Invoking command in '/home/ros2/Documents/fa_ROS2_ws/build/car_gazebo_plugin': AMENT_PREFIX_PATH=/home/ros2/Documents/fa_ROS2_ws/install/smartcar_msgs:/home/ros2/Documents/fa_ROS2_ws/install/ackermann_msgs:${AMENT_PREFIX_PATH} CMAKE_PREFIX_PATH=/home/ros2/Documents/fa_ROS2_ws/install/smartcar_msgs:/home/ros2/Documents/fa_ROS2_ws/install/ackermann_msgs:/opt/ros/humble LD_LIBRARY_PATH=/home/ros2/Documents/fa_ROS2_ws/install/smartcar_msgs/lib:/home/ros2/Documents/fa_ROS2_ws/install/ackermann_msgs/lib:/usr/lib/x86_64-linux-gnu/gazebo-11/plugins:/opt/ros/humble/opt/rviz_ogre_vendor/lib:/opt/ros/humble/lib/x86_64-linux-gnu:/opt/ros/humble/lib:/tmp/.mount_cursorHqA3fm/usr/lib:/usr/lib/x86_64-linux-gnu/gazebo-11/plugins:/usr/lib/x86_64-linux-gnu/gazebo-11/plugins:/usr/lib/x86_64-linux-gnu/gazebo-11/plugins PYTHONPATH=/home/ros2/Documents/fa_ROS2_ws/install/smartcar_msgs/local/lib/python3.10/dist-packages:/home/ros2/Documents/fa_ROS2_ws/install/ackermann_msgs/local/lib/python3.10/dist-packages:${PYTHONPATH} /usr/bin/cmake --install /home/ros2/Documents/fa_ROS2_ws/build/car_gazebo_plugin
[7.293s] -- Install configuration: ""
[7.293s] -- Installing: /home/ros2/Documents/fa_ROS2_ws/install/car_gazebo_plugin/share/car_gazebo_plugin/environment/library_path.sh
[7.293s] -- Installing: /home/ros2/Documents/fa_ROS2_ws/install/car_gazebo_plugin/share/car_gazebo_plugin/environment/library_path.dsv
[7.293s] -- Installing: /home/ros2/Documents/fa_ROS2_ws/install/car_gazebo_plugin/share/ament_index/resource_index/package_run_dependencies/car_gazebo_plugin
[7.294s] -- Installing: /home/ros2/Documents/fa_ROS2_ws/install/car_gazebo_plugin/share/ament_index/resource_index/parent_prefix_path/car_gazebo_plugin
[7.294s] -- Installing: /home/ros2/Documents/fa_ROS2_ws/install/car_gazebo_plugin/share/car_gazebo_plugin/environment/ament_prefix_path.sh
[7.294s] -- Installing: /home/ros2/Documents/fa_ROS2_ws/install/car_gazebo_plugin/share/car_gazebo_plugin/environment/ament_prefix_path.dsv
[7.294s] -- Installing: /home/ros2/Documents/fa_ROS2_ws/install/car_gazebo_plugin/share/car_gazebo_plugin/environment/path.sh
[7.295s] -- Installing: /home/ros2/Documents/fa_ROS2_ws/install/car_gazebo_plugin/share/car_gazebo_plugin/environment/path.dsv
[7.295s] -- Installing: /home/ros2/Documents/fa_ROS2_ws/install/car_gazebo_plugin/share/car_gazebo_plugin/local_setup.bash
[7.295s] -- Installing: /home/ros2/Documents/fa_ROS2_ws/install/car_gazebo_plugin/share/car_gazebo_plugin/local_setup.sh
[7.295s] -- Installing: /home/ros2/Documents/fa_ROS2_ws/install/car_gazebo_plugin/share/car_gazebo_plugin/local_setup.zsh
[7.296s] -- Installing: /home/ros2/Documents/fa_ROS2_ws/install/car_gazebo_plugin/share/car_gazebo_plugin/local_setup.dsv
[7.296s] -- Installing: /home/ros2/Documents/fa_ROS2_ws/install/car_gazebo_plugin/share/car_gazebo_plugin/package.dsv
[7.296s] -- Installing: /home/ros2/Documents/fa_ROS2_ws/install/car_gazebo_plugin/share/ament_index/resource_index/packages/car_gazebo_plugin
[7.296s] -- Installing: /home/ros2/Documents/fa_ROS2_ws/install/car_gazebo_plugin/share/car_gazebo_plugin/cmake/ament_cmake_export_libraries-extras.cmake
[7.297s] -- Installing: /home/ros2/Documents/fa_ROS2_ws/install/car_gazebo_plugin/share/car_gazebo_plugin/cmake/ament_cmake_export_include_directories-extras.cmake
[7.297s] -- Installing: /home/ros2/Documents/fa_ROS2_ws/install/car_gazebo_plugin/share/car_gazebo_plugin/cmake/ament_cmake_export_dependencies-extras.cmake
[7.297s] -- Installing: /home/ros2/Documents/fa_ROS2_ws/install/car_gazebo_plugin/share/car_gazebo_plugin/cmake/car_gazebo_pluginConfig.cmake
[7.297s] -- Installing: /home/ros2/Documents/fa_ROS2_ws/install/car_gazebo_plugin/share/car_gazebo_plugin/cmake/car_gazebo_pluginConfig-version.cmake
[7.297s] -- Installing: /home/ros2/Documents/fa_ROS2_ws/install/car_gazebo_plugin/share/car_gazebo_plugin/package.xml
[7.298s] -- Installing: /home/ros2/Documents/fa_ROS2_ws/install/car_gazebo_plugin/include
[7.298s] -- Installing: /home/ros2/Documents/fa_ROS2_ws/install/car_gazebo_plugin/lib/libcar_gazebo_plugin.so
[7.316s] -- Set runtime path of "/home/ros2/Documents/fa_ROS2_ws/install/car_gazebo_plugin/lib/libcar_gazebo_plugin.so" to ""
[7.319s] Invoked command in '/home/ros2/Documents/fa_ROS2_ws/build/car_gazebo_plugin' returned '0': AMENT_PREFIX_PATH=/home/ros2/Documents/fa_ROS2_ws/install/smartcar_msgs:/home/ros2/Documents/fa_ROS2_ws/install/ackermann_msgs:${AMENT_PREFIX_PATH} CMAKE_PREFIX_PATH=/home/ros2/Documents/fa_ROS2_ws/install/smartcar_msgs:/home/ros2/Documents/fa_ROS2_ws/install/ackermann_msgs:/opt/ros/humble LD_LIBRARY_PATH=/home/ros2/Documents/fa_ROS2_ws/install/smartcar_msgs/lib:/home/ros2/Documents/fa_ROS2_ws/install/ackermann_msgs/lib:/usr/lib/x86_64-linux-gnu/gazebo-11/plugins:/opt/ros/humble/opt/rviz_ogre_vendor/lib:/opt/ros/humble/lib/x86_64-linux-gnu:/opt/ros/humble/lib:/tmp/.mount_cursorHqA3fm/usr/lib:/usr/lib/x86_64-linux-gnu/gazebo-11/plugins:/usr/lib/x86_64-linux-gnu/gazebo-11/plugins:/usr/lib/x86_64-linux-gnu/gazebo-11/plugins PYTHONPATH=/home/ros2/Documents/fa_ROS2_ws/install/smartcar_msgs/local/lib/python3.10/dist-packages:/home/ros2/Documents/fa_ROS2_ws/install/ackermann_msgs/local/lib/python3.10/dist-packages:${PYTHONPATH} /usr/bin/cmake --install /home/ros2/Documents/fa_ROS2_ws/build/car_gazebo_plugin
