[0.041s] Invoking command in '/home/ros2/Documents/fa_ROS2_ws/build/nav2_costmap_2d': AMENT_PREFIX_PATH=/home/ros2/Documents/fa_ROS2_ws/install/nav2_map_server:/home/ros2/Documents/fa_ROS2_ws/install/nav2_lifecycle_manager:/home/ros2/Documents/fa_ROS2_ws/install/nav2_util:/home/ros2/Documents/fa_ROS2_ws/install/nav2_voxel_grid:/home/ros2/Documents/fa_ROS2_ws/install/nav2_msgs:/home/ros2/Documents/fa_ROS2_ws/install/nav2_common:${AMENT_PREFIX_PATH} CMAKE_PREFIX_PATH=/home/ros2/Documents/fa_ROS2_ws/install/nav2_map_server:/home/ros2/Documents/fa_ROS2_ws/install/nav2_lifecycle_manager:/home/ros2/Documents/fa_ROS2_ws/install/nav2_util:/home/ros2/Documents/fa_ROS2_ws/install/nav2_voxel_grid:/home/ros2/Documents/fa_ROS2_ws/install/nav2_msgs:/home/ros2/Documents/fa_ROS2_ws/install/nav2_common:/home/ros2/Documents/fa_ROS2_ws/install/smart_car:/home/ros2/Documents/fa_ROS2_ws/install/car_gazebo_plugin:/home/ros2/Documents/fa_ROS2_ws/install/smartcar_msgs:/home/ros2/Documents/fa_ROS2_ws/install/ackermann_msgs:/opt/ros/humble LD_LIBRARY_PATH=/home/ros2/Documents/fa_ROS2_ws/install/nav2_map_server/lib:/home/ros2/Documents/fa_ROS2_ws/install/nav2_lifecycle_manager/lib:/home/ros2/Documents/fa_ROS2_ws/install/nav2_util/lib:/home/ros2/Documents/fa_ROS2_ws/install/nav2_voxel_grid/lib:/home/ros2/Documents/fa_ROS2_ws/install/nav2_msgs/lib:/home/ros2/Documents/fa_ROS2_ws/install/car_gazebo_plugin/lib:/home/ros2/Documents/fa_ROS2_ws/install/smartcar_msgs/lib:/home/ros2/Documents/fa_ROS2_ws/install/ackermann_msgs/lib:/usr/lib/x86_64-linux-gnu/gazebo-11/plugins:/opt/ros/humble/opt/rviz_ogre_vendor/lib:/opt/ros/humble/lib/x86_64-linux-gnu:/opt/ros/humble/lib:/tmp/.mount_cursorflfrK2/usr/lib:/usr/lib/x86_64-linux-gnu/gazebo-11/plugins:/usr/lib/x86_64-linux-gnu/gazebo-11/plugins:/usr/lib/x86_64-linux-gnu/gazebo-11/plugins PYTHONPATH=/home/ros2/Documents/fa_ROS2_ws/install/nav2_msgs/local/lib/python3.10/dist-packages:/home/ros2/Documents/fa_ROS2_ws/install/nav2_common/local/lib/python3.10/dist-packages:${PYTHONPATH} /usr/bin/cmake /home/ros2/Documents/fa_ROS2_ws/src/navigation2/nav2_costmap_2d -DAMENT_CMAKE_SYMLINK_INSTALL=1 -DCMAKE_INSTALL_PREFIX=/home/ros2/Documents/fa_ROS2_ws/install/nav2_costmap_2d
[0.193s] -- The C compiler identification is GNU 11.4.0
[0.345s] -- The CXX compiler identification is GNU 11.4.0
[0.372s] -- Detecting C compiler ABI info
[0.517s] -- Detecting C compiler ABI info - done
[0.534s] -- Check for working C compiler: /usr/lib/ccache/gcc - skipped
[0.535s] -- Detecting C compile features
[0.535s] -- Detecting C compile features - done
[0.539s] -- Detecting CXX compiler ABI info
[0.697s] -- Detecting CXX compiler ABI info - done
[0.710s] -- Check for working CXX compiler: /usr/lib/ccache/g++ - skipped
[0.711s] -- Detecting CXX compile features
[0.711s] -- Detecting CXX compile features - done
[0.715s] -- Found ament_cmake: 1.3.10 (/opt/ros/humble/share/ament_cmake/cmake)
[0.984s] -- Found Python3: /usr/bin/python3 (found version "3.10.12") found components: Interpreter 
[1.102s] -- Override CMake install command with custom implementation using symlinks instead of copying resources
[1.186s] -- Found geometry_msgs: 4.2.4 (/opt/ros/humble/share/geometry_msgs/cmake)
[1.270s] -- Found rosidl_generator_c: 3.1.5 (/opt/ros/humble/share/rosidl_generator_c/cmake)
[1.282s] -- Found rosidl_adapter: 3.1.5 (/opt/ros/humble/share/rosidl_adapter/cmake)
[1.300s] -- Found rosidl_generator_cpp: 3.1.5 (/opt/ros/humble/share/rosidl_generator_cpp/cmake)
[1.321s] -- Using all available rosidl_typesupport_c: rosidl_typesupport_fastrtps_c;rosidl_typesupport_introspection_c
[1.353s] -- Using all available rosidl_typesupport_cpp: rosidl_typesupport_fastrtps_cpp;rosidl_typesupport_introspection_cpp
[1.424s] -- Found laser_geometry: 2.4.0 (/opt/ros/humble/share/laser_geometry/cmake)
[1.518s] -- Found rmw_implementation_cmake: 6.1.2 (/opt/ros/humble/share/rmw_implementation_cmake/cmake)
[1.522s] -- Found rmw_cyclonedds_cpp: 1.3.4 (/opt/ros/humble/share/rmw_cyclonedds_cpp/cmake)
[1.565s] -- Using RMW implementation 'rmw_cyclonedds_cpp' as default
[1.585s] -- Looking for pthread.h
[1.782s] -- Looking for pthread.h - found
[1.782s] -- Performing Test CMAKE_HAVE_LIBC_PTHREAD
[1.951s] -- Performing Test CMAKE_HAVE_LIBC_PTHREAD - Success
[1.952s] -- Found Threads: TRUE  
[2.087s] -- Found map_msgs: 2.1.0 (/opt/ros/humble/share/map_msgs/cmake)
[2.161s] -- Found message_filters: 4.3.4 (/opt/ros/humble/share/message_filters/cmake)
[2.167s] -- Found nav2_common: 1.1.17 (/home/ros2/Documents/fa_ROS2_ws/install/nav2_common/share/nav2_common/cmake)
[2.169s] -- Found nav2_msgs: 1.1.17 (/home/ros2/Documents/fa_ROS2_ws/install/nav2_msgs/share/nav2_msgs/cmake)
[2.249s] -- Found nav2_util: 1.1.17 (/home/ros2/Documents/fa_ROS2_ws/install/nav2_util/share/nav2_util/cmake)
[2.398s] -- Found Eigen3: TRUE (found version "3.4.0") 
[2.398s] -- Ensuring Eigen3 include directory is part of orocos-kdl CMake target
[2.493s] -- Found nav2_voxel_grid: 1.1.17 (/home/ros2/Documents/fa_ROS2_ws/install/nav2_voxel_grid/share/nav2_voxel_grid/cmake)
[2.501s] -- Found pluginlib: 5.1.0 (/opt/ros/humble/share/pluginlib/cmake)
[2.540s] -- Found std_srvs: 4.2.4 (/opt/ros/humble/share/std_srvs/cmake)
[2.562s] -- Found tf2_sensor_msgs: 0.25.7 (/opt/ros/humble/share/tf2_sensor_msgs/cmake)
[2.573s] -- Found visualization_msgs: 4.2.4 (/opt/ros/humble/share/visualization_msgs/cmake)
[2.618s] -- Found angles: 1.15.0 (/opt/ros/humble/share/angles/cmake)
[2.618s] -- Found Eigen3: TRUE (found suitable version "3.4.0", minimum required is "3.3") 
[2.618s] -- Setting build type to Release as none was specified.
[2.856s] -- Found ament_lint_auto: 0.12.11 (/opt/ros/humble/share/ament_lint_auto/cmake)
[3.163s] -- Found gtest sources under '/opt/ros/humble/src/gtest_vendor': C++ tests using 'Google Test' will be built
[3.196s] -- Found gtest sources under '/opt/ros/humble/src/gtest_vendor': C++ tests using 'Google Test' will be built
[3.214s] -- Found gtest sources under '/opt/ros/humble/src/gtest_vendor': C++ tests using 'Google Test' will be built
[3.278s] -- Added test 'cppcheck' to perform static code analysis on C / C++ code
[3.281s] -- Configured cppcheck include dirs: $<BUILD_INTERFACE:/home/ros2/Documents/fa_ROS2_ws/src/navigation2/nav2_costmap_2d/include>
[3.282s] -- Configured cppcheck exclude dirs and/or files: 
[3.283s] -- Added test 'flake8' to check Python code syntax and style conventions
[3.285s] -- Added test 'lint_cmake' to check CMake code style
[3.287s] -- Added test 'pep257' to check Python code against some of the docstring style conventions in PEP 257
[3.294s] -- Added test 'uncrustify' to check C / C++ code style
[3.294s] -- Configured uncrustify additional arguments: 
[3.295s] -- Added test 'xmllint' to check XML markup files
[3.301s] -- Configuring done
[4.643s] -- Generating done
[4.655s] -- Build files have been written to: /home/ros2/Documents/fa_ROS2_ws/build/nav2_costmap_2d
[4.698s] Invoked command in '/home/ros2/Documents/fa_ROS2_ws/build/nav2_costmap_2d' returned '0': AMENT_PREFIX_PATH=/home/ros2/Documents/fa_ROS2_ws/install/nav2_map_server:/home/ros2/Documents/fa_ROS2_ws/install/nav2_lifecycle_manager:/home/ros2/Documents/fa_ROS2_ws/install/nav2_util:/home/ros2/Documents/fa_ROS2_ws/install/nav2_voxel_grid:/home/ros2/Documents/fa_ROS2_ws/install/nav2_msgs:/home/ros2/Documents/fa_ROS2_ws/install/nav2_common:${AMENT_PREFIX_PATH} CMAKE_PREFIX_PATH=/home/ros2/Documents/fa_ROS2_ws/install/nav2_map_server:/home/ros2/Documents/fa_ROS2_ws/install/nav2_lifecycle_manager:/home/ros2/Documents/fa_ROS2_ws/install/nav2_util:/home/ros2/Documents/fa_ROS2_ws/install/nav2_voxel_grid:/home/ros2/Documents/fa_ROS2_ws/install/nav2_msgs:/home/ros2/Documents/fa_ROS2_ws/install/nav2_common:/home/ros2/Documents/fa_ROS2_ws/install/smart_car:/home/ros2/Documents/fa_ROS2_ws/install/car_gazebo_plugin:/home/ros2/Documents/fa_ROS2_ws/install/smartcar_msgs:/home/ros2/Documents/fa_ROS2_ws/install/ackermann_msgs:/opt/ros/humble LD_LIBRARY_PATH=/home/ros2/Documents/fa_ROS2_ws/install/nav2_map_server/lib:/home/ros2/Documents/fa_ROS2_ws/install/nav2_lifecycle_manager/lib:/home/ros2/Documents/fa_ROS2_ws/install/nav2_util/lib:/home/ros2/Documents/fa_ROS2_ws/install/nav2_voxel_grid/lib:/home/ros2/Documents/fa_ROS2_ws/install/nav2_msgs/lib:/home/ros2/Documents/fa_ROS2_ws/install/car_gazebo_plugin/lib:/home/ros2/Documents/fa_ROS2_ws/install/smartcar_msgs/lib:/home/ros2/Documents/fa_ROS2_ws/install/ackermann_msgs/lib:/usr/lib/x86_64-linux-gnu/gazebo-11/plugins:/opt/ros/humble/opt/rviz_ogre_vendor/lib:/opt/ros/humble/lib/x86_64-linux-gnu:/opt/ros/humble/lib:/tmp/.mount_cursorflfrK2/usr/lib:/usr/lib/x86_64-linux-gnu/gazebo-11/plugins:/usr/lib/x86_64-linux-gnu/gazebo-11/plugins:/usr/lib/x86_64-linux-gnu/gazebo-11/plugins PYTHONPATH=/home/ros2/Documents/fa_ROS2_ws/install/nav2_msgs/local/lib/python3.10/dist-packages:/home/ros2/Documents/fa_ROS2_ws/install/nav2_common/local/lib/python3.10/dist-packages:${PYTHONPATH} /usr/bin/cmake /home/ros2/Documents/fa_ROS2_ws/src/navigation2/nav2_costmap_2d -DAMENT_CMAKE_SYMLINK_INSTALL=1 -DCMAKE_INSTALL_PREFIX=/home/ros2/Documents/fa_ROS2_ws/install/nav2_costmap_2d
[4.705s] Invoking command in '/home/ros2/Documents/fa_ROS2_ws/build/nav2_costmap_2d': AMENT_PREFIX_PATH=/home/ros2/Documents/fa_ROS2_ws/install/nav2_map_server:/home/ros2/Documents/fa_ROS2_ws/install/nav2_lifecycle_manager:/home/ros2/Documents/fa_ROS2_ws/install/nav2_util:/home/ros2/Documents/fa_ROS2_ws/install/nav2_voxel_grid:/home/ros2/Documents/fa_ROS2_ws/install/nav2_msgs:/home/ros2/Documents/fa_ROS2_ws/install/nav2_common:${AMENT_PREFIX_PATH} CMAKE_PREFIX_PATH=/home/ros2/Documents/fa_ROS2_ws/install/nav2_map_server:/home/ros2/Documents/fa_ROS2_ws/install/nav2_lifecycle_manager:/home/ros2/Documents/fa_ROS2_ws/install/nav2_util:/home/ros2/Documents/fa_ROS2_ws/install/nav2_voxel_grid:/home/ros2/Documents/fa_ROS2_ws/install/nav2_msgs:/home/ros2/Documents/fa_ROS2_ws/install/nav2_common:/home/ros2/Documents/fa_ROS2_ws/install/smart_car:/home/ros2/Documents/fa_ROS2_ws/install/car_gazebo_plugin:/home/ros2/Documents/fa_ROS2_ws/install/smartcar_msgs:/home/ros2/Documents/fa_ROS2_ws/install/ackermann_msgs:/opt/ros/humble LD_LIBRARY_PATH=/home/ros2/Documents/fa_ROS2_ws/install/nav2_map_server/lib:/home/ros2/Documents/fa_ROS2_ws/install/nav2_lifecycle_manager/lib:/home/ros2/Documents/fa_ROS2_ws/install/nav2_util/lib:/home/ros2/Documents/fa_ROS2_ws/install/nav2_voxel_grid/lib:/home/ros2/Documents/fa_ROS2_ws/install/nav2_msgs/lib:/home/ros2/Documents/fa_ROS2_ws/install/car_gazebo_plugin/lib:/home/ros2/Documents/fa_ROS2_ws/install/smartcar_msgs/lib:/home/ros2/Documents/fa_ROS2_ws/install/ackermann_msgs/lib:/usr/lib/x86_64-linux-gnu/gazebo-11/plugins:/opt/ros/humble/opt/rviz_ogre_vendor/lib:/opt/ros/humble/lib/x86_64-linux-gnu:/opt/ros/humble/lib:/tmp/.mount_cursorflfrK2/usr/lib:/usr/lib/x86_64-linux-gnu/gazebo-11/plugins:/usr/lib/x86_64-linux-gnu/gazebo-11/plugins:/usr/lib/x86_64-linux-gnu/gazebo-11/plugins PYTHONPATH=/home/ros2/Documents/fa_ROS2_ws/install/nav2_msgs/local/lib/python3.10/dist-packages:/home/ros2/Documents/fa_ROS2_ws/install/nav2_common/local/lib/python3.10/dist-packages:${PYTHONPATH} /usr/bin/cmake --build /home/ros2/Documents/fa_ROS2_ws/build/nav2_costmap_2d -- -j8 -l8
[4.843s] [  1%] [32mBuilding CXX object CMakeFiles/nav2_costmap_2d_core.dir/src/array_parser.cpp.o[0m
[5.773s] [  2%] [32mBuilding CXX object CMakeFiles/nav2_costmap_2d_core.dir/src/costmap_2d_publisher.cpp.o[0m
[19.527s] [  3%] [32mBuilding CXX object CMakeFiles/nav2_costmap_2d_core.dir/src/costmap_math.cpp.o[0m
[20.889s] [  4%] [32mBuilding CXX object CMakeFiles/nav2_costmap_2d_core.dir/src/footprint.cpp.o[0m
[26.554s] [  6%] [32mBuilding CXX object CMakeFiles/nav2_costmap_2d_core.dir/src/costmap_layer.cpp.o[0m
[31.384s] [  7%] [32mBuilding CXX object CMakeFiles/nav2_costmap_2d_core.dir/src/observation_buffer.cpp.o[0m
[37.411s] [  9%] [32mBuilding CXX object CMakeFiles/nav2_costmap_2d_core.dir/src/costmap_2d_ros.cpp.o[0m
[37.411s] [  9%] [32mBuilding CXX object CMakeFiles/nav2_costmap_2d_core.dir/src/clear_costmap_service.cpp.o[0m
[38.443s] [ 10%] [32mBuilding CXX object CMakeFiles/nav2_costmap_2d_core.dir/src/layered_costmap.cpp.o[0m
[39.474s] [ 12%] [32mBuilding CXX object CMakeFiles/nav2_costmap_2d_core.dir/src/layer.cpp.o[0m
[39.481s] [ 13%] [32mBuilding CXX object CMakeFiles/nav2_costmap_2d_core.dir/src/costmap_2d.cpp.o[0m
[39.982s] [ 14%] [32mBuilding CXX object CMakeFiles/nav2_costmap_2d_core.dir/src/footprint_collision_checker.cpp.o[0m
[71.282s] [ 15%] [32mBuilding CXX object CMakeFiles/nav2_costmap_2d_core.dir/plugins/costmap_filters/costmap_filter.cpp.o[0m
[79.899s] [ 17%] [32m[1mLinking CXX shared library libnav2_costmap_2d_core.so[0m
[81.012s] [ 17%] Built target nav2_costmap_2d_core
[81.048s] [ 18%] [32mBuilding CXX object gtest/CMakeFiles/gtest.dir/src/gtest-all.cc.o[0m
[81.083s] [ 19%] [32m[1mLinking CXX static library libgtest.a[0m
[81.174s] [ 19%] Built target gtest
[81.234s] [ 20%] [32mBuilding CXX object test/regression/CMakeFiles/order_layer.dir/order_layer.cpp.o[0m
[88.192s] [ 21%] [32m[1mLinking CXX shared library liborder_layer.so[0m
[88.692s] [ 21%] Built target order_layer
[88.741s] [ 23%] [32mBuilding CXX object CMakeFiles/nav2_costmap_2d_cloud.dir/src/costmap_2d_cloud.cpp.o[0m
[108.608s] [ 24%] [32m[1mLinking CXX executable nav2_costmap_2d_cloud[0m
[109.174s] [ 24%] Built target nav2_costmap_2d_cloud
[109.233s] [ 25%] [32mBuilding CXX object CMakeFiles/nav2_costmap_2d_markers.dir/src/costmap_2d_markers.cpp.o[0m
[125.432s] [ 26%] [32m[1mLinking CXX executable nav2_costmap_2d_markers[0m
[125.981s] [ 26%] Built target nav2_costmap_2d_markers
[126.029s] [ 28%] [32mBuilding CXX object CMakeFiles/nav2_costmap_2d_client.dir/src/footprint_subscriber.cpp.o[0m
[141.421s] [ 29%] [32mBuilding CXX object CMakeFiles/nav2_costmap_2d_client.dir/src/costmap_topic_collision_checker.cpp.o[0m
[146.949s] [ 30%] [32mBuilding CXX object CMakeFiles/nav2_costmap_2d_client.dir/src/costmap_subscriber.cpp.o[0m
[162.006s] [ 31%] [32m[1mLinking CXX shared library libnav2_costmap_2d_client.so[0m
[162.763s] [ 31%] Built target nav2_costmap_2d_client
[162.803s] [ 32%] [32mBuilding CXX object CMakeFiles/filters.dir/plugins/costmap_filters/keepout_filter.cpp.o[0m
[186.129s] [ 34%] [32mBuilding CXX object CMakeFiles/filters.dir/plugins/costmap_filters/binary_filter.cpp.o[0m
[207.225s] [ 35%] [32mBuilding CXX object CMakeFiles/filters.dir/plugins/costmap_filters/speed_filter.cpp.o[0m
[233.006s] [ 36%] [32m[1mLinking CXX shared library libfilters.so[0m
[233.796s] [ 36%] Built target filters
[233.842s] [ 37%] [32mBuilding CXX object CMakeFiles/layers.dir/plugins/inflation_layer.cpp.o[0m
[240.745s] [ 39%] [32mBuilding CXX object CMakeFiles/layers.dir/plugins/denoise_layer.cpp.o[0m
[248.071s] [ 40%] [32mBuilding CXX object CMakeFiles/layers.dir/plugins/range_sensor_layer.cpp.o[0m
[248.075s] [ 41%] [32mBuilding CXX object CMakeFiles/layers.dir/plugins/voxel_layer.cpp.o[0m
[268.259s] [ 42%] [32mBuilding CXX object CMakeFiles/layers.dir/src/observation_buffer.cpp.o[0m
[276.227s] [ 43%] [32mBuilding CXX object CMakeFiles/layers.dir/plugins/obstacle_layer.cpp.o[0m
[308.747s] [ 45%] [32mBuilding CXX object CMakeFiles/layers.dir/plugins/static_layer.cpp.o[0m
[330.206s] [ 46%] [32m[1mLinking CXX shared library liblayers.so[0m
[331.726s] [ 46%] Built target layers
[331.837s] [ 47%] [32mBuilding CXX object gtest/CMakeFiles/gtest_main.dir/src/gtest_main.cc.o[0m
[331.852s] [ 48%] [32mBuilding CXX object CMakeFiles/nav2_costmap_2d.dir/src/costmap_2d_node.cpp.o[0m
[331.918s] [ 50%] [32m[1mLinking CXX static library libgtest_main.a[0m
[332.113s] [ 50%] Built target gtest_main
[342.537s] [ 51%] [32m[1mLinking CXX executable nav2_costmap_2d[0m
[343.359s] [ 51%] Built target nav2_costmap_2d
[343.417s] [ 52%] [32mBuilding CXX object test/unit/CMakeFiles/speed_filter_test.dir/speed_filter_test.cpp.o[0m
[357.444s] [ 53%] [32mBuilding CXX object test/unit/CMakeFiles/binary_filter_test.dir/binary_filter_test.cpp.o[0m
[358.477s] [ 54%] [32mBuilding CXX object test/unit/CMakeFiles/keepout_filter_test.dir/keepout_filter_test.cpp.o[0m
[359.518s] [ 56%] [32mBuilding CXX object test/unit/CMakeFiles/costmap_filter_test.dir/costmap_filter_test.cpp.o[0m
[360.603s] [ 57%] [32mBuilding CXX object test/unit/CMakeFiles/declare_parameter_test.dir/declare_parameter_test.cpp.o[0m
[360.669s] [ 58%] [32mBuilding CXX object test/unit/CMakeFiles/costmap_convesion_test.dir/costmap_conversion_test.cpp.o[0m
[361.713s] [ 59%] [32mBuilding CXX object test/unit/CMakeFiles/collision_footprint_test.dir/footprint_collision_checker_test.cpp.o[0m
[369.747s] [ 60%] [32m[1mLinking CXX executable speed_filter_test[0m
[373.004s] [ 60%] Built target speed_filter_test
[374.953s] [ 62%] [32m[1mLinking CXX executable costmap_convesion_test[0m
[375.742s] [ 63%] [32m[1mLinking CXX executable declare_parameter_test[0m
[376.597s] [ 63%] Built target costmap_convesion_test
[376.934s] [ 64%] [32m[1mLinking CXX executable costmap_filter_test[0m
[377.089s] [ 64%] Built target declare_parameter_test
[378.614s] [ 64%] Built target costmap_filter_test
[378.782s] [ 65%] [32m[1mLinking CXX executable collision_footprint_test[0m
[379.813s] [ 65%] Built target collision_footprint_test
[382.672s] [ 67%] [32m[1mLinking CXX executable keepout_filter_test[0m
[383.441s] [ 67%] Built target keepout_filter_test
[388.065s] [ 68%] [32m[1mLinking CXX executable binary_filter_test[0m
[388.779s] [ 68%] Built target binary_filter_test
[388.822s] [ 69%] [32mBuilding CXX object test/integration/CMakeFiles/inflation_tests_exec.dir/inflation_tests.cpp.o[0m
[402.673s] [ 70%] [32m[1mLinking CXX executable inflation_tests_exec[0m
[402.861s] [ 73%] [32mBuilding CXX object test/integration/CMakeFiles/test_collision_checker_exec.dir/test_costmap_topic_collision_checker.cpp.o[0m
[402.861s] [ 73%] [32mBuilding CXX object test/integration/CMakeFiles/obstacle_tests_exec.dir/obstacle_tests.cpp.o[0m
[403.552s] [ 73%] Built target inflation_tests_exec
[403.661s] [ 74%] [32mBuilding CXX object test/integration/CMakeFiles/footprint_tests_exec.dir/footprint_tests.cpp.o[0m
[403.668s] [ 75%] [32mBuilding CXX object test/unit/CMakeFiles/denoise_layer_test.dir/denoise_layer_test.cpp.o[0m
[404.773s] [ 76%] [32mBuilding CXX object test/unit/CMakeFiles/costmap_filter_service_test.dir/costmap_filter_service_test.cpp.o[0m
[404.773s] [ 78%] [32mBuilding CXX object test/integration/CMakeFiles/range_tests_exec.dir/range_tests.cpp.o[0m
[405.866s] [ 79%] [32mBuilding CXX object test/unit/CMakeFiles/copy_window_test.dir/copy_window_test.cpp.o[0m
[405.877s] [ 80%] [32mBuilding CXX object test/unit/CMakeFiles/array_parser_test.dir/array_parser_test.cpp.o[0m
[412.417s] [ 81%] [32m[1mLinking CXX executable array_parser_test[0m
[414.155s] [ 81%] Built target array_parser_test
[422.642s] [ 82%] [32m[1mLinking CXX executable copy_window_test[0m
[424.343s] [ 82%] Built target copy_window_test
[424.762s] [ 84%] [32m[1mLinking CXX executable footprint_tests_exec[0m
[426.629s] [ 84%] Built target footprint_tests_exec
[426.957s] [ 85%] [32mBuilding CXX object test/unit/CMakeFiles/denoise_layer_test.dir/image_test.cpp.o[0m
[427.537s] [ 86%] [32m[1mLinking CXX executable costmap_filter_service_test[0m
[429.381s] [ 86%] Built target costmap_filter_service_test
[431.532s] [ 87%] [32mBuilding CXX object test/unit/CMakeFiles/denoise_layer_test.dir/image_processing_test.cpp.o[0m
[432.969s] [ 89%] [32m[1mLinking CXX executable range_tests_exec[0m
[434.126s] [ 89%] Built target range_tests_exec
[435.708s] [ 90%] [32m[1mLinking CXX executable test_collision_checker_exec[0m
[436.046s] [ 91%] [32m[1mLinking CXX executable obstacle_tests_exec[0m
[436.508s] [ 91%] Built target test_collision_checker_exec
[436.748s] [ 91%] Built target obstacle_tests_exec
[437.133s] [ 92%] [32m[1mLinking CXX executable denoise_layer_test[0m
[437.868s] [ 92%] Built target denoise_layer_test
[437.917s] [ 93%] [32mBuilding CXX object test/regression/CMakeFiles/plugin_api_order.dir/plugin_api_order.cpp.o[0m
[445.674s] [ 95%] [32m[1mLinking CXX executable plugin_api_order[0m
[446.114s] [ 95%] Built target plugin_api_order
[446.155s] [ 96%] [32mBuilding CXX object test/regression/CMakeFiles/costmap_bresenham_2d.dir/costmap_bresenham_2d.cpp.o[0m
[448.459s] [ 97%] [32m[1mLinking CXX executable costmap_bresenham_2d[0m
[448.924s] [ 97%] Built target costmap_bresenham_2d
[448.963s] [ 98%] [32mBuilding CXX object test/integration/CMakeFiles/dyn_params_tests.dir/dyn_params_tests.cpp.o[0m
[459.170s] [100%] [32m[1mLinking CXX executable dyn_params_tests[0m
[459.677s] [100%] Built target dyn_params_tests
[459.704s] Invoked command in '/home/ros2/Documents/fa_ROS2_ws/build/nav2_costmap_2d' returned '0': AMENT_PREFIX_PATH=/home/ros2/Documents/fa_ROS2_ws/install/nav2_map_server:/home/ros2/Documents/fa_ROS2_ws/install/nav2_lifecycle_manager:/home/ros2/Documents/fa_ROS2_ws/install/nav2_util:/home/ros2/Documents/fa_ROS2_ws/install/nav2_voxel_grid:/home/ros2/Documents/fa_ROS2_ws/install/nav2_msgs:/home/ros2/Documents/fa_ROS2_ws/install/nav2_common:${AMENT_PREFIX_PATH} CMAKE_PREFIX_PATH=/home/ros2/Documents/fa_ROS2_ws/install/nav2_map_server:/home/ros2/Documents/fa_ROS2_ws/install/nav2_lifecycle_manager:/home/ros2/Documents/fa_ROS2_ws/install/nav2_util:/home/ros2/Documents/fa_ROS2_ws/install/nav2_voxel_grid:/home/ros2/Documents/fa_ROS2_ws/install/nav2_msgs:/home/ros2/Documents/fa_ROS2_ws/install/nav2_common:/home/ros2/Documents/fa_ROS2_ws/install/smart_car:/home/ros2/Documents/fa_ROS2_ws/install/car_gazebo_plugin:/home/ros2/Documents/fa_ROS2_ws/install/smartcar_msgs:/home/ros2/Documents/fa_ROS2_ws/install/ackermann_msgs:/opt/ros/humble LD_LIBRARY_PATH=/home/ros2/Documents/fa_ROS2_ws/install/nav2_map_server/lib:/home/ros2/Documents/fa_ROS2_ws/install/nav2_lifecycle_manager/lib:/home/ros2/Documents/fa_ROS2_ws/install/nav2_util/lib:/home/ros2/Documents/fa_ROS2_ws/install/nav2_voxel_grid/lib:/home/ros2/Documents/fa_ROS2_ws/install/nav2_msgs/lib:/home/ros2/Documents/fa_ROS2_ws/install/car_gazebo_plugin/lib:/home/ros2/Documents/fa_ROS2_ws/install/smartcar_msgs/lib:/home/ros2/Documents/fa_ROS2_ws/install/ackermann_msgs/lib:/usr/lib/x86_64-linux-gnu/gazebo-11/plugins:/opt/ros/humble/opt/rviz_ogre_vendor/lib:/opt/ros/humble/lib/x86_64-linux-gnu:/opt/ros/humble/lib:/tmp/.mount_cursorflfrK2/usr/lib:/usr/lib/x86_64-linux-gnu/gazebo-11/plugins:/usr/lib/x86_64-linux-gnu/gazebo-11/plugins:/usr/lib/x86_64-linux-gnu/gazebo-11/plugins PYTHONPATH=/home/ros2/Documents/fa_ROS2_ws/install/nav2_msgs/local/lib/python3.10/dist-packages:/home/ros2/Documents/fa_ROS2_ws/install/nav2_common/local/lib/python3.10/dist-packages:${PYTHONPATH} /usr/bin/cmake --build /home/ros2/Documents/fa_ROS2_ws/build/nav2_costmap_2d -- -j8 -l8
[459.966s] Invoking command in '/home/ros2/Documents/fa_ROS2_ws/build/nav2_costmap_2d': AMENT_PREFIX_PATH=/home/ros2/Documents/fa_ROS2_ws/install/nav2_map_server:/home/ros2/Documents/fa_ROS2_ws/install/nav2_lifecycle_manager:/home/ros2/Documents/fa_ROS2_ws/install/nav2_util:/home/ros2/Documents/fa_ROS2_ws/install/nav2_voxel_grid:/home/ros2/Documents/fa_ROS2_ws/install/nav2_msgs:/home/ros2/Documents/fa_ROS2_ws/install/nav2_common:${AMENT_PREFIX_PATH} CMAKE_PREFIX_PATH=/home/ros2/Documents/fa_ROS2_ws/install/nav2_map_server:/home/ros2/Documents/fa_ROS2_ws/install/nav2_lifecycle_manager:/home/ros2/Documents/fa_ROS2_ws/install/nav2_util:/home/ros2/Documents/fa_ROS2_ws/install/nav2_voxel_grid:/home/ros2/Documents/fa_ROS2_ws/install/nav2_msgs:/home/ros2/Documents/fa_ROS2_ws/install/nav2_common:/home/ros2/Documents/fa_ROS2_ws/install/smart_car:/home/ros2/Documents/fa_ROS2_ws/install/car_gazebo_plugin:/home/ros2/Documents/fa_ROS2_ws/install/smartcar_msgs:/home/ros2/Documents/fa_ROS2_ws/install/ackermann_msgs:/opt/ros/humble LD_LIBRARY_PATH=/home/ros2/Documents/fa_ROS2_ws/install/nav2_map_server/lib:/home/ros2/Documents/fa_ROS2_ws/install/nav2_lifecycle_manager/lib:/home/ros2/Documents/fa_ROS2_ws/install/nav2_util/lib:/home/ros2/Documents/fa_ROS2_ws/install/nav2_voxel_grid/lib:/home/ros2/Documents/fa_ROS2_ws/install/nav2_msgs/lib:/home/ros2/Documents/fa_ROS2_ws/install/car_gazebo_plugin/lib:/home/ros2/Documents/fa_ROS2_ws/install/smartcar_msgs/lib:/home/ros2/Documents/fa_ROS2_ws/install/ackermann_msgs/lib:/usr/lib/x86_64-linux-gnu/gazebo-11/plugins:/opt/ros/humble/opt/rviz_ogre_vendor/lib:/opt/ros/humble/lib/x86_64-linux-gnu:/opt/ros/humble/lib:/tmp/.mount_cursorflfrK2/usr/lib:/usr/lib/x86_64-linux-gnu/gazebo-11/plugins:/usr/lib/x86_64-linux-gnu/gazebo-11/plugins:/usr/lib/x86_64-linux-gnu/gazebo-11/plugins PYTHONPATH=/home/ros2/Documents/fa_ROS2_ws/install/nav2_msgs/local/lib/python3.10/dist-packages:/home/ros2/Documents/fa_ROS2_ws/install/nav2_common/local/lib/python3.10/dist-packages:${PYTHONPATH} /usr/bin/cmake --install /home/ros2/Documents/fa_ROS2_ws/build/nav2_costmap_2d
[459.979s] -- Install configuration: "Release"
[459.979s] -- Execute custom install script
[459.980s] -- Symlinking: /home/ros2/Documents/fa_ROS2_ws/install/nav2_costmap_2d/lib/nav2_costmap_2d/nav2_costmap_2d_markers
[459.999s] -- Symlinking: /home/ros2/Documents/fa_ROS2_ws/install/nav2_costmap_2d/lib/nav2_costmap_2d/nav2_costmap_2d_cloud
[460.014s] -- Symlinking: /home/ros2/Documents/fa_ROS2_ws/install/nav2_costmap_2d/lib/nav2_costmap_2d/nav2_costmap_2d
[460.031s] -- Symlinking: /home/ros2/Documents/fa_ROS2_ws/install/nav2_costmap_2d/share/nav2_costmap_2d/costmap_plugins.xml
[460.048s] -- Symlinking: /home/ros2/Documents/fa_ROS2_ws/install/nav2_costmap_2d/include/nav2_costmap_2d/nav2_costmap_2d/array_parser.hpp
[460.068s] -- Symlinking: /home/ros2/Documents/fa_ROS2_ws/install/nav2_costmap_2d/include/nav2_costmap_2d/nav2_costmap_2d/clear_costmap_service.hpp
[460.084s] -- Symlinking: /home/ros2/Documents/fa_ROS2_ws/install/nav2_costmap_2d/include/nav2_costmap_2d/nav2_costmap_2d/cost_values.hpp
[460.104s] -- Symlinking: /home/ros2/Documents/fa_ROS2_ws/install/nav2_costmap_2d/include/nav2_costmap_2d/nav2_costmap_2d/costmap_2d.hpp
[460.122s] -- Symlinking: /home/ros2/Documents/fa_ROS2_ws/install/nav2_costmap_2d/include/nav2_costmap_2d/nav2_costmap_2d/costmap_2d_publisher.hpp
[460.138s] -- Symlinking: /home/ros2/Documents/fa_ROS2_ws/install/nav2_costmap_2d/include/nav2_costmap_2d/nav2_costmap_2d/costmap_2d_ros.hpp
[460.154s] -- Symlinking: /home/ros2/Documents/fa_ROS2_ws/install/nav2_costmap_2d/include/nav2_costmap_2d/nav2_costmap_2d/costmap_filters/binary_filter.hpp
[460.171s] -- Symlinking: /home/ros2/Documents/fa_ROS2_ws/install/nav2_costmap_2d/include/nav2_costmap_2d/nav2_costmap_2d/costmap_filters/costmap_filter.hpp
[460.189s] -- Symlinking: /home/ros2/Documents/fa_ROS2_ws/install/nav2_costmap_2d/include/nav2_costmap_2d/nav2_costmap_2d/costmap_filters/filter_values.hpp
[460.209s] -- Symlinking: /home/ros2/Documents/fa_ROS2_ws/install/nav2_costmap_2d/include/nav2_costmap_2d/nav2_costmap_2d/costmap_filters/keepout_filter.hpp
[460.230s] -- Symlinking: /home/ros2/Documents/fa_ROS2_ws/install/nav2_costmap_2d/include/nav2_costmap_2d/nav2_costmap_2d/costmap_filters/speed_filter.hpp
[460.248s] -- Symlinking: /home/ros2/Documents/fa_ROS2_ws/install/nav2_costmap_2d/include/nav2_costmap_2d/nav2_costmap_2d/costmap_layer.hpp
[460.266s] -- Symlinking: /home/ros2/Documents/fa_ROS2_ws/install/nav2_costmap_2d/include/nav2_costmap_2d/nav2_costmap_2d/costmap_math.hpp
[460.287s] -- Symlinking: /home/ros2/Documents/fa_ROS2_ws/install/nav2_costmap_2d/include/nav2_costmap_2d/nav2_costmap_2d/costmap_subscriber.hpp
[460.307s] -- Symlinking: /home/ros2/Documents/fa_ROS2_ws/install/nav2_costmap_2d/include/nav2_costmap_2d/nav2_costmap_2d/costmap_topic_collision_checker.hpp
[460.323s] -- Symlinking: /home/ros2/Documents/fa_ROS2_ws/install/nav2_costmap_2d/include/nav2_costmap_2d/nav2_costmap_2d/denoise/image.hpp
[460.338s] -- Symlinking: /home/ros2/Documents/fa_ROS2_ws/install/nav2_costmap_2d/include/nav2_costmap_2d/nav2_costmap_2d/denoise/image_processing.hpp
[460.353s] -- Symlinking: /home/ros2/Documents/fa_ROS2_ws/install/nav2_costmap_2d/include/nav2_costmap_2d/nav2_costmap_2d/denoise_layer.hpp
[460.375s] -- Symlinking: /home/ros2/Documents/fa_ROS2_ws/install/nav2_costmap_2d/include/nav2_costmap_2d/nav2_costmap_2d/exceptions.hpp
[460.395s] -- Symlinking: /home/ros2/Documents/fa_ROS2_ws/install/nav2_costmap_2d/include/nav2_costmap_2d/nav2_costmap_2d/footprint.hpp
[460.411s] -- Symlinking: /home/ros2/Documents/fa_ROS2_ws/install/nav2_costmap_2d/include/nav2_costmap_2d/nav2_costmap_2d/footprint_collision_checker.hpp
[460.429s] -- Symlinking: /home/ros2/Documents/fa_ROS2_ws/install/nav2_costmap_2d/include/nav2_costmap_2d/nav2_costmap_2d/footprint_subscriber.hpp
[460.444s] -- Symlinking: /home/ros2/Documents/fa_ROS2_ws/install/nav2_costmap_2d/include/nav2_costmap_2d/nav2_costmap_2d/inflation_layer.hpp
[460.459s] -- Symlinking: /home/ros2/Documents/fa_ROS2_ws/install/nav2_costmap_2d/include/nav2_costmap_2d/nav2_costmap_2d/layer.hpp
[460.478s] -- Symlinking: /home/ros2/Documents/fa_ROS2_ws/install/nav2_costmap_2d/include/nav2_costmap_2d/nav2_costmap_2d/layered_costmap.hpp
[460.495s] -- Symlinking: /home/ros2/Documents/fa_ROS2_ws/install/nav2_costmap_2d/include/nav2_costmap_2d/nav2_costmap_2d/observation.hpp
[460.514s] -- Symlinking: /home/ros2/Documents/fa_ROS2_ws/install/nav2_costmap_2d/include/nav2_costmap_2d/nav2_costmap_2d/observation_buffer.hpp
[460.528s] -- Symlinking: /home/ros2/Documents/fa_ROS2_ws/install/nav2_costmap_2d/include/nav2_costmap_2d/nav2_costmap_2d/obstacle_layer.hpp
[460.543s] -- Symlinking: /home/ros2/Documents/fa_ROS2_ws/install/nav2_costmap_2d/include/nav2_costmap_2d/nav2_costmap_2d/range_sensor_layer.hpp
[460.557s] -- Symlinking: /home/ros2/Documents/fa_ROS2_ws/install/nav2_costmap_2d/include/nav2_costmap_2d/nav2_costmap_2d/static_layer.hpp
[460.573s] -- Symlinking: /home/ros2/Documents/fa_ROS2_ws/install/nav2_costmap_2d/include/nav2_costmap_2d/nav2_costmap_2d/voxel_layer.hpp
[460.594s] -- Symlinking: /home/ros2/Documents/fa_ROS2_ws/install/nav2_costmap_2d/lib/liborder_layer.so
[460.616s] -- Symlinking: /home/ros2/Documents/fa_ROS2_ws/install/nav2_costmap_2d/share/nav2_costmap_2d/test/regression/order_layer.xml
[460.630s] -- Symlinking: /home/ros2/Documents/fa_ROS2_ws/install/nav2_costmap_2d/share/nav2_costmap_2d/environment/library_path.sh
[460.646s] -- Symlinking: /home/ros2/Documents/fa_ROS2_ws/install/nav2_costmap_2d/share/nav2_costmap_2d/environment/library_path.dsv
[460.662s] -- Up-to-date symlink: /home/ros2/Documents/fa_ROS2_ws/install/nav2_costmap_2d/share/nav2_costmap_2d//costmap_plugins.xml
[460.662s] -- Symlinking: /home/ros2/Documents/fa_ROS2_ws/install/nav2_costmap_2d/share/ament_index/resource_index/package_run_dependencies/nav2_costmap_2d
[460.680s] -- Symlinking: /home/ros2/Documents/fa_ROS2_ws/install/nav2_costmap_2d/share/ament_index/resource_index/parent_prefix_path/nav2_costmap_2d
[460.698s] -- Symlinking: /home/ros2/Documents/fa_ROS2_ws/install/nav2_costmap_2d/share/nav2_costmap_2d/environment/ament_prefix_path.sh
[460.718s] -- Symlinking: /home/ros2/Documents/fa_ROS2_ws/install/nav2_costmap_2d/share/nav2_costmap_2d/environment/ament_prefix_path.dsv
[460.734s] -- Symlinking: /home/ros2/Documents/fa_ROS2_ws/install/nav2_costmap_2d/share/nav2_costmap_2d/environment/path.sh
[460.750s] -- Symlinking: /home/ros2/Documents/fa_ROS2_ws/install/nav2_costmap_2d/share/nav2_costmap_2d/environment/path.dsv
[460.773s] -- Symlinking: /home/ros2/Documents/fa_ROS2_ws/install/nav2_costmap_2d/share/nav2_costmap_2d/local_setup.bash
[460.791s] -- Symlinking: /home/ros2/Documents/fa_ROS2_ws/install/nav2_costmap_2d/share/nav2_costmap_2d/local_setup.sh
[460.810s] -- Symlinking: /home/ros2/Documents/fa_ROS2_ws/install/nav2_costmap_2d/share/nav2_costmap_2d/local_setup.zsh
[460.829s] -- Symlinking: /home/ros2/Documents/fa_ROS2_ws/install/nav2_costmap_2d/share/nav2_costmap_2d/local_setup.dsv
[460.846s] -- Symlinking: /home/ros2/Documents/fa_ROS2_ws/install/nav2_costmap_2d/share/nav2_costmap_2d/package.dsv
[460.866s] -- Symlinking: /home/ros2/Documents/fa_ROS2_ws/install/nav2_costmap_2d/share/ament_index/resource_index/packages/nav2_costmap_2d
[460.884s] -- Symlinking: /home/ros2/Documents/fa_ROS2_ws/install/nav2_costmap_2d/share/ament_index/resource_index/nav2_costmap_2d__pluginlib__plugin/nav2_costmap_2d
[460.900s] -- Symlinking: /home/ros2/Documents/fa_ROS2_ws/install/nav2_costmap_2d/share/nav2_costmap_2d/cmake/ament_cmake_export_targets-extras.cmake
[460.919s] -- Symlinking: /home/ros2/Documents/fa_ROS2_ws/install/nav2_costmap_2d/share/nav2_costmap_2d/cmake/ament_cmake_export_dependencies-extras.cmake
[460.934s] -- Symlinking: /home/ros2/Documents/fa_ROS2_ws/install/nav2_costmap_2d/share/nav2_costmap_2d/cmake/nav2_costmap_2dConfig.cmake
[460.949s] -- Symlinking: /home/ros2/Documents/fa_ROS2_ws/install/nav2_costmap_2d/share/nav2_costmap_2d/cmake/nav2_costmap_2dConfig-version.cmake
[460.969s] -- Symlinking: /home/ros2/Documents/fa_ROS2_ws/install/nav2_costmap_2d/share/nav2_costmap_2d/package.xml
[460.986s] -- Installing: /home/ros2/Documents/fa_ROS2_ws/install/nav2_costmap_2d/lib/liblayers.so
[460.994s] -- Set runtime path of "/home/ros2/Documents/fa_ROS2_ws/install/nav2_costmap_2d/lib/liblayers.so" to ""
[460.994s] -- Installing: /home/ros2/Documents/fa_ROS2_ws/install/nav2_costmap_2d/lib/libfilters.so
[460.998s] -- Set runtime path of "/home/ros2/Documents/fa_ROS2_ws/install/nav2_costmap_2d/lib/libfilters.so" to ""
[460.999s] -- Installing: /home/ros2/Documents/fa_ROS2_ws/install/nav2_costmap_2d/lib/libnav2_costmap_2d_core.so
[461.003s] -- Set runtime path of "/home/ros2/Documents/fa_ROS2_ws/install/nav2_costmap_2d/lib/libnav2_costmap_2d_core.so" to ""
[461.004s] -- Installing: /home/ros2/Documents/fa_ROS2_ws/install/nav2_costmap_2d/lib/libnav2_costmap_2d_client.so
[461.007s] -- Set runtime path of "/home/ros2/Documents/fa_ROS2_ws/install/nav2_costmap_2d/lib/libnav2_costmap_2d_client.so" to ""
[461.008s] -- Installing: /home/ros2/Documents/fa_ROS2_ws/install/nav2_costmap_2d/share/nav2_costmap_2d/cmake/export_nav2_costmap_2dExport.cmake
[461.008s] -- Installing: /home/ros2/Documents/fa_ROS2_ws/install/nav2_costmap_2d/share/nav2_costmap_2d/cmake/export_nav2_costmap_2dExport-release.cmake
[461.015s] Invoked command in '/home/ros2/Documents/fa_ROS2_ws/build/nav2_costmap_2d' returned '0': AMENT_PREFIX_PATH=/home/ros2/Documents/fa_ROS2_ws/install/nav2_map_server:/home/ros2/Documents/fa_ROS2_ws/install/nav2_lifecycle_manager:/home/ros2/Documents/fa_ROS2_ws/install/nav2_util:/home/ros2/Documents/fa_ROS2_ws/install/nav2_voxel_grid:/home/ros2/Documents/fa_ROS2_ws/install/nav2_msgs:/home/ros2/Documents/fa_ROS2_ws/install/nav2_common:${AMENT_PREFIX_PATH} CMAKE_PREFIX_PATH=/home/ros2/Documents/fa_ROS2_ws/install/nav2_map_server:/home/ros2/Documents/fa_ROS2_ws/install/nav2_lifecycle_manager:/home/ros2/Documents/fa_ROS2_ws/install/nav2_util:/home/ros2/Documents/fa_ROS2_ws/install/nav2_voxel_grid:/home/ros2/Documents/fa_ROS2_ws/install/nav2_msgs:/home/ros2/Documents/fa_ROS2_ws/install/nav2_common:/home/ros2/Documents/fa_ROS2_ws/install/smart_car:/home/ros2/Documents/fa_ROS2_ws/install/car_gazebo_plugin:/home/ros2/Documents/fa_ROS2_ws/install/smartcar_msgs:/home/ros2/Documents/fa_ROS2_ws/install/ackermann_msgs:/opt/ros/humble LD_LIBRARY_PATH=/home/ros2/Documents/fa_ROS2_ws/install/nav2_map_server/lib:/home/ros2/Documents/fa_ROS2_ws/install/nav2_lifecycle_manager/lib:/home/ros2/Documents/fa_ROS2_ws/install/nav2_util/lib:/home/ros2/Documents/fa_ROS2_ws/install/nav2_voxel_grid/lib:/home/ros2/Documents/fa_ROS2_ws/install/nav2_msgs/lib:/home/ros2/Documents/fa_ROS2_ws/install/car_gazebo_plugin/lib:/home/ros2/Documents/fa_ROS2_ws/install/smartcar_msgs/lib:/home/ros2/Documents/fa_ROS2_ws/install/ackermann_msgs/lib:/usr/lib/x86_64-linux-gnu/gazebo-11/plugins:/opt/ros/humble/opt/rviz_ogre_vendor/lib:/opt/ros/humble/lib/x86_64-linux-gnu:/opt/ros/humble/lib:/tmp/.mount_cursorflfrK2/usr/lib:/usr/lib/x86_64-linux-gnu/gazebo-11/plugins:/usr/lib/x86_64-linux-gnu/gazebo-11/plugins:/usr/lib/x86_64-linux-gnu/gazebo-11/plugins PYTHONPATH=/home/ros2/Documents/fa_ROS2_ws/install/nav2_msgs/local/lib/python3.10/dist-packages:/home/ros2/Documents/fa_ROS2_ws/install/nav2_common/local/lib/python3.10/dist-packages:${PYTHONPATH} /usr/bin/cmake --install /home/ros2/Documents/fa_ROS2_ws/build/nav2_costmap_2d
