[0.014s] Invoking command in '/home/ros2/Documents/fa_ROS2_ws/build/smartcar_msgs': CMAKE_PREFIX_PATH=${CMAKE_PREFIX_PATH}:/opt/ros/humble /usr/bin/cmake --build /home/ros2/Documents/fa_ROS2_ws/build/smartcar_msgs -- -j8 -l8
[0.127s] [  3%] Built target smartcar_msgs__cpp
[0.128s] [ 12%] Built target smartcar_msgs__rosidl_generator_c
[0.159s] [ 12%] Built target ament_cmake_python_copy_smartcar_msgs
[0.251s] [ 22%] Built target smartcar_msgs__rosidl_typesupport_fastrtps_cpp
[0.310s] [ 32%] Built target smartcar_msgs__rosidl_typesupport_introspection_cpp
[0.323s] [ 51%] Built target smartcar_msgs__rosidl_typesupport_introspection_c
[0.323s] [ 51%] Built target smartcar_msgs__rosidl_typesupport_cpp
[0.333s] [ 61%] Built target smartcar_msgs__rosidl_typesupport_fastrtps_c
[0.336s] [ 70%] Built target smartcar_msgs__rosidl_typesupport_c
[0.371s] [ 70%] Built target smartcar_msgs
[0.401s] [ 74%] Built target smartcar_msgs__py
[0.454s] [ 80%] Built target smartcar_msgs__rosidl_generator_py
[0.529s] [ 87%] Built target smartcar_msgs__rosidl_typesupport_c__pyext
[0.531s] [ 93%] Built target smartcar_msgs__rosidl_typesupport_fastrtps_c__pyext
[0.532s] [100%] Built target smartcar_msgs__rosidl_typesupport_introspection_c__pyext
[0.613s] running egg_info
[0.617s] writing smartcar_msgs.egg-info/PKG-INFO
[0.617s] writing dependency_links to smartcar_msgs.egg-info/dependency_links.txt
[0.617s] writing top-level names to smartcar_msgs.egg-info/top_level.txt
[0.618s] reading manifest file 'smartcar_msgs.egg-info/SOURCES.txt'
[0.619s] writing manifest file 'smartcar_msgs.egg-info/SOURCES.txt'
[0.670s] [100%] Built target ament_cmake_python_build_smartcar_msgs_egg
[0.686s] Invoked command in '/home/ros2/Documents/fa_ROS2_ws/build/smartcar_msgs' returned '0': CMAKE_PREFIX_PATH=${CMAKE_PREFIX_PATH}:/opt/ros/humble /usr/bin/cmake --build /home/ros2/Documents/fa_ROS2_ws/build/smartcar_msgs -- -j8 -l8
[0.819s] Invoking command in '/home/ros2/Documents/fa_ROS2_ws/build/smartcar_msgs': CMAKE_PREFIX_PATH=${CMAKE_PREFIX_PATH}:/opt/ros/humble /usr/bin/cmake --install /home/ros2/Documents/fa_ROS2_ws/build/smartcar_msgs
[0.836s] -- Install configuration: ""
[0.837s] -- Up-to-date: /home/ros2/Documents/fa_ROS2_ws/install/smartcar_msgs/share/ament_index/resource_index/rosidl_interfaces/smartcar_msgs
[0.837s] -- Up-to-date: /home/ros2/Documents/fa_ROS2_ws/install/smartcar_msgs/include/smartcar_msgs/smartcar_msgs
[0.837s] -- Up-to-date: /home/ros2/Documents/fa_ROS2_ws/install/smartcar_msgs/include/smartcar_msgs/smartcar_msgs/msg
[0.837s] -- Up-to-date: /home/ros2/Documents/fa_ROS2_ws/install/smartcar_msgs/include/smartcar_msgs/smartcar_msgs/msg/status.h
[0.837s] -- Up-to-date: /home/ros2/Documents/fa_ROS2_ws/install/smartcar_msgs/include/smartcar_msgs/smartcar_msgs/msg/rosidl_generator_c__visibility_control.h
[0.837s] -- Up-to-date: /home/ros2/Documents/fa_ROS2_ws/install/smartcar_msgs/include/smartcar_msgs/smartcar_msgs/msg/detail
[0.838s] -- Up-to-date: /home/ros2/Documents/fa_ROS2_ws/install/smartcar_msgs/include/smartcar_msgs/smartcar_msgs/msg/detail/status__type_support.h
[0.838s] -- Up-to-date: /home/ros2/Documents/fa_ROS2_ws/install/smartcar_msgs/include/smartcar_msgs/smartcar_msgs/msg/detail/status__functions.h
[0.838s] -- Up-to-date: /home/ros2/Documents/fa_ROS2_ws/install/smartcar_msgs/include/smartcar_msgs/smartcar_msgs/msg/detail/status__struct.h
[0.838s] -- Up-to-date: /home/ros2/Documents/fa_ROS2_ws/install/smartcar_msgs/include/smartcar_msgs/smartcar_msgs/msg/detail/status__functions.c
[0.838s] -- Up-to-date: /home/ros2/Documents/fa_ROS2_ws/install/smartcar_msgs/share/smartcar_msgs/environment/library_path.sh
[0.838s] -- Up-to-date: /home/ros2/Documents/fa_ROS2_ws/install/smartcar_msgs/share/smartcar_msgs/environment/library_path.dsv
[0.840s] -- Up-to-date: /home/ros2/Documents/fa_ROS2_ws/install/smartcar_msgs/lib/libsmartcar_msgs__rosidl_generator_c.so
[0.841s] -- Up-to-date: /home/ros2/Documents/fa_ROS2_ws/install/smartcar_msgs/include/smartcar_msgs/smartcar_msgs
[0.841s] -- Up-to-date: /home/ros2/Documents/fa_ROS2_ws/install/smartcar_msgs/include/smartcar_msgs/smartcar_msgs/msg
[0.841s] -- Up-to-date: /home/ros2/Documents/fa_ROS2_ws/install/smartcar_msgs/include/smartcar_msgs/smartcar_msgs/msg/rosidl_typesupport_fastrtps_c__visibility_control.h
[0.841s] -- Up-to-date: /home/ros2/Documents/fa_ROS2_ws/install/smartcar_msgs/include/smartcar_msgs/smartcar_msgs/msg/detail
[0.841s] -- Up-to-date: /home/ros2/Documents/fa_ROS2_ws/install/smartcar_msgs/include/smartcar_msgs/smartcar_msgs/msg/detail/status__rosidl_typesupport_fastrtps_c.h
[0.842s] -- Up-to-date: /home/ros2/Documents/fa_ROS2_ws/install/smartcar_msgs/lib/libsmartcar_msgs__rosidl_typesupport_fastrtps_c.so
[0.842s] -- Up-to-date: /home/ros2/Documents/fa_ROS2_ws/install/smartcar_msgs/include/smartcar_msgs/smartcar_msgs
[0.842s] -- Up-to-date: /home/ros2/Documents/fa_ROS2_ws/install/smartcar_msgs/include/smartcar_msgs/smartcar_msgs/msg
[0.842s] -- Up-to-date: /home/ros2/Documents/fa_ROS2_ws/install/smartcar_msgs/include/smartcar_msgs/smartcar_msgs/msg/detail
[0.842s] -- Up-to-date: /home/ros2/Documents/fa_ROS2_ws/install/smartcar_msgs/include/smartcar_msgs/smartcar_msgs/msg/detail/status__traits.hpp
[0.842s] -- Up-to-date: /home/ros2/Documents/fa_ROS2_ws/install/smartcar_msgs/include/smartcar_msgs/smartcar_msgs/msg/detail/status__struct.hpp
[0.842s] -- Up-to-date: /home/ros2/Documents/fa_ROS2_ws/install/smartcar_msgs/include/smartcar_msgs/smartcar_msgs/msg/detail/status__builder.hpp
[0.842s] -- Up-to-date: /home/ros2/Documents/fa_ROS2_ws/install/smartcar_msgs/include/smartcar_msgs/smartcar_msgs/msg/status.hpp
[0.842s] -- Up-to-date: /home/ros2/Documents/fa_ROS2_ws/install/smartcar_msgs/include/smartcar_msgs/smartcar_msgs
[0.842s] -- Up-to-date: /home/ros2/Documents/fa_ROS2_ws/install/smartcar_msgs/include/smartcar_msgs/smartcar_msgs/msg
[0.843s] -- Up-to-date: /home/ros2/Documents/fa_ROS2_ws/install/smartcar_msgs/include/smartcar_msgs/smartcar_msgs/msg/rosidl_typesupport_fastrtps_cpp__visibility_control.h
[0.843s] -- Up-to-date: /home/ros2/Documents/fa_ROS2_ws/install/smartcar_msgs/include/smartcar_msgs/smartcar_msgs/msg/detail
[0.843s] -- Up-to-date: /home/ros2/Documents/fa_ROS2_ws/install/smartcar_msgs/include/smartcar_msgs/smartcar_msgs/msg/detail/status__rosidl_typesupport_fastrtps_cpp.hpp
[0.843s] -- Up-to-date: /home/ros2/Documents/fa_ROS2_ws/install/smartcar_msgs/include/smartcar_msgs/smartcar_msgs/msg/detail/dds_fastrtps
[0.843s] -- Up-to-date: /home/ros2/Documents/fa_ROS2_ws/install/smartcar_msgs/lib/libsmartcar_msgs__rosidl_typesupport_fastrtps_cpp.so
[0.843s] -- Up-to-date: /home/ros2/Documents/fa_ROS2_ws/install/smartcar_msgs/include/smartcar_msgs/smartcar_msgs
[0.843s] -- Up-to-date: /home/ros2/Documents/fa_ROS2_ws/install/smartcar_msgs/include/smartcar_msgs/smartcar_msgs/msg
[0.843s] -- Up-to-date: /home/ros2/Documents/fa_ROS2_ws/install/smartcar_msgs/include/smartcar_msgs/smartcar_msgs/msg/detail
[0.843s] -- Up-to-date: /home/ros2/Documents/fa_ROS2_ws/install/smartcar_msgs/include/smartcar_msgs/smartcar_msgs/msg/detail/status__type_support.c
[0.843s] -- Up-to-date: /home/ros2/Documents/fa_ROS2_ws/install/smartcar_msgs/include/smartcar_msgs/smartcar_msgs/msg/detail/status__rosidl_typesupport_introspection_c.h
[0.843s] -- Up-to-date: /home/ros2/Documents/fa_ROS2_ws/install/smartcar_msgs/include/smartcar_msgs/smartcar_msgs/msg/rosidl_typesupport_introspection_c__visibility_control.h
[0.844s] -- Up-to-date: /home/ros2/Documents/fa_ROS2_ws/install/smartcar_msgs/lib/libsmartcar_msgs__rosidl_typesupport_introspection_c.so
[0.844s] -- Up-to-date: /home/ros2/Documents/fa_ROS2_ws/install/smartcar_msgs/lib/libsmartcar_msgs__rosidl_typesupport_c.so
[0.844s] -- Up-to-date: /home/ros2/Documents/fa_ROS2_ws/install/smartcar_msgs/include/smartcar_msgs/smartcar_msgs
[0.844s] -- Up-to-date: /home/ros2/Documents/fa_ROS2_ws/install/smartcar_msgs/include/smartcar_msgs/smartcar_msgs/msg
[0.844s] -- Up-to-date: /home/ros2/Documents/fa_ROS2_ws/install/smartcar_msgs/include/smartcar_msgs/smartcar_msgs/msg/detail
[0.844s] -- Up-to-date: /home/ros2/Documents/fa_ROS2_ws/install/smartcar_msgs/include/smartcar_msgs/smartcar_msgs/msg/detail/status__type_support.cpp
[0.844s] -- Up-to-date: /home/ros2/Documents/fa_ROS2_ws/install/smartcar_msgs/include/smartcar_msgs/smartcar_msgs/msg/detail/status__rosidl_typesupport_introspection_cpp.hpp
[0.844s] -- Up-to-date: /home/ros2/Documents/fa_ROS2_ws/install/smartcar_msgs/lib/libsmartcar_msgs__rosidl_typesupport_introspection_cpp.so
[0.844s] -- Up-to-date: /home/ros2/Documents/fa_ROS2_ws/install/smartcar_msgs/lib/libsmartcar_msgs__rosidl_typesupport_cpp.so
[0.844s] -- Up-to-date: /home/ros2/Documents/fa_ROS2_ws/install/smartcar_msgs/share/smartcar_msgs/environment/pythonpath.sh
[0.845s] -- Up-to-date: /home/ros2/Documents/fa_ROS2_ws/install/smartcar_msgs/share/smartcar_msgs/environment/pythonpath.dsv
[0.845s] -- Up-to-date: /home/ros2/Documents/fa_ROS2_ws/install/smartcar_msgs/local/lib/python3.10/dist-packages/smartcar_msgs-0.0.0-py3.10.egg-info
[0.845s] -- Installing: /home/ros2/Documents/fa_ROS2_ws/install/smartcar_msgs/local/lib/python3.10/dist-packages/smartcar_msgs-0.0.0-py3.10.egg-info/SOURCES.txt
[0.845s] -- Installing: /home/ros2/Documents/fa_ROS2_ws/install/smartcar_msgs/local/lib/python3.10/dist-packages/smartcar_msgs-0.0.0-py3.10.egg-info/PKG-INFO
[0.845s] -- Installing: /home/ros2/Documents/fa_ROS2_ws/install/smartcar_msgs/local/lib/python3.10/dist-packages/smartcar_msgs-0.0.0-py3.10.egg-info/top_level.txt
[0.845s] -- Installing: /home/ros2/Documents/fa_ROS2_ws/install/smartcar_msgs/local/lib/python3.10/dist-packages/smartcar_msgs-0.0.0-py3.10.egg-info/dependency_links.txt
[0.845s] -- Up-to-date: /home/ros2/Documents/fa_ROS2_ws/install/smartcar_msgs/local/lib/python3.10/dist-packages/smartcar_msgs
[0.845s] -- Up-to-date: /home/ros2/Documents/fa_ROS2_ws/install/smartcar_msgs/local/lib/python3.10/dist-packages/smartcar_msgs/__init__.py
[0.845s] -- Up-to-date: /home/ros2/Documents/fa_ROS2_ws/install/smartcar_msgs/local/lib/python3.10/dist-packages/smartcar_msgs/libsmartcar_msgs__rosidl_generator_py.so
[0.845s] -- Up-to-date: /home/ros2/Documents/fa_ROS2_ws/install/smartcar_msgs/local/lib/python3.10/dist-packages/smartcar_msgs/smartcar_msgs_s__rosidl_typesupport_introspection_c.cpython-310-x86_64-linux-gnu.so
[0.845s] -- Up-to-date: /home/ros2/Documents/fa_ROS2_ws/install/smartcar_msgs/local/lib/python3.10/dist-packages/smartcar_msgs/_smartcar_msgs_s.ep.rosidl_typesupport_c.c
[0.845s] -- Up-to-date: /home/ros2/Documents/fa_ROS2_ws/install/smartcar_msgs/local/lib/python3.10/dist-packages/smartcar_msgs/_smartcar_msgs_s.ep.rosidl_typesupport_fastrtps_c.c
[0.845s] -- Up-to-date: /home/ros2/Documents/fa_ROS2_ws/install/smartcar_msgs/local/lib/python3.10/dist-packages/smartcar_msgs/smartcar_msgs_s__rosidl_typesupport_fastrtps_c.cpython-310-x86_64-linux-gnu.so
[0.846s] -- Up-to-date: /home/ros2/Documents/fa_ROS2_ws/install/smartcar_msgs/local/lib/python3.10/dist-packages/smartcar_msgs/smartcar_msgs_s__rosidl_typesupport_c.cpython-310-x86_64-linux-gnu.so
[0.846s] -- Up-to-date: /home/ros2/Documents/fa_ROS2_ws/install/smartcar_msgs/local/lib/python3.10/dist-packages/smartcar_msgs/_smartcar_msgs_s.ep.rosidl_typesupport_introspection_c.c
[0.846s] -- Up-to-date: /home/ros2/Documents/fa_ROS2_ws/install/smartcar_msgs/local/lib/python3.10/dist-packages/smartcar_msgs/msg
[0.846s] -- Up-to-date: /home/ros2/Documents/fa_ROS2_ws/install/smartcar_msgs/local/lib/python3.10/dist-packages/smartcar_msgs/msg/__init__.py
[0.846s] -- Up-to-date: /home/ros2/Documents/fa_ROS2_ws/install/smartcar_msgs/local/lib/python3.10/dist-packages/smartcar_msgs/msg/_status_s.c
[0.846s] -- Up-to-date: /home/ros2/Documents/fa_ROS2_ws/install/smartcar_msgs/local/lib/python3.10/dist-packages/smartcar_msgs/msg/_status.py
[0.908s] Listing '/home/ros2/Documents/fa_ROS2_ws/install/smartcar_msgs/local/lib/python3.10/dist-packages/smartcar_msgs'...
[0.908s] Listing '/home/ros2/Documents/fa_ROS2_ws/install/smartcar_msgs/local/lib/python3.10/dist-packages/smartcar_msgs/msg'...
[0.922s] -- Up-to-date: /home/ros2/Documents/fa_ROS2_ws/install/smartcar_msgs/local/lib/python3.10/dist-packages/smartcar_msgs/smartcar_msgs_s__rosidl_typesupport_fastrtps_c.cpython-310-x86_64-linux-gnu.so
[0.922s] -- Up-to-date: /home/ros2/Documents/fa_ROS2_ws/install/smartcar_msgs/local/lib/python3.10/dist-packages/smartcar_msgs/smartcar_msgs_s__rosidl_typesupport_introspection_c.cpython-310-x86_64-linux-gnu.so
[0.922s] -- Up-to-date: /home/ros2/Documents/fa_ROS2_ws/install/smartcar_msgs/local/lib/python3.10/dist-packages/smartcar_msgs/smartcar_msgs_s__rosidl_typesupport_c.cpython-310-x86_64-linux-gnu.so
[0.922s] -- Up-to-date: /home/ros2/Documents/fa_ROS2_ws/install/smartcar_msgs/lib/libsmartcar_msgs__rosidl_generator_py.so
[0.923s] -- Up-to-date: /home/ros2/Documents/fa_ROS2_ws/install/smartcar_msgs/share/smartcar_msgs/msg/Status.idl
[0.923s] -- Up-to-date: /home/ros2/Documents/fa_ROS2_ws/install/smartcar_msgs/share/smartcar_msgs/msg/Status.msg
[0.923s] -- Up-to-date: /home/ros2/Documents/fa_ROS2_ws/install/smartcar_msgs/share/ament_index/resource_index/package_run_dependencies/smartcar_msgs
[0.923s] -- Up-to-date: /home/ros2/Documents/fa_ROS2_ws/install/smartcar_msgs/share/ament_index/resource_index/parent_prefix_path/smartcar_msgs
[0.923s] -- Up-to-date: /home/ros2/Documents/fa_ROS2_ws/install/smartcar_msgs/share/smartcar_msgs/environment/ament_prefix_path.sh
[0.923s] -- Up-to-date: /home/ros2/Documents/fa_ROS2_ws/install/smartcar_msgs/share/smartcar_msgs/environment/ament_prefix_path.dsv
[0.923s] -- Up-to-date: /home/ros2/Documents/fa_ROS2_ws/install/smartcar_msgs/share/smartcar_msgs/environment/path.sh
[0.923s] -- Up-to-date: /home/ros2/Documents/fa_ROS2_ws/install/smartcar_msgs/share/smartcar_msgs/environment/path.dsv
[0.923s] -- Up-to-date: /home/ros2/Documents/fa_ROS2_ws/install/smartcar_msgs/share/smartcar_msgs/local_setup.bash
[0.923s] -- Up-to-date: /home/ros2/Documents/fa_ROS2_ws/install/smartcar_msgs/share/smartcar_msgs/local_setup.sh
[0.923s] -- Up-to-date: /home/ros2/Documents/fa_ROS2_ws/install/smartcar_msgs/share/smartcar_msgs/local_setup.zsh
[0.924s] -- Up-to-date: /home/ros2/Documents/fa_ROS2_ws/install/smartcar_msgs/share/smartcar_msgs/local_setup.dsv
[0.924s] -- Installing: /home/ros2/Documents/fa_ROS2_ws/install/smartcar_msgs/share/smartcar_msgs/package.dsv
[0.924s] -- Up-to-date: /home/ros2/Documents/fa_ROS2_ws/install/smartcar_msgs/share/ament_index/resource_index/packages/smartcar_msgs
[0.924s] -- Up-to-date: /home/ros2/Documents/fa_ROS2_ws/install/smartcar_msgs/share/smartcar_msgs/cmake/export_smartcar_msgs__rosidl_generator_cExport.cmake
[0.924s] -- Up-to-date: /home/ros2/Documents/fa_ROS2_ws/install/smartcar_msgs/share/smartcar_msgs/cmake/export_smartcar_msgs__rosidl_generator_cExport-noconfig.cmake
[0.924s] -- Up-to-date: /home/ros2/Documents/fa_ROS2_ws/install/smartcar_msgs/share/smartcar_msgs/cmake/export_smartcar_msgs__rosidl_typesupport_fastrtps_cExport.cmake
[0.924s] -- Up-to-date: /home/ros2/Documents/fa_ROS2_ws/install/smartcar_msgs/share/smartcar_msgs/cmake/export_smartcar_msgs__rosidl_typesupport_fastrtps_cExport-noconfig.cmake
[0.924s] -- Up-to-date: /home/ros2/Documents/fa_ROS2_ws/install/smartcar_msgs/share/smartcar_msgs/cmake/export_smartcar_msgs__rosidl_generator_cppExport.cmake
[0.924s] -- Up-to-date: /home/ros2/Documents/fa_ROS2_ws/install/smartcar_msgs/share/smartcar_msgs/cmake/export_smartcar_msgs__rosidl_typesupport_fastrtps_cppExport.cmake
[0.924s] -- Up-to-date: /home/ros2/Documents/fa_ROS2_ws/install/smartcar_msgs/share/smartcar_msgs/cmake/export_smartcar_msgs__rosidl_typesupport_fastrtps_cppExport-noconfig.cmake
[0.925s] -- Up-to-date: /home/ros2/Documents/fa_ROS2_ws/install/smartcar_msgs/share/smartcar_msgs/cmake/smartcar_msgs__rosidl_typesupport_introspection_cExport.cmake
[0.925s] -- Up-to-date: /home/ros2/Documents/fa_ROS2_ws/install/smartcar_msgs/share/smartcar_msgs/cmake/smartcar_msgs__rosidl_typesupport_introspection_cExport-noconfig.cmake
[0.925s] -- Up-to-date: /home/ros2/Documents/fa_ROS2_ws/install/smartcar_msgs/share/smartcar_msgs/cmake/smartcar_msgs__rosidl_typesupport_cExport.cmake
[0.925s] -- Up-to-date: /home/ros2/Documents/fa_ROS2_ws/install/smartcar_msgs/share/smartcar_msgs/cmake/smartcar_msgs__rosidl_typesupport_cExport-noconfig.cmake
[0.925s] -- Up-to-date: /home/ros2/Documents/fa_ROS2_ws/install/smartcar_msgs/share/smartcar_msgs/cmake/smartcar_msgs__rosidl_typesupport_introspection_cppExport.cmake
[0.929s] -- Up-to-date: /home/ros2/Documents/fa_ROS2_ws/install/smartcar_msgs/share/smartcar_msgs/cmake/smartcar_msgs__rosidl_typesupport_introspection_cppExport-noconfig.cmake
[0.929s] -- Up-to-date: /home/ros2/Documents/fa_ROS2_ws/install/smartcar_msgs/share/smartcar_msgs/cmake/smartcar_msgs__rosidl_typesupport_cppExport.cmake
[0.929s] -- Up-to-date: /home/ros2/Documents/fa_ROS2_ws/install/smartcar_msgs/share/smartcar_msgs/cmake/smartcar_msgs__rosidl_typesupport_cppExport-noconfig.cmake
[0.929s] -- Up-to-date: /home/ros2/Documents/fa_ROS2_ws/install/smartcar_msgs/share/smartcar_msgs/cmake/export_smartcar_msgs__rosidl_generator_pyExport.cmake
[0.929s] -- Up-to-date: /home/ros2/Documents/fa_ROS2_ws/install/smartcar_msgs/share/smartcar_msgs/cmake/export_smartcar_msgs__rosidl_generator_pyExport-noconfig.cmake
[0.929s] -- Up-to-date: /home/ros2/Documents/fa_ROS2_ws/install/smartcar_msgs/share/smartcar_msgs/cmake/rosidl_cmake-extras.cmake
[0.929s] -- Up-to-date: /home/ros2/Documents/fa_ROS2_ws/install/smartcar_msgs/share/smartcar_msgs/cmake/ament_cmake_export_dependencies-extras.cmake
[0.929s] -- Up-to-date: /home/ros2/Documents/fa_ROS2_ws/install/smartcar_msgs/share/smartcar_msgs/cmake/ament_cmake_export_include_directories-extras.cmake
[0.930s] -- Up-to-date: /home/ros2/Documents/fa_ROS2_ws/install/smartcar_msgs/share/smartcar_msgs/cmake/ament_cmake_export_libraries-extras.cmake
[0.930s] -- Up-to-date: /home/ros2/Documents/fa_ROS2_ws/install/smartcar_msgs/share/smartcar_msgs/cmake/ament_cmake_export_targets-extras.cmake
[0.930s] -- Up-to-date: /home/ros2/Documents/fa_ROS2_ws/install/smartcar_msgs/share/smartcar_msgs/cmake/rosidl_cmake_export_typesupport_targets-extras.cmake
[0.930s] -- Up-to-date: /home/ros2/Documents/fa_ROS2_ws/install/smartcar_msgs/share/smartcar_msgs/cmake/rosidl_cmake_export_typesupport_libraries-extras.cmake
[0.930s] -- Up-to-date: /home/ros2/Documents/fa_ROS2_ws/install/smartcar_msgs/share/smartcar_msgs/cmake/smartcar_msgsConfig.cmake
[0.930s] -- Up-to-date: /home/ros2/Documents/fa_ROS2_ws/install/smartcar_msgs/share/smartcar_msgs/cmake/smartcar_msgsConfig-version.cmake
[0.930s] -- Up-to-date: /home/ros2/Documents/fa_ROS2_ws/install/smartcar_msgs/share/smartcar_msgs/package.xml
[0.936s] Invoked command in '/home/ros2/Documents/fa_ROS2_ws/build/smartcar_msgs' returned '0': CMAKE_PREFIX_PATH=${CMAKE_PREFIX_PATH}:/opt/ros/humble /usr/bin/cmake --install /home/ros2/Documents/fa_ROS2_ws/build/smartcar_msgs
