[0.291s] Invoking command in '/home/ros2/Documents/fa_ROS2_ws/build/dwb_critics': AMENT_PREFIX_PATH=/home/ros2/Documents/fa_ROS2_ws/install/dwb_core:/home/ros2/Documents/fa_ROS2_ws/install/nav2_core:/home/ros2/Documents/fa_ROS2_ws/install/costmap_queue:/home/ros2/Documents/fa_ROS2_ws/install/nav2_costmap_2d:/home/ros2/Documents/fa_ROS2_ws/install/nav_2d_utils:/home/ros2/Documents/fa_ROS2_ws/install/nav2_map_server:/home/ros2/Documents/fa_ROS2_ws/install/nav2_lifecycle_manager:/home/ros2/Documents/fa_ROS2_ws/install/nav2_util:/home/ros2/Documents/fa_ROS2_ws/install/nav2_voxel_grid:/home/ros2/Documents/fa_ROS2_ws/install/nav2_msgs:/home/ros2/Documents/fa_ROS2_ws/install/dwb_msgs:/home/ros2/Documents/fa_ROS2_ws/install/nav_2d_msgs:/home/ros2/Documents/fa_ROS2_ws/install/nav2_common:${AMENT_PREFIX_PATH} CMAKE_PREFIX_PATH=/home/ros2/Documents/fa_ROS2_ws/install/dwb_core:/home/ros2/Documents/fa_ROS2_ws/install/nav2_core:/home/ros2/Documents/fa_ROS2_ws/install/costmap_queue:/home/ros2/Documents/fa_ROS2_ws/install/nav2_costmap_2d:/home/ros2/Documents/fa_ROS2_ws/install/nav_2d_utils:/home/ros2/Documents/fa_ROS2_ws/install/nav2_map_server:/home/ros2/Documents/fa_ROS2_ws/install/nav2_lifecycle_manager:/home/ros2/Documents/fa_ROS2_ws/install/nav2_util:/home/ros2/Documents/fa_ROS2_ws/install/nav2_voxel_grid:/home/ros2/Documents/fa_ROS2_ws/install/nav2_msgs:/home/ros2/Documents/fa_ROS2_ws/install/dwb_msgs:/home/ros2/Documents/fa_ROS2_ws/install/nav_2d_msgs:/home/ros2/Documents/fa_ROS2_ws/install/nav2_common:/home/ros2/Documents/fa_ROS2_ws/install/smart_car:/home/ros2/Documents/fa_ROS2_ws/install/car_gazebo_plugin:/home/ros2/Documents/fa_ROS2_ws/install/smartcar_msgs:/home/ros2/Documents/fa_ROS2_ws/install/ackermann_msgs:/opt/ros/humble LD_LIBRARY_PATH=/home/ros2/Documents/fa_ROS2_ws/install/dwb_core/lib:/home/ros2/Documents/fa_ROS2_ws/install/costmap_queue/lib:/home/ros2/Documents/fa_ROS2_ws/install/nav2_costmap_2d/lib:/home/ros2/Documents/fa_ROS2_ws/install/nav_2d_utils/lib:/home/ros2/Documents/fa_ROS2_ws/install/nav2_map_server/lib:/home/ros2/Documents/fa_ROS2_ws/install/nav2_lifecycle_manager/lib:/home/ros2/Documents/fa_ROS2_ws/install/nav2_util/lib:/home/ros2/Documents/fa_ROS2_ws/install/nav2_voxel_grid/lib:/home/ros2/Documents/fa_ROS2_ws/install/nav2_msgs/lib:/home/ros2/Documents/fa_ROS2_ws/install/dwb_msgs/lib:/home/ros2/Documents/fa_ROS2_ws/install/nav_2d_msgs/lib:/home/ros2/Documents/fa_ROS2_ws/install/car_gazebo_plugin/lib:/home/ros2/Documents/fa_ROS2_ws/install/smartcar_msgs/lib:/home/ros2/Documents/fa_ROS2_ws/install/ackermann_msgs/lib:/usr/lib/x86_64-linux-gnu/gazebo-11/plugins:/opt/ros/humble/opt/rviz_ogre_vendor/lib:/opt/ros/humble/lib/x86_64-linux-gnu:/opt/ros/humble/lib:/tmp/.mount_cursorflfrK2/usr/lib:/usr/lib/x86_64-linux-gnu/gazebo-11/plugins:/usr/lib/x86_64-linux-gnu/gazebo-11/plugins:/usr/lib/x86_64-linux-gnu/gazebo-11/plugins PYTHONPATH=/home/ros2/Documents/fa_ROS2_ws/install/nav2_msgs/local/lib/python3.10/dist-packages:/home/ros2/Documents/fa_ROS2_ws/install/dwb_msgs/local/lib/python3.10/dist-packages:/home/ros2/Documents/fa_ROS2_ws/install/nav_2d_msgs/local/lib/python3.10/dist-packages:/home/ros2/Documents/fa_ROS2_ws/install/nav2_common/local/lib/python3.10/dist-packages:${PYTHONPATH} /usr/bin/cmake /home/ros2/Documents/fa_ROS2_ws/src/navigation2/nav2_dwb_controller/dwb_critics -DAMENT_CMAKE_SYMLINK_INSTALL=1 -DCMAKE_INSTALL_PREFIX=/home/ros2/Documents/fa_ROS2_ws/install/dwb_critics
[35.154s] -- The C compiler identification is GNU 11.4.0
[35.154s] -- The CXX compiler identification is GNU 11.4.0
[35.154s] -- Detecting C compiler ABI info
[35.164s] -- Detecting C compiler ABI info - done
[35.164s] -- Check for working C compiler: /usr/lib/ccache/gcc - skipped
[35.165s] -- Detecting C compile features
[35.165s] -- Detecting C compile features - done
[35.165s] -- Detecting CXX compiler ABI info
[35.165s] -- Detecting CXX compiler ABI info - done
[35.165s] -- Check for working CXX compiler: /usr/lib/ccache/g++ - skipped
[35.165s] -- Detecting CXX compile features
[35.165s] -- Detecting CXX compile features - done
[35.165s] -- Found ament_cmake: 1.3.10 (/opt/ros/humble/share/ament_cmake/cmake)
[35.165s] -- Found Python3: /usr/bin/python3 (found version "3.10.12") found components: Interpreter 
[35.166s] -- Override CMake install command with custom implementation using symlinks instead of copying resources
[35.166s] -- Found nav2_common: 1.1.17 (/home/ros2/Documents/fa_ROS2_ws/install/nav2_common/share/nav2_common/cmake)
[35.166s] -- Found angles: 1.15.0 (/opt/ros/humble/share/angles/cmake)
[35.166s] -- Found nav2_costmap_2d: 1.1.17 (/home/ros2/Documents/fa_ROS2_ws/install/nav2_costmap_2d/share/nav2_costmap_2d/cmake)
[35.166s] -- Found rosidl_generator_c: 3.1.5 (/opt/ros/humble/share/rosidl_generator_c/cmake)
[35.166s] -- Found rosidl_adapter: 3.1.5 (/opt/ros/humble/share/rosidl_adapter/cmake)
[35.166s] -- Found rosidl_generator_cpp: 3.1.5 (/opt/ros/humble/share/rosidl_generator_cpp/cmake)
[35.166s] -- Using all available rosidl_typesupport_c: rosidl_typesupport_fastrtps_c;rosidl_typesupport_introspection_c
[35.166s] -- Using all available rosidl_typesupport_cpp: rosidl_typesupport_fastrtps_cpp;rosidl_typesupport_introspection_cpp
[35.175s] -- Found rmw_implementation_cmake: 6.1.2 (/opt/ros/humble/share/rmw_implementation_cmake/cmake)
[35.175s] -- Found rmw_cyclonedds_cpp: 1.3.4 (/opt/ros/humble/share/rmw_cyclonedds_cpp/cmake)
[35.176s] -- Using RMW implementation 'rmw_cyclonedds_cpp' as default
[35.176s] -- Looking for pthread.h
[35.176s] -- Looking for pthread.h - found
[35.176s] -- Performing Test CMAKE_HAVE_LIBC_PTHREAD
[35.176s] -- Performing Test CMAKE_HAVE_LIBC_PTHREAD - Success
[35.176s] -- Found Threads: TRUE  
[35.176s] -- Found Eigen3: TRUE (found version "3.4.0") 
[35.177s] -- Ensuring Eigen3 include directory is part of orocos-kdl CMake target
[35.177s] -- Found costmap_queue: 1.1.17 (/home/ros2/Documents/fa_ROS2_ws/install/costmap_queue/share/costmap_queue/cmake)
[35.177s] -- Found dwb_core: 1.1.17 (/home/ros2/Documents/fa_ROS2_ws/install/dwb_core/share/dwb_core/cmake)
[35.177s] -- Setting build type to Release as none was specified.
[35.177s] -- Found ament_lint_auto: 0.12.11 (/opt/ros/humble/share/ament_lint_auto/cmake)
[35.177s] -- Found gtest sources under '/opt/ros/humble/src/gtest_vendor': C++ tests using 'Google Test' will be built
[35.177s] -- Added test 'cppcheck' to perform static code analysis on C / C++ code
[35.177s] -- Configured cppcheck include dirs: /home/ros2/Documents/fa_ROS2_ws/src/navigation2/nav2_dwb_controller/dwb_critics/include
[35.178s] -- Configured cppcheck exclude dirs and/or files: 
[35.178s] -- Added test 'cpplint' to check C / C++ code against the Google style
[35.178s] -- Configured cpplint exclude dirs and/or files: 
[35.178s] -- Added test 'lint_cmake' to check CMake code style
[35.178s] -- Added test 'uncrustify' to check C / C++ code style
[35.178s] -- Configured uncrustify additional arguments: 
[35.178s] -- Added test 'xmllint' to check XML markup files
[35.178s] -- Configuring done
[35.178s] -- Generating done
[35.178s] -- Build files have been written to: /home/ros2/Documents/fa_ROS2_ws/build/dwb_critics
[35.245s] Invoked command in '/home/ros2/Documents/fa_ROS2_ws/build/dwb_critics' returned '0': AMENT_PREFIX_PATH=/home/ros2/Documents/fa_ROS2_ws/install/dwb_core:/home/ros2/Documents/fa_ROS2_ws/install/nav2_core:/home/ros2/Documents/fa_ROS2_ws/install/costmap_queue:/home/ros2/Documents/fa_ROS2_ws/install/nav2_costmap_2d:/home/ros2/Documents/fa_ROS2_ws/install/nav_2d_utils:/home/ros2/Documents/fa_ROS2_ws/install/nav2_map_server:/home/ros2/Documents/fa_ROS2_ws/install/nav2_lifecycle_manager:/home/ros2/Documents/fa_ROS2_ws/install/nav2_util:/home/ros2/Documents/fa_ROS2_ws/install/nav2_voxel_grid:/home/ros2/Documents/fa_ROS2_ws/install/nav2_msgs:/home/ros2/Documents/fa_ROS2_ws/install/dwb_msgs:/home/ros2/Documents/fa_ROS2_ws/install/nav_2d_msgs:/home/ros2/Documents/fa_ROS2_ws/install/nav2_common:${AMENT_PREFIX_PATH} CMAKE_PREFIX_PATH=/home/ros2/Documents/fa_ROS2_ws/install/dwb_core:/home/ros2/Documents/fa_ROS2_ws/install/nav2_core:/home/ros2/Documents/fa_ROS2_ws/install/costmap_queue:/home/ros2/Documents/fa_ROS2_ws/install/nav2_costmap_2d:/home/ros2/Documents/fa_ROS2_ws/install/nav_2d_utils:/home/ros2/Documents/fa_ROS2_ws/install/nav2_map_server:/home/ros2/Documents/fa_ROS2_ws/install/nav2_lifecycle_manager:/home/ros2/Documents/fa_ROS2_ws/install/nav2_util:/home/ros2/Documents/fa_ROS2_ws/install/nav2_voxel_grid:/home/ros2/Documents/fa_ROS2_ws/install/nav2_msgs:/home/ros2/Documents/fa_ROS2_ws/install/dwb_msgs:/home/ros2/Documents/fa_ROS2_ws/install/nav_2d_msgs:/home/ros2/Documents/fa_ROS2_ws/install/nav2_common:/home/ros2/Documents/fa_ROS2_ws/install/smart_car:/home/ros2/Documents/fa_ROS2_ws/install/car_gazebo_plugin:/home/ros2/Documents/fa_ROS2_ws/install/smartcar_msgs:/home/ros2/Documents/fa_ROS2_ws/install/ackermann_msgs:/opt/ros/humble LD_LIBRARY_PATH=/home/ros2/Documents/fa_ROS2_ws/install/dwb_core/lib:/home/ros2/Documents/fa_ROS2_ws/install/costmap_queue/lib:/home/ros2/Documents/fa_ROS2_ws/install/nav2_costmap_2d/lib:/home/ros2/Documents/fa_ROS2_ws/install/nav_2d_utils/lib:/home/ros2/Documents/fa_ROS2_ws/install/nav2_map_server/lib:/home/ros2/Documents/fa_ROS2_ws/install/nav2_lifecycle_manager/lib:/home/ros2/Documents/fa_ROS2_ws/install/nav2_util/lib:/home/ros2/Documents/fa_ROS2_ws/install/nav2_voxel_grid/lib:/home/ros2/Documents/fa_ROS2_ws/install/nav2_msgs/lib:/home/ros2/Documents/fa_ROS2_ws/install/dwb_msgs/lib:/home/ros2/Documents/fa_ROS2_ws/install/nav_2d_msgs/lib:/home/ros2/Documents/fa_ROS2_ws/install/car_gazebo_plugin/lib:/home/ros2/Documents/fa_ROS2_ws/install/smartcar_msgs/lib:/home/ros2/Documents/fa_ROS2_ws/install/ackermann_msgs/lib:/usr/lib/x86_64-linux-gnu/gazebo-11/plugins:/opt/ros/humble/opt/rviz_ogre_vendor/lib:/opt/ros/humble/lib/x86_64-linux-gnu:/opt/ros/humble/lib:/tmp/.mount_cursorflfrK2/usr/lib:/usr/lib/x86_64-linux-gnu/gazebo-11/plugins:/usr/lib/x86_64-linux-gnu/gazebo-11/plugins:/usr/lib/x86_64-linux-gnu/gazebo-11/plugins PYTHONPATH=/home/ros2/Documents/fa_ROS2_ws/install/nav2_msgs/local/lib/python3.10/dist-packages:/home/ros2/Documents/fa_ROS2_ws/install/dwb_msgs/local/lib/python3.10/dist-packages:/home/ros2/Documents/fa_ROS2_ws/install/nav_2d_msgs/local/lib/python3.10/dist-packages:/home/ros2/Documents/fa_ROS2_ws/install/nav2_common/local/lib/python3.10/dist-packages:${PYTHONPATH} /usr/bin/cmake /home/ros2/Documents/fa_ROS2_ws/src/navigation2/nav2_dwb_controller/dwb_critics -DAMENT_CMAKE_SYMLINK_INSTALL=1 -DCMAKE_INSTALL_PREFIX=/home/ros2/Documents/fa_ROS2_ws/install/dwb_critics
[35.246s] Invoking command in '/home/ros2/Documents/fa_ROS2_ws/build/dwb_critics': AMENT_PREFIX_PATH=/home/ros2/Documents/fa_ROS2_ws/install/dwb_core:/home/ros2/Documents/fa_ROS2_ws/install/nav2_core:/home/ros2/Documents/fa_ROS2_ws/install/costmap_queue:/home/ros2/Documents/fa_ROS2_ws/install/nav2_costmap_2d:/home/ros2/Documents/fa_ROS2_ws/install/nav_2d_utils:/home/ros2/Documents/fa_ROS2_ws/install/nav2_map_server:/home/ros2/Documents/fa_ROS2_ws/install/nav2_lifecycle_manager:/home/ros2/Documents/fa_ROS2_ws/install/nav2_util:/home/ros2/Documents/fa_ROS2_ws/install/nav2_voxel_grid:/home/ros2/Documents/fa_ROS2_ws/install/nav2_msgs:/home/ros2/Documents/fa_ROS2_ws/install/dwb_msgs:/home/ros2/Documents/fa_ROS2_ws/install/nav_2d_msgs:/home/ros2/Documents/fa_ROS2_ws/install/nav2_common:${AMENT_PREFIX_PATH} CMAKE_PREFIX_PATH=/home/ros2/Documents/fa_ROS2_ws/install/dwb_core:/home/ros2/Documents/fa_ROS2_ws/install/nav2_core:/home/ros2/Documents/fa_ROS2_ws/install/costmap_queue:/home/ros2/Documents/fa_ROS2_ws/install/nav2_costmap_2d:/home/ros2/Documents/fa_ROS2_ws/install/nav_2d_utils:/home/ros2/Documents/fa_ROS2_ws/install/nav2_map_server:/home/ros2/Documents/fa_ROS2_ws/install/nav2_lifecycle_manager:/home/ros2/Documents/fa_ROS2_ws/install/nav2_util:/home/ros2/Documents/fa_ROS2_ws/install/nav2_voxel_grid:/home/ros2/Documents/fa_ROS2_ws/install/nav2_msgs:/home/ros2/Documents/fa_ROS2_ws/install/dwb_msgs:/home/ros2/Documents/fa_ROS2_ws/install/nav_2d_msgs:/home/ros2/Documents/fa_ROS2_ws/install/nav2_common:/home/ros2/Documents/fa_ROS2_ws/install/smart_car:/home/ros2/Documents/fa_ROS2_ws/install/car_gazebo_plugin:/home/ros2/Documents/fa_ROS2_ws/install/smartcar_msgs:/home/ros2/Documents/fa_ROS2_ws/install/ackermann_msgs:/opt/ros/humble LD_LIBRARY_PATH=/home/ros2/Documents/fa_ROS2_ws/install/dwb_core/lib:/home/ros2/Documents/fa_ROS2_ws/install/costmap_queue/lib:/home/ros2/Documents/fa_ROS2_ws/install/nav2_costmap_2d/lib:/home/ros2/Documents/fa_ROS2_ws/install/nav_2d_utils/lib:/home/ros2/Documents/fa_ROS2_ws/install/nav2_map_server/lib:/home/ros2/Documents/fa_ROS2_ws/install/nav2_lifecycle_manager/lib:/home/ros2/Documents/fa_ROS2_ws/install/nav2_util/lib:/home/ros2/Documents/fa_ROS2_ws/install/nav2_voxel_grid/lib:/home/ros2/Documents/fa_ROS2_ws/install/nav2_msgs/lib:/home/ros2/Documents/fa_ROS2_ws/install/dwb_msgs/lib:/home/ros2/Documents/fa_ROS2_ws/install/nav_2d_msgs/lib:/home/ros2/Documents/fa_ROS2_ws/install/car_gazebo_plugin/lib:/home/ros2/Documents/fa_ROS2_ws/install/smartcar_msgs/lib:/home/ros2/Documents/fa_ROS2_ws/install/ackermann_msgs/lib:/usr/lib/x86_64-linux-gnu/gazebo-11/plugins:/opt/ros/humble/opt/rviz_ogre_vendor/lib:/opt/ros/humble/lib/x86_64-linux-gnu:/opt/ros/humble/lib:/tmp/.mount_cursorflfrK2/usr/lib:/usr/lib/x86_64-linux-gnu/gazebo-11/plugins:/usr/lib/x86_64-linux-gnu/gazebo-11/plugins:/usr/lib/x86_64-linux-gnu/gazebo-11/plugins PYTHONPATH=/home/ros2/Documents/fa_ROS2_ws/install/nav2_msgs/local/lib/python3.10/dist-packages:/home/ros2/Documents/fa_ROS2_ws/install/dwb_msgs/local/lib/python3.10/dist-packages:/home/ros2/Documents/fa_ROS2_ws/install/nav_2d_msgs/local/lib/python3.10/dist-packages:/home/ros2/Documents/fa_ROS2_ws/install/nav2_common/local/lib/python3.10/dist-packages:${PYTHONPATH} /usr/bin/cmake --build /home/ros2/Documents/fa_ROS2_ws/build/dwb_critics -- -j8 -l8
[35.629s] [  3%] [32mBuilding CXX object CMakeFiles/dwb_critics.dir/src/alignment_util.cpp.o[0m
[37.897s] [  7%] [32mBuilding CXX object CMakeFiles/dwb_critics.dir/src/path_align.cpp.o[0m
[50.736s] [ 11%] [32mBuilding CXX object CMakeFiles/dwb_critics.dir/src/base_obstacle.cpp.o[0m
[62.065s] [ 14%] [32mBuilding CXX object CMakeFiles/dwb_critics.dir/src/obstacle_footprint.cpp.o[0m
[75.079s] [ 18%] [32mBuilding CXX object CMakeFiles/dwb_critics.dir/src/oscillation.cpp.o[0m
[85.580s] [ 22%] [32mBuilding CXX object CMakeFiles/dwb_critics.dir/src/prefer_forward.cpp.o[0m
[95.840s] [ 25%] [32mBuilding CXX object CMakeFiles/dwb_critics.dir/src/rotate_to_goal.cpp.o[0m
[108.419s] [ 29%] [32mBuilding CXX object CMakeFiles/dwb_critics.dir/src/twirling.cpp.o[0m
[118.604s] [ 33%] [32mBuilding CXX object CMakeFiles/dwb_critics.dir/src/goal_align.cpp.o[0m
[128.025s] [ 37%] [32mBuilding CXX object CMakeFiles/dwb_critics.dir/src/path_dist.cpp.o[0m
[139.168s] [ 40%] [32mBuilding CXX object CMakeFiles/dwb_critics.dir/src/goal_dist.cpp.o[0m
[149.707s] [ 44%] [32mBuilding CXX object CMakeFiles/dwb_critics.dir/src/map_grid.cpp.o[0m
[162.470s] [ 48%] [32m[1mLinking CXX shared library libdwb_critics.so[0m
[163.157s] [ 48%] Built target dwb_critics
[163.217s] [ 51%] [32mBuilding CXX object gtest/CMakeFiles/gtest.dir/src/gtest-all.cc.o[0m
[163.496s] [ 55%] [32m[1mLinking CXX static library libgtest.a[0m
[163.656s] [ 55%] Built target gtest
[163.707s] [ 59%] [32mBuilding CXX object gtest/CMakeFiles/gtest_main.dir/src/gtest_main.cc.o[0m
[163.932s] [ 62%] [32m[1mLinking CXX static library libgtest_main.a[0m
[164.004s] [ 62%] Built target gtest_main
[164.099s] [ 66%] [32mBuilding CXX object test/CMakeFiles/prefer_forward_tests.dir/prefer_forward_test.cpp.o[0m
[178.306s] [ 70%] [32m[1mLinking CXX executable prefer_forward_tests[0m
[179.099s] [ 70%] Built target prefer_forward_tests
[179.169s] [ 74%] [32mBuilding CXX object test/CMakeFiles/twirling_tests.dir/twirling_test.cpp.o[0m
[191.346s] [ 77%] [32m[1mLinking CXX executable twirling_tests[0m
[192.099s] [ 77%] Built target twirling_tests
[192.151s] [ 81%] [32mBuilding CXX object test/CMakeFiles/alignment_util_tests.dir/alignment_util_test.cpp.o[0m
[199.876s] [ 85%] [32m[1mLinking CXX executable alignment_util_tests[0m
[200.553s] [ 85%] Built target alignment_util_tests
[200.596s] [ 88%] [32mBuilding CXX object test/CMakeFiles/obstacle_footprint_tests.dir/obstacle_footprint_test.cpp.o[0m
[213.966s] [ 92%] [32m[1mLinking CXX executable obstacle_footprint_tests[0m
[214.763s] [ 92%] Built target obstacle_footprint_tests
[214.832s] [ 96%] [32mBuilding CXX object test/CMakeFiles/base_obstacle_tests.dir/base_obstacle_test.cpp.o[0m
[225.865s] [100%] [32m[1mLinking CXX executable base_obstacle_tests[0m
[226.657s] [100%] Built target base_obstacle_tests
[226.787s] Invoked command in '/home/ros2/Documents/fa_ROS2_ws/build/dwb_critics' returned '0': AMENT_PREFIX_PATH=/home/ros2/Documents/fa_ROS2_ws/install/dwb_core:/home/ros2/Documents/fa_ROS2_ws/install/nav2_core:/home/ros2/Documents/fa_ROS2_ws/install/costmap_queue:/home/ros2/Documents/fa_ROS2_ws/install/nav2_costmap_2d:/home/ros2/Documents/fa_ROS2_ws/install/nav_2d_utils:/home/ros2/Documents/fa_ROS2_ws/install/nav2_map_server:/home/ros2/Documents/fa_ROS2_ws/install/nav2_lifecycle_manager:/home/ros2/Documents/fa_ROS2_ws/install/nav2_util:/home/ros2/Documents/fa_ROS2_ws/install/nav2_voxel_grid:/home/ros2/Documents/fa_ROS2_ws/install/nav2_msgs:/home/ros2/Documents/fa_ROS2_ws/install/dwb_msgs:/home/ros2/Documents/fa_ROS2_ws/install/nav_2d_msgs:/home/ros2/Documents/fa_ROS2_ws/install/nav2_common:${AMENT_PREFIX_PATH} CMAKE_PREFIX_PATH=/home/ros2/Documents/fa_ROS2_ws/install/dwb_core:/home/ros2/Documents/fa_ROS2_ws/install/nav2_core:/home/ros2/Documents/fa_ROS2_ws/install/costmap_queue:/home/ros2/Documents/fa_ROS2_ws/install/nav2_costmap_2d:/home/ros2/Documents/fa_ROS2_ws/install/nav_2d_utils:/home/ros2/Documents/fa_ROS2_ws/install/nav2_map_server:/home/ros2/Documents/fa_ROS2_ws/install/nav2_lifecycle_manager:/home/ros2/Documents/fa_ROS2_ws/install/nav2_util:/home/ros2/Documents/fa_ROS2_ws/install/nav2_voxel_grid:/home/ros2/Documents/fa_ROS2_ws/install/nav2_msgs:/home/ros2/Documents/fa_ROS2_ws/install/dwb_msgs:/home/ros2/Documents/fa_ROS2_ws/install/nav_2d_msgs:/home/ros2/Documents/fa_ROS2_ws/install/nav2_common:/home/ros2/Documents/fa_ROS2_ws/install/smart_car:/home/ros2/Documents/fa_ROS2_ws/install/car_gazebo_plugin:/home/ros2/Documents/fa_ROS2_ws/install/smartcar_msgs:/home/ros2/Documents/fa_ROS2_ws/install/ackermann_msgs:/opt/ros/humble LD_LIBRARY_PATH=/home/ros2/Documents/fa_ROS2_ws/install/dwb_core/lib:/home/ros2/Documents/fa_ROS2_ws/install/costmap_queue/lib:/home/ros2/Documents/fa_ROS2_ws/install/nav2_costmap_2d/lib:/home/ros2/Documents/fa_ROS2_ws/install/nav_2d_utils/lib:/home/ros2/Documents/fa_ROS2_ws/install/nav2_map_server/lib:/home/ros2/Documents/fa_ROS2_ws/install/nav2_lifecycle_manager/lib:/home/ros2/Documents/fa_ROS2_ws/install/nav2_util/lib:/home/ros2/Documents/fa_ROS2_ws/install/nav2_voxel_grid/lib:/home/ros2/Documents/fa_ROS2_ws/install/nav2_msgs/lib:/home/ros2/Documents/fa_ROS2_ws/install/dwb_msgs/lib:/home/ros2/Documents/fa_ROS2_ws/install/nav_2d_msgs/lib:/home/ros2/Documents/fa_ROS2_ws/install/car_gazebo_plugin/lib:/home/ros2/Documents/fa_ROS2_ws/install/smartcar_msgs/lib:/home/ros2/Documents/fa_ROS2_ws/install/ackermann_msgs/lib:/usr/lib/x86_64-linux-gnu/gazebo-11/plugins:/opt/ros/humble/opt/rviz_ogre_vendor/lib:/opt/ros/humble/lib/x86_64-linux-gnu:/opt/ros/humble/lib:/tmp/.mount_cursorflfrK2/usr/lib:/usr/lib/x86_64-linux-gnu/gazebo-11/plugins:/usr/lib/x86_64-linux-gnu/gazebo-11/plugins:/usr/lib/x86_64-linux-gnu/gazebo-11/plugins PYTHONPATH=/home/ros2/Documents/fa_ROS2_ws/install/nav2_msgs/local/lib/python3.10/dist-packages:/home/ros2/Documents/fa_ROS2_ws/install/dwb_msgs/local/lib/python3.10/dist-packages:/home/ros2/Documents/fa_ROS2_ws/install/nav_2d_msgs/local/lib/python3.10/dist-packages:/home/ros2/Documents/fa_ROS2_ws/install/nav2_common/local/lib/python3.10/dist-packages:${PYTHONPATH} /usr/bin/cmake --build /home/ros2/Documents/fa_ROS2_ws/build/dwb_critics -- -j8 -l8
[227.154s] Invoking command in '/home/ros2/Documents/fa_ROS2_ws/build/dwb_critics': AMENT_PREFIX_PATH=/home/ros2/Documents/fa_ROS2_ws/install/dwb_core:/home/ros2/Documents/fa_ROS2_ws/install/nav2_core:/home/ros2/Documents/fa_ROS2_ws/install/costmap_queue:/home/ros2/Documents/fa_ROS2_ws/install/nav2_costmap_2d:/home/ros2/Documents/fa_ROS2_ws/install/nav_2d_utils:/home/ros2/Documents/fa_ROS2_ws/install/nav2_map_server:/home/ros2/Documents/fa_ROS2_ws/install/nav2_lifecycle_manager:/home/ros2/Documents/fa_ROS2_ws/install/nav2_util:/home/ros2/Documents/fa_ROS2_ws/install/nav2_voxel_grid:/home/ros2/Documents/fa_ROS2_ws/install/nav2_msgs:/home/ros2/Documents/fa_ROS2_ws/install/dwb_msgs:/home/ros2/Documents/fa_ROS2_ws/install/nav_2d_msgs:/home/ros2/Documents/fa_ROS2_ws/install/nav2_common:${AMENT_PREFIX_PATH} CMAKE_PREFIX_PATH=/home/ros2/Documents/fa_ROS2_ws/install/dwb_core:/home/ros2/Documents/fa_ROS2_ws/install/nav2_core:/home/ros2/Documents/fa_ROS2_ws/install/costmap_queue:/home/ros2/Documents/fa_ROS2_ws/install/nav2_costmap_2d:/home/ros2/Documents/fa_ROS2_ws/install/nav_2d_utils:/home/ros2/Documents/fa_ROS2_ws/install/nav2_map_server:/home/ros2/Documents/fa_ROS2_ws/install/nav2_lifecycle_manager:/home/ros2/Documents/fa_ROS2_ws/install/nav2_util:/home/ros2/Documents/fa_ROS2_ws/install/nav2_voxel_grid:/home/ros2/Documents/fa_ROS2_ws/install/nav2_msgs:/home/ros2/Documents/fa_ROS2_ws/install/dwb_msgs:/home/ros2/Documents/fa_ROS2_ws/install/nav_2d_msgs:/home/ros2/Documents/fa_ROS2_ws/install/nav2_common:/home/ros2/Documents/fa_ROS2_ws/install/smart_car:/home/ros2/Documents/fa_ROS2_ws/install/car_gazebo_plugin:/home/ros2/Documents/fa_ROS2_ws/install/smartcar_msgs:/home/ros2/Documents/fa_ROS2_ws/install/ackermann_msgs:/opt/ros/humble LD_LIBRARY_PATH=/home/ros2/Documents/fa_ROS2_ws/install/dwb_core/lib:/home/ros2/Documents/fa_ROS2_ws/install/costmap_queue/lib:/home/ros2/Documents/fa_ROS2_ws/install/nav2_costmap_2d/lib:/home/ros2/Documents/fa_ROS2_ws/install/nav_2d_utils/lib:/home/ros2/Documents/fa_ROS2_ws/install/nav2_map_server/lib:/home/ros2/Documents/fa_ROS2_ws/install/nav2_lifecycle_manager/lib:/home/ros2/Documents/fa_ROS2_ws/install/nav2_util/lib:/home/ros2/Documents/fa_ROS2_ws/install/nav2_voxel_grid/lib:/home/ros2/Documents/fa_ROS2_ws/install/nav2_msgs/lib:/home/ros2/Documents/fa_ROS2_ws/install/dwb_msgs/lib:/home/ros2/Documents/fa_ROS2_ws/install/nav_2d_msgs/lib:/home/ros2/Documents/fa_ROS2_ws/install/car_gazebo_plugin/lib:/home/ros2/Documents/fa_ROS2_ws/install/smartcar_msgs/lib:/home/ros2/Documents/fa_ROS2_ws/install/ackermann_msgs/lib:/usr/lib/x86_64-linux-gnu/gazebo-11/plugins:/opt/ros/humble/opt/rviz_ogre_vendor/lib:/opt/ros/humble/lib/x86_64-linux-gnu:/opt/ros/humble/lib:/tmp/.mount_cursorflfrK2/usr/lib:/usr/lib/x86_64-linux-gnu/gazebo-11/plugins:/usr/lib/x86_64-linux-gnu/gazebo-11/plugins:/usr/lib/x86_64-linux-gnu/gazebo-11/plugins PYTHONPATH=/home/ros2/Documents/fa_ROS2_ws/install/nav2_msgs/local/lib/python3.10/dist-packages:/home/ros2/Documents/fa_ROS2_ws/install/dwb_msgs/local/lib/python3.10/dist-packages:/home/ros2/Documents/fa_ROS2_ws/install/nav_2d_msgs/local/lib/python3.10/dist-packages:/home/ros2/Documents/fa_ROS2_ws/install/nav2_common/local/lib/python3.10/dist-packages:${PYTHONPATH} /usr/bin/cmake --install /home/ros2/Documents/fa_ROS2_ws/build/dwb_critics
[255.250s] -- Install configuration: "Release"
[255.250s] -- Execute custom install script
[255.250s] -- Symlinking: /home/ros2/Documents/fa_ROS2_ws/install/dwb_critics/lib/libdwb_critics.so
[255.250s] -- Symlinking: /home/ros2/Documents/fa_ROS2_ws/install/dwb_critics/include//dwb_critics/alignment_util.hpp
[255.254s] -- Symlinking: /home/ros2/Documents/fa_ROS2_ws/install/dwb_critics/include//dwb_critics/base_obstacle.hpp
[255.254s] -- Symlinking: /home/ros2/Documents/fa_ROS2_ws/install/dwb_critics/include//dwb_critics/goal_align.hpp
[255.254s] -- Symlinking: /home/ros2/Documents/fa_ROS2_ws/install/dwb_critics/include//dwb_critics/goal_dist.hpp
[255.255s] -- Symlinking: /home/ros2/Documents/fa_ROS2_ws/install/dwb_critics/include//dwb_critics/line_iterator.hpp
[255.255s] -- Symlinking: /home/ros2/Documents/fa_ROS2_ws/install/dwb_critics/include//dwb_critics/map_grid.hpp
[255.255s] -- Symlinking: /home/ros2/Documents/fa_ROS2_ws/install/dwb_critics/include//dwb_critics/obstacle_footprint.hpp
[255.255s] -- Symlinking: /home/ros2/Documents/fa_ROS2_ws/install/dwb_critics/include//dwb_critics/oscillation.hpp
[255.255s] -- Symlinking: /home/ros2/Documents/fa_ROS2_ws/install/dwb_critics/include//dwb_critics/path_align.hpp
[255.255s] -- Symlinking: /home/ros2/Documents/fa_ROS2_ws/install/dwb_critics/include//dwb_critics/path_dist.hpp
[255.255s] -- Symlinking: /home/ros2/Documents/fa_ROS2_ws/install/dwb_critics/include//dwb_critics/prefer_forward.hpp
[255.255s] -- Symlinking: /home/ros2/Documents/fa_ROS2_ws/install/dwb_critics/include//dwb_critics/rotate_to_goal.hpp
[255.255s] -- Symlinking: /home/ros2/Documents/fa_ROS2_ws/install/dwb_critics/include//dwb_critics/twirling.hpp
[255.255s] -- Symlinking: /home/ros2/Documents/fa_ROS2_ws/install/dwb_critics/share/dwb_critics/default_critics.xml
[255.255s] -- Symlinking: /home/ros2/Documents/fa_ROS2_ws/install/dwb_critics/share/dwb_critics/environment/library_path.sh
[255.256s] -- Symlinking: /home/ros2/Documents/fa_ROS2_ws/install/dwb_critics/share/dwb_critics/environment/library_path.dsv
[255.256s] -- Up-to-date symlink: /home/ros2/Documents/fa_ROS2_ws/install/dwb_critics/share/dwb_critics//default_critics.xml
[255.256s] -- Symlinking: /home/ros2/Documents/fa_ROS2_ws/install/dwb_critics/share/ament_index/resource_index/package_run_dependencies/dwb_critics
[255.256s] -- Symlinking: /home/ros2/Documents/fa_ROS2_ws/install/dwb_critics/share/ament_index/resource_index/parent_prefix_path/dwb_critics
[255.256s] -- Symlinking: /home/ros2/Documents/fa_ROS2_ws/install/dwb_critics/share/dwb_critics/environment/ament_prefix_path.sh
[255.256s] -- Symlinking: /home/ros2/Documents/fa_ROS2_ws/install/dwb_critics/share/dwb_critics/environment/ament_prefix_path.dsv
[255.256s] -- Symlinking: /home/ros2/Documents/fa_ROS2_ws/install/dwb_critics/share/dwb_critics/environment/path.sh
[255.256s] -- Symlinking: /home/ros2/Documents/fa_ROS2_ws/install/dwb_critics/share/dwb_critics/environment/path.dsv
[255.256s] -- Symlinking: /home/ros2/Documents/fa_ROS2_ws/install/dwb_critics/share/dwb_critics/local_setup.bash
[255.256s] -- Symlinking: /home/ros2/Documents/fa_ROS2_ws/install/dwb_critics/share/dwb_critics/local_setup.sh
[255.256s] -- Symlinking: /home/ros2/Documents/fa_ROS2_ws/install/dwb_critics/share/dwb_critics/local_setup.zsh
[255.257s] -- Symlinking: /home/ros2/Documents/fa_ROS2_ws/install/dwb_critics/share/dwb_critics/local_setup.dsv
[255.257s] -- Symlinking: /home/ros2/Documents/fa_ROS2_ws/install/dwb_critics/share/dwb_critics/package.dsv
[255.257s] -- Symlinking: /home/ros2/Documents/fa_ROS2_ws/install/dwb_critics/share/ament_index/resource_index/packages/dwb_critics
[255.257s] -- Symlinking: /home/ros2/Documents/fa_ROS2_ws/install/dwb_critics/share/ament_index/resource_index/dwb_core__pluginlib__plugin/dwb_critics
[255.257s] -- Symlinking: /home/ros2/Documents/fa_ROS2_ws/install/dwb_critics/share/dwb_critics/cmake/ament_cmake_export_include_directories-extras.cmake
[255.257s] -- Symlinking: /home/ros2/Documents/fa_ROS2_ws/install/dwb_critics/share/dwb_critics/cmake/ament_cmake_export_libraries-extras.cmake
[255.257s] -- Symlinking: /home/ros2/Documents/fa_ROS2_ws/install/dwb_critics/share/dwb_critics/cmake/ament_cmake_export_dependencies-extras.cmake
[255.261s] -- Symlinking: /home/ros2/Documents/fa_ROS2_ws/install/dwb_critics/share/dwb_critics/cmake/dwb_criticsConfig.cmake
[255.262s] -- Symlinking: /home/ros2/Documents/fa_ROS2_ws/install/dwb_critics/share/dwb_critics/cmake/dwb_criticsConfig-version.cmake
[255.264s] -- Symlinking: /home/ros2/Documents/fa_ROS2_ws/install/dwb_critics/share/dwb_critics/package.xml
[255.264s] Invoked command in '/home/ros2/Documents/fa_ROS2_ws/build/dwb_critics' returned '0': AMENT_PREFIX_PATH=/home/ros2/Documents/fa_ROS2_ws/install/dwb_core:/home/ros2/Documents/fa_ROS2_ws/install/nav2_core:/home/ros2/Documents/fa_ROS2_ws/install/costmap_queue:/home/ros2/Documents/fa_ROS2_ws/install/nav2_costmap_2d:/home/ros2/Documents/fa_ROS2_ws/install/nav_2d_utils:/home/ros2/Documents/fa_ROS2_ws/install/nav2_map_server:/home/ros2/Documents/fa_ROS2_ws/install/nav2_lifecycle_manager:/home/ros2/Documents/fa_ROS2_ws/install/nav2_util:/home/ros2/Documents/fa_ROS2_ws/install/nav2_voxel_grid:/home/ros2/Documents/fa_ROS2_ws/install/nav2_msgs:/home/ros2/Documents/fa_ROS2_ws/install/dwb_msgs:/home/ros2/Documents/fa_ROS2_ws/install/nav_2d_msgs:/home/ros2/Documents/fa_ROS2_ws/install/nav2_common:${AMENT_PREFIX_PATH} CMAKE_PREFIX_PATH=/home/ros2/Documents/fa_ROS2_ws/install/dwb_core:/home/ros2/Documents/fa_ROS2_ws/install/nav2_core:/home/ros2/Documents/fa_ROS2_ws/install/costmap_queue:/home/ros2/Documents/fa_ROS2_ws/install/nav2_costmap_2d:/home/ros2/Documents/fa_ROS2_ws/install/nav_2d_utils:/home/ros2/Documents/fa_ROS2_ws/install/nav2_map_server:/home/ros2/Documents/fa_ROS2_ws/install/nav2_lifecycle_manager:/home/ros2/Documents/fa_ROS2_ws/install/nav2_util:/home/ros2/Documents/fa_ROS2_ws/install/nav2_voxel_grid:/home/ros2/Documents/fa_ROS2_ws/install/nav2_msgs:/home/ros2/Documents/fa_ROS2_ws/install/dwb_msgs:/home/ros2/Documents/fa_ROS2_ws/install/nav_2d_msgs:/home/ros2/Documents/fa_ROS2_ws/install/nav2_common:/home/ros2/Documents/fa_ROS2_ws/install/smart_car:/home/ros2/Documents/fa_ROS2_ws/install/car_gazebo_plugin:/home/ros2/Documents/fa_ROS2_ws/install/smartcar_msgs:/home/ros2/Documents/fa_ROS2_ws/install/ackermann_msgs:/opt/ros/humble LD_LIBRARY_PATH=/home/ros2/Documents/fa_ROS2_ws/install/dwb_core/lib:/home/ros2/Documents/fa_ROS2_ws/install/costmap_queue/lib:/home/ros2/Documents/fa_ROS2_ws/install/nav2_costmap_2d/lib:/home/ros2/Documents/fa_ROS2_ws/install/nav_2d_utils/lib:/home/ros2/Documents/fa_ROS2_ws/install/nav2_map_server/lib:/home/ros2/Documents/fa_ROS2_ws/install/nav2_lifecycle_manager/lib:/home/ros2/Documents/fa_ROS2_ws/install/nav2_util/lib:/home/ros2/Documents/fa_ROS2_ws/install/nav2_voxel_grid/lib:/home/ros2/Documents/fa_ROS2_ws/install/nav2_msgs/lib:/home/ros2/Documents/fa_ROS2_ws/install/dwb_msgs/lib:/home/ros2/Documents/fa_ROS2_ws/install/nav_2d_msgs/lib:/home/ros2/Documents/fa_ROS2_ws/install/car_gazebo_plugin/lib:/home/ros2/Documents/fa_ROS2_ws/install/smartcar_msgs/lib:/home/ros2/Documents/fa_ROS2_ws/install/ackermann_msgs/lib:/usr/lib/x86_64-linux-gnu/gazebo-11/plugins:/opt/ros/humble/opt/rviz_ogre_vendor/lib:/opt/ros/humble/lib/x86_64-linux-gnu:/opt/ros/humble/lib:/tmp/.mount_cursorflfrK2/usr/lib:/usr/lib/x86_64-linux-gnu/gazebo-11/plugins:/usr/lib/x86_64-linux-gnu/gazebo-11/plugins:/usr/lib/x86_64-linux-gnu/gazebo-11/plugins PYTHONPATH=/home/ros2/Documents/fa_ROS2_ws/install/nav2_msgs/local/lib/python3.10/dist-packages:/home/ros2/Documents/fa_ROS2_ws/install/dwb_msgs/local/lib/python3.10/dist-packages:/home/ros2/Documents/fa_ROS2_ws/install/nav_2d_msgs/local/lib/python3.10/dist-packages:/home/ros2/Documents/fa_ROS2_ws/install/nav2_common/local/lib/python3.10/dist-packages:${PYTHONPATH} /usr/bin/cmake --install /home/ros2/Documents/fa_ROS2_ws/build/dwb_critics
