[1.777s] Invoking command in '/home/ros2/Documents/fa_ROS2_ws/build/nav2_simple_commander': AMENT_PREFIX_PATH=/home/ros2/Documents/fa_ROS2_ws/install/nav2_msgs:/home/ros2/Documents/fa_ROS2_ws/install/nav2_common:${AMENT_PREFIX_PATH} CMAKE_PREFIX_PATH=/home/ros2/Documents/fa_ROS2_ws/install/nav2_msgs:/home/ros2/Documents/fa_ROS2_ws/install/nav2_common:${CMAKE_PREFIX_PATH} LD_LIBRARY_PATH=/home/ros2/Documents/fa_ROS2_ws/install/nav2_msgs/lib:/home/ros2/Documents/fa_ROS2_ws/install/car_gazebo_plugin/lib:/home/ros2/Documents/fa_ROS2_ws/install/smartcar_msgs/lib:/home/ros2/Documents/fa_ROS2_ws/install/ackermann_msgs/lib:/usr/lib/x86_64-linux-gnu/gazebo-11/plugins:/opt/ros/humble/opt/rviz_ogre_vendor/lib:/opt/ros/humble/lib/x86_64-linux-gnu:/opt/ros/humble/lib:/tmp/.mount_cursorflfrK2/usr/lib:/usr/lib/x86_64-linux-gnu/gazebo-11/plugins:/usr/lib/x86_64-linux-gnu/gazebo-11/plugins:/usr/lib/x86_64-linux-gnu/gazebo-11/plugins PYTHONPATH=/home/ros2/Documents/fa_ROS2_ws/build/nav2_simple_commander/prefix_override:/usr/lib/python3/dist-packages/colcon_core/task/python/colcon_distutils_commands:/home/ros2/Documents/fa_ROS2_ws/install/nav2_simple_commander/lib/python3.10/site-packages:/home/ros2/Documents/fa_ROS2_ws/install/nav2_msgs/local/lib/python3.10/dist-packages:/home/ros2/Documents/fa_ROS2_ws/install/nav2_common/local/lib/python3.10/dist-packages:${PYTHONPATH} /usr/bin/python3 -W ignore:setup.py install is deprecated setup.py develop --editable --build-directory /home/ros2/Documents/fa_ROS2_ws/build/nav2_simple_commander/build --no-deps symlink_data
[2.294s] running develop
[2.296s] /usr/lib/python3/dist-packages/setuptools/command/easy_install.py:158: EasyInstallDeprecationWarning: easy_install command is deprecated. Use build and pip and other standards-based tools.
[2.296s]   warnings.warn(
[2.606s] running egg_info
[2.607s] creating nav2_simple_commander.egg-info
[2.607s] writing nav2_simple_commander.egg-info/PKG-INFO
[2.607s] writing dependency_links to nav2_simple_commander.egg-info/dependency_links.txt
[2.607s] writing entry points to nav2_simple_commander.egg-info/entry_points.txt
[2.608s] writing requirements to nav2_simple_commander.egg-info/requires.txt
[2.608s] writing top-level names to nav2_simple_commander.egg-info/top_level.txt
[2.608s] writing manifest file 'nav2_simple_commander.egg-info/SOURCES.txt'
[2.613s] reading manifest file 'nav2_simple_commander.egg-info/SOURCES.txt'
[2.613s] writing manifest file 'nav2_simple_commander.egg-info/SOURCES.txt'
[2.616s] running build_ext
[2.616s] Creating /home/ros2/Documents/fa_ROS2_ws/install/nav2_simple_commander/lib/python3.10/site-packages/nav2-simple-commander.egg-link (link to .)
[2.618s] Installing demo_inspection script to /home/ros2/Documents/fa_ROS2_ws/install/nav2_simple_commander/lib/nav2_simple_commander
[2.619s] Installing demo_picking script to /home/ros2/Documents/fa_ROS2_ws/install/nav2_simple_commander/lib/nav2_simple_commander
[2.620s] Installing demo_recoveries script to /home/ros2/Documents/fa_ROS2_ws/install/nav2_simple_commander/lib/nav2_simple_commander
[2.620s] Installing demo_security script to /home/ros2/Documents/fa_ROS2_ws/install/nav2_simple_commander/lib/nav2_simple_commander
[2.621s] Installing example_assisted_teleop script to /home/ros2/Documents/fa_ROS2_ws/install/nav2_simple_commander/lib/nav2_simple_commander
[2.621s] Installing example_follow_path script to /home/ros2/Documents/fa_ROS2_ws/install/nav2_simple_commander/lib/nav2_simple_commander
[2.621s] Installing example_nav_through_poses script to /home/ros2/Documents/fa_ROS2_ws/install/nav2_simple_commander/lib/nav2_simple_commander
[2.621s] Installing example_nav_to_pose script to /home/ros2/Documents/fa_ROS2_ws/install/nav2_simple_commander/lib/nav2_simple_commander
[2.622s] Installing example_waypoint_follower script to /home/ros2/Documents/fa_ROS2_ws/install/nav2_simple_commander/lib/nav2_simple_commander
[2.622s] 
[2.622s] Installed /home/ros2/Documents/fa_ROS2_ws/build/nav2_simple_commander
[2.622s] running symlink_data
[2.622s] creating /home/ros2/Documents/fa_ROS2_ws/install/nav2_simple_commander/share/ament_index
[2.622s] creating /home/ros2/Documents/fa_ROS2_ws/install/nav2_simple_commander/share/ament_index/resource_index
[2.622s] creating /home/ros2/Documents/fa_ROS2_ws/install/nav2_simple_commander/share/ament_index/resource_index/packages
[2.623s] symbolically linking /home/ros2/Documents/fa_ROS2_ws/build/nav2_simple_commander/resource/nav2_simple_commander -> /home/ros2/Documents/fa_ROS2_ws/install/nav2_simple_commander/share/ament_index/resource_index/packages
[2.623s] symbolically linking /home/ros2/Documents/fa_ROS2_ws/build/nav2_simple_commander/package.xml -> /home/ros2/Documents/fa_ROS2_ws/install/nav2_simple_commander/share/nav2_simple_commander
[2.623s] symbolically linking /home/ros2/Documents/fa_ROS2_ws/build/nav2_simple_commander/launch/assisted_teleop_example_launch.py -> /home/ros2/Documents/fa_ROS2_ws/install/nav2_simple_commander/share/nav2_simple_commander
[2.623s] symbolically linking /home/ros2/Documents/fa_ROS2_ws/build/nav2_simple_commander/launch/nav_to_pose_example_launch.py -> /home/ros2/Documents/fa_ROS2_ws/install/nav2_simple_commander/share/nav2_simple_commander
[2.623s] symbolically linking /home/ros2/Documents/fa_ROS2_ws/build/nav2_simple_commander/launch/follow_path_example_launch.py -> /home/ros2/Documents/fa_ROS2_ws/install/nav2_simple_commander/share/nav2_simple_commander
[2.623s] symbolically linking /home/ros2/Documents/fa_ROS2_ws/build/nav2_simple_commander/launch/security_demo_launch.py -> /home/ros2/Documents/fa_ROS2_ws/install/nav2_simple_commander/share/nav2_simple_commander
[2.623s] symbolically linking /home/ros2/Documents/fa_ROS2_ws/build/nav2_simple_commander/launch/picking_demo_launch.py -> /home/ros2/Documents/fa_ROS2_ws/install/nav2_simple_commander/share/nav2_simple_commander
[2.623s] symbolically linking /home/ros2/Documents/fa_ROS2_ws/build/nav2_simple_commander/launch/nav_through_poses_example_launch.py -> /home/ros2/Documents/fa_ROS2_ws/install/nav2_simple_commander/share/nav2_simple_commander
[2.624s] symbolically linking /home/ros2/Documents/fa_ROS2_ws/build/nav2_simple_commander/launch/waypoint_follower_example_launch.py -> /home/ros2/Documents/fa_ROS2_ws/install/nav2_simple_commander/share/nav2_simple_commander
[2.624s] symbolically linking /home/ros2/Documents/fa_ROS2_ws/build/nav2_simple_commander/launch/recoveries_example_launch.py -> /home/ros2/Documents/fa_ROS2_ws/install/nav2_simple_commander/share/nav2_simple_commander
[2.624s] symbolically linking /home/ros2/Documents/fa_ROS2_ws/build/nav2_simple_commander/launch/warehouse.world -> /home/ros2/Documents/fa_ROS2_ws/install/nav2_simple_commander/share/nav2_simple_commander
[2.624s] symbolically linking /home/ros2/Documents/fa_ROS2_ws/build/nav2_simple_commander/launch/inspection_demo_launch.py -> /home/ros2/Documents/fa_ROS2_ws/install/nav2_simple_commander/share/nav2_simple_commander
[2.733s] Invoked command in '/home/ros2/Documents/fa_ROS2_ws/build/nav2_simple_commander' returned '0': AMENT_PREFIX_PATH=/home/ros2/Documents/fa_ROS2_ws/install/nav2_msgs:/home/ros2/Documents/fa_ROS2_ws/install/nav2_common:${AMENT_PREFIX_PATH} CMAKE_PREFIX_PATH=/home/ros2/Documents/fa_ROS2_ws/install/nav2_msgs:/home/ros2/Documents/fa_ROS2_ws/install/nav2_common:${CMAKE_PREFIX_PATH} LD_LIBRARY_PATH=/home/ros2/Documents/fa_ROS2_ws/install/nav2_msgs/lib:/home/ros2/Documents/fa_ROS2_ws/install/car_gazebo_plugin/lib:/home/ros2/Documents/fa_ROS2_ws/install/smartcar_msgs/lib:/home/ros2/Documents/fa_ROS2_ws/install/ackermann_msgs/lib:/usr/lib/x86_64-linux-gnu/gazebo-11/plugins:/opt/ros/humble/opt/rviz_ogre_vendor/lib:/opt/ros/humble/lib/x86_64-linux-gnu:/opt/ros/humble/lib:/tmp/.mount_cursorflfrK2/usr/lib:/usr/lib/x86_64-linux-gnu/gazebo-11/plugins:/usr/lib/x86_64-linux-gnu/gazebo-11/plugins:/usr/lib/x86_64-linux-gnu/gazebo-11/plugins PYTHONPATH=/home/ros2/Documents/fa_ROS2_ws/build/nav2_simple_commander/prefix_override:/usr/lib/python3/dist-packages/colcon_core/task/python/colcon_distutils_commands:/home/ros2/Documents/fa_ROS2_ws/install/nav2_simple_commander/lib/python3.10/site-packages:/home/ros2/Documents/fa_ROS2_ws/install/nav2_msgs/local/lib/python3.10/dist-packages:/home/ros2/Documents/fa_ROS2_ws/install/nav2_common/local/lib/python3.10/dist-packages:${PYTHONPATH} /usr/bin/python3 -W ignore:setup.py install is deprecated setup.py develop --editable --build-directory /home/ros2/Documents/fa_ROS2_ws/build/nav2_simple_commander/build --no-deps symlink_data
