[0.024s] Invoking command in '/home/ros2/Documents/fa_ROS2_ws/build/smart_car': AMENT_PREFIX_PATH=/home/ros2/Documents/fa_ROS2_ws/install/car_gazebo_plugin:/home/ros2/Documents/fa_ROS2_ws/install/smartcar_msgs:/home/ros2/Documents/fa_ROS2_ws/install/ackermann_msgs:${AMENT_PREFIX_PATH} CMAKE_PREFIX_PATH=/home/ros2/Documents/fa_ROS2_ws/install/car_gazebo_plugin:/home/ros2/Documents/fa_ROS2_ws/install/smartcar_msgs:/home/ros2/Documents/fa_ROS2_ws/install/ackermann_msgs:/opt/ros/humble LD_LIBRARY_PATH=/home/ros2/Documents/fa_ROS2_ws/install/car_gazebo_plugin/lib:/home/ros2/Documents/fa_ROS2_ws/install/smartcar_msgs/lib:/home/ros2/Documents/fa_ROS2_ws/install/ackermann_msgs/lib:/usr/lib/x86_64-linux-gnu/gazebo-11/plugins:/opt/ros/humble/opt/rviz_ogre_vendor/lib:/opt/ros/humble/lib/x86_64-linux-gnu:/opt/ros/humble/lib:/tmp/.mount_cursorflfrK2/usr/lib:/usr/lib/x86_64-linux-gnu/gazebo-11/plugins:/usr/lib/x86_64-linux-gnu/gazebo-11/plugins:/usr/lib/x86_64-linux-gnu/gazebo-11/plugins PYTHONPATH=/home/ros2/Documents/fa_ROS2_ws/install/smartcar_msgs/local/lib/python3.10/dist-packages:/home/ros2/Documents/fa_ROS2_ws/install/ackermann_msgs/local/lib/python3.10/dist-packages:${PYTHONPATH} /usr/bin/cmake /home/ros2/Documents/fa_ROS2_ws/src/smart_car -DCMAKE_INSTALL_PREFIX=/home/ros2/Documents/fa_ROS2_ws/install/smart_car
[0.125s] -- The C compiler identification is GNU 11.4.0
[0.230s] -- The CXX compiler identification is GNU 11.4.0
[0.251s] -- Detecting C compiler ABI info
[0.345s] -- Detecting C compiler ABI info - done
[0.356s] -- Check for working C compiler: /usr/lib/ccache/gcc - skipped
[0.356s] -- Detecting C compile features
[0.356s] -- Detecting C compile features - done
[0.361s] -- Detecting CXX compiler ABI info
[0.472s] -- Detecting CXX compiler ABI info - done
[0.482s] -- Check for working CXX compiler: /usr/lib/ccache/g++ - skipped
[0.482s] -- Detecting CXX compile features
[0.483s] -- Detecting CXX compile features - done
[0.487s] -- Found ament_cmake: 1.3.10 (/opt/ros/humble/share/ament_cmake/cmake)
[0.700s] -- Found Python3: /usr/bin/python3 (found version "3.10.12") found components: Interpreter 
[0.815s] -- Found gazebo_ros: 3.7.0 (/opt/ros/humble/share/gazebo_ros/cmake)
[0.896s] -- Found rosidl_generator_c: 3.1.5 (/opt/ros/humble/share/rosidl_generator_c/cmake)
[0.904s] -- Found rosidl_adapter: 3.1.5 (/opt/ros/humble/share/rosidl_adapter/cmake)
[0.914s] -- Found rosidl_generator_cpp: 3.1.5 (/opt/ros/humble/share/rosidl_generator_cpp/cmake)
[0.931s] -- Using all available rosidl_typesupport_c: rosidl_typesupport_fastrtps_c;rosidl_typesupport_introspection_c
[0.951s] -- Using all available rosidl_typesupport_cpp: rosidl_typesupport_fastrtps_cpp;rosidl_typesupport_introspection_cpp
[1.015s] -- Found rmw_implementation_cmake: 6.1.2 (/opt/ros/humble/share/rmw_implementation_cmake/cmake)
[1.019s] -- Found rmw_cyclonedds_cpp: 1.3.4 (/opt/ros/humble/share/rmw_cyclonedds_cpp/cmake)
[1.047s] -- Using RMW implementation 'rmw_cyclonedds_cpp' as default
[1.061s] -- Looking for pthread.h
[1.155s] -- Looking for pthread.h - found
[1.156s] -- Performing Test CMAKE_HAVE_LIBC_PTHREAD
[1.253s] -- Performing Test CMAKE_HAVE_LIBC_PTHREAD - Success
[1.254s] -- Found Threads: TRUE  
[1.350s] -- Found PkgConfig: /usr/bin/pkg-config (found version "0.29.2") 
[1.352s] -- Checking for module 'bullet>=2.82'
[1.373s] --   Found bullet, version 3.05
[1.550s] -- Found fcl: /usr/include (found suitable version "0.7.0", minimum required is "0.5.0") 
[1.637s] -- Found assimp: /usr/include (found version "5.2.0") 
[1.666s] -- Found DART: /usr/include (Required is at least version "6.6") found components: dart 
[1.708s] -- Found Boost: /usr/lib/x86_64-linux-gnu/cmake/Boost-1.74.0/BoostConfig.cmake (found suitable version "1.74.0", minimum required is "1.40.0") found components: thread system filesystem program_options regex iostreams date_time 
[1.729s] -- Found Protobuf: /usr/lib/x86_64-linux-gnu/libprotobuf.so (found version "3.12.4") 
[1.740s] -- Looking for ignition-math6 -- found version 6.15.1
[1.750s] -- Searching for dependencies of ignition-math6
[1.751s] -- Looking for OGRE...
[1.752s] -- OGRE_PREFIX_WATCH changed.
[1.759s] -- Checking for module 'OGRE'
[1.789s] --   Found OGRE, version 1.9.0
[1.844s] -- Found Ogre Ghadamon (1.9.0)
[1.859s] -- Found OGRE: optimized;/usr/lib/x86_64-linux-gnu/libOgreMain.so;debug;/usr/lib/x86_64-linux-gnu/libOgreMain.so
[1.872s] -- Looking for OGRE_Paging...
[1.888s] -- Found OGRE_Paging: optimized;/usr/lib/x86_64-linux-gnu/libOgrePaging.so;debug;/usr/lib/x86_64-linux-gnu/libOgrePaging.so
[1.888s] -- Looking for OGRE_Terrain...
[1.898s] -- Found OGRE_Terrain: optimized;/usr/lib/x86_64-linux-gnu/libOgreTerrain.so;debug;/usr/lib/x86_64-linux-gnu/libOgreTerrain.so
[1.898s] -- Looking for OGRE_Property...
[1.908s] -- Found OGRE_Property: optimized;/usr/lib/x86_64-linux-gnu/libOgreProperty.so;debug;/usr/lib/x86_64-linux-gnu/libOgreProperty.so
[1.908s] -- Looking for OGRE_RTShaderSystem...
[1.920s] -- Found OGRE_RTShaderSystem: optimized;/usr/lib/x86_64-linux-gnu/libOgreRTShaderSystem.so;debug;/usr/lib/x86_64-linux-gnu/libOgreRTShaderSystem.so
[1.920s] -- Looking for OGRE_Volume...
[1.927s] -- Found OGRE_Volume: optimized;/usr/lib/x86_64-linux-gnu/libOgreVolume.so;debug;/usr/lib/x86_64-linux-gnu/libOgreVolume.so
[1.928s] -- Looking for OGRE_Overlay...
[1.936s] -- Found OGRE_Overlay: optimized;/usr/lib/x86_64-linux-gnu/libOgreOverlay.so;debug;/usr/lib/x86_64-linux-gnu/libOgreOverlay.so
[2.164s] -- Looking for ignition-math6 -- found version 6.15.1
[2.170s] -- Looking for ignition-transport8 -- found version 8.2.1
[2.170s] -- Searching for dependencies of ignition-transport8
[2.194s] -- Found Protobuf: /usr/lib/x86_64-linux-gnu/libprotobuf.so (found suitable version "3.12.4", minimum required is "3") 
[2.207s] -- Config-file not installed for ZeroMQ -- checking for pkg-config
[2.216s] -- Checking for module 'libzmq >= 4'
[2.238s] --   Found libzmq , version 4.3.4
[2.299s] -- Found ZeroMQ: TRUE (Required is at least version "4") 
[2.307s] -- Checking for module 'uuid'
[2.329s] --   Found uuid, version 2.37.2
[2.383s] -- Found UUID: TRUE  
[2.388s] -- Looking for ignition-msgs5 -- found version 5.8.1
[2.388s] -- Searching for dependencies of ignition-msgs5
[2.417s] -- Looking for ignition-math6 -- found version 6.15.1
[2.424s] -- Checking for module 'tinyxml2'
[2.445s] --   Found tinyxml2, version 9.0.0
[2.503s] -- Looking for ignition-msgs5 -- found version 5.8.1
[2.508s] -- Looking for ignition-common3 -- found version 3.14.0
[2.509s] -- Searching for dependencies of ignition-common3
[2.509s] -- Looking for dlfcn.h - found
[2.513s] -- Looking for libdl - found
[2.516s] -- Found DL: TRUE  
[2.534s] -- Found tinyobjloader: /usr/lib/x86_64-linux-gnu/cmake/tinyobjloader/tinyobjloader-config.cmake (found version "2.0.0") 
[2.535s] -- Searching for <ignition-common3> component [graphics]
[2.540s] -- Looking for ignition-common3-graphics -- found version 3.14.0
[2.541s] -- Searching for dependencies of ignition-common3-graphics
[2.541s] -- Looking for ignition-math6 -- found version 6.15.1
[2.547s] -- Looking for ignition-fuel_tools4 -- found version 4.4.0
[2.547s] -- Searching for dependencies of ignition-fuel_tools4
[2.678s] -- Found CURL: /usr/lib/x86_64-linux-gnu/libcurl.so (found version "7.81.0")  
[2.696s] -- Checking for module 'jsoncpp'
[2.721s] --   Found jsoncpp, version 1.9.5
[2.776s] -- Found JSONCPP: TRUE  
[2.786s] -- Checking for module 'libzip'
[2.806s] --   Found libzip, version 1.7.3
[2.860s] -- Found ZIP: TRUE  
[2.860s] -- Looking for ignition-common3 -- found version 3.14.0
[2.861s] -- Looking for ignition-math6 -- found version 6.15.1
[2.862s] -- Looking for ignition-msgs5 -- found version 5.8.1
[2.869s] -- Gazebo version: 11.10
[2.869s] -- Checking for module 'tbb'
[2.894s] --   Found tbb, version 2021.5.0
[2.950s] -- Found car_gazebo_plugin: 0.1.0 (/home/ros2/Documents/fa_ROS2_ws/install/car_gazebo_plugin/share/car_gazebo_plugin/cmake)
[3.023s] -- Found ament_lint_auto: 0.12.11 (/opt/ros/humble/share/ament_lint_auto/cmake)
[3.133s] -- Added test 'flake8' to check Python code syntax and style conventions
[3.134s] -- Added test 'lint_cmake' to check CMake code style
[3.135s] -- Added test 'pep257' to check Python code against some of the docstring style conventions in PEP 257
[3.138s] -- Added test 'xmllint' to check XML markup files
[3.140s] -- Configuring done
[3.148s] -- Generating done
[3.152s] -- Build files have been written to: /home/ros2/Documents/fa_ROS2_ws/build/smart_car
[3.172s] Invoked command in '/home/ros2/Documents/fa_ROS2_ws/build/smart_car' returned '0': AMENT_PREFIX_PATH=/home/ros2/Documents/fa_ROS2_ws/install/car_gazebo_plugin:/home/ros2/Documents/fa_ROS2_ws/install/smartcar_msgs:/home/ros2/Documents/fa_ROS2_ws/install/ackermann_msgs:${AMENT_PREFIX_PATH} CMAKE_PREFIX_PATH=/home/ros2/Documents/fa_ROS2_ws/install/car_gazebo_plugin:/home/ros2/Documents/fa_ROS2_ws/install/smartcar_msgs:/home/ros2/Documents/fa_ROS2_ws/install/ackermann_msgs:/opt/ros/humble LD_LIBRARY_PATH=/home/ros2/Documents/fa_ROS2_ws/install/car_gazebo_plugin/lib:/home/ros2/Documents/fa_ROS2_ws/install/smartcar_msgs/lib:/home/ros2/Documents/fa_ROS2_ws/install/ackermann_msgs/lib:/usr/lib/x86_64-linux-gnu/gazebo-11/plugins:/opt/ros/humble/opt/rviz_ogre_vendor/lib:/opt/ros/humble/lib/x86_64-linux-gnu:/opt/ros/humble/lib:/tmp/.mount_cursorflfrK2/usr/lib:/usr/lib/x86_64-linux-gnu/gazebo-11/plugins:/usr/lib/x86_64-linux-gnu/gazebo-11/plugins:/usr/lib/x86_64-linux-gnu/gazebo-11/plugins PYTHONPATH=/home/ros2/Documents/fa_ROS2_ws/install/smartcar_msgs/local/lib/python3.10/dist-packages:/home/ros2/Documents/fa_ROS2_ws/install/ackermann_msgs/local/lib/python3.10/dist-packages:${PYTHONPATH} /usr/bin/cmake /home/ros2/Documents/fa_ROS2_ws/src/smart_car -DCMAKE_INSTALL_PREFIX=/home/ros2/Documents/fa_ROS2_ws/install/smart_car
[3.175s] Invoking command in '/home/ros2/Documents/fa_ROS2_ws/build/smart_car': AMENT_PREFIX_PATH=/home/ros2/Documents/fa_ROS2_ws/install/car_gazebo_plugin:/home/ros2/Documents/fa_ROS2_ws/install/smartcar_msgs:/home/ros2/Documents/fa_ROS2_ws/install/ackermann_msgs:${AMENT_PREFIX_PATH} CMAKE_PREFIX_PATH=/home/ros2/Documents/fa_ROS2_ws/install/car_gazebo_plugin:/home/ros2/Documents/fa_ROS2_ws/install/smartcar_msgs:/home/ros2/Documents/fa_ROS2_ws/install/ackermann_msgs:/opt/ros/humble LD_LIBRARY_PATH=/home/ros2/Documents/fa_ROS2_ws/install/car_gazebo_plugin/lib:/home/ros2/Documents/fa_ROS2_ws/install/smartcar_msgs/lib:/home/ros2/Documents/fa_ROS2_ws/install/ackermann_msgs/lib:/usr/lib/x86_64-linux-gnu/gazebo-11/plugins:/opt/ros/humble/opt/rviz_ogre_vendor/lib:/opt/ros/humble/lib/x86_64-linux-gnu:/opt/ros/humble/lib:/tmp/.mount_cursorflfrK2/usr/lib:/usr/lib/x86_64-linux-gnu/gazebo-11/plugins:/usr/lib/x86_64-linux-gnu/gazebo-11/plugins:/usr/lib/x86_64-linux-gnu/gazebo-11/plugins PYTHONPATH=/home/ros2/Documents/fa_ROS2_ws/install/smartcar_msgs/local/lib/python3.10/dist-packages:/home/ros2/Documents/fa_ROS2_ws/install/ackermann_msgs/local/lib/python3.10/dist-packages:${PYTHONPATH} /usr/bin/cmake --build /home/ros2/Documents/fa_ROS2_ws/build/smart_car -- -j8 -l8
[3.248s] Invoked command in '/home/ros2/Documents/fa_ROS2_ws/build/smart_car' returned '0': AMENT_PREFIX_PATH=/home/ros2/Documents/fa_ROS2_ws/install/car_gazebo_plugin:/home/ros2/Documents/fa_ROS2_ws/install/smartcar_msgs:/home/ros2/Documents/fa_ROS2_ws/install/ackermann_msgs:${AMENT_PREFIX_PATH} CMAKE_PREFIX_PATH=/home/ros2/Documents/fa_ROS2_ws/install/car_gazebo_plugin:/home/ros2/Documents/fa_ROS2_ws/install/smartcar_msgs:/home/ros2/Documents/fa_ROS2_ws/install/ackermann_msgs:/opt/ros/humble LD_LIBRARY_PATH=/home/ros2/Documents/fa_ROS2_ws/install/car_gazebo_plugin/lib:/home/ros2/Documents/fa_ROS2_ws/install/smartcar_msgs/lib:/home/ros2/Documents/fa_ROS2_ws/install/ackermann_msgs/lib:/usr/lib/x86_64-linux-gnu/gazebo-11/plugins:/opt/ros/humble/opt/rviz_ogre_vendor/lib:/opt/ros/humble/lib/x86_64-linux-gnu:/opt/ros/humble/lib:/tmp/.mount_cursorflfrK2/usr/lib:/usr/lib/x86_64-linux-gnu/gazebo-11/plugins:/usr/lib/x86_64-linux-gnu/gazebo-11/plugins:/usr/lib/x86_64-linux-gnu/gazebo-11/plugins PYTHONPATH=/home/ros2/Documents/fa_ROS2_ws/install/smartcar_msgs/local/lib/python3.10/dist-packages:/home/ros2/Documents/fa_ROS2_ws/install/ackermann_msgs/local/lib/python3.10/dist-packages:${PYTHONPATH} /usr/bin/cmake --build /home/ros2/Documents/fa_ROS2_ws/build/smart_car -- -j8 -l8
[3.290s] Invoking command in '/home/ros2/Documents/fa_ROS2_ws/build/smart_car': AMENT_PREFIX_PATH=/home/ros2/Documents/fa_ROS2_ws/install/car_gazebo_plugin:/home/ros2/Documents/fa_ROS2_ws/install/smartcar_msgs:/home/ros2/Documents/fa_ROS2_ws/install/ackermann_msgs:${AMENT_PREFIX_PATH} CMAKE_PREFIX_PATH=/home/ros2/Documents/fa_ROS2_ws/install/car_gazebo_plugin:/home/ros2/Documents/fa_ROS2_ws/install/smartcar_msgs:/home/ros2/Documents/fa_ROS2_ws/install/ackermann_msgs:/opt/ros/humble LD_LIBRARY_PATH=/home/ros2/Documents/fa_ROS2_ws/install/car_gazebo_plugin/lib:/home/ros2/Documents/fa_ROS2_ws/install/smartcar_msgs/lib:/home/ros2/Documents/fa_ROS2_ws/install/ackermann_msgs/lib:/usr/lib/x86_64-linux-gnu/gazebo-11/plugins:/opt/ros/humble/opt/rviz_ogre_vendor/lib:/opt/ros/humble/lib/x86_64-linux-gnu:/opt/ros/humble/lib:/tmp/.mount_cursorflfrK2/usr/lib:/usr/lib/x86_64-linux-gnu/gazebo-11/plugins:/usr/lib/x86_64-linux-gnu/gazebo-11/plugins:/usr/lib/x86_64-linux-gnu/gazebo-11/plugins PYTHONPATH=/home/ros2/Documents/fa_ROS2_ws/install/smartcar_msgs/local/lib/python3.10/dist-packages:/home/ros2/Documents/fa_ROS2_ws/install/ackermann_msgs/local/lib/python3.10/dist-packages:${PYTHONPATH} /usr/bin/cmake --install /home/ros2/Documents/fa_ROS2_ws/build/smart_car
[3.303s] -- Install configuration: ""
[3.303s] -- Installing: /home/ros2/Documents/fa_ROS2_ws/install/smart_car/share/smart_car//launch
[3.303s] -- Installing: /home/ros2/Documents/fa_ROS2_ws/install/smart_car/share/smart_car//launch/gazebo.launch.py
[3.303s] -- Installing: /home/ros2/Documents/fa_ROS2_ws/install/smart_car/share/smart_car//launch/localization.launch.py
[3.304s] -- Installing: /home/ros2/Documents/fa_ROS2_ws/install/smart_car/share/smart_car//launch/nav2.launch.py
[3.304s] -- Installing: /home/ros2/Documents/fa_ROS2_ws/install/smart_car/share/smart_car//launch/display.launch.py
[3.304s] -- Installing: /home/ros2/Documents/fa_ROS2_ws/install/smart_car/share/smart_car//config
[3.304s] -- Installing: /home/ros2/Documents/fa_ROS2_ws/install/smart_car/share/smart_car//config/ekf.yaml
[3.304s] -- Installing: /home/ros2/Documents/fa_ROS2_ws/install/smart_car/share/smart_car//config/nav2_parameters.yaml
[3.304s] -- Installing: /home/ros2/Documents/fa_ROS2_ws/install/smart_car/share/smart_car//map
[3.304s] -- Installing: /home/ros2/Documents/fa_ROS2_ws/install/smart_car/share/smart_car//map/smalltown_world.yaml
[3.304s] -- Installing: /home/ros2/Documents/fa_ROS2_ws/install/smart_car/share/smart_car//map/smalltown_world.pgm
[3.314s] -- Installing: /home/ros2/Documents/fa_ROS2_ws/install/smart_car/share/smart_car//urdf
[3.315s] -- Installing: /home/ros2/Documents/fa_ROS2_ws/install/smart_car/share/smart_car//urdf/smartcar.urdf.xacro
[3.315s] -- Installing: /home/ros2/Documents/fa_ROS2_ws/install/smart_car/share/smart_car//urdf/smartcar.urdf
[3.315s] -- Installing: /home/ros2/Documents/fa_ROS2_ws/install/smart_car/share/smart_car//rviz
[3.316s] -- Installing: /home/ros2/Documents/fa_ROS2_ws/install/smart_car/share/smart_car//rviz/config.rviz
[3.316s] -- Installing: /home/ros2/Documents/fa_ROS2_ws/install/smart_car/share/smart_car//world
[3.316s] -- Installing: /home/ros2/Documents/fa_ROS2_ws/install/smart_car/share/smart_car//world/smalltown.world
[3.316s] -- Installing: /home/ros2/Documents/fa_ROS2_ws/install/smart_car/share/smart_car//world/smalltown_world.yaml
[3.316s] -- Installing: /home/ros2/Documents/fa_ROS2_ws/install/smart_car/share/smart_car//world/smalltown_world.pgm
[3.331s] -- Installing: /home/ros2/Documents/fa_ROS2_ws/install/smart_car/lib/smart_car/wheel_odometry.py
[3.332s] -- Installing: /home/ros2/Documents/fa_ROS2_ws/install/smart_car/lib/smart_car/joint_state_publisher.py
[3.332s] -- Installing: /home/ros2/Documents/fa_ROS2_ws/install/smart_car/share/ament_index/resource_index/package_run_dependencies/smart_car
[3.332s] -- Installing: /home/ros2/Documents/fa_ROS2_ws/install/smart_car/share/ament_index/resource_index/parent_prefix_path/smart_car
[3.332s] -- Installing: /home/ros2/Documents/fa_ROS2_ws/install/smart_car/share/smart_car/environment/ament_prefix_path.sh
[3.333s] -- Installing: /home/ros2/Documents/fa_ROS2_ws/install/smart_car/share/smart_car/environment/ament_prefix_path.dsv
[3.333s] -- Installing: /home/ros2/Documents/fa_ROS2_ws/install/smart_car/share/smart_car/environment/path.sh
[3.333s] -- Installing: /home/ros2/Documents/fa_ROS2_ws/install/smart_car/share/smart_car/environment/path.dsv
[3.333s] -- Installing: /home/ros2/Documents/fa_ROS2_ws/install/smart_car/share/smart_car/local_setup.bash
[3.333s] -- Installing: /home/ros2/Documents/fa_ROS2_ws/install/smart_car/share/smart_car/local_setup.sh
[3.334s] -- Installing: /home/ros2/Documents/fa_ROS2_ws/install/smart_car/share/smart_car/local_setup.zsh
[3.334s] -- Installing: /home/ros2/Documents/fa_ROS2_ws/install/smart_car/share/smart_car/local_setup.dsv
[3.334s] -- Installing: /home/ros2/Documents/fa_ROS2_ws/install/smart_car/share/smart_car/package.dsv
[3.336s] -- Installing: /home/ros2/Documents/fa_ROS2_ws/install/smart_car/share/ament_index/resource_index/packages/smart_car
[3.336s] -- Installing: /home/ros2/Documents/fa_ROS2_ws/install/smart_car/share/smart_car/cmake/smart_carConfig.cmake
[3.336s] -- Installing: /home/ros2/Documents/fa_ROS2_ws/install/smart_car/share/smart_car/cmake/smart_carConfig-version.cmake
[3.336s] -- Installing: /home/ros2/Documents/fa_ROS2_ws/install/smart_car/share/smart_car/package.xml
[3.340s] Invoked command in '/home/ros2/Documents/fa_ROS2_ws/build/smart_car' returned '0': AMENT_PREFIX_PATH=/home/ros2/Documents/fa_ROS2_ws/install/car_gazebo_plugin:/home/ros2/Documents/fa_ROS2_ws/install/smartcar_msgs:/home/ros2/Documents/fa_ROS2_ws/install/ackermann_msgs:${AMENT_PREFIX_PATH} CMAKE_PREFIX_PATH=/home/ros2/Documents/fa_ROS2_ws/install/car_gazebo_plugin:/home/ros2/Documents/fa_ROS2_ws/install/smartcar_msgs:/home/ros2/Documents/fa_ROS2_ws/install/ackermann_msgs:/opt/ros/humble LD_LIBRARY_PATH=/home/ros2/Documents/fa_ROS2_ws/install/car_gazebo_plugin/lib:/home/ros2/Documents/fa_ROS2_ws/install/smartcar_msgs/lib:/home/ros2/Documents/fa_ROS2_ws/install/ackermann_msgs/lib:/usr/lib/x86_64-linux-gnu/gazebo-11/plugins:/opt/ros/humble/opt/rviz_ogre_vendor/lib:/opt/ros/humble/lib/x86_64-linux-gnu:/opt/ros/humble/lib:/tmp/.mount_cursorflfrK2/usr/lib:/usr/lib/x86_64-linux-gnu/gazebo-11/plugins:/usr/lib/x86_64-linux-gnu/gazebo-11/plugins:/usr/lib/x86_64-linux-gnu/gazebo-11/plugins PYTHONPATH=/home/ros2/Documents/fa_ROS2_ws/install/smartcar_msgs/local/lib/python3.10/dist-packages:/home/ros2/Documents/fa_ROS2_ws/install/ackermann_msgs/local/lib/python3.10/dist-packages:${PYTHONPATH} /usr/bin/cmake --install /home/ros2/Documents/fa_ROS2_ws/build/smart_car
