[0.018s] Invoking command in '/home/ros2/Documents/fa_ROS2_ws/build/ackermann_msgs': CMAKE_PREFIX_PATH=${CMAKE_PREFIX_PATH}:/opt/ros/humble /usr/bin/cmake --build /home/ros2/Documents/fa_ROS2_ws/build/ackermann_msgs -- -j8 -l8
[0.141s] [  2%] Built target ackermann_msgs__cpp
[0.143s] [ 12%] Built target ackermann_msgs__rosidl_generator_c
[0.189s] [ 12%] Built target ament_cmake_python_copy_ackermann_msgs
[0.329s] [ 23%] Built target ackermann_msgs__rosidl_typesupport_fastrtps_c
[0.336s] [ 33%] Built target ackermann_msgs__rosidl_typesupport_c
[0.344s] [ 43%] Built target ackermann_msgs__rosidl_typesupport_introspection_c
[0.392s] [ 53%] Built target ackermann_msgs__rosidl_typesupport_cpp
[0.400s] [ 64%] Built target ackermann_msgs__rosidl_typesupport_introspection_cpp
[0.432s] [ 74%] Built target ackermann_msgs__rosidl_typesupport_fastrtps_cpp
[0.498s] [ 74%] Built target ackermann_msgs
[0.536s] [ 76%] Built target ackermann_msgs__py
[0.591s] [ 84%] Built target ackermann_msgs__rosidl_generator_py
[0.686s] [ 89%] Built target ackermann_msgs__rosidl_typesupport_fastrtps_c__pyext
[0.699s] [ 94%] Built target ackermann_msgs__rosidl_typesupport_c__pyext
[0.710s] [100%] Built target ackermann_msgs__rosidl_typesupport_introspection_c__pyext
[0.772s] running egg_info
[0.773s] writing ackermann_msgs.egg-info/PKG-INFO
[0.773s] writing dependency_links to ackermann_msgs.egg-info/dependency_links.txt
[0.773s] writing top-level names to ackermann_msgs.egg-info/top_level.txt
[0.776s] reading manifest file 'ackermann_msgs.egg-info/SOURCES.txt'
[0.777s] writing manifest file 'ackermann_msgs.egg-info/SOURCES.txt'
[0.822s] [100%] Built target ament_cmake_python_build_ackermann_msgs_egg
[0.845s] Invoked command in '/home/ros2/Documents/fa_ROS2_ws/build/ackermann_msgs' returned '0': CMAKE_PREFIX_PATH=${CMAKE_PREFIX_PATH}:/opt/ros/humble /usr/bin/cmake --build /home/ros2/Documents/fa_ROS2_ws/build/ackermann_msgs -- -j8 -l8
[1.029s] Invoking command in '/home/ros2/Documents/fa_ROS2_ws/build/ackermann_msgs': CMAKE_PREFIX_PATH=${CMAKE_PREFIX_PATH}:/opt/ros/humble /usr/bin/cmake --install /home/ros2/Documents/fa_ROS2_ws/build/ackermann_msgs
[1.043s] -- Install configuration: ""
[1.043s] -- Up-to-date: /home/ros2/Documents/fa_ROS2_ws/install/ackermann_msgs/share/ament_index/resource_index/rosidl_interfaces/ackermann_msgs
[1.043s] -- Up-to-date: /home/ros2/Documents/fa_ROS2_ws/install/ackermann_msgs/include/ackermann_msgs/ackermann_msgs
[1.043s] -- Up-to-date: /home/ros2/Documents/fa_ROS2_ws/install/ackermann_msgs/include/ackermann_msgs/ackermann_msgs/msg
[1.044s] -- Up-to-date: /home/ros2/Documents/fa_ROS2_ws/install/ackermann_msgs/include/ackermann_msgs/ackermann_msgs/msg/rosidl_generator_c__visibility_control.h
[1.044s] -- Up-to-date: /home/ros2/Documents/fa_ROS2_ws/install/ackermann_msgs/include/ackermann_msgs/ackermann_msgs/msg/ackermann_drive.h
[1.044s] -- Up-to-date: /home/ros2/Documents/fa_ROS2_ws/install/ackermann_msgs/include/ackermann_msgs/ackermann_msgs/msg/ackermann_drive_stamped.h
[1.044s] -- Up-to-date: /home/ros2/Documents/fa_ROS2_ws/install/ackermann_msgs/include/ackermann_msgs/ackermann_msgs/msg/detail
[1.044s] -- Up-to-date: /home/ros2/Documents/fa_ROS2_ws/install/ackermann_msgs/include/ackermann_msgs/ackermann_msgs/msg/detail/ackermann_drive_stamped__functions.h
[1.044s] -- Up-to-date: /home/ros2/Documents/fa_ROS2_ws/install/ackermann_msgs/include/ackermann_msgs/ackermann_msgs/msg/detail/ackermann_drive_stamped__functions.c
[1.044s] -- Up-to-date: /home/ros2/Documents/fa_ROS2_ws/install/ackermann_msgs/include/ackermann_msgs/ackermann_msgs/msg/detail/ackermann_drive__struct.h
[1.044s] -- Up-to-date: /home/ros2/Documents/fa_ROS2_ws/install/ackermann_msgs/include/ackermann_msgs/ackermann_msgs/msg/detail/ackermann_drive__functions.c
[1.045s] -- Up-to-date: /home/ros2/Documents/fa_ROS2_ws/install/ackermann_msgs/include/ackermann_msgs/ackermann_msgs/msg/detail/ackermann_drive_stamped__type_support.h
[1.045s] -- Up-to-date: /home/ros2/Documents/fa_ROS2_ws/install/ackermann_msgs/include/ackermann_msgs/ackermann_msgs/msg/detail/ackermann_drive__functions.h
[1.045s] -- Up-to-date: /home/ros2/Documents/fa_ROS2_ws/install/ackermann_msgs/include/ackermann_msgs/ackermann_msgs/msg/detail/ackermann_drive__type_support.h
[1.045s] -- Up-to-date: /home/ros2/Documents/fa_ROS2_ws/install/ackermann_msgs/include/ackermann_msgs/ackermann_msgs/msg/detail/ackermann_drive_stamped__struct.h
[1.045s] -- Up-to-date: /home/ros2/Documents/fa_ROS2_ws/install/ackermann_msgs/share/ackermann_msgs/environment/library_path.sh
[1.045s] -- Up-to-date: /home/ros2/Documents/fa_ROS2_ws/install/ackermann_msgs/share/ackermann_msgs/environment/library_path.dsv
[1.045s] -- Up-to-date: /home/ros2/Documents/fa_ROS2_ws/install/ackermann_msgs/lib/libackermann_msgs__rosidl_generator_c.so
[1.046s] -- Up-to-date: /home/ros2/Documents/fa_ROS2_ws/install/ackermann_msgs/include/ackermann_msgs/ackermann_msgs
[1.046s] -- Up-to-date: /home/ros2/Documents/fa_ROS2_ws/install/ackermann_msgs/include/ackermann_msgs/ackermann_msgs/msg
[1.046s] -- Up-to-date: /home/ros2/Documents/fa_ROS2_ws/install/ackermann_msgs/include/ackermann_msgs/ackermann_msgs/msg/rosidl_typesupport_fastrtps_c__visibility_control.h
[1.046s] -- Up-to-date: /home/ros2/Documents/fa_ROS2_ws/install/ackermann_msgs/include/ackermann_msgs/ackermann_msgs/msg/detail
[1.046s] -- Up-to-date: /home/ros2/Documents/fa_ROS2_ws/install/ackermann_msgs/include/ackermann_msgs/ackermann_msgs/msg/detail/ackermann_drive__rosidl_typesupport_fastrtps_c.h
[1.047s] -- Up-to-date: /home/ros2/Documents/fa_ROS2_ws/install/ackermann_msgs/include/ackermann_msgs/ackermann_msgs/msg/detail/ackermann_drive_stamped__rosidl_typesupport_fastrtps_c.h
[1.047s] -- Up-to-date: /home/ros2/Documents/fa_ROS2_ws/install/ackermann_msgs/lib/libackermann_msgs__rosidl_typesupport_fastrtps_c.so
[1.047s] -- Up-to-date: /home/ros2/Documents/fa_ROS2_ws/install/ackermann_msgs/include/ackermann_msgs/ackermann_msgs
[1.047s] -- Up-to-date: /home/ros2/Documents/fa_ROS2_ws/install/ackermann_msgs/include/ackermann_msgs/ackermann_msgs/msg
[1.047s] -- Up-to-date: /home/ros2/Documents/fa_ROS2_ws/install/ackermann_msgs/include/ackermann_msgs/ackermann_msgs/msg/detail
[1.047s] -- Up-to-date: /home/ros2/Documents/fa_ROS2_ws/install/ackermann_msgs/include/ackermann_msgs/ackermann_msgs/msg/detail/ackermann_drive_stamped__rosidl_typesupport_introspection_c.h
[1.047s] -- Up-to-date: /home/ros2/Documents/fa_ROS2_ws/install/ackermann_msgs/include/ackermann_msgs/ackermann_msgs/msg/detail/ackermann_drive__rosidl_typesupport_introspection_c.h
[1.048s] -- Up-to-date: /home/ros2/Documents/fa_ROS2_ws/install/ackermann_msgs/include/ackermann_msgs/ackermann_msgs/msg/detail/ackermann_drive__type_support.c
[1.048s] -- Up-to-date: /home/ros2/Documents/fa_ROS2_ws/install/ackermann_msgs/include/ackermann_msgs/ackermann_msgs/msg/detail/ackermann_drive_stamped__type_support.c
[1.048s] -- Up-to-date: /home/ros2/Documents/fa_ROS2_ws/install/ackermann_msgs/include/ackermann_msgs/ackermann_msgs/msg/rosidl_typesupport_introspection_c__visibility_control.h
[1.048s] -- Up-to-date: /home/ros2/Documents/fa_ROS2_ws/install/ackermann_msgs/lib/libackermann_msgs__rosidl_typesupport_introspection_c.so
[1.048s] -- Up-to-date: /home/ros2/Documents/fa_ROS2_ws/install/ackermann_msgs/lib/libackermann_msgs__rosidl_typesupport_c.so
[1.048s] -- Up-to-date: /home/ros2/Documents/fa_ROS2_ws/install/ackermann_msgs/include/ackermann_msgs/ackermann_msgs
[1.048s] -- Up-to-date: /home/ros2/Documents/fa_ROS2_ws/install/ackermann_msgs/include/ackermann_msgs/ackermann_msgs/msg
[1.049s] -- Up-to-date: /home/ros2/Documents/fa_ROS2_ws/install/ackermann_msgs/include/ackermann_msgs/ackermann_msgs/msg/ackermann_drive_stamped.hpp
[1.049s] -- Up-to-date: /home/ros2/Documents/fa_ROS2_ws/install/ackermann_msgs/include/ackermann_msgs/ackermann_msgs/msg/ackermann_drive.hpp
[1.049s] -- Up-to-date: /home/ros2/Documents/fa_ROS2_ws/install/ackermann_msgs/include/ackermann_msgs/ackermann_msgs/msg/detail
[1.049s] -- Up-to-date: /home/ros2/Documents/fa_ROS2_ws/install/ackermann_msgs/include/ackermann_msgs/ackermann_msgs/msg/detail/ackermann_drive__builder.hpp
[1.049s] -- Up-to-date: /home/ros2/Documents/fa_ROS2_ws/install/ackermann_msgs/include/ackermann_msgs/ackermann_msgs/msg/detail/ackermann_drive__struct.hpp
[1.049s] -- Up-to-date: /home/ros2/Documents/fa_ROS2_ws/install/ackermann_msgs/include/ackermann_msgs/ackermann_msgs/msg/detail/ackermann_drive_stamped__struct.hpp
[1.050s] -- Up-to-date: /home/ros2/Documents/fa_ROS2_ws/install/ackermann_msgs/include/ackermann_msgs/ackermann_msgs/msg/detail/ackermann_drive__traits.hpp
[1.050s] -- Up-to-date: /home/ros2/Documents/fa_ROS2_ws/install/ackermann_msgs/include/ackermann_msgs/ackermann_msgs/msg/detail/ackermann_drive_stamped__builder.hpp
[1.050s] -- Up-to-date: /home/ros2/Documents/fa_ROS2_ws/install/ackermann_msgs/include/ackermann_msgs/ackermann_msgs/msg/detail/ackermann_drive_stamped__traits.hpp
[1.050s] -- Up-to-date: /home/ros2/Documents/fa_ROS2_ws/install/ackermann_msgs/include/ackermann_msgs/ackermann_msgs
[1.050s] -- Up-to-date: /home/ros2/Documents/fa_ROS2_ws/install/ackermann_msgs/include/ackermann_msgs/ackermann_msgs/msg
[1.050s] -- Up-to-date: /home/ros2/Documents/fa_ROS2_ws/install/ackermann_msgs/include/ackermann_msgs/ackermann_msgs/msg/rosidl_typesupport_fastrtps_cpp__visibility_control.h
[1.050s] -- Up-to-date: /home/ros2/Documents/fa_ROS2_ws/install/ackermann_msgs/include/ackermann_msgs/ackermann_msgs/msg/detail
[1.050s] -- Up-to-date: /home/ros2/Documents/fa_ROS2_ws/install/ackermann_msgs/include/ackermann_msgs/ackermann_msgs/msg/detail/ackermann_drive__rosidl_typesupport_fastrtps_cpp.hpp
[1.051s] -- Up-to-date: /home/ros2/Documents/fa_ROS2_ws/install/ackermann_msgs/include/ackermann_msgs/ackermann_msgs/msg/detail/ackermann_drive_stamped__rosidl_typesupport_fastrtps_cpp.hpp
[1.051s] -- Up-to-date: /home/ros2/Documents/fa_ROS2_ws/install/ackermann_msgs/include/ackermann_msgs/ackermann_msgs/msg/detail/dds_fastrtps
[1.051s] -- Up-to-date: /home/ros2/Documents/fa_ROS2_ws/install/ackermann_msgs/lib/libackermann_msgs__rosidl_typesupport_fastrtps_cpp.so
[1.051s] -- Up-to-date: /home/ros2/Documents/fa_ROS2_ws/install/ackermann_msgs/include/ackermann_msgs/ackermann_msgs
[1.051s] -- Up-to-date: /home/ros2/Documents/fa_ROS2_ws/install/ackermann_msgs/include/ackermann_msgs/ackermann_msgs/msg
[1.051s] -- Up-to-date: /home/ros2/Documents/fa_ROS2_ws/install/ackermann_msgs/include/ackermann_msgs/ackermann_msgs/msg/detail
[1.051s] -- Up-to-date: /home/ros2/Documents/fa_ROS2_ws/install/ackermann_msgs/include/ackermann_msgs/ackermann_msgs/msg/detail/ackermann_drive_stamped__rosidl_typesupport_introspection_cpp.hpp
[1.051s] -- Up-to-date: /home/ros2/Documents/fa_ROS2_ws/install/ackermann_msgs/include/ackermann_msgs/ackermann_msgs/msg/detail/ackermann_drive_stamped__type_support.cpp
[1.051s] -- Up-to-date: /home/ros2/Documents/fa_ROS2_ws/install/ackermann_msgs/include/ackermann_msgs/ackermann_msgs/msg/detail/ackermann_drive__type_support.cpp
[1.052s] -- Up-to-date: /home/ros2/Documents/fa_ROS2_ws/install/ackermann_msgs/include/ackermann_msgs/ackermann_msgs/msg/detail/ackermann_drive__rosidl_typesupport_introspection_cpp.hpp
[1.052s] -- Up-to-date: /home/ros2/Documents/fa_ROS2_ws/install/ackermann_msgs/lib/libackermann_msgs__rosidl_typesupport_introspection_cpp.so
[1.052s] -- Up-to-date: /home/ros2/Documents/fa_ROS2_ws/install/ackermann_msgs/lib/libackermann_msgs__rosidl_typesupport_cpp.so
[1.052s] -- Up-to-date: /home/ros2/Documents/fa_ROS2_ws/install/ackermann_msgs/share/ackermann_msgs/environment/pythonpath.sh
[1.052s] -- Up-to-date: /home/ros2/Documents/fa_ROS2_ws/install/ackermann_msgs/share/ackermann_msgs/environment/pythonpath.dsv
[1.052s] -- Up-to-date: /home/ros2/Documents/fa_ROS2_ws/install/ackermann_msgs/local/lib/python3.10/dist-packages/ackermann_msgs-2.0.2-py3.10.egg-info
[1.052s] -- Installing: /home/ros2/Documents/fa_ROS2_ws/install/ackermann_msgs/local/lib/python3.10/dist-packages/ackermann_msgs-2.0.2-py3.10.egg-info/SOURCES.txt
[1.052s] -- Installing: /home/ros2/Documents/fa_ROS2_ws/install/ackermann_msgs/local/lib/python3.10/dist-packages/ackermann_msgs-2.0.2-py3.10.egg-info/PKG-INFO
[1.053s] -- Installing: /home/ros2/Documents/fa_ROS2_ws/install/ackermann_msgs/local/lib/python3.10/dist-packages/ackermann_msgs-2.0.2-py3.10.egg-info/top_level.txt
[1.053s] -- Installing: /home/ros2/Documents/fa_ROS2_ws/install/ackermann_msgs/local/lib/python3.10/dist-packages/ackermann_msgs-2.0.2-py3.10.egg-info/dependency_links.txt
[1.053s] -- Up-to-date: /home/ros2/Documents/fa_ROS2_ws/install/ackermann_msgs/local/lib/python3.10/dist-packages/ackermann_msgs
[1.053s] -- Up-to-date: /home/ros2/Documents/fa_ROS2_ws/install/ackermann_msgs/local/lib/python3.10/dist-packages/ackermann_msgs/__init__.py
[1.053s] -- Up-to-date: /home/ros2/Documents/fa_ROS2_ws/install/ackermann_msgs/local/lib/python3.10/dist-packages/ackermann_msgs/_ackermann_msgs_s.ep.rosidl_typesupport_c.c
[1.053s] -- Up-to-date: /home/ros2/Documents/fa_ROS2_ws/install/ackermann_msgs/local/lib/python3.10/dist-packages/ackermann_msgs/ackermann_msgs_s__rosidl_typesupport_fastrtps_c.cpython-310-x86_64-linux-gnu.so
[1.053s] -- Up-to-date: /home/ros2/Documents/fa_ROS2_ws/install/ackermann_msgs/local/lib/python3.10/dist-packages/ackermann_msgs/libackermann_msgs__rosidl_generator_py.so
[1.053s] -- Up-to-date: /home/ros2/Documents/fa_ROS2_ws/install/ackermann_msgs/local/lib/python3.10/dist-packages/ackermann_msgs/ackermann_msgs_s__rosidl_typesupport_c.cpython-310-x86_64-linux-gnu.so
[1.053s] -- Up-to-date: /home/ros2/Documents/fa_ROS2_ws/install/ackermann_msgs/local/lib/python3.10/dist-packages/ackermann_msgs/ackermann_msgs_s__rosidl_typesupport_introspection_c.cpython-310-x86_64-linux-gnu.so
[1.054s] -- Up-to-date: /home/ros2/Documents/fa_ROS2_ws/install/ackermann_msgs/local/lib/python3.10/dist-packages/ackermann_msgs/_ackermann_msgs_s.ep.rosidl_typesupport_introspection_c.c
[1.054s] -- Up-to-date: /home/ros2/Documents/fa_ROS2_ws/install/ackermann_msgs/local/lib/python3.10/dist-packages/ackermann_msgs/_ackermann_msgs_s.ep.rosidl_typesupport_fastrtps_c.c
[1.054s] -- Up-to-date: /home/ros2/Documents/fa_ROS2_ws/install/ackermann_msgs/local/lib/python3.10/dist-packages/ackermann_msgs/msg
[1.054s] -- Up-to-date: /home/ros2/Documents/fa_ROS2_ws/install/ackermann_msgs/local/lib/python3.10/dist-packages/ackermann_msgs/msg/__init__.py
[1.054s] -- Up-to-date: /home/ros2/Documents/fa_ROS2_ws/install/ackermann_msgs/local/lib/python3.10/dist-packages/ackermann_msgs/msg/_ackermann_drive_stamped.py
[1.054s] -- Up-to-date: /home/ros2/Documents/fa_ROS2_ws/install/ackermann_msgs/local/lib/python3.10/dist-packages/ackermann_msgs/msg/_ackermann_drive.py
[1.054s] -- Up-to-date: /home/ros2/Documents/fa_ROS2_ws/install/ackermann_msgs/local/lib/python3.10/dist-packages/ackermann_msgs/msg/_ackermann_drive_s.c
[1.054s] -- Up-to-date: /home/ros2/Documents/fa_ROS2_ws/install/ackermann_msgs/local/lib/python3.10/dist-packages/ackermann_msgs/msg/_ackermann_drive_stamped_s.c
[1.089s] Listing '/home/ros2/Documents/fa_ROS2_ws/install/ackermann_msgs/local/lib/python3.10/dist-packages/ackermann_msgs'...
[1.089s] Listing '/home/ros2/Documents/fa_ROS2_ws/install/ackermann_msgs/local/lib/python3.10/dist-packages/ackermann_msgs/msg'...
[1.092s] -- Up-to-date: /home/ros2/Documents/fa_ROS2_ws/install/ackermann_msgs/local/lib/python3.10/dist-packages/ackermann_msgs/ackermann_msgs_s__rosidl_typesupport_fastrtps_c.cpython-310-x86_64-linux-gnu.so
[1.092s] -- Up-to-date: /home/ros2/Documents/fa_ROS2_ws/install/ackermann_msgs/local/lib/python3.10/dist-packages/ackermann_msgs/ackermann_msgs_s__rosidl_typesupport_introspection_c.cpython-310-x86_64-linux-gnu.so
[1.092s] -- Up-to-date: /home/ros2/Documents/fa_ROS2_ws/install/ackermann_msgs/local/lib/python3.10/dist-packages/ackermann_msgs/ackermann_msgs_s__rosidl_typesupport_c.cpython-310-x86_64-linux-gnu.so
[1.093s] -- Up-to-date: /home/ros2/Documents/fa_ROS2_ws/install/ackermann_msgs/lib/libackermann_msgs__rosidl_generator_py.so
[1.093s] -- Up-to-date: /home/ros2/Documents/fa_ROS2_ws/install/ackermann_msgs/share/ackermann_msgs/msg/AckermannDrive.idl
[1.093s] -- Up-to-date: /home/ros2/Documents/fa_ROS2_ws/install/ackermann_msgs/share/ackermann_msgs/msg/AckermannDriveStamped.idl
[1.093s] -- Up-to-date: /home/ros2/Documents/fa_ROS2_ws/install/ackermann_msgs/share/ackermann_msgs/msg/AckermannDrive.msg
[1.093s] -- Up-to-date: /home/ros2/Documents/fa_ROS2_ws/install/ackermann_msgs/share/ackermann_msgs/msg/AckermannDriveStamped.msg
[1.093s] -- Up-to-date: /home/ros2/Documents/fa_ROS2_ws/install/ackermann_msgs/share/ament_index/resource_index/package_run_dependencies/ackermann_msgs
[1.094s] -- Up-to-date: /home/ros2/Documents/fa_ROS2_ws/install/ackermann_msgs/share/ament_index/resource_index/parent_prefix_path/ackermann_msgs
[1.094s] -- Up-to-date: /home/ros2/Documents/fa_ROS2_ws/install/ackermann_msgs/share/ackermann_msgs/environment/ament_prefix_path.sh
[1.094s] -- Up-to-date: /home/ros2/Documents/fa_ROS2_ws/install/ackermann_msgs/share/ackermann_msgs/environment/ament_prefix_path.dsv
[1.094s] -- Up-to-date: /home/ros2/Documents/fa_ROS2_ws/install/ackermann_msgs/share/ackermann_msgs/environment/path.sh
[1.094s] -- Up-to-date: /home/ros2/Documents/fa_ROS2_ws/install/ackermann_msgs/share/ackermann_msgs/environment/path.dsv
[1.094s] -- Up-to-date: /home/ros2/Documents/fa_ROS2_ws/install/ackermann_msgs/share/ackermann_msgs/local_setup.bash
[1.094s] -- Up-to-date: /home/ros2/Documents/fa_ROS2_ws/install/ackermann_msgs/share/ackermann_msgs/local_setup.sh
[1.094s] -- Up-to-date: /home/ros2/Documents/fa_ROS2_ws/install/ackermann_msgs/share/ackermann_msgs/local_setup.zsh
[1.094s] -- Up-to-date: /home/ros2/Documents/fa_ROS2_ws/install/ackermann_msgs/share/ackermann_msgs/local_setup.dsv
[1.095s] -- Installing: /home/ros2/Documents/fa_ROS2_ws/install/ackermann_msgs/share/ackermann_msgs/package.dsv
[1.095s] -- Up-to-date: /home/ros2/Documents/fa_ROS2_ws/install/ackermann_msgs/share/ament_index/resource_index/packages/ackermann_msgs
[1.095s] -- Up-to-date: /home/ros2/Documents/fa_ROS2_ws/install/ackermann_msgs/share/ackermann_msgs/cmake/export_ackermann_msgs__rosidl_generator_cExport.cmake
[1.095s] -- Up-to-date: /home/ros2/Documents/fa_ROS2_ws/install/ackermann_msgs/share/ackermann_msgs/cmake/export_ackermann_msgs__rosidl_generator_cExport-noconfig.cmake
[1.095s] -- Up-to-date: /home/ros2/Documents/fa_ROS2_ws/install/ackermann_msgs/share/ackermann_msgs/cmake/export_ackermann_msgs__rosidl_typesupport_fastrtps_cExport.cmake
[1.095s] -- Up-to-date: /home/ros2/Documents/fa_ROS2_ws/install/ackermann_msgs/share/ackermann_msgs/cmake/export_ackermann_msgs__rosidl_typesupport_fastrtps_cExport-noconfig.cmake
[1.095s] -- Up-to-date: /home/ros2/Documents/fa_ROS2_ws/install/ackermann_msgs/share/ackermann_msgs/cmake/ackermann_msgs__rosidl_typesupport_introspection_cExport.cmake
[1.095s] -- Up-to-date: /home/ros2/Documents/fa_ROS2_ws/install/ackermann_msgs/share/ackermann_msgs/cmake/ackermann_msgs__rosidl_typesupport_introspection_cExport-noconfig.cmake
[1.095s] -- Up-to-date: /home/ros2/Documents/fa_ROS2_ws/install/ackermann_msgs/share/ackermann_msgs/cmake/ackermann_msgs__rosidl_typesupport_cExport.cmake
[1.095s] -- Up-to-date: /home/ros2/Documents/fa_ROS2_ws/install/ackermann_msgs/share/ackermann_msgs/cmake/ackermann_msgs__rosidl_typesupport_cExport-noconfig.cmake
[1.098s] -- Up-to-date: /home/ros2/Documents/fa_ROS2_ws/install/ackermann_msgs/share/ackermann_msgs/cmake/export_ackermann_msgs__rosidl_generator_cppExport.cmake
[1.098s] -- Up-to-date: /home/ros2/Documents/fa_ROS2_ws/install/ackermann_msgs/share/ackermann_msgs/cmake/export_ackermann_msgs__rosidl_typesupport_fastrtps_cppExport.cmake
[1.098s] -- Up-to-date: /home/ros2/Documents/fa_ROS2_ws/install/ackermann_msgs/share/ackermann_msgs/cmake/export_ackermann_msgs__rosidl_typesupport_fastrtps_cppExport-noconfig.cmake
[1.099s] -- Up-to-date: /home/ros2/Documents/fa_ROS2_ws/install/ackermann_msgs/share/ackermann_msgs/cmake/ackermann_msgs__rosidl_typesupport_introspection_cppExport.cmake
[1.099s] -- Up-to-date: /home/ros2/Documents/fa_ROS2_ws/install/ackermann_msgs/share/ackermann_msgs/cmake/ackermann_msgs__rosidl_typesupport_introspection_cppExport-noconfig.cmake
[1.103s] -- Up-to-date: /home/ros2/Documents/fa_ROS2_ws/install/ackermann_msgs/share/ackermann_msgs/cmake/ackermann_msgs__rosidl_typesupport_cppExport.cmake
[1.103s] -- Up-to-date: /home/ros2/Documents/fa_ROS2_ws/install/ackermann_msgs/share/ackermann_msgs/cmake/ackermann_msgs__rosidl_typesupport_cppExport-noconfig.cmake
[1.103s] -- Up-to-date: /home/ros2/Documents/fa_ROS2_ws/install/ackermann_msgs/share/ackermann_msgs/cmake/export_ackermann_msgs__rosidl_generator_pyExport.cmake
[1.104s] -- Up-to-date: /home/ros2/Documents/fa_ROS2_ws/install/ackermann_msgs/share/ackermann_msgs/cmake/export_ackermann_msgs__rosidl_generator_pyExport-noconfig.cmake
[1.104s] -- Up-to-date: /home/ros2/Documents/fa_ROS2_ws/install/ackermann_msgs/share/ackermann_msgs/cmake/rosidl_cmake-extras.cmake
[1.104s] -- Up-to-date: /home/ros2/Documents/fa_ROS2_ws/install/ackermann_msgs/share/ackermann_msgs/cmake/ament_cmake_export_dependencies-extras.cmake
[1.104s] -- Up-to-date: /home/ros2/Documents/fa_ROS2_ws/install/ackermann_msgs/share/ackermann_msgs/cmake/ament_cmake_export_include_directories-extras.cmake
[1.104s] -- Up-to-date: /home/ros2/Documents/fa_ROS2_ws/install/ackermann_msgs/share/ackermann_msgs/cmake/ament_cmake_export_libraries-extras.cmake
[1.104s] -- Up-to-date: /home/ros2/Documents/fa_ROS2_ws/install/ackermann_msgs/share/ackermann_msgs/cmake/ament_cmake_export_targets-extras.cmake
[1.104s] -- Up-to-date: /home/ros2/Documents/fa_ROS2_ws/install/ackermann_msgs/share/ackermann_msgs/cmake/rosidl_cmake_export_typesupport_targets-extras.cmake
[1.104s] -- Up-to-date: /home/ros2/Documents/fa_ROS2_ws/install/ackermann_msgs/share/ackermann_msgs/cmake/rosidl_cmake_export_typesupport_libraries-extras.cmake
[1.104s] -- Up-to-date: /home/ros2/Documents/fa_ROS2_ws/install/ackermann_msgs/share/ackermann_msgs/cmake/ackermann_msgsConfig.cmake
[1.104s] -- Up-to-date: /home/ros2/Documents/fa_ROS2_ws/install/ackermann_msgs/share/ackermann_msgs/cmake/ackermann_msgsConfig-version.cmake
[1.105s] -- Up-to-date: /home/ros2/Documents/fa_ROS2_ws/install/ackermann_msgs/share/ackermann_msgs/package.xml
[1.105s] Invoked command in '/home/ros2/Documents/fa_ROS2_ws/build/ackermann_msgs' returned '0': CMAKE_PREFIX_PATH=${CMAKE_PREFIX_PATH}:/opt/ros/humble /usr/bin/cmake --install /home/ros2/Documents/fa_ROS2_ws/build/ackermann_msgs
