[0.023s] Invoking command in '/home/ros2/Documents/fa_ROS2_ws/build/smart_car': CMAKE_PREFIX_PATH=/home/ros2/Documents/fa_ROS2_ws/install/car_gazebo_plugin:/home/ros2/Documents/fa_ROS2_ws/install/smartcar_msgs:/home/ros2/Documents/fa_ROS2_ws/install/ackermann_msgs:/home/ros2/Documents/fa_ROS2_ws/install/smart_car:/opt/ros/humble LD_LIBRARY_PATH=/home/ros2/Documents/fa_ROS2_ws/install/car_gazebo_plugin/lib:/home/ros2/Documents/fa_ROS2_ws/install/smartcar_msgs/lib:/home/ros2/Documents/fa_ROS2_ws/install/ackermann_msgs/lib:/usr/lib/x86_64-linux-gnu/gazebo-11/plugins:/opt/ros/humble/opt/rviz_ogre_vendor/lib:/opt/ros/humble/lib/x86_64-linux-gnu:/opt/ros/humble/lib:/tmp/.mount_cursor7Rf9d5/usr/lib:/usr/lib/x86_64-linux-gnu/gazebo-11/plugins:/usr/lib/x86_64-linux-gnu/gazebo-11/plugins:/usr/lib/x86_64-linux-gnu/gazebo-11/plugins /usr/bin/cmake --build /home/ros2/Documents/fa_ROS2_ws/build/smart_car -- -j8 -l8
[0.105s] Invoked command in '/home/ros2/Documents/fa_ROS2_ws/build/smart_car' returned '0': CMAKE_PREFIX_PATH=/home/ros2/Documents/fa_ROS2_ws/install/car_gazebo_plugin:/home/ros2/Documents/fa_ROS2_ws/install/smartcar_msgs:/home/ros2/Documents/fa_ROS2_ws/install/ackermann_msgs:/home/ros2/Documents/fa_ROS2_ws/install/smart_car:/opt/ros/humble LD_LIBRARY_PATH=/home/ros2/Documents/fa_ROS2_ws/install/car_gazebo_plugin/lib:/home/ros2/Documents/fa_ROS2_ws/install/smartcar_msgs/lib:/home/ros2/Documents/fa_ROS2_ws/install/ackermann_msgs/lib:/usr/lib/x86_64-linux-gnu/gazebo-11/plugins:/opt/ros/humble/opt/rviz_ogre_vendor/lib:/opt/ros/humble/lib/x86_64-linux-gnu:/opt/ros/humble/lib:/tmp/.mount_cursor7Rf9d5/usr/lib:/usr/lib/x86_64-linux-gnu/gazebo-11/plugins:/usr/lib/x86_64-linux-gnu/gazebo-11/plugins:/usr/lib/x86_64-linux-gnu/gazebo-11/plugins /usr/bin/cmake --build /home/ros2/Documents/fa_ROS2_ws/build/smart_car -- -j8 -l8
[0.158s] Invoking command in '/home/ros2/Documents/fa_ROS2_ws/build/smart_car': CMAKE_PREFIX_PATH=/home/ros2/Documents/fa_ROS2_ws/install/car_gazebo_plugin:/home/ros2/Documents/fa_ROS2_ws/install/smartcar_msgs:/home/ros2/Documents/fa_ROS2_ws/install/ackermann_msgs:/home/ros2/Documents/fa_ROS2_ws/install/smart_car:/opt/ros/humble LD_LIBRARY_PATH=/home/ros2/Documents/fa_ROS2_ws/install/car_gazebo_plugin/lib:/home/ros2/Documents/fa_ROS2_ws/install/smartcar_msgs/lib:/home/ros2/Documents/fa_ROS2_ws/install/ackermann_msgs/lib:/usr/lib/x86_64-linux-gnu/gazebo-11/plugins:/opt/ros/humble/opt/rviz_ogre_vendor/lib:/opt/ros/humble/lib/x86_64-linux-gnu:/opt/ros/humble/lib:/tmp/.mount_cursor7Rf9d5/usr/lib:/usr/lib/x86_64-linux-gnu/gazebo-11/plugins:/usr/lib/x86_64-linux-gnu/gazebo-11/plugins:/usr/lib/x86_64-linux-gnu/gazebo-11/plugins /usr/bin/cmake --install /home/ros2/Documents/fa_ROS2_ws/build/smart_car
[0.171s] -- Install configuration: ""
[0.171s] -- Up-to-date: /home/ros2/Documents/fa_ROS2_ws/install/smart_car/share/smart_car//launch
[0.175s] -- Up-to-date: /home/ros2/Documents/fa_ROS2_ws/install/smart_car/share/smart_car//launch/gazebo.launch.py
[0.175s] -- Up-to-date: /home/ros2/Documents/fa_ROS2_ws/install/smart_car/share/smart_car//launch/localization.launch.py
[0.175s] -- Up-to-date: /home/ros2/Documents/fa_ROS2_ws/install/smart_car/share/smart_car//launch/nav2.launch.py
[0.175s] -- Up-to-date: /home/ros2/Documents/fa_ROS2_ws/install/smart_car/share/smart_car//launch/display.launch.py
[0.175s] -- Up-to-date: /home/ros2/Documents/fa_ROS2_ws/install/smart_car/share/smart_car//config
[0.176s] -- Up-to-date: /home/ros2/Documents/fa_ROS2_ws/install/smart_car/share/smart_car//config/ekf.yaml
[0.176s] -- Up-to-date: /home/ros2/Documents/fa_ROS2_ws/install/smart_car/share/smart_car//config/nav2_parameters.yaml
[0.176s] -- Up-to-date: /home/ros2/Documents/fa_ROS2_ws/install/smart_car/share/smart_car//map
[0.176s] -- Up-to-date: /home/ros2/Documents/fa_ROS2_ws/install/smart_car/share/smart_car//map/smalltown_world.yaml
[0.176s] -- Up-to-date: /home/ros2/Documents/fa_ROS2_ws/install/smart_car/share/smart_car//map/smalltown_world.pgm
[0.177s] -- Up-to-date: /home/ros2/Documents/fa_ROS2_ws/install/smart_car/share/smart_car//urdf
[0.177s] -- Installing: /home/ros2/Documents/fa_ROS2_ws/install/smart_car/share/smart_car//urdf/smartcar.urdf.xacro
[0.177s] -- Installing: /home/ros2/Documents/fa_ROS2_ws/install/smart_car/share/smart_car//urdf/smartcar.urdf
[0.177s] -- Up-to-date: /home/ros2/Documents/fa_ROS2_ws/install/smart_car/share/smart_car//rviz
[0.177s] -- Up-to-date: /home/ros2/Documents/fa_ROS2_ws/install/smart_car/share/smart_car//rviz/config.rviz
[0.177s] -- Up-to-date: /home/ros2/Documents/fa_ROS2_ws/install/smart_car/share/smart_car//world
[0.177s] -- Up-to-date: /home/ros2/Documents/fa_ROS2_ws/install/smart_car/share/smart_car//world/smalltown.world
[0.178s] -- Up-to-date: /home/ros2/Documents/fa_ROS2_ws/install/smart_car/share/smart_car//world/smalltown_world.yaml
[0.178s] -- Up-to-date: /home/ros2/Documents/fa_ROS2_ws/install/smart_car/share/smart_car//world/smalltown_world.pgm
[0.178s] -- Up-to-date: /home/ros2/Documents/fa_ROS2_ws/install/smart_car/lib/smart_car/wheel_odometry.py
[0.178s] -- Up-to-date: /home/ros2/Documents/fa_ROS2_ws/install/smart_car/lib/smart_car/joint_state_publisher.py
[0.178s] -- Up-to-date: /home/ros2/Documents/fa_ROS2_ws/install/smart_car/share/ament_index/resource_index/package_run_dependencies/smart_car
[0.178s] -- Up-to-date: /home/ros2/Documents/fa_ROS2_ws/install/smart_car/share/ament_index/resource_index/parent_prefix_path/smart_car
[0.178s] -- Up-to-date: /home/ros2/Documents/fa_ROS2_ws/install/smart_car/share/smart_car/environment/ament_prefix_path.sh
[0.178s] -- Up-to-date: /home/ros2/Documents/fa_ROS2_ws/install/smart_car/share/smart_car/environment/ament_prefix_path.dsv
[0.178s] -- Up-to-date: /home/ros2/Documents/fa_ROS2_ws/install/smart_car/share/smart_car/environment/path.sh
[0.178s] -- Up-to-date: /home/ros2/Documents/fa_ROS2_ws/install/smart_car/share/smart_car/environment/path.dsv
[0.178s] -- Up-to-date: /home/ros2/Documents/fa_ROS2_ws/install/smart_car/share/smart_car/local_setup.bash
[0.179s] -- Up-to-date: /home/ros2/Documents/fa_ROS2_ws/install/smart_car/share/smart_car/local_setup.sh
[0.179s] -- Up-to-date: /home/ros2/Documents/fa_ROS2_ws/install/smart_car/share/smart_car/local_setup.zsh
[0.179s] -- Up-to-date: /home/ros2/Documents/fa_ROS2_ws/install/smart_car/share/smart_car/local_setup.dsv
[0.179s] -- Installing: /home/ros2/Documents/fa_ROS2_ws/install/smart_car/share/smart_car/package.dsv
[0.179s] -- Up-to-date: /home/ros2/Documents/fa_ROS2_ws/install/smart_car/share/ament_index/resource_index/packages/smart_car
[0.179s] -- Up-to-date: /home/ros2/Documents/fa_ROS2_ws/install/smart_car/share/smart_car/cmake/smart_carConfig.cmake
[0.180s] -- Up-to-date: /home/ros2/Documents/fa_ROS2_ws/install/smart_car/share/smart_car/cmake/smart_carConfig-version.cmake
[0.180s] -- Up-to-date: /home/ros2/Documents/fa_ROS2_ws/install/smart_car/share/smart_car/package.xml
[0.180s] Invoked command in '/home/ros2/Documents/fa_ROS2_ws/build/smart_car' returned '0': CMAKE_PREFIX_PATH=/home/ros2/Documents/fa_ROS2_ws/install/car_gazebo_plugin:/home/ros2/Documents/fa_ROS2_ws/install/smartcar_msgs:/home/ros2/Documents/fa_ROS2_ws/install/ackermann_msgs:/home/ros2/Documents/fa_ROS2_ws/install/smart_car:/opt/ros/humble LD_LIBRARY_PATH=/home/ros2/Documents/fa_ROS2_ws/install/car_gazebo_plugin/lib:/home/ros2/Documents/fa_ROS2_ws/install/smartcar_msgs/lib:/home/ros2/Documents/fa_ROS2_ws/install/ackermann_msgs/lib:/usr/lib/x86_64-linux-gnu/gazebo-11/plugins:/opt/ros/humble/opt/rviz_ogre_vendor/lib:/opt/ros/humble/lib/x86_64-linux-gnu:/opt/ros/humble/lib:/tmp/.mount_cursor7Rf9d5/usr/lib:/usr/lib/x86_64-linux-gnu/gazebo-11/plugins:/usr/lib/x86_64-linux-gnu/gazebo-11/plugins:/usr/lib/x86_64-linux-gnu/gazebo-11/plugins /usr/bin/cmake --install /home/ros2/Documents/fa_ROS2_ws/build/smart_car
