[0.033s] Invoking command in '/home/ros2/Documents/fa_ROS2_ws/build/nav_2d_msgs': CMAKE_PREFIX_PATH=${CMAKE_PREFIX_PATH}:/opt/ros/humble /usr/bin/cmake /home/ros2/Documents/fa_ROS2_ws/src/navigation2/nav2_dwb_controller/nav_2d_msgs -DAMENT_CMAKE_SYMLINK_INSTALL=1 -DCMAKE_INSTALL_PREFIX=/home/ros2/Documents/fa_ROS2_ws/install/nav_2d_msgs
[0.172s] -- The C compiler identification is GNU 11.4.0
[0.285s] -- The CXX compiler identification is GNU 11.4.0
[0.307s] -- Detecting C compiler ABI info
[0.440s] -- Detecting C compiler ABI info - done
[0.457s] -- Check for working C compiler: /usr/lib/ccache/gcc - skipped
[0.458s] -- Detecting C compile features
[0.461s] -- Detecting C compile features - done
[0.462s] -- Detecting CXX compiler ABI info
[0.625s] -- Detecting CXX compiler ABI info - done
[0.635s] -- Check for working CXX compiler: /usr/lib/ccache/g++ - skipped
[0.635s] -- Detecting CXX compile features
[0.636s] -- Detecting CXX compile features - done
[0.642s] -- Found geometry_msgs: 4.2.4 (/opt/ros/humble/share/geometry_msgs/cmake)
[0.887s] -- Found Python3: /usr/bin/python3 (found version "3.10.12") found components: Interpreter 
[1.005s] -- Override CMake install command with custom implementation using symlinks instead of copying resources
[1.097s] -- Found rosidl_generator_c: 3.1.5 (/opt/ros/humble/share/rosidl_generator_c/cmake)
[1.104s] -- Found rosidl_adapter: 3.1.5 (/opt/ros/humble/share/rosidl_adapter/cmake)
[1.122s] -- Found rosidl_generator_cpp: 3.1.5 (/opt/ros/humble/share/rosidl_generator_cpp/cmake)
[1.134s] -- Using all available rosidl_typesupport_c: rosidl_typesupport_fastrtps_c;rosidl_typesupport_introspection_c
[1.157s] -- Using all available rosidl_typesupport_cpp: rosidl_typesupport_fastrtps_cpp;rosidl_typesupport_introspection_cpp
[1.233s] -- Found rosidl_default_generators: 1.2.0 (/opt/ros/humble/share/rosidl_default_generators/cmake)
[1.719s] -- Found ament_cmake_ros: 0.10.0 (/opt/ros/humble/share/ament_cmake_ros/cmake)
[2.379s] -- Using all available rosidl_typesupport_c: rosidl_typesupport_fastrtps_c;rosidl_typesupport_introspection_c
[2.666s] -- Using all available rosidl_typesupport_cpp: rosidl_typesupport_fastrtps_cpp;rosidl_typesupport_introspection_cpp
[2.712s] -- Found PythonInterp: /usr/bin/python3 (found suitable version "3.10.12", minimum required is "3.6") 
[2.713s] -- Found python_cmake_module: 0.10.0 (/opt/ros/humble/share/python_cmake_module/cmake)
[2.741s] -- Found PythonLibs: /usr/lib/x86_64-linux-gnu/libpython3.10.so (found suitable version "3.10.12", minimum required is "3.5") 
[2.742s] -- Using PYTHON_EXECUTABLE: /usr/bin/python3
[2.742s] -- Using PYTHON_INCLUDE_DIRS: /usr/include/python3.10
[2.742s] -- Using PYTHON_LIBRARIES: /usr/lib/x86_64-linux-gnu/libpython3.10.so
[2.780s] -- Found PythonExtra: .so  
[2.915s] -- Configuring done
[3.004s] -- Generating done
[3.009s] -- Build files have been written to: /home/ros2/Documents/fa_ROS2_ws/build/nav_2d_msgs
[3.045s] Invoked command in '/home/ros2/Documents/fa_ROS2_ws/build/nav_2d_msgs' returned '0': CMAKE_PREFIX_PATH=${CMAKE_PREFIX_PATH}:/opt/ros/humble /usr/bin/cmake /home/ros2/Documents/fa_ROS2_ws/src/navigation2/nav2_dwb_controller/nav_2d_msgs -DAMENT_CMAKE_SYMLINK_INSTALL=1 -DCMAKE_INSTALL_PREFIX=/home/ros2/Documents/fa_ROS2_ws/install/nav_2d_msgs
[3.046s] Invoking command in '/home/ros2/Documents/fa_ROS2_ws/build/nav_2d_msgs': CMAKE_PREFIX_PATH=${CMAKE_PREFIX_PATH}:/opt/ros/humble /usr/bin/cmake --build /home/ros2/Documents/fa_ROS2_ws/build/nav_2d_msgs -- -j8 -l8
[3.401s] [  1%] [34m[1mGenerating C code for ROS interfaces[0m
[3.502s] [  2%] [34m[1mGenerating C++ code for ROS interfaces[0m
[3.505s] [  2%] Built target ament_cmake_python_symlink_nav_2d_msgs
[4.221s] running egg_info
[4.221s] creating nav_2d_msgs.egg-info
[4.228s] writing nav_2d_msgs.egg-info/PKG-INFO
[4.229s] writing dependency_links to nav_2d_msgs.egg-info/dependency_links.txt
[4.230s] writing top-level names to nav_2d_msgs.egg-info/top_level.txt
[4.230s] writing manifest file 'nav_2d_msgs.egg-info/SOURCES.txt'
[4.230s] reading manifest file 'nav_2d_msgs.egg-info/SOURCES.txt'
[4.230s] writing manifest file 'nav_2d_msgs.egg-info/SOURCES.txt'
[4.480s] [  2%] Built target ament_cmake_python_build_nav_2d_msgs_egg
[6.017s] [  4%] [32mBuilding C object CMakeFiles/nav_2d_msgs__rosidl_generator_c.dir/rosidl_generator_c/nav_2d_msgs/msg/detail/twist2_d__functions.c.o[0m
[6.032s] [  5%] [32mBuilding C object CMakeFiles/nav_2d_msgs__rosidl_generator_c.dir/rosidl_generator_c/nav_2d_msgs/msg/detail/path2_d__functions.c.o[0m
[6.071s] [  7%] [32mBuilding C object CMakeFiles/nav_2d_msgs__rosidl_generator_c.dir/rosidl_generator_c/nav_2d_msgs/msg/detail/twist2_d_stamped__functions.c.o[0m
[6.084s] [  8%] [32mBuilding C object CMakeFiles/nav_2d_msgs__rosidl_generator_c.dir/rosidl_generator_c/nav_2d_msgs/msg/detail/pose2_d_stamped__functions.c.o[0m
[6.084s] [  9%] [32mBuilding C object CMakeFiles/nav_2d_msgs__rosidl_generator_c.dir/rosidl_generator_c/nav_2d_msgs/msg/detail/pose2_d32__functions.c.o[0m
[6.087s] [ 11%] [32mBuilding C object CMakeFiles/nav_2d_msgs__rosidl_generator_c.dir/rosidl_generator_c/nav_2d_msgs/msg/detail/twist2_d32__functions.c.o[0m
[6.153s] [ 11%] Built target nav_2d_msgs__cpp
[6.472s] [ 12%] [34m[1mGenerating C++ type support for eProsima Fast-RTPS[0m
[6.556s] [ 14%] [34m[1mGenerating C++ type support dispatch for ROS interfaces[0m
[6.863s] [ 15%] [34m[1mGenerating C++ introspection for ROS interfaces[0m
[6.904s] [ 16%] [32m[1mLinking C shared library libnav_2d_msgs__rosidl_generator_c.so[0m
[7.484s] [ 16%] Built target nav_2d_msgs__rosidl_generator_c
[7.616s] [ 18%] [34m[1mGenerating C type support dispatch for ROS interfaces[0m
[7.683s] [ 19%] [34m[1mGenerating C introspection for ROS interfaces[0m
[7.684s] [ 21%] [34m[1mGenerating C type support for eProsima Fast-RTPS[0m
[8.284s] [ 22%] [32mBuilding CXX object CMakeFiles/nav_2d_msgs__rosidl_typesupport_cpp.dir/rosidl_typesupport_cpp/nav_2d_msgs/msg/path2_d__type_support.cpp.o[0m
[8.567s] [ 23%] [32mBuilding CXX object CMakeFiles/nav_2d_msgs__rosidl_typesupport_cpp.dir/rosidl_typesupport_cpp/nav_2d_msgs/msg/pose2_d32__type_support.cpp.o[0m
[8.603s] [ 25%] [32mBuilding CXX object CMakeFiles/nav_2d_msgs__rosidl_typesupport_cpp.dir/rosidl_typesupport_cpp/nav_2d_msgs/msg/pose2_d_stamped__type_support.cpp.o[0m
[8.961s] [ 26%] [32mBuilding CXX object CMakeFiles/nav_2d_msgs__rosidl_typesupport_fastrtps_cpp.dir/rosidl_typesupport_fastrtps_cpp/nav_2d_msgs/msg/detail/dds_fastrtps/path2_d__type_support.cpp.o[0m
[9.677s] [ 28%] [32mBuilding CXX object CMakeFiles/nav_2d_msgs__rosidl_typesupport_cpp.dir/rosidl_typesupport_cpp/nav_2d_msgs/msg/twist2_d__type_support.cpp.o[0m
[9.728s] [ 29%] [32mBuilding CXX object CMakeFiles/nav_2d_msgs__rosidl_typesupport_c.dir/rosidl_typesupport_c/nav_2d_msgs/msg/path2_d__type_support.cpp.o[0m
[9.776s] [ 30%] [32mBuilding CXX object CMakeFiles/nav_2d_msgs__rosidl_typesupport_cpp.dir/rosidl_typesupport_cpp/nav_2d_msgs/msg/twist2_d32__type_support.cpp.o[0m
[9.924s] [ 32%] [32mBuilding CXX object CMakeFiles/nav_2d_msgs__rosidl_typesupport_c.dir/rosidl_typesupport_c/nav_2d_msgs/msg/pose2_d32__type_support.cpp.o[0m
[10.139s] [ 33%] [32mBuilding CXX object CMakeFiles/nav_2d_msgs__rosidl_typesupport_introspection_cpp.dir/rosidl_typesupport_introspection_cpp/nav_2d_msgs/msg/detail/path2_d__type_support.cpp.o[0m
[10.412s] [ 35%] [32mBuilding CXX object CMakeFiles/nav_2d_msgs__rosidl_typesupport_cpp.dir/rosidl_typesupport_cpp/nav_2d_msgs/msg/twist2_d_stamped__type_support.cpp.o[0m
[10.614s] [ 36%] [32mBuilding CXX object CMakeFiles/nav_2d_msgs__rosidl_typesupport_c.dir/rosidl_typesupport_c/nav_2d_msgs/msg/pose2_d_stamped__type_support.cpp.o[0m
[10.671s] [ 38%] [32mBuilding C object CMakeFiles/nav_2d_msgs__rosidl_typesupport_introspection_c.dir/rosidl_typesupport_introspection_c/nav_2d_msgs/msg/detail/path2_d__type_support.c.o[0m
[10.733s] [ 39%] [32mBuilding CXX object CMakeFiles/nav_2d_msgs__rosidl_typesupport_fastrtps_cpp.dir/rosidl_typesupport_fastrtps_cpp/nav_2d_msgs/msg/detail/dds_fastrtps/pose2_d32__type_support.cpp.o[0m
[10.814s] [ 40%] [32mBuilding CXX object CMakeFiles/nav_2d_msgs__rosidl_typesupport_c.dir/rosidl_typesupport_c/nav_2d_msgs/msg/twist2_d__type_support.cpp.o[0m
[10.903s] [ 42%] [32mBuilding CXX object CMakeFiles/nav_2d_msgs__rosidl_typesupport_fastrtps_c.dir/rosidl_typesupport_fastrtps_c/nav_2d_msgs/msg/detail/pose2_d32__type_support_c.cpp.o[0m
[10.941s] [ 43%] [32mBuilding CXX object CMakeFiles/nav_2d_msgs__rosidl_typesupport_fastrtps_c.dir/rosidl_typesupport_fastrtps_c/nav_2d_msgs/msg/detail/path2_d__type_support_c.cpp.o[0m
[11.322s] [ 45%] [32mBuilding C object CMakeFiles/nav_2d_msgs__rosidl_typesupport_introspection_c.dir/rosidl_typesupport_introspection_c/nav_2d_msgs/msg/detail/pose2_d32__type_support.c.o[0m
[11.334s] [ 46%] [32mBuilding C object CMakeFiles/nav_2d_msgs__rosidl_typesupport_introspection_c.dir/rosidl_typesupport_introspection_c/nav_2d_msgs/msg/detail/pose2_d_stamped__type_support.c.o[0m
[11.379s] [ 47%] [32mBuilding CXX object CMakeFiles/nav_2d_msgs__rosidl_typesupport_c.dir/rosidl_typesupport_c/nav_2d_msgs/msg/twist2_d32__type_support.cpp.o[0m
[11.650s] [ 49%] [32m[1mLinking CXX shared library libnav_2d_msgs__rosidl_typesupport_cpp.so[0m
[11.777s] [ 50%] [32mBuilding CXX object CMakeFiles/nav_2d_msgs__rosidl_typesupport_introspection_cpp.dir/rosidl_typesupport_introspection_cpp/nav_2d_msgs/msg/detail/pose2_d_stamped__type_support.cpp.o[0m
[11.803s] [ 52%] [32mBuilding CXX object CMakeFiles/nav_2d_msgs__rosidl_typesupport_introspection_cpp.dir/rosidl_typesupport_introspection_cpp/nav_2d_msgs/msg/detail/pose2_d32__type_support.cpp.o[0m
[11.829s] [ 53%] [32mBuilding C object CMakeFiles/nav_2d_msgs__rosidl_typesupport_introspection_c.dir/rosidl_typesupport_introspection_c/nav_2d_msgs/msg/detail/twist2_d__type_support.c.o[0m
[11.837s] [ 54%] [32mBuilding CXX object CMakeFiles/nav_2d_msgs__rosidl_typesupport_c.dir/rosidl_typesupport_c/nav_2d_msgs/msg/twist2_d_stamped__type_support.cpp.o[0m
[12.081s] [ 54%] Built target nav_2d_msgs__rosidl_typesupport_cpp
[12.187s] [ 56%] [32mBuilding C object CMakeFiles/nav_2d_msgs__rosidl_typesupport_introspection_c.dir/rosidl_typesupport_introspection_c/nav_2d_msgs/msg/detail/twist2_d32__type_support.c.o[0m
[12.374s] [ 57%] [32m[1mLinking CXX shared library libnav_2d_msgs__rosidl_typesupport_c.so[0m
[12.417s] [ 59%] [32mBuilding C object CMakeFiles/nav_2d_msgs__rosidl_typesupport_introspection_c.dir/rosidl_typesupport_introspection_c/nav_2d_msgs/msg/detail/twist2_d_stamped__type_support.c.o[0m
[12.606s] [ 60%] [32mBuilding CXX object CMakeFiles/nav_2d_msgs__rosidl_typesupport_fastrtps_cpp.dir/rosidl_typesupport_fastrtps_cpp/nav_2d_msgs/msg/detail/dds_fastrtps/pose2_d_stamped__type_support.cpp.o[0m
[12.834s] [ 61%] [32mBuilding CXX object CMakeFiles/nav_2d_msgs__rosidl_typesupport_fastrtps_c.dir/rosidl_typesupport_fastrtps_c/nav_2d_msgs/msg/detail/pose2_d_stamped__type_support_c.cpp.o[0m
[12.900s] [ 63%] [32mBuilding CXX object CMakeFiles/nav_2d_msgs__rosidl_typesupport_fastrtps_cpp.dir/rosidl_typesupport_fastrtps_cpp/nav_2d_msgs/msg/detail/dds_fastrtps/twist2_d__type_support.cpp.o[0m
[13.068s] [ 64%] [32mBuilding CXX object CMakeFiles/nav_2d_msgs__rosidl_typesupport_fastrtps_cpp.dir/rosidl_typesupport_fastrtps_cpp/nav_2d_msgs/msg/detail/dds_fastrtps/twist2_d32__type_support.cpp.o[0m
[13.069s] [ 64%] Built target nav_2d_msgs__rosidl_typesupport_c
[13.108s] [ 66%] [32m[1mLinking C shared library libnav_2d_msgs__rosidl_typesupport_introspection_c.so[0m
[13.160s] [ 67%] [32mBuilding CXX object CMakeFiles/nav_2d_msgs__rosidl_typesupport_introspection_cpp.dir/rosidl_typesupport_introspection_cpp/nav_2d_msgs/msg/detail/twist2_d__type_support.cpp.o[0m
[13.251s] [ 69%] [32mBuilding CXX object CMakeFiles/nav_2d_msgs__rosidl_typesupport_introspection_cpp.dir/rosidl_typesupport_introspection_cpp/nav_2d_msgs/msg/detail/twist2_d32__type_support.cpp.o[0m
[13.410s] [ 70%] [32mBuilding CXX object CMakeFiles/nav_2d_msgs__rosidl_typesupport_fastrtps_c.dir/rosidl_typesupport_fastrtps_c/nav_2d_msgs/msg/detail/twist2_d__type_support_c.cpp.o[0m
[13.656s] [ 70%] Built target nav_2d_msgs__rosidl_typesupport_introspection_c
[13.729s] [ 71%] [32mBuilding CXX object CMakeFiles/nav_2d_msgs__rosidl_typesupport_fastrtps_cpp.dir/rosidl_typesupport_fastrtps_cpp/nav_2d_msgs/msg/detail/dds_fastrtps/twist2_d_stamped__type_support.cpp.o[0m
[14.408s] [ 73%] [32mBuilding CXX object CMakeFiles/nav_2d_msgs__rosidl_typesupport_fastrtps_c.dir/rosidl_typesupport_fastrtps_c/nav_2d_msgs/msg/detail/twist2_d32__type_support_c.cpp.o[0m
[14.595s] [ 74%] [32mBuilding CXX object CMakeFiles/nav_2d_msgs__rosidl_typesupport_fastrtps_c.dir/rosidl_typesupport_fastrtps_c/nav_2d_msgs/msg/detail/twist2_d_stamped__type_support_c.cpp.o[0m
[14.737s] [ 76%] [32mBuilding CXX object CMakeFiles/nav_2d_msgs__rosidl_typesupport_introspection_cpp.dir/rosidl_typesupport_introspection_cpp/nav_2d_msgs/msg/detail/twist2_d_stamped__type_support.cpp.o[0m
[15.300s] [ 77%] [32m[1mLinking CXX shared library libnav_2d_msgs__rosidl_typesupport_fastrtps_cpp.so[0m
[15.857s] [ 78%] [32m[1mLinking CXX shared library libnav_2d_msgs__rosidl_typesupport_introspection_cpp.so[0m
[16.001s] [ 78%] Built target nav_2d_msgs__rosidl_typesupport_fastrtps_cpp
[16.118s] [ 80%] [32m[1mLinking CXX shared library libnav_2d_msgs__rosidl_typesupport_fastrtps_c.so[0m
[16.434s] [ 80%] Built target nav_2d_msgs__rosidl_typesupport_introspection_cpp
[16.619s] [ 80%] Built target nav_2d_msgs__rosidl_typesupport_fastrtps_c
[16.721s] [ 80%] Built target nav_2d_msgs
[16.807s] [ 81%] [34m[1mGenerating Python code for ROS interfaces[0m
[18.440s] [ 81%] Built target nav_2d_msgs__py
[18.561s] [ 83%] [32mBuilding C object CMakeFiles/nav_2d_msgs__rosidl_generator_py.dir/rosidl_generator_py/nav_2d_msgs/msg/_twist2_d_s.c.o[0m
[18.613s] [ 84%] [32mBuilding C object CMakeFiles/nav_2d_msgs__rosidl_generator_py.dir/rosidl_generator_py/nav_2d_msgs/msg/_pose2_d32_s.c.o[0m
[18.634s] [ 87%] [32mBuilding C object CMakeFiles/nav_2d_msgs__rosidl_generator_py.dir/rosidl_generator_py/nav_2d_msgs/msg/_twist2_d_stamped_s.c.o[0m
[18.639s] [ 88%] [32mBuilding C object CMakeFiles/nav_2d_msgs__rosidl_generator_py.dir/rosidl_generator_py/nav_2d_msgs/msg/_twist2_d32_s.c.o[0m
[18.640s] [ 88%] [32mBuilding C object CMakeFiles/nav_2d_msgs__rosidl_generator_py.dir/rosidl_generator_py/nav_2d_msgs/msg/_path2_d_s.c.o[0m
[18.643s] [ 90%] [32mBuilding C object CMakeFiles/nav_2d_msgs__rosidl_generator_py.dir/rosidl_generator_py/nav_2d_msgs/msg/_pose2_d_stamped_s.c.o[0m
[19.202s] [ 91%] [32m[1mLinking C shared library rosidl_generator_py/nav_2d_msgs/libnav_2d_msgs__rosidl_generator_py.so[0m
[19.388s] [ 91%] Built target nav_2d_msgs__rosidl_generator_py
[19.572s] [ 92%] [32mBuilding C object CMakeFiles/nav_2d_msgs__rosidl_typesupport_introspection_c__pyext.dir/rosidl_generator_py/nav_2d_msgs/_nav_2d_msgs_s.ep.rosidl_typesupport_introspection_c.c.o[0m
[19.585s] [ 94%] [32mBuilding C object CMakeFiles/nav_2d_msgs__rosidl_typesupport_fastrtps_c__pyext.dir/rosidl_generator_py/nav_2d_msgs/_nav_2d_msgs_s.ep.rosidl_typesupport_fastrtps_c.c.o[0m
[19.589s] [ 95%] [32mBuilding C object CMakeFiles/nav_2d_msgs__rosidl_typesupport_c__pyext.dir/rosidl_generator_py/nav_2d_msgs/_nav_2d_msgs_s.ep.rosidl_typesupport_c.c.o[0m
[20.127s] [ 97%] [32m[1mLinking C shared library rosidl_generator_py/nav_2d_msgs/nav_2d_msgs_s__rosidl_typesupport_introspection_c.cpython-310-x86_64-linux-gnu.so[0m
[20.133s] [ 98%] [32m[1mLinking C shared library rosidl_generator_py/nav_2d_msgs/nav_2d_msgs_s__rosidl_typesupport_fastrtps_c.cpython-310-x86_64-linux-gnu.so[0m
[20.213s] [100%] [32m[1mLinking C shared library rosidl_generator_py/nav_2d_msgs/nav_2d_msgs_s__rosidl_typesupport_c.cpython-310-x86_64-linux-gnu.so[0m
[20.360s] [100%] Built target nav_2d_msgs__rosidl_typesupport_introspection_c__pyext
[20.365s] [100%] Built target nav_2d_msgs__rosidl_typesupport_fastrtps_c__pyext
[20.413s] [100%] Built target nav_2d_msgs__rosidl_typesupport_c__pyext
[20.459s] Invoked command in '/home/ros2/Documents/fa_ROS2_ws/build/nav_2d_msgs' returned '0': CMAKE_PREFIX_PATH=${CMAKE_PREFIX_PATH}:/opt/ros/humble /usr/bin/cmake --build /home/ros2/Documents/fa_ROS2_ws/build/nav_2d_msgs -- -j8 -l8
[21.439s] Invoking command in '/home/ros2/Documents/fa_ROS2_ws/build/nav_2d_msgs': CMAKE_PREFIX_PATH=${CMAKE_PREFIX_PATH}:/opt/ros/humble /usr/bin/cmake --install /home/ros2/Documents/fa_ROS2_ws/build/nav_2d_msgs
[21.452s] -- Install configuration: ""
[21.452s] -- Execute custom install script
[21.453s] -- Symlinking: /home/ros2/Documents/fa_ROS2_ws/install/nav_2d_msgs/share/ament_index/resource_index/rosidl_interfaces/nav_2d_msgs
[21.477s] -- Symlinking: /home/ros2/Documents/fa_ROS2_ws/install/nav_2d_msgs/include/nav_2d_msgs/nav_2d_msgs/msg/detail/path2_d__functions.h
[21.502s] -- Symlinking: /home/ros2/Documents/fa_ROS2_ws/install/nav_2d_msgs/include/nav_2d_msgs/nav_2d_msgs/msg/detail/path2_d__struct.h
[21.542s] -- Symlinking: /home/ros2/Documents/fa_ROS2_ws/install/nav_2d_msgs/include/nav_2d_msgs/nav_2d_msgs/msg/detail/path2_d__type_support.h
[21.557s] -- Symlinking: /home/ros2/Documents/fa_ROS2_ws/install/nav_2d_msgs/include/nav_2d_msgs/nav_2d_msgs/msg/detail/pose2_d32__functions.h
[21.584s] -- Symlinking: /home/ros2/Documents/fa_ROS2_ws/install/nav_2d_msgs/include/nav_2d_msgs/nav_2d_msgs/msg/detail/pose2_d32__struct.h
[21.602s] -- Symlinking: /home/ros2/Documents/fa_ROS2_ws/install/nav_2d_msgs/include/nav_2d_msgs/nav_2d_msgs/msg/detail/pose2_d32__type_support.h
[21.641s] -- Symlinking: /home/ros2/Documents/fa_ROS2_ws/install/nav_2d_msgs/include/nav_2d_msgs/nav_2d_msgs/msg/detail/pose2_d_stamped__functions.h
[21.676s] -- Symlinking: /home/ros2/Documents/fa_ROS2_ws/install/nav_2d_msgs/include/nav_2d_msgs/nav_2d_msgs/msg/detail/pose2_d_stamped__struct.h
[21.719s] -- Symlinking: /home/ros2/Documents/fa_ROS2_ws/install/nav_2d_msgs/include/nav_2d_msgs/nav_2d_msgs/msg/detail/pose2_d_stamped__type_support.h
[21.740s] -- Symlinking: /home/ros2/Documents/fa_ROS2_ws/install/nav_2d_msgs/include/nav_2d_msgs/nav_2d_msgs/msg/detail/twist2_d32__functions.h
[21.777s] -- Symlinking: /home/ros2/Documents/fa_ROS2_ws/install/nav_2d_msgs/include/nav_2d_msgs/nav_2d_msgs/msg/detail/twist2_d32__struct.h
[21.825s] -- Symlinking: /home/ros2/Documents/fa_ROS2_ws/install/nav_2d_msgs/include/nav_2d_msgs/nav_2d_msgs/msg/detail/twist2_d32__type_support.h
[21.866s] -- Symlinking: /home/ros2/Documents/fa_ROS2_ws/install/nav_2d_msgs/include/nav_2d_msgs/nav_2d_msgs/msg/detail/twist2_d__functions.h
[21.892s] -- Symlinking: /home/ros2/Documents/fa_ROS2_ws/install/nav_2d_msgs/include/nav_2d_msgs/nav_2d_msgs/msg/detail/twist2_d__struct.h
[21.921s] -- Symlinking: /home/ros2/Documents/fa_ROS2_ws/install/nav_2d_msgs/include/nav_2d_msgs/nav_2d_msgs/msg/detail/twist2_d__type_support.h
[21.963s] -- Symlinking: /home/ros2/Documents/fa_ROS2_ws/install/nav_2d_msgs/include/nav_2d_msgs/nav_2d_msgs/msg/detail/twist2_d_stamped__functions.h
[21.995s] -- Symlinking: /home/ros2/Documents/fa_ROS2_ws/install/nav_2d_msgs/include/nav_2d_msgs/nav_2d_msgs/msg/detail/twist2_d_stamped__struct.h
[22.021s] -- Symlinking: /home/ros2/Documents/fa_ROS2_ws/install/nav_2d_msgs/include/nav_2d_msgs/nav_2d_msgs/msg/detail/twist2_d_stamped__type_support.h
[22.054s] -- Symlinking: /home/ros2/Documents/fa_ROS2_ws/install/nav_2d_msgs/include/nav_2d_msgs/nav_2d_msgs/msg/path2_d.h
[22.085s] -- Symlinking: /home/ros2/Documents/fa_ROS2_ws/install/nav_2d_msgs/include/nav_2d_msgs/nav_2d_msgs/msg/pose2_d32.h
[22.130s] -- Symlinking: /home/ros2/Documents/fa_ROS2_ws/install/nav_2d_msgs/include/nav_2d_msgs/nav_2d_msgs/msg/pose2_d_stamped.h
[22.167s] -- Symlinking: /home/ros2/Documents/fa_ROS2_ws/install/nav_2d_msgs/include/nav_2d_msgs/nav_2d_msgs/msg/rosidl_generator_c__visibility_control.h
[22.202s] -- Symlinking: /home/ros2/Documents/fa_ROS2_ws/install/nav_2d_msgs/include/nav_2d_msgs/nav_2d_msgs/msg/twist2_d.h
[22.225s] -- Symlinking: /home/ros2/Documents/fa_ROS2_ws/install/nav_2d_msgs/include/nav_2d_msgs/nav_2d_msgs/msg/twist2_d32.h
[22.256s] -- Symlinking: /home/ros2/Documents/fa_ROS2_ws/install/nav_2d_msgs/include/nav_2d_msgs/nav_2d_msgs/msg/twist2_d_stamped.h
[22.280s] -- Symlinking: /home/ros2/Documents/fa_ROS2_ws/install/nav_2d_msgs/share/nav_2d_msgs/environment/library_path.sh
[22.306s] -- Symlinking: /home/ros2/Documents/fa_ROS2_ws/install/nav_2d_msgs/share/nav_2d_msgs/environment/library_path.dsv
[22.330s] -- Symlinking: /home/ros2/Documents/fa_ROS2_ws/install/nav_2d_msgs/include/nav_2d_msgs/nav_2d_msgs/msg/detail/path2_d__rosidl_typesupport_fastrtps_c.h
[22.385s] -- Symlinking: /home/ros2/Documents/fa_ROS2_ws/install/nav_2d_msgs/include/nav_2d_msgs/nav_2d_msgs/msg/detail/pose2_d32__rosidl_typesupport_fastrtps_c.h
[22.398s] -- Symlinking: /home/ros2/Documents/fa_ROS2_ws/install/nav_2d_msgs/include/nav_2d_msgs/nav_2d_msgs/msg/detail/pose2_d_stamped__rosidl_typesupport_fastrtps_c.h
[22.422s] -- Symlinking: /home/ros2/Documents/fa_ROS2_ws/install/nav_2d_msgs/include/nav_2d_msgs/nav_2d_msgs/msg/detail/twist2_d32__rosidl_typesupport_fastrtps_c.h
[22.458s] -- Symlinking: /home/ros2/Documents/fa_ROS2_ws/install/nav_2d_msgs/include/nav_2d_msgs/nav_2d_msgs/msg/detail/twist2_d__rosidl_typesupport_fastrtps_c.h
[22.518s] -- Symlinking: /home/ros2/Documents/fa_ROS2_ws/install/nav_2d_msgs/include/nav_2d_msgs/nav_2d_msgs/msg/detail/twist2_d_stamped__rosidl_typesupport_fastrtps_c.h
[22.537s] -- Symlinking: /home/ros2/Documents/fa_ROS2_ws/install/nav_2d_msgs/include/nav_2d_msgs/nav_2d_msgs/msg/rosidl_typesupport_fastrtps_c__visibility_control.h
[22.561s] -- Symlinking: /home/ros2/Documents/fa_ROS2_ws/install/nav_2d_msgs/include/nav_2d_msgs/nav_2d_msgs/msg/detail/path2_d__builder.hpp
[22.612s] -- Symlinking: /home/ros2/Documents/fa_ROS2_ws/install/nav_2d_msgs/include/nav_2d_msgs/nav_2d_msgs/msg/detail/path2_d__struct.hpp
[22.661s] -- Symlinking: /home/ros2/Documents/fa_ROS2_ws/install/nav_2d_msgs/include/nav_2d_msgs/nav_2d_msgs/msg/detail/path2_d__traits.hpp
[22.695s] -- Symlinking: /home/ros2/Documents/fa_ROS2_ws/install/nav_2d_msgs/include/nav_2d_msgs/nav_2d_msgs/msg/detail/pose2_d32__builder.hpp
[22.756s] -- Symlinking: /home/ros2/Documents/fa_ROS2_ws/install/nav_2d_msgs/include/nav_2d_msgs/nav_2d_msgs/msg/detail/pose2_d32__struct.hpp
[22.774s] -- Symlinking: /home/ros2/Documents/fa_ROS2_ws/install/nav_2d_msgs/include/nav_2d_msgs/nav_2d_msgs/msg/detail/pose2_d32__traits.hpp
[22.796s] -- Symlinking: /home/ros2/Documents/fa_ROS2_ws/install/nav_2d_msgs/include/nav_2d_msgs/nav_2d_msgs/msg/detail/pose2_d_stamped__builder.hpp
[22.815s] -- Symlinking: /home/ros2/Documents/fa_ROS2_ws/install/nav_2d_msgs/include/nav_2d_msgs/nav_2d_msgs/msg/detail/pose2_d_stamped__struct.hpp
[22.835s] -- Symlinking: /home/ros2/Documents/fa_ROS2_ws/install/nav_2d_msgs/include/nav_2d_msgs/nav_2d_msgs/msg/detail/pose2_d_stamped__traits.hpp
[22.865s] -- Symlinking: /home/ros2/Documents/fa_ROS2_ws/install/nav_2d_msgs/include/nav_2d_msgs/nav_2d_msgs/msg/detail/twist2_d32__builder.hpp
[22.894s] -- Symlinking: /home/ros2/Documents/fa_ROS2_ws/install/nav_2d_msgs/include/nav_2d_msgs/nav_2d_msgs/msg/detail/twist2_d32__struct.hpp
[22.928s] -- Symlinking: /home/ros2/Documents/fa_ROS2_ws/install/nav_2d_msgs/include/nav_2d_msgs/nav_2d_msgs/msg/detail/twist2_d32__traits.hpp
[22.978s] -- Symlinking: /home/ros2/Documents/fa_ROS2_ws/install/nav_2d_msgs/include/nav_2d_msgs/nav_2d_msgs/msg/detail/twist2_d__builder.hpp
[23.012s] -- Symlinking: /home/ros2/Documents/fa_ROS2_ws/install/nav_2d_msgs/include/nav_2d_msgs/nav_2d_msgs/msg/detail/twist2_d__struct.hpp
[23.035s] -- Symlinking: /home/ros2/Documents/fa_ROS2_ws/install/nav_2d_msgs/include/nav_2d_msgs/nav_2d_msgs/msg/detail/twist2_d__traits.hpp
[23.075s] -- Symlinking: /home/ros2/Documents/fa_ROS2_ws/install/nav_2d_msgs/include/nav_2d_msgs/nav_2d_msgs/msg/detail/twist2_d_stamped__builder.hpp
[23.101s] -- Symlinking: /home/ros2/Documents/fa_ROS2_ws/install/nav_2d_msgs/include/nav_2d_msgs/nav_2d_msgs/msg/detail/twist2_d_stamped__struct.hpp
[23.144s] -- Symlinking: /home/ros2/Documents/fa_ROS2_ws/install/nav_2d_msgs/include/nav_2d_msgs/nav_2d_msgs/msg/detail/twist2_d_stamped__traits.hpp
[23.173s] -- Symlinking: /home/ros2/Documents/fa_ROS2_ws/install/nav_2d_msgs/include/nav_2d_msgs/nav_2d_msgs/msg/path2_d.hpp
[23.197s] -- Symlinking: /home/ros2/Documents/fa_ROS2_ws/install/nav_2d_msgs/include/nav_2d_msgs/nav_2d_msgs/msg/pose2_d32.hpp
[23.236s] -- Symlinking: /home/ros2/Documents/fa_ROS2_ws/install/nav_2d_msgs/include/nav_2d_msgs/nav_2d_msgs/msg/pose2_d_stamped.hpp
[23.265s] -- Symlinking: /home/ros2/Documents/fa_ROS2_ws/install/nav_2d_msgs/include/nav_2d_msgs/nav_2d_msgs/msg/twist2_d.hpp
[23.288s] -- Symlinking: /home/ros2/Documents/fa_ROS2_ws/install/nav_2d_msgs/include/nav_2d_msgs/nav_2d_msgs/msg/twist2_d32.hpp
[23.301s] -- Symlinking: /home/ros2/Documents/fa_ROS2_ws/install/nav_2d_msgs/include/nav_2d_msgs/nav_2d_msgs/msg/twist2_d_stamped.hpp
[23.355s] -- Symlinking: /home/ros2/Documents/fa_ROS2_ws/install/nav_2d_msgs/include/nav_2d_msgs/nav_2d_msgs/msg/detail/path2_d__rosidl_typesupport_fastrtps_cpp.hpp
[23.374s] -- Symlinking: /home/ros2/Documents/fa_ROS2_ws/install/nav_2d_msgs/include/nav_2d_msgs/nav_2d_msgs/msg/detail/pose2_d32__rosidl_typesupport_fastrtps_cpp.hpp
[23.405s] -- Symlinking: /home/ros2/Documents/fa_ROS2_ws/install/nav_2d_msgs/include/nav_2d_msgs/nav_2d_msgs/msg/detail/pose2_d_stamped__rosidl_typesupport_fastrtps_cpp.hpp
[23.421s] -- Symlinking: /home/ros2/Documents/fa_ROS2_ws/install/nav_2d_msgs/include/nav_2d_msgs/nav_2d_msgs/msg/detail/twist2_d32__rosidl_typesupport_fastrtps_cpp.hpp
[23.449s] -- Symlinking: /home/ros2/Documents/fa_ROS2_ws/install/nav_2d_msgs/include/nav_2d_msgs/nav_2d_msgs/msg/detail/twist2_d__rosidl_typesupport_fastrtps_cpp.hpp
[23.483s] -- Symlinking: /home/ros2/Documents/fa_ROS2_ws/install/nav_2d_msgs/include/nav_2d_msgs/nav_2d_msgs/msg/detail/twist2_d_stamped__rosidl_typesupport_fastrtps_cpp.hpp
[23.530s] -- Symlinking: /home/ros2/Documents/fa_ROS2_ws/install/nav_2d_msgs/include/nav_2d_msgs/nav_2d_msgs/msg/rosidl_typesupport_fastrtps_cpp__visibility_control.h
[23.562s] -- Symlinking: /home/ros2/Documents/fa_ROS2_ws/install/nav_2d_msgs/include/nav_2d_msgs/nav_2d_msgs/msg/detail/path2_d__rosidl_typesupport_introspection_c.h
[23.612s] -- Symlinking: /home/ros2/Documents/fa_ROS2_ws/install/nav_2d_msgs/include/nav_2d_msgs/nav_2d_msgs/msg/detail/pose2_d32__rosidl_typesupport_introspection_c.h
[23.654s] -- Symlinking: /home/ros2/Documents/fa_ROS2_ws/install/nav_2d_msgs/include/nav_2d_msgs/nav_2d_msgs/msg/detail/pose2_d_stamped__rosidl_typesupport_introspection_c.h
[23.693s] -- Symlinking: /home/ros2/Documents/fa_ROS2_ws/install/nav_2d_msgs/include/nav_2d_msgs/nav_2d_msgs/msg/detail/twist2_d32__rosidl_typesupport_introspection_c.h
[23.710s] -- Symlinking: /home/ros2/Documents/fa_ROS2_ws/install/nav_2d_msgs/include/nav_2d_msgs/nav_2d_msgs/msg/detail/twist2_d__rosidl_typesupport_introspection_c.h
[23.730s] -- Symlinking: /home/ros2/Documents/fa_ROS2_ws/install/nav_2d_msgs/include/nav_2d_msgs/nav_2d_msgs/msg/detail/twist2_d_stamped__rosidl_typesupport_introspection_c.h
[23.772s] -- Symlinking: /home/ros2/Documents/fa_ROS2_ws/install/nav_2d_msgs/include/nav_2d_msgs/nav_2d_msgs/msg/rosidl_typesupport_introspection_c__visibility_control.h
[23.805s] -- Symlinking: /home/ros2/Documents/fa_ROS2_ws/install/nav_2d_msgs/include/nav_2d_msgs/nav_2d_msgs/msg/detail/path2_d__rosidl_typesupport_introspection_cpp.hpp
[23.838s] -- Symlinking: /home/ros2/Documents/fa_ROS2_ws/install/nav_2d_msgs/include/nav_2d_msgs/nav_2d_msgs/msg/detail/pose2_d32__rosidl_typesupport_introspection_cpp.hpp
[23.869s] -- Symlinking: /home/ros2/Documents/fa_ROS2_ws/install/nav_2d_msgs/include/nav_2d_msgs/nav_2d_msgs/msg/detail/pose2_d_stamped__rosidl_typesupport_introspection_cpp.hpp
[23.891s] -- Symlinking: /home/ros2/Documents/fa_ROS2_ws/install/nav_2d_msgs/include/nav_2d_msgs/nav_2d_msgs/msg/detail/twist2_d32__rosidl_typesupport_introspection_cpp.hpp
[23.929s] -- Symlinking: /home/ros2/Documents/fa_ROS2_ws/install/nav_2d_msgs/include/nav_2d_msgs/nav_2d_msgs/msg/detail/twist2_d__rosidl_typesupport_introspection_cpp.hpp
[23.958s] -- Symlinking: /home/ros2/Documents/fa_ROS2_ws/install/nav_2d_msgs/include/nav_2d_msgs/nav_2d_msgs/msg/detail/twist2_d_stamped__rosidl_typesupport_introspection_cpp.hpp
[23.982s] -- Symlinking: /home/ros2/Documents/fa_ROS2_ws/install/nav_2d_msgs/share/nav_2d_msgs/environment/pythonpath.sh
[24.008s] -- Symlinking: /home/ros2/Documents/fa_ROS2_ws/install/nav_2d_msgs/share/nav_2d_msgs/environment/pythonpath.dsv
[24.029s] -- Symlinking: /home/ros2/Documents/fa_ROS2_ws/install/nav_2d_msgs/local/lib/python3.10/dist-packages/nav_2d_msgs-1.1.17-py3.10.egg-info/PKG-INFO
[24.065s] -- Symlinking: /home/ros2/Documents/fa_ROS2_ws/install/nav_2d_msgs/local/lib/python3.10/dist-packages/nav_2d_msgs-1.1.17-py3.10.egg-info/SOURCES.txt
[24.086s] -- Symlinking: /home/ros2/Documents/fa_ROS2_ws/install/nav_2d_msgs/local/lib/python3.10/dist-packages/nav_2d_msgs-1.1.17-py3.10.egg-info/dependency_links.txt
[24.115s] -- Symlinking: /home/ros2/Documents/fa_ROS2_ws/install/nav_2d_msgs/local/lib/python3.10/dist-packages/nav_2d_msgs-1.1.17-py3.10.egg-info/top_level.txt
[24.161s] -- Symlinking: /home/ros2/Documents/fa_ROS2_ws/install/nav_2d_msgs/local/lib/python3.10/dist-packages/nav_2d_msgs/__init__.py
[24.183s] -- Symlinking: /home/ros2/Documents/fa_ROS2_ws/install/nav_2d_msgs/local/lib/python3.10/dist-packages/nav_2d_msgs/_nav_2d_msgs_s.ep.rosidl_typesupport_c.c
[24.208s] -- Symlinking: /home/ros2/Documents/fa_ROS2_ws/install/nav_2d_msgs/local/lib/python3.10/dist-packages/nav_2d_msgs/_nav_2d_msgs_s.ep.rosidl_typesupport_fastrtps_c.c
[24.257s] -- Symlinking: /home/ros2/Documents/fa_ROS2_ws/install/nav_2d_msgs/local/lib/python3.10/dist-packages/nav_2d_msgs/_nav_2d_msgs_s.ep.rosidl_typesupport_introspection_c.c
[24.292s] -- Symlinking: /home/ros2/Documents/fa_ROS2_ws/install/nav_2d_msgs/local/lib/python3.10/dist-packages/nav_2d_msgs/libnav_2d_msgs__rosidl_generator_py.so
[24.354s] -- Symlinking: /home/ros2/Documents/fa_ROS2_ws/install/nav_2d_msgs/local/lib/python3.10/dist-packages/nav_2d_msgs/msg/__init__.py
[24.379s] -- Symlinking: /home/ros2/Documents/fa_ROS2_ws/install/nav_2d_msgs/local/lib/python3.10/dist-packages/nav_2d_msgs/msg/_path2_d.py
[24.410s] -- Symlinking: /home/ros2/Documents/fa_ROS2_ws/install/nav_2d_msgs/local/lib/python3.10/dist-packages/nav_2d_msgs/msg/_path2_d_s.c
[24.432s] -- Symlinking: /home/ros2/Documents/fa_ROS2_ws/install/nav_2d_msgs/local/lib/python3.10/dist-packages/nav_2d_msgs/msg/_pose2_d32.py
[24.476s] -- Symlinking: /home/ros2/Documents/fa_ROS2_ws/install/nav_2d_msgs/local/lib/python3.10/dist-packages/nav_2d_msgs/msg/_pose2_d32_s.c
[24.488s] -- Symlinking: /home/ros2/Documents/fa_ROS2_ws/install/nav_2d_msgs/local/lib/python3.10/dist-packages/nav_2d_msgs/msg/_pose2_d_stamped.py
[24.508s] -- Symlinking: /home/ros2/Documents/fa_ROS2_ws/install/nav_2d_msgs/local/lib/python3.10/dist-packages/nav_2d_msgs/msg/_pose2_d_stamped_s.c
[24.540s] -- Symlinking: /home/ros2/Documents/fa_ROS2_ws/install/nav_2d_msgs/local/lib/python3.10/dist-packages/nav_2d_msgs/msg/_twist2_d.py
[24.572s] -- Symlinking: /home/ros2/Documents/fa_ROS2_ws/install/nav_2d_msgs/local/lib/python3.10/dist-packages/nav_2d_msgs/msg/_twist2_d32.py
[24.592s] -- Symlinking: /home/ros2/Documents/fa_ROS2_ws/install/nav_2d_msgs/local/lib/python3.10/dist-packages/nav_2d_msgs/msg/_twist2_d32_s.c
[24.618s] -- Symlinking: /home/ros2/Documents/fa_ROS2_ws/install/nav_2d_msgs/local/lib/python3.10/dist-packages/nav_2d_msgs/msg/_twist2_d_s.c
[24.652s] -- Symlinking: /home/ros2/Documents/fa_ROS2_ws/install/nav_2d_msgs/local/lib/python3.10/dist-packages/nav_2d_msgs/msg/_twist2_d_stamped.py
[24.691s] -- Symlinking: /home/ros2/Documents/fa_ROS2_ws/install/nav_2d_msgs/local/lib/python3.10/dist-packages/nav_2d_msgs/msg/_twist2_d_stamped_s.c
[24.787s] -- Symlinking: /home/ros2/Documents/fa_ROS2_ws/install/nav_2d_msgs/local/lib/python3.10/dist-packages/nav_2d_msgs/nav_2d_msgs_s__rosidl_typesupport_c.cpython-310-x86_64-linux-gnu.so
[24.883s] -- Symlinking: /home/ros2/Documents/fa_ROS2_ws/install/nav_2d_msgs/local/lib/python3.10/dist-packages/nav_2d_msgs/nav_2d_msgs_s__rosidl_typesupport_fastrtps_c.cpython-310-x86_64-linux-gnu.so
[24.967s] -- Symlinking: /home/ros2/Documents/fa_ROS2_ws/install/nav_2d_msgs/local/lib/python3.10/dist-packages/nav_2d_msgs/nav_2d_msgs_s__rosidl_typesupport_introspection_c.cpython-310-x86_64-linux-gnu.so
[25.064s] -- Up-to-date symlink: /home/ros2/Documents/fa_ROS2_ws/install/nav_2d_msgs/local/lib/python3.10/dist-packages/nav_2d_msgs/nav_2d_msgs_s__rosidl_typesupport_fastrtps_c.cpython-310-x86_64-linux-gnu.so
[25.067s] -- Up-to-date symlink: /home/ros2/Documents/fa_ROS2_ws/install/nav_2d_msgs/local/lib/python3.10/dist-packages/nav_2d_msgs/nav_2d_msgs_s__rosidl_typesupport_introspection_c.cpython-310-x86_64-linux-gnu.so
[25.068s] -- Up-to-date symlink: /home/ros2/Documents/fa_ROS2_ws/install/nav_2d_msgs/local/lib/python3.10/dist-packages/nav_2d_msgs/nav_2d_msgs_s__rosidl_typesupport_c.cpython-310-x86_64-linux-gnu.so
[25.069s] -- Symlinking: /home/ros2/Documents/fa_ROS2_ws/install/nav_2d_msgs/share/nav_2d_msgs/msg/Path2D.idl
[25.189s] -- Symlinking: /home/ros2/Documents/fa_ROS2_ws/install/nav_2d_msgs/share/nav_2d_msgs/msg/Pose2D32.idl
[25.343s] -- Symlinking: /home/ros2/Documents/fa_ROS2_ws/install/nav_2d_msgs/share/nav_2d_msgs/msg/Pose2DStamped.idl
[25.504s] -- Symlinking: /home/ros2/Documents/fa_ROS2_ws/install/nav_2d_msgs/share/nav_2d_msgs/msg/Twist2D.idl
[25.653s] -- Symlinking: /home/ros2/Documents/fa_ROS2_ws/install/nav_2d_msgs/share/nav_2d_msgs/msg/Twist2D32.idl
[25.799s] -- Symlinking: /home/ros2/Documents/fa_ROS2_ws/install/nav_2d_msgs/share/nav_2d_msgs/msg/Twist2DStamped.idl
[25.990s] -- Symlinking: /home/ros2/Documents/fa_ROS2_ws/install/nav_2d_msgs/share/nav_2d_msgs/msg/Path2D.msg
[26.238s] -- Symlinking: /home/ros2/Documents/fa_ROS2_ws/install/nav_2d_msgs/share/nav_2d_msgs/msg/Pose2D32.msg
[26.435s] -- Symlinking: /home/ros2/Documents/fa_ROS2_ws/install/nav_2d_msgs/share/nav_2d_msgs/msg/Pose2DStamped.msg
[26.612s] -- Symlinking: /home/ros2/Documents/fa_ROS2_ws/install/nav_2d_msgs/share/nav_2d_msgs/msg/Twist2D.msg
[26.744s] -- Symlinking: /home/ros2/Documents/fa_ROS2_ws/install/nav_2d_msgs/share/nav_2d_msgs/msg/Twist2D32.msg
[26.829s] -- Symlinking: /home/ros2/Documents/fa_ROS2_ws/install/nav_2d_msgs/share/nav_2d_msgs/msg/Twist2DStamped.msg
[26.985s] -- Symlinking: /home/ros2/Documents/fa_ROS2_ws/install/nav_2d_msgs/share/ament_index/resource_index/package_run_dependencies/nav_2d_msgs
[27.094s] -- Symlinking: /home/ros2/Documents/fa_ROS2_ws/install/nav_2d_msgs/share/ament_index/resource_index/parent_prefix_path/nav_2d_msgs
[27.259s] -- Symlinking: /home/ros2/Documents/fa_ROS2_ws/install/nav_2d_msgs/share/nav_2d_msgs/environment/ament_prefix_path.sh
[27.405s] -- Symlinking: /home/ros2/Documents/fa_ROS2_ws/install/nav_2d_msgs/share/nav_2d_msgs/environment/ament_prefix_path.dsv
[27.450s] -- Symlinking: /home/ros2/Documents/fa_ROS2_ws/install/nav_2d_msgs/share/nav_2d_msgs/environment/path.sh
[27.539s] -- Symlinking: /home/ros2/Documents/fa_ROS2_ws/install/nav_2d_msgs/share/nav_2d_msgs/environment/path.dsv
[27.607s] -- Symlinking: /home/ros2/Documents/fa_ROS2_ws/install/nav_2d_msgs/share/nav_2d_msgs/local_setup.bash
[27.678s] -- Symlinking: /home/ros2/Documents/fa_ROS2_ws/install/nav_2d_msgs/share/nav_2d_msgs/local_setup.sh
[27.751s] -- Symlinking: /home/ros2/Documents/fa_ROS2_ws/install/nav_2d_msgs/share/nav_2d_msgs/local_setup.zsh
[27.880s] -- Symlinking: /home/ros2/Documents/fa_ROS2_ws/install/nav_2d_msgs/share/nav_2d_msgs/local_setup.dsv
[27.941s] -- Symlinking: /home/ros2/Documents/fa_ROS2_ws/install/nav_2d_msgs/share/nav_2d_msgs/package.dsv
[28.011s] -- Symlinking: /home/ros2/Documents/fa_ROS2_ws/install/nav_2d_msgs/share/ament_index/resource_index/packages/nav_2d_msgs
[28.121s] -- Symlinking: /home/ros2/Documents/fa_ROS2_ws/install/nav_2d_msgs/share/nav_2d_msgs/cmake/rosidl_cmake-extras.cmake
[28.216s] -- Symlinking: /home/ros2/Documents/fa_ROS2_ws/install/nav_2d_msgs/share/nav_2d_msgs/cmake/ament_cmake_export_dependencies-extras.cmake
[28.329s] -- Symlinking: /home/ros2/Documents/fa_ROS2_ws/install/nav_2d_msgs/share/nav_2d_msgs/cmake/ament_cmake_export_include_directories-extras.cmake
[28.425s] -- Symlinking: /home/ros2/Documents/fa_ROS2_ws/install/nav_2d_msgs/share/nav_2d_msgs/cmake/ament_cmake_export_libraries-extras.cmake
[28.517s] -- Symlinking: /home/ros2/Documents/fa_ROS2_ws/install/nav_2d_msgs/share/nav_2d_msgs/cmake/ament_cmake_export_targets-extras.cmake
[28.601s] -- Symlinking: /home/ros2/Documents/fa_ROS2_ws/install/nav_2d_msgs/share/nav_2d_msgs/cmake/rosidl_cmake_export_typesupport_targets-extras.cmake
[28.633s] -- Symlinking: /home/ros2/Documents/fa_ROS2_ws/install/nav_2d_msgs/share/nav_2d_msgs/cmake/rosidl_cmake_export_typesupport_libraries-extras.cmake
[28.684s] -- Symlinking: /home/ros2/Documents/fa_ROS2_ws/install/nav_2d_msgs/share/nav_2d_msgs/cmake/nav_2d_msgsConfig.cmake
[28.713s] -- Symlinking: /home/ros2/Documents/fa_ROS2_ws/install/nav_2d_msgs/share/nav_2d_msgs/cmake/nav_2d_msgsConfig-version.cmake
[28.730s] -- Symlinking: /home/ros2/Documents/fa_ROS2_ws/install/nav_2d_msgs/share/nav_2d_msgs/package.xml
[28.752s] -- Installing: /home/ros2/Documents/fa_ROS2_ws/install/nav_2d_msgs/lib/libnav_2d_msgs__rosidl_generator_c.so
[28.753s] -- Set runtime path of "/home/ros2/Documents/fa_ROS2_ws/install/nav_2d_msgs/lib/libnav_2d_msgs__rosidl_generator_c.so" to ""
[28.753s] -- Installing: /home/ros2/Documents/fa_ROS2_ws/install/nav_2d_msgs/lib/libnav_2d_msgs__rosidl_typesupport_fastrtps_c.so
[28.755s] -- Set runtime path of "/home/ros2/Documents/fa_ROS2_ws/install/nav_2d_msgs/lib/libnav_2d_msgs__rosidl_typesupport_fastrtps_c.so" to ""
[28.757s] -- Installing: /home/ros2/Documents/fa_ROS2_ws/install/nav_2d_msgs/lib/libnav_2d_msgs__rosidl_typesupport_fastrtps_cpp.so
[28.766s] -- Set runtime path of "/home/ros2/Documents/fa_ROS2_ws/install/nav_2d_msgs/lib/libnav_2d_msgs__rosidl_typesupport_fastrtps_cpp.so" to ""
[28.766s] -- Installing: /home/ros2/Documents/fa_ROS2_ws/install/nav_2d_msgs/lib/libnav_2d_msgs__rosidl_typesupport_introspection_c.so
[28.766s] -- Set runtime path of "/home/ros2/Documents/fa_ROS2_ws/install/nav_2d_msgs/lib/libnav_2d_msgs__rosidl_typesupport_introspection_c.so" to ""
[28.766s] -- Installing: /home/ros2/Documents/fa_ROS2_ws/install/nav_2d_msgs/lib/libnav_2d_msgs__rosidl_typesupport_c.so
[28.766s] -- Set runtime path of "/home/ros2/Documents/fa_ROS2_ws/install/nav_2d_msgs/lib/libnav_2d_msgs__rosidl_typesupport_c.so" to ""
[28.766s] -- Installing: /home/ros2/Documents/fa_ROS2_ws/install/nav_2d_msgs/lib/libnav_2d_msgs__rosidl_typesupport_introspection_cpp.so
[28.767s] -- Set runtime path of "/home/ros2/Documents/fa_ROS2_ws/install/nav_2d_msgs/lib/libnav_2d_msgs__rosidl_typesupport_introspection_cpp.so" to ""
[28.767s] -- Installing: /home/ros2/Documents/fa_ROS2_ws/install/nav_2d_msgs/lib/libnav_2d_msgs__rosidl_typesupport_cpp.so
[28.767s] -- Set runtime path of "/home/ros2/Documents/fa_ROS2_ws/install/nav_2d_msgs/lib/libnav_2d_msgs__rosidl_typesupport_cpp.so" to ""
[28.833s] Listing '/home/ros2/Documents/fa_ROS2_ws/install/nav_2d_msgs/local/lib/python3.10/dist-packages/nav_2d_msgs'...
[28.833s] Compiling '/home/ros2/Documents/fa_ROS2_ws/install/nav_2d_msgs/local/lib/python3.10/dist-packages/nav_2d_msgs/__init__.py'...
[28.833s] Listing '/home/ros2/Documents/fa_ROS2_ws/install/nav_2d_msgs/local/lib/python3.10/dist-packages/nav_2d_msgs/msg'...
[28.833s] Compiling '/home/ros2/Documents/fa_ROS2_ws/install/nav_2d_msgs/local/lib/python3.10/dist-packages/nav_2d_msgs/msg/__init__.py'...
[28.833s] Compiling '/home/ros2/Documents/fa_ROS2_ws/install/nav_2d_msgs/local/lib/python3.10/dist-packages/nav_2d_msgs/msg/_path2_d.py'...
[28.833s] Compiling '/home/ros2/Documents/fa_ROS2_ws/install/nav_2d_msgs/local/lib/python3.10/dist-packages/nav_2d_msgs/msg/_pose2_d32.py'...
[28.833s] Compiling '/home/ros2/Documents/fa_ROS2_ws/install/nav_2d_msgs/local/lib/python3.10/dist-packages/nav_2d_msgs/msg/_pose2_d_stamped.py'...
[28.833s] Compiling '/home/ros2/Documents/fa_ROS2_ws/install/nav_2d_msgs/local/lib/python3.10/dist-packages/nav_2d_msgs/msg/_twist2_d.py'...
[28.833s] Compiling '/home/ros2/Documents/fa_ROS2_ws/install/nav_2d_msgs/local/lib/python3.10/dist-packages/nav_2d_msgs/msg/_twist2_d32.py'...
[28.834s] Compiling '/home/ros2/Documents/fa_ROS2_ws/install/nav_2d_msgs/local/lib/python3.10/dist-packages/nav_2d_msgs/msg/_twist2_d_stamped.py'...
[28.846s] -- Installing: /home/ros2/Documents/fa_ROS2_ws/install/nav_2d_msgs/lib/libnav_2d_msgs__rosidl_generator_py.so
[28.846s] -- Set runtime path of "/home/ros2/Documents/fa_ROS2_ws/install/nav_2d_msgs/lib/libnav_2d_msgs__rosidl_generator_py.so" to ""
[28.846s] -- Installing: /home/ros2/Documents/fa_ROS2_ws/install/nav_2d_msgs/share/nav_2d_msgs/cmake/export_nav_2d_msgs__rosidl_generator_cExport.cmake
[28.846s] -- Installing: /home/ros2/Documents/fa_ROS2_ws/install/nav_2d_msgs/share/nav_2d_msgs/cmake/export_nav_2d_msgs__rosidl_generator_cExport-noconfig.cmake
[28.846s] -- Installing: /home/ros2/Documents/fa_ROS2_ws/install/nav_2d_msgs/share/nav_2d_msgs/cmake/export_nav_2d_msgs__rosidl_typesupport_fastrtps_cExport.cmake
[28.846s] -- Installing: /home/ros2/Documents/fa_ROS2_ws/install/nav_2d_msgs/share/nav_2d_msgs/cmake/export_nav_2d_msgs__rosidl_typesupport_fastrtps_cExport-noconfig.cmake
[28.846s] -- Installing: /home/ros2/Documents/fa_ROS2_ws/install/nav_2d_msgs/share/nav_2d_msgs/cmake/export_nav_2d_msgs__rosidl_generator_cppExport.cmake
[28.846s] -- Installing: /home/ros2/Documents/fa_ROS2_ws/install/nav_2d_msgs/share/nav_2d_msgs/cmake/export_nav_2d_msgs__rosidl_typesupport_fastrtps_cppExport.cmake
[28.847s] -- Installing: /home/ros2/Documents/fa_ROS2_ws/install/nav_2d_msgs/share/nav_2d_msgs/cmake/export_nav_2d_msgs__rosidl_typesupport_fastrtps_cppExport-noconfig.cmake
[28.847s] -- Installing: /home/ros2/Documents/fa_ROS2_ws/install/nav_2d_msgs/share/nav_2d_msgs/cmake/nav_2d_msgs__rosidl_typesupport_introspection_cExport.cmake
[28.847s] -- Installing: /home/ros2/Documents/fa_ROS2_ws/install/nav_2d_msgs/share/nav_2d_msgs/cmake/nav_2d_msgs__rosidl_typesupport_introspection_cExport-noconfig.cmake
[28.847s] -- Installing: /home/ros2/Documents/fa_ROS2_ws/install/nav_2d_msgs/share/nav_2d_msgs/cmake/nav_2d_msgs__rosidl_typesupport_cExport.cmake
[28.847s] -- Installing: /home/ros2/Documents/fa_ROS2_ws/install/nav_2d_msgs/share/nav_2d_msgs/cmake/nav_2d_msgs__rosidl_typesupport_cExport-noconfig.cmake
[28.847s] -- Installing: /home/ros2/Documents/fa_ROS2_ws/install/nav_2d_msgs/share/nav_2d_msgs/cmake/nav_2d_msgs__rosidl_typesupport_introspection_cppExport.cmake
[28.848s] -- Installing: /home/ros2/Documents/fa_ROS2_ws/install/nav_2d_msgs/share/nav_2d_msgs/cmake/nav_2d_msgs__rosidl_typesupport_introspection_cppExport-noconfig.cmake
[28.848s] -- Installing: /home/ros2/Documents/fa_ROS2_ws/install/nav_2d_msgs/share/nav_2d_msgs/cmake/nav_2d_msgs__rosidl_typesupport_cppExport.cmake
[28.848s] -- Installing: /home/ros2/Documents/fa_ROS2_ws/install/nav_2d_msgs/share/nav_2d_msgs/cmake/nav_2d_msgs__rosidl_typesupport_cppExport-noconfig.cmake
[28.848s] -- Installing: /home/ros2/Documents/fa_ROS2_ws/install/nav_2d_msgs/share/nav_2d_msgs/cmake/export_nav_2d_msgs__rosidl_generator_pyExport.cmake
[28.855s] -- Installing: /home/ros2/Documents/fa_ROS2_ws/install/nav_2d_msgs/share/nav_2d_msgs/cmake/export_nav_2d_msgs__rosidl_generator_pyExport-noconfig.cmake
[28.861s] Invoked command in '/home/ros2/Documents/fa_ROS2_ws/build/nav_2d_msgs' returned '0': CMAKE_PREFIX_PATH=${CMAKE_PREFIX_PATH}:/opt/ros/humble /usr/bin/cmake --install /home/ros2/Documents/fa_ROS2_ws/build/nav_2d_msgs
