[0.061s] Invoking command in '/home/ros2/Documents/fa_ROS2_ws/build/car_gazebo_plugin': CMAKE_PREFIX_PATH=/home/ros2/Documents/fa_ROS2_ws/install/smartcar_msgs:/home/ros2/Documents/fa_ROS2_ws/install/ackermann_msgs:/home/ros2/Documents/fa_ROS2_ws/install/smart_car:/home/ros2/Documents/fa_ROS2_ws/install/car_gazebo_plugin:/opt/ros/humble LD_LIBRARY_PATH=/home/ros2/Documents/fa_ROS2_ws/install/smartcar_msgs/lib:/home/ros2/Documents/fa_ROS2_ws/install/ackermann_msgs/lib:/home/ros2/Documents/fa_ROS2_ws/install/car_gazebo_plugin/lib:/usr/lib/x86_64-linux-gnu/gazebo-11/plugins:/opt/ros/humble/opt/rviz_ogre_vendor/lib:/opt/ros/humble/lib/x86_64-linux-gnu:/opt/ros/humble/lib:/tmp/.mount_cursorflfrK2/usr/lib:/usr/lib/x86_64-linux-gnu/gazebo-11/plugins:/usr/lib/x86_64-linux-gnu/gazebo-11/plugins:/usr/lib/x86_64-linux-gnu/gazebo-11/plugins /usr/bin/cmake /home/ros2/Documents/fa_ROS2_ws/src/car_gazebo_plugin -DAMENT_CMAKE_SYMLINK_INSTALL=1 -DCMAKE_INSTALL_PREFIX=/home/ros2/Documents/fa_ROS2_ws/install/car_gazebo_plugin
[0.307s] -- The C compiler identification is GNU 11.4.0
[0.462s] -- The CXX compiler identification is GNU 11.4.0
[0.493s] -- Detecting C compiler ABI info
[0.731s] -- Detecting C compiler ABI info - done
[0.752s] -- Check for working C compiler: /usr/lib/ccache/gcc - skipped
[0.753s] -- Detecting C compile features
[0.755s] -- Detecting C compile features - done
[0.763s] -- Detecting CXX compiler ABI info
[0.964s] -- Detecting CXX compiler ABI info - done
[0.977s] -- Check for working CXX compiler: /usr/lib/ccache/g++ - skipped
[0.977s] -- Detecting CXX compile features
[0.978s] -- Detecting CXX compile features - done
[0.999s] [33mCMake Warning (dev) at /usr/share/cmake-3.22/Modules/FindPackageHandleStandardArgs.cmake:438 (message):
[0.999s]   The package name passed to `find_package_handle_standard_args` (PkgConfig)
[0.999s]   does not match the name of the calling package (gazebo).  This can lead to
[1.000s]   problems in calling code that expects `find_package` result variables
[1.000s]   (e.g., `_FOUND`) to follow a certain pattern.
[1.000s] Call Stack (most recent call first):
[1.000s]   /usr/share/cmake-3.22/Modules/FindPkgConfig.cmake:99 (find_package_handle_standard_args)
[1.000s]   /usr/lib/x86_64-linux-gnu/cmake/gazebo/gazebo-config.cmake:72 (include)
[1.000s]   CMakeLists.txt:14 (find_package)
[1.000s] This warning is for project developers.  Use -Wno-dev to suppress it.
[1.000s] [0m
[1.023s] -- Found PkgConfig: /usr/bin/pkg-config (found version "0.29.2") 
[1.023s] -- Checking for module 'bullet>=2.82'
[1.048s] --   Found bullet, version 3.05
[1.416s] -- Found fcl: /usr/include (found suitable version "0.7.0", minimum required is "0.5.0") 
[1.601s] -- Found assimp: /usr/include (found version "5.2.0") 
[1.669s] -- Found DART: /usr/include (Required is at least version "6.6") found components: dart 
[2.184s] -- Found Boost: /usr/lib/x86_64-linux-gnu/cmake/Boost-1.74.0/BoostConfig.cmake (found suitable version "1.74.0", minimum required is "1.40.0") found components: thread system filesystem program_options regex iostreams date_time 
[2.247s] -- Found Protobuf: /usr/lib/x86_64-linux-gnu/libprotobuf.so (found version "3.12.4") 
[2.268s] -- Looking for ignition-math6 -- found version 6.15.1
[2.274s] -- Searching for dependencies of ignition-math6
[2.278s] -- Looking for OGRE...
[2.278s] -- OGRE_PREFIX_WATCH changed.
[2.289s] -- Checking for module 'OGRE'
[2.331s] --   Found OGRE, version 1.9.0
[2.472s] -- Found Ogre Ghadamon (1.9.0)
[2.505s] -- Found OGRE: optimized;/usr/lib/x86_64-linux-gnu/libOgreMain.so;debug;/usr/lib/x86_64-linux-gnu/libOgreMain.so
[2.520s] -- Looking for OGRE_Paging...
[2.554s] -- Found OGRE_Paging: optimized;/usr/lib/x86_64-linux-gnu/libOgrePaging.so;debug;/usr/lib/x86_64-linux-gnu/libOgrePaging.so
[2.555s] -- Looking for OGRE_Terrain...
[2.575s] -- Found OGRE_Terrain: optimized;/usr/lib/x86_64-linux-gnu/libOgreTerrain.so;debug;/usr/lib/x86_64-linux-gnu/libOgreTerrain.so
[2.576s] -- Looking for OGRE_Property...
[2.593s] -- Found OGRE_Property: optimized;/usr/lib/x86_64-linux-gnu/libOgreProperty.so;debug;/usr/lib/x86_64-linux-gnu/libOgreProperty.so
[2.593s] -- Looking for OGRE_RTShaderSystem...
[2.620s] -- Found OGRE_RTShaderSystem: optimized;/usr/lib/x86_64-linux-gnu/libOgreRTShaderSystem.so;debug;/usr/lib/x86_64-linux-gnu/libOgreRTShaderSystem.so
[2.620s] -- Looking for OGRE_Volume...
[2.657s] -- Found OGRE_Volume: optimized;/usr/lib/x86_64-linux-gnu/libOgreVolume.so;debug;/usr/lib/x86_64-linux-gnu/libOgreVolume.so
[2.657s] -- Looking for OGRE_Overlay...
[2.679s] -- Found OGRE_Overlay: optimized;/usr/lib/x86_64-linux-gnu/libOgreOverlay.so;debug;/usr/lib/x86_64-linux-gnu/libOgreOverlay.so
[3.330s] -- Looking for ignition-math6 -- found version 6.15.1
[3.336s] -- Looking for ignition-transport8 -- found version 8.2.1
[3.337s] -- Searching for dependencies of ignition-transport8
[3.376s] -- Found Protobuf: /usr/lib/x86_64-linux-gnu/libprotobuf.so (found suitable version "3.12.4", minimum required is "3") 
[3.391s] -- Config-file not installed for ZeroMQ -- checking for pkg-config
[3.401s] -- Checking for module 'libzmq >= 4'
[3.464s] --   Found libzmq , version 4.3.4
[3.660s] -- Found ZeroMQ: TRUE (Required is at least version "4") 
[3.682s] -- Checking for module 'uuid'
[3.724s] --   Found uuid, version 2.37.2
[3.845s] -- Found UUID: TRUE  
[3.849s] -- Looking for ignition-msgs5 -- found version 5.8.1
[3.849s] -- Searching for dependencies of ignition-msgs5
[3.880s] -- Looking for ignition-math6 -- found version 6.15.1
[3.894s] -- Checking for module 'tinyxml2'
[3.931s] --   Found tinyxml2, version 9.0.0
[4.274s] -- Looking for ignition-msgs5 -- found version 5.8.1
[4.284s] -- Looking for ignition-common3 -- found version 3.14.0
[4.286s] -- Searching for dependencies of ignition-common3
[4.286s] -- Looking for dlfcn.h - found
[4.293s] -- Looking for libdl - found
[4.298s] -- Found DL: TRUE  
[4.399s] -- Found tinyobjloader: /usr/lib/x86_64-linux-gnu/cmake/tinyobjloader/tinyobjloader-config.cmake (found version "2.0.0") 
[4.404s] -- Searching for <ignition-common3> component [graphics]
[4.419s] -- Looking for ignition-common3-graphics -- found version 3.14.0
[4.421s] -- Searching for dependencies of ignition-common3-graphics
[4.422s] -- Looking for ignition-math6 -- found version 6.15.1
[4.431s] -- Looking for ignition-fuel_tools4 -- found version 4.4.0
[4.433s] -- Searching for dependencies of ignition-fuel_tools4
[6.351s] -- Found CURL: /usr/lib/x86_64-linux-gnu/libcurl.so (found version "7.81.0")  
[6.469s] -- Checking for module 'jsoncpp'
[6.731s] --   Found jsoncpp, version 1.9.5
[7.249s] -- Found JSONCPP: TRUE  
[7.318s] -- Checking for module 'libzip'
[7.556s] --   Found libzip, version 1.7.3
[7.917s] -- Found ZIP: TRUE  
[7.918s] -- Looking for ignition-common3 -- found version 3.14.0
[7.921s] -- Looking for ignition-math6 -- found version 6.15.1
[7.921s] -- Looking for ignition-msgs5 -- found version 5.8.1
[7.942s] -- Found gazebo_ros: 3.7.0 (/opt/ros/humble/share/gazebo_ros/cmake)
[8.211s] -- Found Python3: /usr/bin/python3 (found version "3.10.12") found components: Interpreter 
[8.309s] -- Override CMake install command with custom implementation using symlinks instead of copying resources
[8.424s] -- Found rosidl_generator_c: 3.1.5 (/opt/ros/humble/share/rosidl_generator_c/cmake)
[8.431s] -- Found rosidl_adapter: 3.1.5 (/opt/ros/humble/share/rosidl_adapter/cmake)
[8.443s] -- Found rosidl_generator_cpp: 3.1.5 (/opt/ros/humble/share/rosidl_generator_cpp/cmake)
[8.465s] -- Using all available rosidl_typesupport_c: rosidl_typesupport_fastrtps_c;rosidl_typesupport_introspection_c
[8.487s] -- Using all available rosidl_typesupport_cpp: rosidl_typesupport_fastrtps_cpp;rosidl_typesupport_introspection_cpp
[8.555s] -- Found rmw_implementation_cmake: 6.1.2 (/opt/ros/humble/share/rmw_implementation_cmake/cmake)
[8.559s] -- Found rmw_cyclonedds_cpp: 1.3.4 (/opt/ros/humble/share/rmw_cyclonedds_cpp/cmake)
[8.593s] -- Using RMW implementation 'rmw_cyclonedds_cpp' as default
[8.609s] -- Found Threads: TRUE  
[8.701s] -- Gazebo version: 11.10
[8.705s] -- Checking for module 'tbb'
[8.742s] --   Found tbb, version 2021.5.0
[8.883s] -- Found gazebo_ros_pkgs: 3.7.0 (/opt/ros/humble/share/gazebo_ros_pkgs/cmake)
[8.887s] -- Found sensor_msgs: 4.2.4 (/opt/ros/humble/share/sensor_msgs/cmake)
[8.944s] -- Found nav_msgs: 4.2.4 (/opt/ros/humble/share/nav_msgs/cmake)
[8.980s] -- Found ackermann_msgs: 2.0.2 (/home/ros2/Documents/fa_ROS2_ws/install/ackermann_msgs/share/ackermann_msgs/cmake)
[9.009s] -- Found tf2: 0.25.7 (/opt/ros/humble/share/tf2/cmake)
[9.029s] -- Found tf2_ros: 0.25.7 (/opt/ros/humble/share/tf2_ros/cmake)
[9.203s] -- Found smartcar_msgs: 0.0.0 (/home/ros2/Documents/fa_ROS2_ws/install/smartcar_msgs/share/smartcar_msgs/cmake)
[9.385s] -- Configuring done
[9.434s] -- Generating done
[9.438s] -- Build files have been written to: /home/ros2/Documents/fa_ROS2_ws/build/car_gazebo_plugin
[9.498s] Invoked command in '/home/ros2/Documents/fa_ROS2_ws/build/car_gazebo_plugin' returned '0': CMAKE_PREFIX_PATH=/home/ros2/Documents/fa_ROS2_ws/install/smartcar_msgs:/home/ros2/Documents/fa_ROS2_ws/install/ackermann_msgs:/home/ros2/Documents/fa_ROS2_ws/install/smart_car:/home/ros2/Documents/fa_ROS2_ws/install/car_gazebo_plugin:/opt/ros/humble LD_LIBRARY_PATH=/home/ros2/Documents/fa_ROS2_ws/install/smartcar_msgs/lib:/home/ros2/Documents/fa_ROS2_ws/install/ackermann_msgs/lib:/home/ros2/Documents/fa_ROS2_ws/install/car_gazebo_plugin/lib:/usr/lib/x86_64-linux-gnu/gazebo-11/plugins:/opt/ros/humble/opt/rviz_ogre_vendor/lib:/opt/ros/humble/lib/x86_64-linux-gnu:/opt/ros/humble/lib:/tmp/.mount_cursorflfrK2/usr/lib:/usr/lib/x86_64-linux-gnu/gazebo-11/plugins:/usr/lib/x86_64-linux-gnu/gazebo-11/plugins:/usr/lib/x86_64-linux-gnu/gazebo-11/plugins /usr/bin/cmake /home/ros2/Documents/fa_ROS2_ws/src/car_gazebo_plugin -DAMENT_CMAKE_SYMLINK_INSTALL=1 -DCMAKE_INSTALL_PREFIX=/home/ros2/Documents/fa_ROS2_ws/install/car_gazebo_plugin
[9.499s] Invoking command in '/home/ros2/Documents/fa_ROS2_ws/build/car_gazebo_plugin': CMAKE_PREFIX_PATH=/home/ros2/Documents/fa_ROS2_ws/install/smartcar_msgs:/home/ros2/Documents/fa_ROS2_ws/install/ackermann_msgs:/home/ros2/Documents/fa_ROS2_ws/install/smart_car:/home/ros2/Documents/fa_ROS2_ws/install/car_gazebo_plugin:/opt/ros/humble LD_LIBRARY_PATH=/home/ros2/Documents/fa_ROS2_ws/install/smartcar_msgs/lib:/home/ros2/Documents/fa_ROS2_ws/install/ackermann_msgs/lib:/home/ros2/Documents/fa_ROS2_ws/install/car_gazebo_plugin/lib:/usr/lib/x86_64-linux-gnu/gazebo-11/plugins:/opt/ros/humble/opt/rviz_ogre_vendor/lib:/opt/ros/humble/lib/x86_64-linux-gnu:/opt/ros/humble/lib:/tmp/.mount_cursorflfrK2/usr/lib:/usr/lib/x86_64-linux-gnu/gazebo-11/plugins:/usr/lib/x86_64-linux-gnu/gazebo-11/plugins:/usr/lib/x86_64-linux-gnu/gazebo-11/plugins /usr/bin/cmake --build /home/ros2/Documents/fa_ROS2_ws/build/car_gazebo_plugin -- -j8 -l8
[9.662s] [ 50%] [32mBuilding CXX object CMakeFiles/car_gazebo_plugin.dir/src/car_gazebo_plugin.cpp.o[0m
[9.759s] [100%] [32m[1mLinking CXX shared library libcar_gazebo_plugin.so[0m
[12.784s] [100%] Built target car_gazebo_plugin
[12.810s] Invoked command in '/home/ros2/Documents/fa_ROS2_ws/build/car_gazebo_plugin' returned '0': CMAKE_PREFIX_PATH=/home/ros2/Documents/fa_ROS2_ws/install/smartcar_msgs:/home/ros2/Documents/fa_ROS2_ws/install/ackermann_msgs:/home/ros2/Documents/fa_ROS2_ws/install/smart_car:/home/ros2/Documents/fa_ROS2_ws/install/car_gazebo_plugin:/opt/ros/humble LD_LIBRARY_PATH=/home/ros2/Documents/fa_ROS2_ws/install/smartcar_msgs/lib:/home/ros2/Documents/fa_ROS2_ws/install/ackermann_msgs/lib:/home/ros2/Documents/fa_ROS2_ws/install/car_gazebo_plugin/lib:/usr/lib/x86_64-linux-gnu/gazebo-11/plugins:/opt/ros/humble/opt/rviz_ogre_vendor/lib:/opt/ros/humble/lib/x86_64-linux-gnu:/opt/ros/humble/lib:/tmp/.mount_cursorflfrK2/usr/lib:/usr/lib/x86_64-linux-gnu/gazebo-11/plugins:/usr/lib/x86_64-linux-gnu/gazebo-11/plugins:/usr/lib/x86_64-linux-gnu/gazebo-11/plugins /usr/bin/cmake --build /home/ros2/Documents/fa_ROS2_ws/build/car_gazebo_plugin -- -j8 -l8
[12.898s] Invoking command in '/home/ros2/Documents/fa_ROS2_ws/build/car_gazebo_plugin': CMAKE_PREFIX_PATH=/home/ros2/Documents/fa_ROS2_ws/install/smartcar_msgs:/home/ros2/Documents/fa_ROS2_ws/install/ackermann_msgs:/home/ros2/Documents/fa_ROS2_ws/install/smart_car:/home/ros2/Documents/fa_ROS2_ws/install/car_gazebo_plugin:/opt/ros/humble LD_LIBRARY_PATH=/home/ros2/Documents/fa_ROS2_ws/install/smartcar_msgs/lib:/home/ros2/Documents/fa_ROS2_ws/install/ackermann_msgs/lib:/home/ros2/Documents/fa_ROS2_ws/install/car_gazebo_plugin/lib:/usr/lib/x86_64-linux-gnu/gazebo-11/plugins:/opt/ros/humble/opt/rviz_ogre_vendor/lib:/opt/ros/humble/lib/x86_64-linux-gnu:/opt/ros/humble/lib:/tmp/.mount_cursorflfrK2/usr/lib:/usr/lib/x86_64-linux-gnu/gazebo-11/plugins:/usr/lib/x86_64-linux-gnu/gazebo-11/plugins:/usr/lib/x86_64-linux-gnu/gazebo-11/plugins /usr/bin/cmake --install /home/ros2/Documents/fa_ROS2_ws/build/car_gazebo_plugin
[12.912s] -- Install configuration: ""
[12.913s] -- Execute custom install script
[12.915s] -- Symlinking: /home/ros2/Documents/fa_ROS2_ws/install/car_gazebo_plugin/share/car_gazebo_plugin/environment/library_path.sh
[12.930s] -- Symlinking: /home/ros2/Documents/fa_ROS2_ws/install/car_gazebo_plugin/share/car_gazebo_plugin/environment/library_path.dsv
[12.946s] -- Symlinking: /home/ros2/Documents/fa_ROS2_ws/install/car_gazebo_plugin/share/ament_index/resource_index/package_run_dependencies/car_gazebo_plugin
[12.961s] -- Symlinking: /home/ros2/Documents/fa_ROS2_ws/install/car_gazebo_plugin/share/ament_index/resource_index/parent_prefix_path/car_gazebo_plugin
[12.976s] -- Symlinking: /home/ros2/Documents/fa_ROS2_ws/install/car_gazebo_plugin/share/car_gazebo_plugin/environment/ament_prefix_path.sh
[12.991s] -- Symlinking: /home/ros2/Documents/fa_ROS2_ws/install/car_gazebo_plugin/share/car_gazebo_plugin/environment/ament_prefix_path.dsv
[13.015s] -- Symlinking: /home/ros2/Documents/fa_ROS2_ws/install/car_gazebo_plugin/share/car_gazebo_plugin/environment/path.sh
[13.040s] -- Symlinking: /home/ros2/Documents/fa_ROS2_ws/install/car_gazebo_plugin/share/car_gazebo_plugin/environment/path.dsv
[13.055s] -- Symlinking: /home/ros2/Documents/fa_ROS2_ws/install/car_gazebo_plugin/share/car_gazebo_plugin/local_setup.bash
[13.070s] -- Symlinking: /home/ros2/Documents/fa_ROS2_ws/install/car_gazebo_plugin/share/car_gazebo_plugin/local_setup.sh
[13.084s] -- Symlinking: /home/ros2/Documents/fa_ROS2_ws/install/car_gazebo_plugin/share/car_gazebo_plugin/local_setup.zsh
[13.101s] -- Symlinking: /home/ros2/Documents/fa_ROS2_ws/install/car_gazebo_plugin/share/car_gazebo_plugin/local_setup.dsv
[13.119s] -- Symlinking: /home/ros2/Documents/fa_ROS2_ws/install/car_gazebo_plugin/share/car_gazebo_plugin/package.dsv
[13.147s] -- Symlinking: /home/ros2/Documents/fa_ROS2_ws/install/car_gazebo_plugin/share/ament_index/resource_index/packages/car_gazebo_plugin
[13.168s] -- Symlinking: /home/ros2/Documents/fa_ROS2_ws/install/car_gazebo_plugin/share/car_gazebo_plugin/cmake/ament_cmake_export_libraries-extras.cmake
[13.184s] -- Symlinking: /home/ros2/Documents/fa_ROS2_ws/install/car_gazebo_plugin/share/car_gazebo_plugin/cmake/ament_cmake_export_include_directories-extras.cmake
[13.199s] -- Symlinking: /home/ros2/Documents/fa_ROS2_ws/install/car_gazebo_plugin/share/car_gazebo_plugin/cmake/ament_cmake_export_dependencies-extras.cmake
[13.214s] -- Symlinking: /home/ros2/Documents/fa_ROS2_ws/install/car_gazebo_plugin/share/car_gazebo_plugin/cmake/car_gazebo_pluginConfig.cmake
[13.229s] -- Symlinking: /home/ros2/Documents/fa_ROS2_ws/install/car_gazebo_plugin/share/car_gazebo_plugin/cmake/car_gazebo_pluginConfig-version.cmake
[13.246s] -- Symlinking: /home/ros2/Documents/fa_ROS2_ws/install/car_gazebo_plugin/share/car_gazebo_plugin/package.xml
[13.263s] -- Symlinking: /home/ros2/Documents/fa_ROS2_ws/install/car_gazebo_plugin/lib/libcar_gazebo_plugin.so
[13.281s] Invoked command in '/home/ros2/Documents/fa_ROS2_ws/build/car_gazebo_plugin' returned '0': CMAKE_PREFIX_PATH=/home/ros2/Documents/fa_ROS2_ws/install/smartcar_msgs:/home/ros2/Documents/fa_ROS2_ws/install/ackermann_msgs:/home/ros2/Documents/fa_ROS2_ws/install/smart_car:/home/ros2/Documents/fa_ROS2_ws/install/car_gazebo_plugin:/opt/ros/humble LD_LIBRARY_PATH=/home/ros2/Documents/fa_ROS2_ws/install/smartcar_msgs/lib:/home/ros2/Documents/fa_ROS2_ws/install/ackermann_msgs/lib:/home/ros2/Documents/fa_ROS2_ws/install/car_gazebo_plugin/lib:/usr/lib/x86_64-linux-gnu/gazebo-11/plugins:/opt/ros/humble/opt/rviz_ogre_vendor/lib:/opt/ros/humble/lib/x86_64-linux-gnu:/opt/ros/humble/lib:/tmp/.mount_cursorflfrK2/usr/lib:/usr/lib/x86_64-linux-gnu/gazebo-11/plugins:/usr/lib/x86_64-linux-gnu/gazebo-11/plugins:/usr/lib/x86_64-linux-gnu/gazebo-11/plugins /usr/bin/cmake --install /home/ros2/Documents/fa_ROS2_ws/build/car_gazebo_plugin
