[0.023s] Invoking command in '/home/ros2/Documents/fa_ROS2_ws/build/car_gazebo_plugin': AMENT_PREFIX_PATH=/home/ros2/Documents/fa_ROS2_ws/install/smartcar_msgs:/home/ros2/Documents/fa_ROS2_ws/install/ackermann_msgs:${AMENT_PREFIX_PATH} CMAKE_PREFIX_PATH=/home/ros2/Documents/fa_ROS2_ws/install/smartcar_msgs:/home/ros2/Documents/fa_ROS2_ws/install/ackermann_msgs:/opt/ros/humble LD_LIBRARY_PATH=/home/ros2/Documents/fa_ROS2_ws/install/smartcar_msgs/lib:/home/ros2/Documents/fa_ROS2_ws/install/ackermann_msgs/lib:/usr/lib/x86_64-linux-gnu/gazebo-11/plugins:/opt/ros/humble/opt/rviz_ogre_vendor/lib:/opt/ros/humble/lib/x86_64-linux-gnu:/opt/ros/humble/lib:/tmp/.mount_cursorHqA3fm/usr/lib:/usr/lib/x86_64-linux-gnu/gazebo-11/plugins:/usr/lib/x86_64-linux-gnu/gazebo-11/plugins:/usr/lib/x86_64-linux-gnu/gazebo-11/plugins PYTHONPATH=/home/ros2/Documents/fa_ROS2_ws/install/smartcar_msgs/local/lib/python3.10/dist-packages:/home/ros2/Documents/fa_ROS2_ws/install/ackermann_msgs/local/lib/python3.10/dist-packages:${PYTHONPATH} /usr/bin/cmake --build /home/ros2/Documents/fa_ROS2_ws/build/car_gazebo_plugin -- -j8 -l8
[0.111s] [35m[1mConsolidate compiler generated dependencies of target car_gazebo_plugin[0m
[0.167s] [ 50%] [32mBuilding CXX object CMakeFiles/car_gazebo_plugin.dir/src/car_gazebo_plugin.cpp.o[0m
[0.249s] [100%] [32m[1mLinking CXX shared library libcar_gazebo_plugin.so[0m
[1.807s] [100%] Built target car_gazebo_plugin
[1.821s] Invoked command in '/home/ros2/Documents/fa_ROS2_ws/build/car_gazebo_plugin' returned '0': AMENT_PREFIX_PATH=/home/ros2/Documents/fa_ROS2_ws/install/smartcar_msgs:/home/ros2/Documents/fa_ROS2_ws/install/ackermann_msgs:${AMENT_PREFIX_PATH} CMAKE_PREFIX_PATH=/home/ros2/Documents/fa_ROS2_ws/install/smartcar_msgs:/home/ros2/Documents/fa_ROS2_ws/install/ackermann_msgs:/opt/ros/humble LD_LIBRARY_PATH=/home/ros2/Documents/fa_ROS2_ws/install/smartcar_msgs/lib:/home/ros2/Documents/fa_ROS2_ws/install/ackermann_msgs/lib:/usr/lib/x86_64-linux-gnu/gazebo-11/plugins:/opt/ros/humble/opt/rviz_ogre_vendor/lib:/opt/ros/humble/lib/x86_64-linux-gnu:/opt/ros/humble/lib:/tmp/.mount_cursorHqA3fm/usr/lib:/usr/lib/x86_64-linux-gnu/gazebo-11/plugins:/usr/lib/x86_64-linux-gnu/gazebo-11/plugins:/usr/lib/x86_64-linux-gnu/gazebo-11/plugins PYTHONPATH=/home/ros2/Documents/fa_ROS2_ws/install/smartcar_msgs/local/lib/python3.10/dist-packages:/home/ros2/Documents/fa_ROS2_ws/install/ackermann_msgs/local/lib/python3.10/dist-packages:${PYTHONPATH} /usr/bin/cmake --build /home/ros2/Documents/fa_ROS2_ws/build/car_gazebo_plugin -- -j8 -l8
[1.865s] Invoking command in '/home/ros2/Documents/fa_ROS2_ws/build/car_gazebo_plugin': AMENT_PREFIX_PATH=/home/ros2/Documents/fa_ROS2_ws/install/smartcar_msgs:/home/ros2/Documents/fa_ROS2_ws/install/ackermann_msgs:${AMENT_PREFIX_PATH} CMAKE_PREFIX_PATH=/home/ros2/Documents/fa_ROS2_ws/install/smartcar_msgs:/home/ros2/Documents/fa_ROS2_ws/install/ackermann_msgs:/opt/ros/humble LD_LIBRARY_PATH=/home/ros2/Documents/fa_ROS2_ws/install/smartcar_msgs/lib:/home/ros2/Documents/fa_ROS2_ws/install/ackermann_msgs/lib:/usr/lib/x86_64-linux-gnu/gazebo-11/plugins:/opt/ros/humble/opt/rviz_ogre_vendor/lib:/opt/ros/humble/lib/x86_64-linux-gnu:/opt/ros/humble/lib:/tmp/.mount_cursorHqA3fm/usr/lib:/usr/lib/x86_64-linux-gnu/gazebo-11/plugins:/usr/lib/x86_64-linux-gnu/gazebo-11/plugins:/usr/lib/x86_64-linux-gnu/gazebo-11/plugins PYTHONPATH=/home/ros2/Documents/fa_ROS2_ws/install/smartcar_msgs/local/lib/python3.10/dist-packages:/home/ros2/Documents/fa_ROS2_ws/install/ackermann_msgs/local/lib/python3.10/dist-packages:${PYTHONPATH} /usr/bin/cmake --install /home/ros2/Documents/fa_ROS2_ws/build/car_gazebo_plugin
[1.875s] -- Install configuration: ""
[1.875s] -- Up-to-date: /home/ros2/Documents/fa_ROS2_ws/install/car_gazebo_plugin/share/car_gazebo_plugin/environment/library_path.sh
[1.875s] -- Up-to-date: /home/ros2/Documents/fa_ROS2_ws/install/car_gazebo_plugin/share/car_gazebo_plugin/environment/library_path.dsv
[1.876s] -- Up-to-date: /home/ros2/Documents/fa_ROS2_ws/install/car_gazebo_plugin/share/ament_index/resource_index/package_run_dependencies/car_gazebo_plugin
[1.876s] -- Up-to-date: /home/ros2/Documents/fa_ROS2_ws/install/car_gazebo_plugin/share/ament_index/resource_index/parent_prefix_path/car_gazebo_plugin
[1.876s] -- Up-to-date: /home/ros2/Documents/fa_ROS2_ws/install/car_gazebo_plugin/share/car_gazebo_plugin/environment/ament_prefix_path.sh
[1.876s] -- Up-to-date: /home/ros2/Documents/fa_ROS2_ws/install/car_gazebo_plugin/share/car_gazebo_plugin/environment/ament_prefix_path.dsv
[1.876s] -- Up-to-date: /home/ros2/Documents/fa_ROS2_ws/install/car_gazebo_plugin/share/car_gazebo_plugin/environment/path.sh
[1.876s] -- Up-to-date: /home/ros2/Documents/fa_ROS2_ws/install/car_gazebo_plugin/share/car_gazebo_plugin/environment/path.dsv
[1.876s] -- Up-to-date: /home/ros2/Documents/fa_ROS2_ws/install/car_gazebo_plugin/share/car_gazebo_plugin/local_setup.bash
[1.876s] -- Up-to-date: /home/ros2/Documents/fa_ROS2_ws/install/car_gazebo_plugin/share/car_gazebo_plugin/local_setup.sh
[1.877s] -- Up-to-date: /home/ros2/Documents/fa_ROS2_ws/install/car_gazebo_plugin/share/car_gazebo_plugin/local_setup.zsh
[1.877s] -- Up-to-date: /home/ros2/Documents/fa_ROS2_ws/install/car_gazebo_plugin/share/car_gazebo_plugin/local_setup.dsv
[1.877s] -- Installing: /home/ros2/Documents/fa_ROS2_ws/install/car_gazebo_plugin/share/car_gazebo_plugin/package.dsv
[1.877s] -- Up-to-date: /home/ros2/Documents/fa_ROS2_ws/install/car_gazebo_plugin/share/ament_index/resource_index/packages/car_gazebo_plugin
[1.877s] -- Up-to-date: /home/ros2/Documents/fa_ROS2_ws/install/car_gazebo_plugin/share/car_gazebo_plugin/cmake/ament_cmake_export_libraries-extras.cmake
[1.877s] -- Up-to-date: /home/ros2/Documents/fa_ROS2_ws/install/car_gazebo_plugin/share/car_gazebo_plugin/cmake/ament_cmake_export_include_directories-extras.cmake
[1.877s] -- Up-to-date: /home/ros2/Documents/fa_ROS2_ws/install/car_gazebo_plugin/share/car_gazebo_plugin/cmake/ament_cmake_export_dependencies-extras.cmake
[1.877s] -- Up-to-date: /home/ros2/Documents/fa_ROS2_ws/install/car_gazebo_plugin/share/car_gazebo_plugin/cmake/car_gazebo_pluginConfig.cmake
[1.877s] -- Up-to-date: /home/ros2/Documents/fa_ROS2_ws/install/car_gazebo_plugin/share/car_gazebo_plugin/cmake/car_gazebo_pluginConfig-version.cmake
[1.877s] -- Up-to-date: /home/ros2/Documents/fa_ROS2_ws/install/car_gazebo_plugin/share/car_gazebo_plugin/package.xml
[1.877s] -- Up-to-date: /home/ros2/Documents/fa_ROS2_ws/install/car_gazebo_plugin/include
[1.878s] -- Installing: /home/ros2/Documents/fa_ROS2_ws/install/car_gazebo_plugin/lib/libcar_gazebo_plugin.so
[1.897s] -- Set runtime path of "/home/ros2/Documents/fa_ROS2_ws/install/car_gazebo_plugin/lib/libcar_gazebo_plugin.so" to ""
[1.900s] Invoked command in '/home/ros2/Documents/fa_ROS2_ws/build/car_gazebo_plugin' returned '0': AMENT_PREFIX_PATH=/home/ros2/Documents/fa_ROS2_ws/install/smartcar_msgs:/home/ros2/Documents/fa_ROS2_ws/install/ackermann_msgs:${AMENT_PREFIX_PATH} CMAKE_PREFIX_PATH=/home/ros2/Documents/fa_ROS2_ws/install/smartcar_msgs:/home/ros2/Documents/fa_ROS2_ws/install/ackermann_msgs:/opt/ros/humble LD_LIBRARY_PATH=/home/ros2/Documents/fa_ROS2_ws/install/smartcar_msgs/lib:/home/ros2/Documents/fa_ROS2_ws/install/ackermann_msgs/lib:/usr/lib/x86_64-linux-gnu/gazebo-11/plugins:/opt/ros/humble/opt/rviz_ogre_vendor/lib:/opt/ros/humble/lib/x86_64-linux-gnu:/opt/ros/humble/lib:/tmp/.mount_cursorHqA3fm/usr/lib:/usr/lib/x86_64-linux-gnu/gazebo-11/plugins:/usr/lib/x86_64-linux-gnu/gazebo-11/plugins:/usr/lib/x86_64-linux-gnu/gazebo-11/plugins PYTHONPATH=/home/ros2/Documents/fa_ROS2_ws/install/smartcar_msgs/local/lib/python3.10/dist-packages:/home/ros2/Documents/fa_ROS2_ws/install/ackermann_msgs/local/lib/python3.10/dist-packages:${PYTHONPATH} /usr/bin/cmake --install /home/ros2/Documents/fa_ROS2_ws/build/car_gazebo_plugin
