[0.018s] Invoking command in '/home/ros2/Documents/fa_ROS2_ws/build/ackermann_msgs': CMAKE_PREFIX_PATH=${CMAKE_PREFIX_PATH}:/opt/ros/humble /usr/bin/cmake --build /home/ros2/Documents/fa_ROS2_ws/build/ackermann_msgs -- -j8 -l8
[0.145s] [ 10%] Built target ackermann_msgs__rosidl_generator_c
[0.151s] [ 12%] Built target ackermann_msgs__cpp
[0.174s] [ 12%] Built target ament_cmake_python_copy_ackermann_msgs
[0.320s] [ 23%] Built target ackermann_msgs__rosidl_typesupport_fastrtps_c
[0.320s] [ 33%] Built target ackermann_msgs__rosidl_typesupport_introspection_c
[0.324s] [ 43%] Built target ackermann_msgs__rosidl_typesupport_c
[0.341s] [ 53%] Built target ackermann_msgs__rosidl_typesupport_fastrtps_cpp
[0.353s] [ 64%] Built target ackermann_msgs__rosidl_typesupport_introspection_cpp
[0.374s] [ 74%] Built target ackermann_msgs__rosidl_typesupport_cpp
[0.414s] [ 74%] Built target ackermann_msgs
[0.465s] [ 76%] Built target ackermann_msgs__py
[0.511s] [ 84%] Built target ackermann_msgs__rosidl_generator_py
[0.615s] [ 89%] Built target ackermann_msgs__rosidl_typesupport_fastrtps_c__pyext
[0.626s] [ 94%] Built target ackermann_msgs__rosidl_typesupport_introspection_c__pyext
[0.629s] [100%] Built target ackermann_msgs__rosidl_typesupport_c__pyext
[0.689s] running egg_info
[0.690s] writing ackermann_msgs.egg-info/PKG-INFO
[0.690s] writing dependency_links to ackermann_msgs.egg-info/dependency_links.txt
[0.691s] writing top-level names to ackermann_msgs.egg-info/top_level.txt
[0.693s] reading manifest file 'ackermann_msgs.egg-info/SOURCES.txt'
[0.694s] writing manifest file 'ackermann_msgs.egg-info/SOURCES.txt'
[0.741s] [100%] Built target ament_cmake_python_build_ackermann_msgs_egg
[0.763s] Invoked command in '/home/ros2/Documents/fa_ROS2_ws/build/ackermann_msgs' returned '0': CMAKE_PREFIX_PATH=${CMAKE_PREFIX_PATH}:/opt/ros/humble /usr/bin/cmake --build /home/ros2/Documents/fa_ROS2_ws/build/ackermann_msgs -- -j8 -l8
[0.920s] Invoking command in '/home/ros2/Documents/fa_ROS2_ws/build/ackermann_msgs': CMAKE_PREFIX_PATH=${CMAKE_PREFIX_PATH}:/opt/ros/humble /usr/bin/cmake --install /home/ros2/Documents/fa_ROS2_ws/build/ackermann_msgs
[0.935s] -- Install configuration: ""
[0.935s] -- Up-to-date: /home/ros2/Documents/fa_ROS2_ws/install/ackermann_msgs/share/ament_index/resource_index/rosidl_interfaces/ackermann_msgs
[0.935s] -- Up-to-date: /home/ros2/Documents/fa_ROS2_ws/install/ackermann_msgs/include/ackermann_msgs/ackermann_msgs
[0.935s] -- Up-to-date: /home/ros2/Documents/fa_ROS2_ws/install/ackermann_msgs/include/ackermann_msgs/ackermann_msgs/msg
[0.935s] -- Up-to-date: /home/ros2/Documents/fa_ROS2_ws/install/ackermann_msgs/include/ackermann_msgs/ackermann_msgs/msg/rosidl_generator_c__visibility_control.h
[0.936s] -- Up-to-date: /home/ros2/Documents/fa_ROS2_ws/install/ackermann_msgs/include/ackermann_msgs/ackermann_msgs/msg/ackermann_drive.h
[0.936s] -- Up-to-date: /home/ros2/Documents/fa_ROS2_ws/install/ackermann_msgs/include/ackermann_msgs/ackermann_msgs/msg/ackermann_drive_stamped.h
[0.936s] -- Up-to-date: /home/ros2/Documents/fa_ROS2_ws/install/ackermann_msgs/include/ackermann_msgs/ackermann_msgs/msg/detail
[0.936s] -- Up-to-date: /home/ros2/Documents/fa_ROS2_ws/install/ackermann_msgs/include/ackermann_msgs/ackermann_msgs/msg/detail/ackermann_drive_stamped__functions.h
[0.936s] -- Up-to-date: /home/ros2/Documents/fa_ROS2_ws/install/ackermann_msgs/include/ackermann_msgs/ackermann_msgs/msg/detail/ackermann_drive_stamped__functions.c
[0.936s] -- Up-to-date: /home/ros2/Documents/fa_ROS2_ws/install/ackermann_msgs/include/ackermann_msgs/ackermann_msgs/msg/detail/ackermann_drive__struct.h
[0.936s] -- Up-to-date: /home/ros2/Documents/fa_ROS2_ws/install/ackermann_msgs/include/ackermann_msgs/ackermann_msgs/msg/detail/ackermann_drive__functions.c
[0.936s] -- Up-to-date: /home/ros2/Documents/fa_ROS2_ws/install/ackermann_msgs/include/ackermann_msgs/ackermann_msgs/msg/detail/ackermann_drive_stamped__type_support.h
[0.937s] -- Up-to-date: /home/ros2/Documents/fa_ROS2_ws/install/ackermann_msgs/include/ackermann_msgs/ackermann_msgs/msg/detail/ackermann_drive__functions.h
[0.937s] -- Up-to-date: /home/ros2/Documents/fa_ROS2_ws/install/ackermann_msgs/include/ackermann_msgs/ackermann_msgs/msg/detail/ackermann_drive__type_support.h
[0.938s] -- Up-to-date: /home/ros2/Documents/fa_ROS2_ws/install/ackermann_msgs/include/ackermann_msgs/ackermann_msgs/msg/detail/ackermann_drive_stamped__struct.h
[0.938s] -- Up-to-date: /home/ros2/Documents/fa_ROS2_ws/install/ackermann_msgs/share/ackermann_msgs/environment/library_path.sh
[0.938s] -- Up-to-date: /home/ros2/Documents/fa_ROS2_ws/install/ackermann_msgs/share/ackermann_msgs/environment/library_path.dsv
[0.938s] -- Up-to-date: /home/ros2/Documents/fa_ROS2_ws/install/ackermann_msgs/lib/libackermann_msgs__rosidl_generator_c.so
[0.938s] -- Up-to-date: /home/ros2/Documents/fa_ROS2_ws/install/ackermann_msgs/include/ackermann_msgs/ackermann_msgs
[0.938s] -- Up-to-date: /home/ros2/Documents/fa_ROS2_ws/install/ackermann_msgs/include/ackermann_msgs/ackermann_msgs/msg
[0.939s] -- Up-to-date: /home/ros2/Documents/fa_ROS2_ws/install/ackermann_msgs/include/ackermann_msgs/ackermann_msgs/msg/rosidl_typesupport_fastrtps_c__visibility_control.h
[0.939s] -- Up-to-date: /home/ros2/Documents/fa_ROS2_ws/install/ackermann_msgs/include/ackermann_msgs/ackermann_msgs/msg/detail
[0.939s] -- Up-to-date: /home/ros2/Documents/fa_ROS2_ws/install/ackermann_msgs/include/ackermann_msgs/ackermann_msgs/msg/detail/ackermann_drive__rosidl_typesupport_fastrtps_c.h
[0.939s] -- Up-to-date: /home/ros2/Documents/fa_ROS2_ws/install/ackermann_msgs/include/ackermann_msgs/ackermann_msgs/msg/detail/ackermann_drive_stamped__rosidl_typesupport_fastrtps_c.h
[0.939s] -- Up-to-date: /home/ros2/Documents/fa_ROS2_ws/install/ackermann_msgs/lib/libackermann_msgs__rosidl_typesupport_fastrtps_c.so
[0.939s] -- Up-to-date: /home/ros2/Documents/fa_ROS2_ws/install/ackermann_msgs/include/ackermann_msgs/ackermann_msgs
[0.939s] -- Up-to-date: /home/ros2/Documents/fa_ROS2_ws/install/ackermann_msgs/include/ackermann_msgs/ackermann_msgs/msg
[0.940s] -- Up-to-date: /home/ros2/Documents/fa_ROS2_ws/install/ackermann_msgs/include/ackermann_msgs/ackermann_msgs/msg/detail
[0.940s] -- Up-to-date: /home/ros2/Documents/fa_ROS2_ws/install/ackermann_msgs/include/ackermann_msgs/ackermann_msgs/msg/detail/ackermann_drive_stamped__rosidl_typesupport_introspection_c.h
[0.940s] -- Up-to-date: /home/ros2/Documents/fa_ROS2_ws/install/ackermann_msgs/include/ackermann_msgs/ackermann_msgs/msg/detail/ackermann_drive__rosidl_typesupport_introspection_c.h
[0.940s] -- Up-to-date: /home/ros2/Documents/fa_ROS2_ws/install/ackermann_msgs/include/ackermann_msgs/ackermann_msgs/msg/detail/ackermann_drive__type_support.c
[0.940s] -- Up-to-date: /home/ros2/Documents/fa_ROS2_ws/install/ackermann_msgs/include/ackermann_msgs/ackermann_msgs/msg/detail/ackermann_drive_stamped__type_support.c
[0.941s] -- Up-to-date: /home/ros2/Documents/fa_ROS2_ws/install/ackermann_msgs/include/ackermann_msgs/ackermann_msgs/msg/rosidl_typesupport_introspection_c__visibility_control.h
[0.941s] -- Up-to-date: /home/ros2/Documents/fa_ROS2_ws/install/ackermann_msgs/lib/libackermann_msgs__rosidl_typesupport_introspection_c.so
[0.941s] -- Up-to-date: /home/ros2/Documents/fa_ROS2_ws/install/ackermann_msgs/lib/libackermann_msgs__rosidl_typesupport_c.so
[0.941s] -- Up-to-date: /home/ros2/Documents/fa_ROS2_ws/install/ackermann_msgs/include/ackermann_msgs/ackermann_msgs
[0.941s] -- Up-to-date: /home/ros2/Documents/fa_ROS2_ws/install/ackermann_msgs/include/ackermann_msgs/ackermann_msgs/msg
[0.941s] -- Up-to-date: /home/ros2/Documents/fa_ROS2_ws/install/ackermann_msgs/include/ackermann_msgs/ackermann_msgs/msg/ackermann_drive_stamped.hpp
[0.941s] -- Up-to-date: /home/ros2/Documents/fa_ROS2_ws/install/ackermann_msgs/include/ackermann_msgs/ackermann_msgs/msg/ackermann_drive.hpp
[0.941s] -- Up-to-date: /home/ros2/Documents/fa_ROS2_ws/install/ackermann_msgs/include/ackermann_msgs/ackermann_msgs/msg/detail
[0.941s] -- Up-to-date: /home/ros2/Documents/fa_ROS2_ws/install/ackermann_msgs/include/ackermann_msgs/ackermann_msgs/msg/detail/ackermann_drive__builder.hpp
[0.941s] -- Up-to-date: /home/ros2/Documents/fa_ROS2_ws/install/ackermann_msgs/include/ackermann_msgs/ackermann_msgs/msg/detail/ackermann_drive__struct.hpp
[0.941s] -- Up-to-date: /home/ros2/Documents/fa_ROS2_ws/install/ackermann_msgs/include/ackermann_msgs/ackermann_msgs/msg/detail/ackermann_drive_stamped__struct.hpp
[0.941s] -- Up-to-date: /home/ros2/Documents/fa_ROS2_ws/install/ackermann_msgs/include/ackermann_msgs/ackermann_msgs/msg/detail/ackermann_drive__traits.hpp
[0.942s] -- Up-to-date: /home/ros2/Documents/fa_ROS2_ws/install/ackermann_msgs/include/ackermann_msgs/ackermann_msgs/msg/detail/ackermann_drive_stamped__builder.hpp
[0.942s] -- Up-to-date: /home/ros2/Documents/fa_ROS2_ws/install/ackermann_msgs/include/ackermann_msgs/ackermann_msgs/msg/detail/ackermann_drive_stamped__traits.hpp
[0.942s] -- Up-to-date: /home/ros2/Documents/fa_ROS2_ws/install/ackermann_msgs/include/ackermann_msgs/ackermann_msgs
[0.942s] -- Up-to-date: /home/ros2/Documents/fa_ROS2_ws/install/ackermann_msgs/include/ackermann_msgs/ackermann_msgs/msg
[0.942s] -- Up-to-date: /home/ros2/Documents/fa_ROS2_ws/install/ackermann_msgs/include/ackermann_msgs/ackermann_msgs/msg/rosidl_typesupport_fastrtps_cpp__visibility_control.h
[0.942s] -- Up-to-date: /home/ros2/Documents/fa_ROS2_ws/install/ackermann_msgs/include/ackermann_msgs/ackermann_msgs/msg/detail
[0.942s] -- Up-to-date: /home/ros2/Documents/fa_ROS2_ws/install/ackermann_msgs/include/ackermann_msgs/ackermann_msgs/msg/detail/ackermann_drive__rosidl_typesupport_fastrtps_cpp.hpp
[0.942s] -- Up-to-date: /home/ros2/Documents/fa_ROS2_ws/install/ackermann_msgs/include/ackermann_msgs/ackermann_msgs/msg/detail/ackermann_drive_stamped__rosidl_typesupport_fastrtps_cpp.hpp
[0.942s] -- Up-to-date: /home/ros2/Documents/fa_ROS2_ws/install/ackermann_msgs/include/ackermann_msgs/ackermann_msgs/msg/detail/dds_fastrtps
[0.942s] -- Up-to-date: /home/ros2/Documents/fa_ROS2_ws/install/ackermann_msgs/lib/libackermann_msgs__rosidl_typesupport_fastrtps_cpp.so
[0.943s] -- Up-to-date: /home/ros2/Documents/fa_ROS2_ws/install/ackermann_msgs/include/ackermann_msgs/ackermann_msgs
[0.943s] -- Up-to-date: /home/ros2/Documents/fa_ROS2_ws/install/ackermann_msgs/include/ackermann_msgs/ackermann_msgs/msg
[0.943s] -- Up-to-date: /home/ros2/Documents/fa_ROS2_ws/install/ackermann_msgs/include/ackermann_msgs/ackermann_msgs/msg/detail
[0.943s] -- Up-to-date: /home/ros2/Documents/fa_ROS2_ws/install/ackermann_msgs/include/ackermann_msgs/ackermann_msgs/msg/detail/ackermann_drive_stamped__rosidl_typesupport_introspection_cpp.hpp
[0.943s] -- Up-to-date: /home/ros2/Documents/fa_ROS2_ws/install/ackermann_msgs/include/ackermann_msgs/ackermann_msgs/msg/detail/ackermann_drive_stamped__type_support.cpp
[0.943s] -- Up-to-date: /home/ros2/Documents/fa_ROS2_ws/install/ackermann_msgs/include/ackermann_msgs/ackermann_msgs/msg/detail/ackermann_drive__type_support.cpp
[0.943s] -- Up-to-date: /home/ros2/Documents/fa_ROS2_ws/install/ackermann_msgs/include/ackermann_msgs/ackermann_msgs/msg/detail/ackermann_drive__rosidl_typesupport_introspection_cpp.hpp
[0.943s] -- Up-to-date: /home/ros2/Documents/fa_ROS2_ws/install/ackermann_msgs/lib/libackermann_msgs__rosidl_typesupport_introspection_cpp.so
[0.943s] -- Up-to-date: /home/ros2/Documents/fa_ROS2_ws/install/ackermann_msgs/lib/libackermann_msgs__rosidl_typesupport_cpp.so
[0.943s] -- Up-to-date: /home/ros2/Documents/fa_ROS2_ws/install/ackermann_msgs/share/ackermann_msgs/environment/pythonpath.sh
[0.943s] -- Up-to-date: /home/ros2/Documents/fa_ROS2_ws/install/ackermann_msgs/share/ackermann_msgs/environment/pythonpath.dsv
[0.944s] -- Up-to-date: /home/ros2/Documents/fa_ROS2_ws/install/ackermann_msgs/local/lib/python3.10/dist-packages/ackermann_msgs-2.0.2-py3.10.egg-info
[0.944s] -- Installing: /home/ros2/Documents/fa_ROS2_ws/install/ackermann_msgs/local/lib/python3.10/dist-packages/ackermann_msgs-2.0.2-py3.10.egg-info/SOURCES.txt
[0.944s] -- Installing: /home/ros2/Documents/fa_ROS2_ws/install/ackermann_msgs/local/lib/python3.10/dist-packages/ackermann_msgs-2.0.2-py3.10.egg-info/PKG-INFO
[0.944s] -- Installing: /home/ros2/Documents/fa_ROS2_ws/install/ackermann_msgs/local/lib/python3.10/dist-packages/ackermann_msgs-2.0.2-py3.10.egg-info/top_level.txt
[0.944s] -- Installing: /home/ros2/Documents/fa_ROS2_ws/install/ackermann_msgs/local/lib/python3.10/dist-packages/ackermann_msgs-2.0.2-py3.10.egg-info/dependency_links.txt
[0.944s] -- Up-to-date: /home/ros2/Documents/fa_ROS2_ws/install/ackermann_msgs/local/lib/python3.10/dist-packages/ackermann_msgs
[0.944s] -- Up-to-date: /home/ros2/Documents/fa_ROS2_ws/install/ackermann_msgs/local/lib/python3.10/dist-packages/ackermann_msgs/__init__.py
[0.944s] -- Up-to-date: /home/ros2/Documents/fa_ROS2_ws/install/ackermann_msgs/local/lib/python3.10/dist-packages/ackermann_msgs/_ackermann_msgs_s.ep.rosidl_typesupport_c.c
[0.944s] -- Up-to-date: /home/ros2/Documents/fa_ROS2_ws/install/ackermann_msgs/local/lib/python3.10/dist-packages/ackermann_msgs/ackermann_msgs_s__rosidl_typesupport_fastrtps_c.cpython-310-x86_64-linux-gnu.so
[0.944s] -- Up-to-date: /home/ros2/Documents/fa_ROS2_ws/install/ackermann_msgs/local/lib/python3.10/dist-packages/ackermann_msgs/libackermann_msgs__rosidl_generator_py.so
[0.944s] -- Up-to-date: /home/ros2/Documents/fa_ROS2_ws/install/ackermann_msgs/local/lib/python3.10/dist-packages/ackermann_msgs/ackermann_msgs_s__rosidl_typesupport_c.cpython-310-x86_64-linux-gnu.so
[0.945s] -- Up-to-date: /home/ros2/Documents/fa_ROS2_ws/install/ackermann_msgs/local/lib/python3.10/dist-packages/ackermann_msgs/ackermann_msgs_s__rosidl_typesupport_introspection_c.cpython-310-x86_64-linux-gnu.so
[0.945s] -- Up-to-date: /home/ros2/Documents/fa_ROS2_ws/install/ackermann_msgs/local/lib/python3.10/dist-packages/ackermann_msgs/_ackermann_msgs_s.ep.rosidl_typesupport_introspection_c.c
[0.945s] -- Up-to-date: /home/ros2/Documents/fa_ROS2_ws/install/ackermann_msgs/local/lib/python3.10/dist-packages/ackermann_msgs/_ackermann_msgs_s.ep.rosidl_typesupport_fastrtps_c.c
[0.945s] -- Up-to-date: /home/ros2/Documents/fa_ROS2_ws/install/ackermann_msgs/local/lib/python3.10/dist-packages/ackermann_msgs/msg
[0.945s] -- Up-to-date: /home/ros2/Documents/fa_ROS2_ws/install/ackermann_msgs/local/lib/python3.10/dist-packages/ackermann_msgs/msg/__init__.py
[0.945s] -- Up-to-date: /home/ros2/Documents/fa_ROS2_ws/install/ackermann_msgs/local/lib/python3.10/dist-packages/ackermann_msgs/msg/_ackermann_drive_stamped.py
[0.945s] -- Up-to-date: /home/ros2/Documents/fa_ROS2_ws/install/ackermann_msgs/local/lib/python3.10/dist-packages/ackermann_msgs/msg/_ackermann_drive.py
[0.945s] -- Up-to-date: /home/ros2/Documents/fa_ROS2_ws/install/ackermann_msgs/local/lib/python3.10/dist-packages/ackermann_msgs/msg/_ackermann_drive_s.c
[0.945s] -- Up-to-date: /home/ros2/Documents/fa_ROS2_ws/install/ackermann_msgs/local/lib/python3.10/dist-packages/ackermann_msgs/msg/_ackermann_drive_stamped_s.c
[0.981s] Listing '/home/ros2/Documents/fa_ROS2_ws/install/ackermann_msgs/local/lib/python3.10/dist-packages/ackermann_msgs'...
[0.981s] Listing '/home/ros2/Documents/fa_ROS2_ws/install/ackermann_msgs/local/lib/python3.10/dist-packages/ackermann_msgs/msg'...
[0.985s] -- Up-to-date: /home/ros2/Documents/fa_ROS2_ws/install/ackermann_msgs/local/lib/python3.10/dist-packages/ackermann_msgs/ackermann_msgs_s__rosidl_typesupport_fastrtps_c.cpython-310-x86_64-linux-gnu.so
[0.986s] -- Up-to-date: /home/ros2/Documents/fa_ROS2_ws/install/ackermann_msgs/local/lib/python3.10/dist-packages/ackermann_msgs/ackermann_msgs_s__rosidl_typesupport_introspection_c.cpython-310-x86_64-linux-gnu.so
[0.987s] -- Up-to-date: /home/ros2/Documents/fa_ROS2_ws/install/ackermann_msgs/local/lib/python3.10/dist-packages/ackermann_msgs/ackermann_msgs_s__rosidl_typesupport_c.cpython-310-x86_64-linux-gnu.so
[0.987s] -- Up-to-date: /home/ros2/Documents/fa_ROS2_ws/install/ackermann_msgs/lib/libackermann_msgs__rosidl_generator_py.so
[0.987s] -- Up-to-date: /home/ros2/Documents/fa_ROS2_ws/install/ackermann_msgs/share/ackermann_msgs/msg/AckermannDrive.idl
[0.987s] -- Up-to-date: /home/ros2/Documents/fa_ROS2_ws/install/ackermann_msgs/share/ackermann_msgs/msg/AckermannDriveStamped.idl
[0.987s] -- Up-to-date: /home/ros2/Documents/fa_ROS2_ws/install/ackermann_msgs/share/ackermann_msgs/msg/AckermannDrive.msg
[0.988s] -- Up-to-date: /home/ros2/Documents/fa_ROS2_ws/install/ackermann_msgs/share/ackermann_msgs/msg/AckermannDriveStamped.msg
[0.988s] -- Up-to-date: /home/ros2/Documents/fa_ROS2_ws/install/ackermann_msgs/share/ament_index/resource_index/package_run_dependencies/ackermann_msgs
[0.988s] -- Up-to-date: /home/ros2/Documents/fa_ROS2_ws/install/ackermann_msgs/share/ament_index/resource_index/parent_prefix_path/ackermann_msgs
[0.988s] -- Up-to-date: /home/ros2/Documents/fa_ROS2_ws/install/ackermann_msgs/share/ackermann_msgs/environment/ament_prefix_path.sh
[0.988s] -- Up-to-date: /home/ros2/Documents/fa_ROS2_ws/install/ackermann_msgs/share/ackermann_msgs/environment/ament_prefix_path.dsv
[0.988s] -- Up-to-date: /home/ros2/Documents/fa_ROS2_ws/install/ackermann_msgs/share/ackermann_msgs/environment/path.sh
[0.988s] -- Up-to-date: /home/ros2/Documents/fa_ROS2_ws/install/ackermann_msgs/share/ackermann_msgs/environment/path.dsv
[0.988s] -- Up-to-date: /home/ros2/Documents/fa_ROS2_ws/install/ackermann_msgs/share/ackermann_msgs/local_setup.bash
[0.989s] -- Up-to-date: /home/ros2/Documents/fa_ROS2_ws/install/ackermann_msgs/share/ackermann_msgs/local_setup.sh
[0.989s] -- Up-to-date: /home/ros2/Documents/fa_ROS2_ws/install/ackermann_msgs/share/ackermann_msgs/local_setup.zsh
[0.989s] -- Up-to-date: /home/ros2/Documents/fa_ROS2_ws/install/ackermann_msgs/share/ackermann_msgs/local_setup.dsv
[0.989s] -- Installing: /home/ros2/Documents/fa_ROS2_ws/install/ackermann_msgs/share/ackermann_msgs/package.dsv
[0.989s] -- Up-to-date: /home/ros2/Documents/fa_ROS2_ws/install/ackermann_msgs/share/ament_index/resource_index/packages/ackermann_msgs
[0.989s] -- Up-to-date: /home/ros2/Documents/fa_ROS2_ws/install/ackermann_msgs/share/ackermann_msgs/cmake/export_ackermann_msgs__rosidl_generator_cExport.cmake
[0.989s] -- Up-to-date: /home/ros2/Documents/fa_ROS2_ws/install/ackermann_msgs/share/ackermann_msgs/cmake/export_ackermann_msgs__rosidl_generator_cExport-noconfig.cmake
[0.989s] -- Up-to-date: /home/ros2/Documents/fa_ROS2_ws/install/ackermann_msgs/share/ackermann_msgs/cmake/export_ackermann_msgs__rosidl_typesupport_fastrtps_cExport.cmake
[0.989s] -- Up-to-date: /home/ros2/Documents/fa_ROS2_ws/install/ackermann_msgs/share/ackermann_msgs/cmake/export_ackermann_msgs__rosidl_typesupport_fastrtps_cExport-noconfig.cmake
[0.989s] -- Up-to-date: /home/ros2/Documents/fa_ROS2_ws/install/ackermann_msgs/share/ackermann_msgs/cmake/ackermann_msgs__rosidl_typesupport_introspection_cExport.cmake
[0.990s] -- Up-to-date: /home/ros2/Documents/fa_ROS2_ws/install/ackermann_msgs/share/ackermann_msgs/cmake/ackermann_msgs__rosidl_typesupport_introspection_cExport-noconfig.cmake
[0.990s] -- Up-to-date: /home/ros2/Documents/fa_ROS2_ws/install/ackermann_msgs/share/ackermann_msgs/cmake/ackermann_msgs__rosidl_typesupport_cExport.cmake
[0.990s] -- Up-to-date: /home/ros2/Documents/fa_ROS2_ws/install/ackermann_msgs/share/ackermann_msgs/cmake/ackermann_msgs__rosidl_typesupport_cExport-noconfig.cmake
[0.990s] -- Up-to-date: /home/ros2/Documents/fa_ROS2_ws/install/ackermann_msgs/share/ackermann_msgs/cmake/export_ackermann_msgs__rosidl_generator_cppExport.cmake
[0.990s] -- Up-to-date: /home/ros2/Documents/fa_ROS2_ws/install/ackermann_msgs/share/ackermann_msgs/cmake/export_ackermann_msgs__rosidl_typesupport_fastrtps_cppExport.cmake
[0.990s] -- Up-to-date: /home/ros2/Documents/fa_ROS2_ws/install/ackermann_msgs/share/ackermann_msgs/cmake/export_ackermann_msgs__rosidl_typesupport_fastrtps_cppExport-noconfig.cmake
[0.990s] -- Up-to-date: /home/ros2/Documents/fa_ROS2_ws/install/ackermann_msgs/share/ackermann_msgs/cmake/ackermann_msgs__rosidl_typesupport_introspection_cppExport.cmake
[0.990s] -- Up-to-date: /home/ros2/Documents/fa_ROS2_ws/install/ackermann_msgs/share/ackermann_msgs/cmake/ackermann_msgs__rosidl_typesupport_introspection_cppExport-noconfig.cmake
[0.990s] -- Up-to-date: /home/ros2/Documents/fa_ROS2_ws/install/ackermann_msgs/share/ackermann_msgs/cmake/ackermann_msgs__rosidl_typesupport_cppExport.cmake
[0.990s] -- Up-to-date: /home/ros2/Documents/fa_ROS2_ws/install/ackermann_msgs/share/ackermann_msgs/cmake/ackermann_msgs__rosidl_typesupport_cppExport-noconfig.cmake
[0.990s] -- Up-to-date: /home/ros2/Documents/fa_ROS2_ws/install/ackermann_msgs/share/ackermann_msgs/cmake/export_ackermann_msgs__rosidl_generator_pyExport.cmake
[0.991s] -- Up-to-date: /home/ros2/Documents/fa_ROS2_ws/install/ackermann_msgs/share/ackermann_msgs/cmake/export_ackermann_msgs__rosidl_generator_pyExport-noconfig.cmake
[0.991s] -- Up-to-date: /home/ros2/Documents/fa_ROS2_ws/install/ackermann_msgs/share/ackermann_msgs/cmake/rosidl_cmake-extras.cmake
[0.991s] -- Up-to-date: /home/ros2/Documents/fa_ROS2_ws/install/ackermann_msgs/share/ackermann_msgs/cmake/ament_cmake_export_dependencies-extras.cmake
[0.991s] -- Up-to-date: /home/ros2/Documents/fa_ROS2_ws/install/ackermann_msgs/share/ackermann_msgs/cmake/ament_cmake_export_include_directories-extras.cmake
[0.991s] -- Up-to-date: /home/ros2/Documents/fa_ROS2_ws/install/ackermann_msgs/share/ackermann_msgs/cmake/ament_cmake_export_libraries-extras.cmake
[0.991s] -- Up-to-date: /home/ros2/Documents/fa_ROS2_ws/install/ackermann_msgs/share/ackermann_msgs/cmake/ament_cmake_export_targets-extras.cmake
[0.991s] -- Up-to-date: /home/ros2/Documents/fa_ROS2_ws/install/ackermann_msgs/share/ackermann_msgs/cmake/rosidl_cmake_export_typesupport_targets-extras.cmake
[0.991s] -- Up-to-date: /home/ros2/Documents/fa_ROS2_ws/install/ackermann_msgs/share/ackermann_msgs/cmake/rosidl_cmake_export_typesupport_libraries-extras.cmake
[0.991s] -- Up-to-date: /home/ros2/Documents/fa_ROS2_ws/install/ackermann_msgs/share/ackermann_msgs/cmake/ackermann_msgsConfig.cmake
[0.991s] -- Up-to-date: /home/ros2/Documents/fa_ROS2_ws/install/ackermann_msgs/share/ackermann_msgs/cmake/ackermann_msgsConfig-version.cmake
[0.992s] -- Up-to-date: /home/ros2/Documents/fa_ROS2_ws/install/ackermann_msgs/share/ackermann_msgs/package.xml
[0.993s] Invoked command in '/home/ros2/Documents/fa_ROS2_ws/build/ackermann_msgs' returned '0': CMAKE_PREFIX_PATH=${CMAKE_PREFIX_PATH}:/opt/ros/humble /usr/bin/cmake --install /home/ros2/Documents/fa_ROS2_ws/build/ackermann_msgs
