[0.028s] Invoking command in '/home/ros2/Documents/fa_ROS2_ws/build/smart_car': CMAKE_PREFIX_PATH=/home/ros2/Documents/fa_ROS2_ws/install/car_gazebo_plugin:/home/ros2/Documents/fa_ROS2_ws/install/smartcar_msgs:/home/ros2/Documents/fa_ROS2_ws/install/ackermann_msgs:/home/ros2/Documents/fa_ROS2_ws/install/smart_car:/opt/ros/humble LD_LIBRARY_PATH=/home/ros2/Documents/fa_ROS2_ws/install/car_gazebo_plugin/lib:/home/ros2/Documents/fa_ROS2_ws/install/smartcar_msgs/lib:/home/ros2/Documents/fa_ROS2_ws/install/ackermann_msgs/lib:/usr/lib/x86_64-linux-gnu/gazebo-11/plugins:/opt/ros/humble/opt/rviz_ogre_vendor/lib:/opt/ros/humble/lib/x86_64-linux-gnu:/opt/ros/humble/lib:/tmp/.mount_cursorHqA3fm/usr/lib:/usr/lib/x86_64-linux-gnu/gazebo-11/plugins:/usr/lib/x86_64-linux-gnu/gazebo-11/plugins:/usr/lib/x86_64-linux-gnu/gazebo-11/plugins /usr/bin/cmake --build /home/ros2/Documents/fa_ROS2_ws/build/smart_car -- -j8 -l8
[0.068s] -- Found ament_cmake: 1.3.10 (/opt/ros/humble/share/ament_cmake/cmake)
[0.224s] -- Found gazebo_ros: 3.7.0 (/opt/ros/humble/share/gazebo_ros/cmake)
[0.263s] -- Found rosidl_generator_c: 3.1.5 (/opt/ros/humble/share/rosidl_generator_c/cmake)
[0.265s] -- Found rosidl_adapter: 3.1.5 (/opt/ros/humble/share/rosidl_adapter/cmake)
[0.272s] -- Found rosidl_generator_cpp: 3.1.5 (/opt/ros/humble/share/rosidl_generator_cpp/cmake)
[0.284s] -- Using all available rosidl_typesupport_c: rosidl_typesupport_fastrtps_c;rosidl_typesupport_introspection_c
[0.299s] -- Using all available rosidl_typesupport_cpp: rosidl_typesupport_fastrtps_cpp;rosidl_typesupport_introspection_cpp
[0.341s] -- Found rmw_implementation_cmake: 6.1.2 (/opt/ros/humble/share/rmw_implementation_cmake/cmake)
[0.342s] -- Found rmw_cyclonedds_cpp: 1.3.4 (/opt/ros/humble/share/rmw_cyclonedds_cpp/cmake)
[0.363s] -- Using RMW implementation 'rmw_cyclonedds_cpp' as default
[0.467s] -- Found DART: /usr/include (Required is at least version "6.6") found components: dart 
[0.502s] -- Found Protobuf: /usr/lib/x86_64-linux-gnu/libprotobuf.so (found version "3.12.4") 
[0.504s] -- Looking for ignition-math6 -- found version 6.15.1
[0.510s] -- Searching for dependencies of ignition-math6
[0.511s] -- Looking for OGRE...
[0.521s] -- Found Ogre Ghadamon (1.9.0)
[0.521s] -- Found OGRE: optimized;/usr/lib/x86_64-linux-gnu/libOgreMain.so;debug;/usr/lib/x86_64-linux-gnu/libOgreMain.so
[0.533s] -- Looking for OGRE_Paging...
[0.533s] -- Found OGRE_Paging: optimized;/usr/lib/x86_64-linux-gnu/libOgrePaging.so;debug;/usr/lib/x86_64-linux-gnu/libOgrePaging.so
[0.533s] -- Looking for OGRE_Terrain...
[0.533s] -- Found OGRE_Terrain: optimized;/usr/lib/x86_64-linux-gnu/libOgreTerrain.so;debug;/usr/lib/x86_64-linux-gnu/libOgreTerrain.so
[0.534s] -- Looking for OGRE_Property...
[0.534s] -- Found OGRE_Property: optimized;/usr/lib/x86_64-linux-gnu/libOgreProperty.so;debug;/usr/lib/x86_64-linux-gnu/libOgreProperty.so
[0.534s] -- Looking for OGRE_RTShaderSystem...
[0.534s] -- Found OGRE_RTShaderSystem: optimized;/usr/lib/x86_64-linux-gnu/libOgreRTShaderSystem.so;debug;/usr/lib/x86_64-linux-gnu/libOgreRTShaderSystem.so
[0.534s] -- Looking for OGRE_Volume...
[0.534s] -- Found OGRE_Volume: optimized;/usr/lib/x86_64-linux-gnu/libOgreVolume.so;debug;/usr/lib/x86_64-linux-gnu/libOgreVolume.so
[0.534s] -- Looking for OGRE_Overlay...
[0.534s] -- Found OGRE_Overlay: optimized;/usr/lib/x86_64-linux-gnu/libOgreOverlay.so;debug;/usr/lib/x86_64-linux-gnu/libOgreOverlay.so
[0.736s] -- Looking for ignition-math6 -- found version 6.15.1
[0.736s] -- Looking for ignition-transport8 -- found version 8.2.1
[0.737s] -- Searching for dependencies of ignition-transport8
[0.758s] -- Found Protobuf: /usr/lib/x86_64-linux-gnu/libprotobuf.so (found suitable version "3.12.4", minimum required is "3") 
[0.770s] -- Config-file not installed for ZeroMQ -- checking for pkg-config
[0.776s] -- Checking for module 'libzmq >= 4'
[0.794s] --   Found libzmq , version 4.3.4
[0.852s] -- Checking for module 'uuid'
[0.869s] --   Found uuid, version 2.37.2
[0.916s] -- Looking for ignition-msgs5 -- found version 5.8.1
[0.917s] -- Searching for dependencies of ignition-msgs5
[0.940s] -- Looking for ignition-math6 -- found version 6.15.1
[0.946s] -- Checking for module 'tinyxml2'
[0.963s] --   Found tinyxml2, version 9.0.0
[1.010s] -- Looking for ignition-msgs5 -- found version 5.8.1
[1.010s] -- Looking for ignition-common3 -- found version 3.14.0
[1.011s] -- Searching for dependencies of ignition-common3
[1.011s] -- Looking for dlfcn.h - found
[1.011s] -- Looking for libdl - found
[1.030s] -- Searching for <ignition-common3> component [graphics]
[1.031s] -- Looking for ignition-common3-graphics -- found version 3.14.0
[1.032s] -- Searching for dependencies of ignition-common3-graphics
[1.032s] -- Looking for ignition-math6 -- found version 6.15.1
[1.033s] -- Looking for ignition-fuel_tools4 -- found version 4.4.0
[1.034s] -- Searching for dependencies of ignition-fuel_tools4
[1.082s] -- Checking for module 'jsoncpp'
[1.100s] --   Found jsoncpp, version 1.9.5
[1.154s] -- Checking for module 'libzip'
[1.170s] --   Found libzip, version 1.7.3
[1.215s] -- Looking for ignition-common3 -- found version 3.14.0
[1.215s] -- Looking for ignition-math6 -- found version 6.15.1
[1.216s] -- Looking for ignition-msgs5 -- found version 5.8.1
[1.217s] -- Gazebo version: 11.10
[1.219s] -- Found car_gazebo_plugin: 0.1.0 (/home/ros2/Documents/fa_ROS2_ws/install/car_gazebo_plugin/share/car_gazebo_plugin/cmake)
[1.274s] -- Found ament_lint_auto: 0.12.11 (/opt/ros/humble/share/ament_lint_auto/cmake)
[1.360s] -- Added test 'flake8' to check Python code syntax and style conventions
[1.360s] -- Added test 'lint_cmake' to check CMake code style
[1.360s] -- Added test 'pep257' to check Python code against some of the docstring style conventions in PEP 257
[1.362s] -- Added test 'xmllint' to check XML markup files
[1.363s] -- Configuring done
[1.370s] -- Generating done
[1.372s] -- Build files have been written to: /home/ros2/Documents/fa_ROS2_ws/build/smart_car
[1.412s] Invoked command in '/home/ros2/Documents/fa_ROS2_ws/build/smart_car' returned '0': CMAKE_PREFIX_PATH=/home/ros2/Documents/fa_ROS2_ws/install/car_gazebo_plugin:/home/ros2/Documents/fa_ROS2_ws/install/smartcar_msgs:/home/ros2/Documents/fa_ROS2_ws/install/ackermann_msgs:/home/ros2/Documents/fa_ROS2_ws/install/smart_car:/opt/ros/humble LD_LIBRARY_PATH=/home/ros2/Documents/fa_ROS2_ws/install/car_gazebo_plugin/lib:/home/ros2/Documents/fa_ROS2_ws/install/smartcar_msgs/lib:/home/ros2/Documents/fa_ROS2_ws/install/ackermann_msgs/lib:/usr/lib/x86_64-linux-gnu/gazebo-11/plugins:/opt/ros/humble/opt/rviz_ogre_vendor/lib:/opt/ros/humble/lib/x86_64-linux-gnu:/opt/ros/humble/lib:/tmp/.mount_cursorHqA3fm/usr/lib:/usr/lib/x86_64-linux-gnu/gazebo-11/plugins:/usr/lib/x86_64-linux-gnu/gazebo-11/plugins:/usr/lib/x86_64-linux-gnu/gazebo-11/plugins /usr/bin/cmake --build /home/ros2/Documents/fa_ROS2_ws/build/smart_car -- -j8 -l8
[1.454s] Invoking command in '/home/ros2/Documents/fa_ROS2_ws/build/smart_car': CMAKE_PREFIX_PATH=/home/ros2/Documents/fa_ROS2_ws/install/car_gazebo_plugin:/home/ros2/Documents/fa_ROS2_ws/install/smartcar_msgs:/home/ros2/Documents/fa_ROS2_ws/install/ackermann_msgs:/home/ros2/Documents/fa_ROS2_ws/install/smart_car:/opt/ros/humble LD_LIBRARY_PATH=/home/ros2/Documents/fa_ROS2_ws/install/car_gazebo_plugin/lib:/home/ros2/Documents/fa_ROS2_ws/install/smartcar_msgs/lib:/home/ros2/Documents/fa_ROS2_ws/install/ackermann_msgs/lib:/usr/lib/x86_64-linux-gnu/gazebo-11/plugins:/opt/ros/humble/opt/rviz_ogre_vendor/lib:/opt/ros/humble/lib/x86_64-linux-gnu:/opt/ros/humble/lib:/tmp/.mount_cursorHqA3fm/usr/lib:/usr/lib/x86_64-linux-gnu/gazebo-11/plugins:/usr/lib/x86_64-linux-gnu/gazebo-11/plugins:/usr/lib/x86_64-linux-gnu/gazebo-11/plugins /usr/bin/cmake --install /home/ros2/Documents/fa_ROS2_ws/build/smart_car
[1.464s] -- Install configuration: ""
[1.464s] -- Up-to-date: /home/ros2/Documents/fa_ROS2_ws/install/smart_car/share/smart_car//launch
[1.464s] -- Up-to-date: /home/ros2/Documents/fa_ROS2_ws/install/smart_car/share/smart_car//launch/gazebo.launch.py
[1.464s] -- Up-to-date: /home/ros2/Documents/fa_ROS2_ws/install/smart_car/share/smart_car//launch/localization.launch.py
[1.464s] -- Installing: /home/ros2/Documents/fa_ROS2_ws/install/smart_car/share/smart_car//launch/nav2.launch.py
[1.464s] -- Up-to-date: /home/ros2/Documents/fa_ROS2_ws/install/smart_car/share/smart_car//launch/display.launch.py
[1.465s] -- Up-to-date: /home/ros2/Documents/fa_ROS2_ws/install/smart_car/share/smart_car//config
[1.465s] -- Up-to-date: /home/ros2/Documents/fa_ROS2_ws/install/smart_car/share/smart_car//config/ekf.yaml
[1.465s] -- Installing: /home/ros2/Documents/fa_ROS2_ws/install/smart_car/share/smart_car//config/nav2_parameters.yaml
[1.465s] -- Up-to-date: /home/ros2/Documents/fa_ROS2_ws/install/smart_car/share/smart_car//map
[1.465s] -- Up-to-date: /home/ros2/Documents/fa_ROS2_ws/install/smart_car/share/smart_car//map/smalltown_world.yaml
[1.465s] -- Up-to-date: /home/ros2/Documents/fa_ROS2_ws/install/smart_car/share/smart_car//map/smalltown_world.pgm
[1.465s] -- Up-to-date: /home/ros2/Documents/fa_ROS2_ws/install/smart_car/share/smart_car//urdf
[1.465s] -- Up-to-date: /home/ros2/Documents/fa_ROS2_ws/install/smart_car/share/smart_car//urdf/smartcar.urdf.xacro
[1.465s] -- Up-to-date: /home/ros2/Documents/fa_ROS2_ws/install/smart_car/share/smart_car//urdf/smartcar.urdf
[1.465s] -- Up-to-date: /home/ros2/Documents/fa_ROS2_ws/install/smart_car/share/smart_car//rviz
[1.466s] -- Up-to-date: /home/ros2/Documents/fa_ROS2_ws/install/smart_car/share/smart_car//rviz/config.rviz
[1.466s] -- Up-to-date: /home/ros2/Documents/fa_ROS2_ws/install/smart_car/share/smart_car//world
[1.466s] -- Up-to-date: /home/ros2/Documents/fa_ROS2_ws/install/smart_car/share/smart_car//world/smalltown.world
[1.466s] -- Up-to-date: /home/ros2/Documents/fa_ROS2_ws/install/smart_car/share/smart_car//world/smalltown_world.yaml
[1.466s] -- Up-to-date: /home/ros2/Documents/fa_ROS2_ws/install/smart_car/share/smart_car//world/smalltown_world.pgm
[1.466s] -- Up-to-date: /home/ros2/Documents/fa_ROS2_ws/install/smart_car/lib/smart_car/wheel_odometry.py
[1.466s] -- Up-to-date: /home/ros2/Documents/fa_ROS2_ws/install/smart_car/lib/smart_car/joint_state_publisher.py
[1.466s] -- Up-to-date: /home/ros2/Documents/fa_ROS2_ws/install/smart_car/share/ament_index/resource_index/package_run_dependencies/smart_car
[1.467s] -- Up-to-date: /home/ros2/Documents/fa_ROS2_ws/install/smart_car/share/ament_index/resource_index/parent_prefix_path/smart_car
[1.467s] -- Up-to-date: /home/ros2/Documents/fa_ROS2_ws/install/smart_car/share/smart_car/environment/ament_prefix_path.sh
[1.467s] -- Installing: /home/ros2/Documents/fa_ROS2_ws/install/smart_car/share/smart_car/environment/ament_prefix_path.dsv
[1.467s] -- Up-to-date: /home/ros2/Documents/fa_ROS2_ws/install/smart_car/share/smart_car/environment/path.sh
[1.467s] -- Installing: /home/ros2/Documents/fa_ROS2_ws/install/smart_car/share/smart_car/environment/path.dsv
[1.467s] -- Up-to-date: /home/ros2/Documents/fa_ROS2_ws/install/smart_car/share/smart_car/local_setup.bash
[1.467s] -- Up-to-date: /home/ros2/Documents/fa_ROS2_ws/install/smart_car/share/smart_car/local_setup.sh
[1.467s] -- Up-to-date: /home/ros2/Documents/fa_ROS2_ws/install/smart_car/share/smart_car/local_setup.zsh
[1.467s] -- Installing: /home/ros2/Documents/fa_ROS2_ws/install/smart_car/share/smart_car/local_setup.dsv
[1.467s] -- Installing: /home/ros2/Documents/fa_ROS2_ws/install/smart_car/share/smart_car/package.dsv
[1.467s] -- Up-to-date: /home/ros2/Documents/fa_ROS2_ws/install/smart_car/share/ament_index/resource_index/packages/smart_car
[1.468s] -- Up-to-date: /home/ros2/Documents/fa_ROS2_ws/install/smart_car/share/smart_car/cmake/smart_carConfig.cmake
[1.468s] -- Up-to-date: /home/ros2/Documents/fa_ROS2_ws/install/smart_car/share/smart_car/cmake/smart_carConfig-version.cmake
[1.468s] -- Up-to-date: /home/ros2/Documents/fa_ROS2_ws/install/smart_car/share/smart_car/package.xml
[1.469s] Invoked command in '/home/ros2/Documents/fa_ROS2_ws/build/smart_car' returned '0': CMAKE_PREFIX_PATH=/home/ros2/Documents/fa_ROS2_ws/install/car_gazebo_plugin:/home/ros2/Documents/fa_ROS2_ws/install/smartcar_msgs:/home/ros2/Documents/fa_ROS2_ws/install/ackermann_msgs:/home/ros2/Documents/fa_ROS2_ws/install/smart_car:/opt/ros/humble LD_LIBRARY_PATH=/home/ros2/Documents/fa_ROS2_ws/install/car_gazebo_plugin/lib:/home/ros2/Documents/fa_ROS2_ws/install/smartcar_msgs/lib:/home/ros2/Documents/fa_ROS2_ws/install/ackermann_msgs/lib:/usr/lib/x86_64-linux-gnu/gazebo-11/plugins:/opt/ros/humble/opt/rviz_ogre_vendor/lib:/opt/ros/humble/lib/x86_64-linux-gnu:/opt/ros/humble/lib:/tmp/.mount_cursorHqA3fm/usr/lib:/usr/lib/x86_64-linux-gnu/gazebo-11/plugins:/usr/lib/x86_64-linux-gnu/gazebo-11/plugins:/usr/lib/x86_64-linux-gnu/gazebo-11/plugins /usr/bin/cmake --install /home/ros2/Documents/fa_ROS2_ws/build/smart_car
