[0.030s] Invoking command in '/home/ros2/Documents/fa_ROS2_ws/build/smartcar_msgs': CMAKE_PREFIX_PATH=${CMAKE_PREFIX_PATH}:/opt/ros/humble /usr/bin/cmake /home/ros2/Documents/fa_ROS2_ws/src/smartcar_msgs -DAMENT_CMAKE_SYMLINK_INSTALL=1 -DCMAKE_INSTALL_PREFIX=/home/ros2/Documents/fa_ROS2_ws/install/smartcar_msgs
[0.179s] -- The C compiler identification is GNU 11.4.0
[0.295s] -- The CXX compiler identification is GNU 11.4.0
[0.328s] -- Detecting C compiler ABI info
[0.446s] -- Detecting C compiler ABI info - done
[0.457s] -- Check for working C compiler: /usr/lib/ccache/gcc - skipped
[0.458s] -- Detecting C compile features
[0.458s] -- Detecting C compile features - done
[0.475s] -- Detecting CXX compiler ABI info
[0.617s] -- Detecting CXX compiler ABI info - done
[0.631s] -- Check for working CXX compiler: /usr/lib/ccache/g++ - skipped
[0.632s] -- Detecting CXX compile features
[0.633s] -- Detecting CXX compile features - done
[0.635s] -- Found ament_cmake: 1.3.10 (/opt/ros/humble/share/ament_cmake/cmake)
[0.871s] -- Found Python3: /usr/bin/python3 (found version "3.10.12") found components: Interpreter 
[0.970s] -- Override CMake install command with custom implementation using symlinks instead of copying resources
[1.011s] -- Found geometry_msgs: 4.2.4 (/opt/ros/humble/share/geometry_msgs/cmake)
[1.068s] -- Found rosidl_generator_c: 3.1.5 (/opt/ros/humble/share/rosidl_generator_c/cmake)
[1.078s] -- Found rosidl_adapter: 3.1.5 (/opt/ros/humble/share/rosidl_adapter/cmake)
[1.087s] -- Found rosidl_generator_cpp: 3.1.5 (/opt/ros/humble/share/rosidl_generator_cpp/cmake)
[1.104s] -- Using all available rosidl_typesupport_c: rosidl_typesupport_fastrtps_c;rosidl_typesupport_introspection_c
[1.133s] -- Using all available rosidl_typesupport_cpp: rosidl_typesupport_fastrtps_cpp;rosidl_typesupport_introspection_cpp
[1.199s] -- Found rosidl_default_generators: 1.2.0 (/opt/ros/humble/share/rosidl_default_generators/cmake)
[1.614s] -- Found ament_cmake_ros: 0.10.0 (/opt/ros/humble/share/ament_cmake_ros/cmake)
[2.253s] -- Using all available rosidl_typesupport_c: rosidl_typesupport_fastrtps_c;rosidl_typesupport_introspection_c
[2.534s] -- Using all available rosidl_typesupport_cpp: rosidl_typesupport_fastrtps_cpp;rosidl_typesupport_introspection_cpp
[2.585s] -- Found PythonInterp: /usr/bin/python3 (found suitable version "3.10.12", minimum required is "3.6") 
[2.590s] -- Found python_cmake_module: 0.10.0 (/opt/ros/humble/share/python_cmake_module/cmake)
[2.652s] -- Found PythonLibs: /usr/lib/x86_64-linux-gnu/libpython3.10.so (found suitable version "3.10.12", minimum required is "3.5") 
[2.652s] -- Using PYTHON_EXECUTABLE: /usr/bin/python3
[2.652s] -- Using PYTHON_INCLUDE_DIRS: /usr/include/python3.10
[2.652s] -- Using PYTHON_LIBRARIES: /usr/lib/x86_64-linux-gnu/libpython3.10.so
[2.683s] -- Found PythonExtra: .so  
[2.787s] -- Found ament_lint_auto: 0.12.11 (/opt/ros/humble/share/ament_lint_auto/cmake)
[2.816s] -- Added test 'lint_cmake' to check CMake code style
[2.816s] -- Added test 'xmllint' to check XML markup files
[2.822s] -- Configuring done
[2.876s] -- Generating done
[2.892s] -- Build files have been written to: /home/ros2/Documents/fa_ROS2_ws/build/smartcar_msgs
[2.896s] Invoked command in '/home/ros2/Documents/fa_ROS2_ws/build/smartcar_msgs' returned '0': CMAKE_PREFIX_PATH=${CMAKE_PREFIX_PATH}:/opt/ros/humble /usr/bin/cmake /home/ros2/Documents/fa_ROS2_ws/src/smartcar_msgs -DAMENT_CMAKE_SYMLINK_INSTALL=1 -DCMAKE_INSTALL_PREFIX=/home/ros2/Documents/fa_ROS2_ws/install/smartcar_msgs
[2.899s] Invoking command in '/home/ros2/Documents/fa_ROS2_ws/build/smartcar_msgs': CMAKE_PREFIX_PATH=${CMAKE_PREFIX_PATH}:/opt/ros/humble /usr/bin/cmake --build /home/ros2/Documents/fa_ROS2_ws/build/smartcar_msgs -- -j8 -l8
[3.143s] [  3%] [34m[1mGenerating C code for ROS interfaces[0m
[3.221s] [  6%] [34m[1mGenerating C++ code for ROS interfaces[0m
[3.326s] [  6%] Built target ament_cmake_python_symlink_smartcar_msgs
[4.112s] [  6%] Built target smartcar_msgs__cpp
[4.133s] [  9%] [32mBuilding C object CMakeFiles/smartcar_msgs__rosidl_generator_c.dir/rosidl_generator_c/smartcar_msgs/msg/detail/status__functions.c.o[0m
[4.249s] [ 12%] [34m[1mGenerating C++ type support dispatch for ROS interfaces[0m
[4.329s] [ 16%] [34m[1mGenerating C++ introspection for ROS interfaces[0m
[4.332s] [ 19%] [34m[1mGenerating C++ type support for eProsima Fast-RTPS[0m
[4.414s] running egg_info
[4.415s] creating smartcar_msgs.egg-info
[4.416s] writing smartcar_msgs.egg-info/PKG-INFO
[4.420s] writing dependency_links to smartcar_msgs.egg-info/dependency_links.txt
[4.421s] writing top-level names to smartcar_msgs.egg-info/top_level.txt
[4.421s] writing manifest file 'smartcar_msgs.egg-info/SOURCES.txt'
[4.423s] reading manifest file 'smartcar_msgs.egg-info/SOURCES.txt'
[4.423s] writing manifest file 'smartcar_msgs.egg-info/SOURCES.txt'
[4.457s] [ 22%] [32m[1mLinking C shared library libsmartcar_msgs__rosidl_generator_c.so[0m
[4.564s] [ 22%] Built target ament_cmake_python_build_smartcar_msgs_egg
[5.075s] [ 22%] Built target smartcar_msgs__rosidl_generator_c
[5.471s] [ 25%] [34m[1mGenerating C type support for eProsima Fast-RTPS[0m
[5.491s] [ 29%] [34m[1mGenerating C introspection for ROS interfaces[0m
[5.498s] [ 32%] [34m[1mGenerating C type support dispatch for ROS interfaces[0m
[5.589s] [ 35%] [32mBuilding CXX object CMakeFiles/smartcar_msgs__rosidl_typesupport_cpp.dir/rosidl_typesupport_cpp/smartcar_msgs/msg/status__type_support.cpp.o[0m
[5.927s] [ 38%] [32m[1mLinking CXX shared library libsmartcar_msgs__rosidl_typesupport_cpp.so[0m
[5.981s] [ 41%] [32mBuilding CXX object CMakeFiles/smartcar_msgs__rosidl_typesupport_introspection_cpp.dir/rosidl_typesupport_introspection_cpp/smartcar_msgs/msg/detail/status__type_support.cpp.o[0m
[5.991s] [ 45%] [32mBuilding CXX object CMakeFiles/smartcar_msgs__rosidl_typesupport_fastrtps_cpp.dir/rosidl_typesupport_fastrtps_cpp/smartcar_msgs/msg/detail/dds_fastrtps/status__type_support.cpp.o[0m
[6.310s] [ 48%] [32m[1mLinking CXX shared library libsmartcar_msgs__rosidl_typesupport_introspection_cpp.so[0m
[6.364s] [ 51%] [32m[1mLinking CXX shared library libsmartcar_msgs__rosidl_typesupport_fastrtps_cpp.so[0m
[6.548s] [ 54%] [32mBuilding CXX object CMakeFiles/smartcar_msgs__rosidl_typesupport_c.dir/rosidl_typesupport_c/smartcar_msgs/msg/status__type_support.cpp.o[0m
[6.719s] [ 54%] Built target smartcar_msgs__rosidl_typesupport_cpp
[6.769s] [ 58%] [32mBuilding C object CMakeFiles/smartcar_msgs__rosidl_typesupport_introspection_c.dir/rosidl_typesupport_introspection_c/smartcar_msgs/msg/detail/status__type_support.c.o[0m
[6.847s] [ 61%] [32mBuilding CXX object CMakeFiles/smartcar_msgs__rosidl_typesupport_fastrtps_c.dir/rosidl_typesupport_fastrtps_c/smartcar_msgs/msg/detail/status__type_support_c.cpp.o[0m
[6.878s] [ 64%] [32m[1mLinking CXX shared library libsmartcar_msgs__rosidl_typesupport_c.so[0m
[7.098s] [ 67%] [32m[1mLinking C shared library libsmartcar_msgs__rosidl_typesupport_introspection_c.so[0m
[7.135s] [ 67%] Built target smartcar_msgs__rosidl_typesupport_introspection_cpp
[7.158s] [ 70%] [32m[1mLinking CXX shared library libsmartcar_msgs__rosidl_typesupport_fastrtps_c.so[0m
[7.399s] [ 70%] Built target smartcar_msgs__rosidl_typesupport_c
[7.430s] [ 70%] Built target smartcar_msgs__rosidl_typesupport_fastrtps_cpp
[7.491s] [ 70%] Built target smartcar_msgs__rosidl_typesupport_introspection_c
[7.985s] [ 70%] Built target smartcar_msgs__rosidl_typesupport_fastrtps_c
[8.609s] [ 70%] Built target smartcar_msgs
[9.386s] [ 74%] [34m[1mGenerating Python code for ROS interfaces[0m
[10.743s] [ 74%] Built target smartcar_msgs__py
[11.110s] [ 77%] [32mBuilding C object CMakeFiles/smartcar_msgs__rosidl_generator_py.dir/rosidl_generator_py/smartcar_msgs/msg/_status_s.c.o[0m
[11.367s] [ 80%] [32m[1mLinking C shared library rosidl_generator_py/smartcar_msgs/libsmartcar_msgs__rosidl_generator_py.so[0m
[11.833s] [ 80%] Built target smartcar_msgs__rosidl_generator_py
[12.295s] [ 83%] [32mBuilding C object CMakeFiles/smartcar_msgs__rosidl_typesupport_c__pyext.dir/rosidl_generator_py/smartcar_msgs/_smartcar_msgs_s.ep.rosidl_typesupport_c.c.o[0m
[12.301s] [ 87%] [32mBuilding C object CMakeFiles/smartcar_msgs__rosidl_typesupport_introspection_c__pyext.dir/rosidl_generator_py/smartcar_msgs/_smartcar_msgs_s.ep.rosidl_typesupport_introspection_c.c.o[0m
[12.332s] [ 90%] [32mBuilding C object CMakeFiles/smartcar_msgs__rosidl_typesupport_fastrtps_c__pyext.dir/rosidl_generator_py/smartcar_msgs/_smartcar_msgs_s.ep.rosidl_typesupport_fastrtps_c.c.o[0m
[12.555s] [ 93%] [32m[1mLinking C shared library rosidl_generator_py/smartcar_msgs/smartcar_msgs_s__rosidl_typesupport_fastrtps_c.cpython-310-x86_64-linux-gnu.so[0m
[12.564s] [ 96%] [32m[1mLinking C shared library rosidl_generator_py/smartcar_msgs/smartcar_msgs_s__rosidl_typesupport_introspection_c.cpython-310-x86_64-linux-gnu.so[0m
[12.650s] [100%] [32m[1mLinking C shared library rosidl_generator_py/smartcar_msgs/smartcar_msgs_s__rosidl_typesupport_c.cpython-310-x86_64-linux-gnu.so[0m
[13.095s] [100%] Built target smartcar_msgs__rosidl_typesupport_c__pyext
[13.100s] [100%] Built target smartcar_msgs__rosidl_typesupport_fastrtps_c__pyext
[13.186s] [100%] Built target smartcar_msgs__rosidl_typesupport_introspection_c__pyext
[13.385s] Invoked command in '/home/ros2/Documents/fa_ROS2_ws/build/smartcar_msgs' returned '0': CMAKE_PREFIX_PATH=${CMAKE_PREFIX_PATH}:/opt/ros/humble /usr/bin/cmake --build /home/ros2/Documents/fa_ROS2_ws/build/smartcar_msgs -- -j8 -l8
[14.238s] Invoking command in '/home/ros2/Documents/fa_ROS2_ws/build/smartcar_msgs': CMAKE_PREFIX_PATH=${CMAKE_PREFIX_PATH}:/opt/ros/humble /usr/bin/cmake --install /home/ros2/Documents/fa_ROS2_ws/build/smartcar_msgs
[14.274s] -- Install configuration: ""
[14.284s] -- Execute custom install script
[14.284s] -- Symlinking: /home/ros2/Documents/fa_ROS2_ws/install/smartcar_msgs/share/ament_index/resource_index/rosidl_interfaces/smartcar_msgs
[14.319s] -- Symlinking: /home/ros2/Documents/fa_ROS2_ws/install/smartcar_msgs/include/smartcar_msgs/smartcar_msgs/msg/detail/status__functions.h
[14.369s] -- Symlinking: /home/ros2/Documents/fa_ROS2_ws/install/smartcar_msgs/include/smartcar_msgs/smartcar_msgs/msg/detail/status__struct.h
[14.537s] -- Symlinking: /home/ros2/Documents/fa_ROS2_ws/install/smartcar_msgs/include/smartcar_msgs/smartcar_msgs/msg/detail/status__type_support.h
[14.576s] -- Symlinking: /home/ros2/Documents/fa_ROS2_ws/install/smartcar_msgs/include/smartcar_msgs/smartcar_msgs/msg/rosidl_generator_c__visibility_control.h
[14.771s] -- Symlinking: /home/ros2/Documents/fa_ROS2_ws/install/smartcar_msgs/include/smartcar_msgs/smartcar_msgs/msg/status.h
[14.858s] -- Symlinking: /home/ros2/Documents/fa_ROS2_ws/install/smartcar_msgs/share/smartcar_msgs/environment/library_path.sh
[15.009s] -- Symlinking: /home/ros2/Documents/fa_ROS2_ws/install/smartcar_msgs/share/smartcar_msgs/environment/library_path.dsv
[15.127s] -- Symlinking: /home/ros2/Documents/fa_ROS2_ws/install/smartcar_msgs/include/smartcar_msgs/smartcar_msgs/msg/detail/status__rosidl_typesupport_fastrtps_c.h
[15.201s] -- Symlinking: /home/ros2/Documents/fa_ROS2_ws/install/smartcar_msgs/include/smartcar_msgs/smartcar_msgs/msg/rosidl_typesupport_fastrtps_c__visibility_control.h
[15.307s] -- Symlinking: /home/ros2/Documents/fa_ROS2_ws/install/smartcar_msgs/include/smartcar_msgs/smartcar_msgs/msg/detail/status__builder.hpp
[15.445s] -- Symlinking: /home/ros2/Documents/fa_ROS2_ws/install/smartcar_msgs/include/smartcar_msgs/smartcar_msgs/msg/detail/status__struct.hpp
[15.510s] -- Symlinking: /home/ros2/Documents/fa_ROS2_ws/install/smartcar_msgs/include/smartcar_msgs/smartcar_msgs/msg/detail/status__traits.hpp
[15.555s] -- Symlinking: /home/ros2/Documents/fa_ROS2_ws/install/smartcar_msgs/include/smartcar_msgs/smartcar_msgs/msg/status.hpp
[15.613s] -- Symlinking: /home/ros2/Documents/fa_ROS2_ws/install/smartcar_msgs/include/smartcar_msgs/smartcar_msgs/msg/detail/status__rosidl_typesupport_fastrtps_cpp.hpp
[15.669s] -- Symlinking: /home/ros2/Documents/fa_ROS2_ws/install/smartcar_msgs/include/smartcar_msgs/smartcar_msgs/msg/rosidl_typesupport_fastrtps_cpp__visibility_control.h
[15.745s] -- Symlinking: /home/ros2/Documents/fa_ROS2_ws/install/smartcar_msgs/include/smartcar_msgs/smartcar_msgs/msg/detail/status__rosidl_typesupport_introspection_c.h
[15.819s] -- Symlinking: /home/ros2/Documents/fa_ROS2_ws/install/smartcar_msgs/include/smartcar_msgs/smartcar_msgs/msg/rosidl_typesupport_introspection_c__visibility_control.h
[15.898s] -- Symlinking: /home/ros2/Documents/fa_ROS2_ws/install/smartcar_msgs/include/smartcar_msgs/smartcar_msgs/msg/detail/status__rosidl_typesupport_introspection_cpp.hpp
[15.972s] -- Symlinking: /home/ros2/Documents/fa_ROS2_ws/install/smartcar_msgs/share/smartcar_msgs/environment/pythonpath.sh
[16.046s] -- Symlinking: /home/ros2/Documents/fa_ROS2_ws/install/smartcar_msgs/share/smartcar_msgs/environment/pythonpath.dsv
[16.121s] -- Symlinking: /home/ros2/Documents/fa_ROS2_ws/install/smartcar_msgs/local/lib/python3.10/dist-packages/smartcar_msgs-0.0.0-py3.10.egg-info/PKG-INFO
[16.178s] -- Symlinking: /home/ros2/Documents/fa_ROS2_ws/install/smartcar_msgs/local/lib/python3.10/dist-packages/smartcar_msgs-0.0.0-py3.10.egg-info/SOURCES.txt
[16.246s] -- Symlinking: /home/ros2/Documents/fa_ROS2_ws/install/smartcar_msgs/local/lib/python3.10/dist-packages/smartcar_msgs-0.0.0-py3.10.egg-info/dependency_links.txt
[16.301s] -- Symlinking: /home/ros2/Documents/fa_ROS2_ws/install/smartcar_msgs/local/lib/python3.10/dist-packages/smartcar_msgs-0.0.0-py3.10.egg-info/top_level.txt
[16.329s] -- Symlinking: /home/ros2/Documents/fa_ROS2_ws/install/smartcar_msgs/local/lib/python3.10/dist-packages/smartcar_msgs/__init__.py
[16.398s] -- Symlinking: /home/ros2/Documents/fa_ROS2_ws/install/smartcar_msgs/local/lib/python3.10/dist-packages/smartcar_msgs/_smartcar_msgs_s.ep.rosidl_typesupport_c.c
[16.462s] -- Symlinking: /home/ros2/Documents/fa_ROS2_ws/install/smartcar_msgs/local/lib/python3.10/dist-packages/smartcar_msgs/_smartcar_msgs_s.ep.rosidl_typesupport_fastrtps_c.c
[16.505s] -- Symlinking: /home/ros2/Documents/fa_ROS2_ws/install/smartcar_msgs/local/lib/python3.10/dist-packages/smartcar_msgs/_smartcar_msgs_s.ep.rosidl_typesupport_introspection_c.c
[16.530s] -- Symlinking: /home/ros2/Documents/fa_ROS2_ws/install/smartcar_msgs/local/lib/python3.10/dist-packages/smartcar_msgs/libsmartcar_msgs__rosidl_generator_py.so
[16.578s] -- Symlinking: /home/ros2/Documents/fa_ROS2_ws/install/smartcar_msgs/local/lib/python3.10/dist-packages/smartcar_msgs/msg/__init__.py
[16.646s] -- Symlinking: /home/ros2/Documents/fa_ROS2_ws/install/smartcar_msgs/local/lib/python3.10/dist-packages/smartcar_msgs/msg/_status.py
[16.709s] -- Symlinking: /home/ros2/Documents/fa_ROS2_ws/install/smartcar_msgs/local/lib/python3.10/dist-packages/smartcar_msgs/msg/_status_s.c
[16.749s] -- Symlinking: /home/ros2/Documents/fa_ROS2_ws/install/smartcar_msgs/local/lib/python3.10/dist-packages/smartcar_msgs/smartcar_msgs_s__rosidl_typesupport_c.cpython-310-x86_64-linux-gnu.so
[16.790s] -- Symlinking: /home/ros2/Documents/fa_ROS2_ws/install/smartcar_msgs/local/lib/python3.10/dist-packages/smartcar_msgs/smartcar_msgs_s__rosidl_typesupport_fastrtps_c.cpython-310-x86_64-linux-gnu.so
[16.819s] -- Symlinking: /home/ros2/Documents/fa_ROS2_ws/install/smartcar_msgs/local/lib/python3.10/dist-packages/smartcar_msgs/smartcar_msgs_s__rosidl_typesupport_introspection_c.cpython-310-x86_64-linux-gnu.so
[16.862s] -- Up-to-date symlink: /home/ros2/Documents/fa_ROS2_ws/install/smartcar_msgs/local/lib/python3.10/dist-packages/smartcar_msgs/smartcar_msgs_s__rosidl_typesupport_fastrtps_c.cpython-310-x86_64-linux-gnu.so
[16.863s] -- Up-to-date symlink: /home/ros2/Documents/fa_ROS2_ws/install/smartcar_msgs/local/lib/python3.10/dist-packages/smartcar_msgs/smartcar_msgs_s__rosidl_typesupport_introspection_c.cpython-310-x86_64-linux-gnu.so
[16.863s] -- Up-to-date symlink: /home/ros2/Documents/fa_ROS2_ws/install/smartcar_msgs/local/lib/python3.10/dist-packages/smartcar_msgs/smartcar_msgs_s__rosidl_typesupport_c.cpython-310-x86_64-linux-gnu.so
[16.863s] -- Symlinking: /home/ros2/Documents/fa_ROS2_ws/install/smartcar_msgs/share/smartcar_msgs/msg/Status.idl
[16.879s] -- Symlinking: /home/ros2/Documents/fa_ROS2_ws/install/smartcar_msgs/share/smartcar_msgs/msg/Status.msg
[16.920s] -- Symlinking: /home/ros2/Documents/fa_ROS2_ws/install/smartcar_msgs/share/ament_index/resource_index/package_run_dependencies/smartcar_msgs
[16.967s] -- Symlinking: /home/ros2/Documents/fa_ROS2_ws/install/smartcar_msgs/share/ament_index/resource_index/parent_prefix_path/smartcar_msgs
[17.004s] -- Symlinking: /home/ros2/Documents/fa_ROS2_ws/install/smartcar_msgs/share/smartcar_msgs/environment/ament_prefix_path.sh
[17.043s] -- Symlinking: /home/ros2/Documents/fa_ROS2_ws/install/smartcar_msgs/share/smartcar_msgs/environment/ament_prefix_path.dsv
[17.064s] -- Symlinking: /home/ros2/Documents/fa_ROS2_ws/install/smartcar_msgs/share/smartcar_msgs/environment/path.sh
[17.100s] -- Symlinking: /home/ros2/Documents/fa_ROS2_ws/install/smartcar_msgs/share/smartcar_msgs/environment/path.dsv
[17.139s] -- Symlinking: /home/ros2/Documents/fa_ROS2_ws/install/smartcar_msgs/share/smartcar_msgs/local_setup.bash
[17.173s] -- Symlinking: /home/ros2/Documents/fa_ROS2_ws/install/smartcar_msgs/share/smartcar_msgs/local_setup.sh
[17.204s] -- Symlinking: /home/ros2/Documents/fa_ROS2_ws/install/smartcar_msgs/share/smartcar_msgs/local_setup.zsh
[17.244s] -- Symlinking: /home/ros2/Documents/fa_ROS2_ws/install/smartcar_msgs/share/smartcar_msgs/local_setup.dsv
[17.264s] -- Symlinking: /home/ros2/Documents/fa_ROS2_ws/install/smartcar_msgs/share/smartcar_msgs/package.dsv
[17.279s] -- Symlinking: /home/ros2/Documents/fa_ROS2_ws/install/smartcar_msgs/share/ament_index/resource_index/packages/smartcar_msgs
[17.329s] -- Symlinking: /home/ros2/Documents/fa_ROS2_ws/install/smartcar_msgs/share/smartcar_msgs/cmake/rosidl_cmake-extras.cmake
[17.361s] -- Symlinking: /home/ros2/Documents/fa_ROS2_ws/install/smartcar_msgs/share/smartcar_msgs/cmake/ament_cmake_export_dependencies-extras.cmake
[17.377s] -- Symlinking: /home/ros2/Documents/fa_ROS2_ws/install/smartcar_msgs/share/smartcar_msgs/cmake/ament_cmake_export_include_directories-extras.cmake
[17.429s] -- Symlinking: /home/ros2/Documents/fa_ROS2_ws/install/smartcar_msgs/share/smartcar_msgs/cmake/ament_cmake_export_libraries-extras.cmake
[17.454s] -- Symlinking: /home/ros2/Documents/fa_ROS2_ws/install/smartcar_msgs/share/smartcar_msgs/cmake/ament_cmake_export_targets-extras.cmake
[17.493s] -- Symlinking: /home/ros2/Documents/fa_ROS2_ws/install/smartcar_msgs/share/smartcar_msgs/cmake/rosidl_cmake_export_typesupport_targets-extras.cmake
[17.526s] -- Symlinking: /home/ros2/Documents/fa_ROS2_ws/install/smartcar_msgs/share/smartcar_msgs/cmake/rosidl_cmake_export_typesupport_libraries-extras.cmake
[17.547s] -- Symlinking: /home/ros2/Documents/fa_ROS2_ws/install/smartcar_msgs/share/smartcar_msgs/cmake/smartcar_msgsConfig.cmake
[17.578s] -- Symlinking: /home/ros2/Documents/fa_ROS2_ws/install/smartcar_msgs/share/smartcar_msgs/cmake/smartcar_msgsConfig-version.cmake
[17.596s] -- Symlinking: /home/ros2/Documents/fa_ROS2_ws/install/smartcar_msgs/share/smartcar_msgs/package.xml
[17.637s] -- Installing: /home/ros2/Documents/fa_ROS2_ws/install/smartcar_msgs/lib/libsmartcar_msgs__rosidl_generator_c.so
[17.638s] -- Set runtime path of "/home/ros2/Documents/fa_ROS2_ws/install/smartcar_msgs/lib/libsmartcar_msgs__rosidl_generator_c.so" to ""
[17.639s] -- Installing: /home/ros2/Documents/fa_ROS2_ws/install/smartcar_msgs/lib/libsmartcar_msgs__rosidl_typesupport_fastrtps_c.so
[17.639s] -- Set runtime path of "/home/ros2/Documents/fa_ROS2_ws/install/smartcar_msgs/lib/libsmartcar_msgs__rosidl_typesupport_fastrtps_c.so" to ""
[17.640s] -- Installing: /home/ros2/Documents/fa_ROS2_ws/install/smartcar_msgs/lib/libsmartcar_msgs__rosidl_typesupport_fastrtps_cpp.so
[17.641s] -- Set runtime path of "/home/ros2/Documents/fa_ROS2_ws/install/smartcar_msgs/lib/libsmartcar_msgs__rosidl_typesupport_fastrtps_cpp.so" to ""
[17.641s] -- Installing: /home/ros2/Documents/fa_ROS2_ws/install/smartcar_msgs/lib/libsmartcar_msgs__rosidl_typesupport_introspection_c.so
[17.642s] -- Set runtime path of "/home/ros2/Documents/fa_ROS2_ws/install/smartcar_msgs/lib/libsmartcar_msgs__rosidl_typesupport_introspection_c.so" to ""
[17.644s] -- Installing: /home/ros2/Documents/fa_ROS2_ws/install/smartcar_msgs/lib/libsmartcar_msgs__rosidl_typesupport_c.so
[17.644s] -- Set runtime path of "/home/ros2/Documents/fa_ROS2_ws/install/smartcar_msgs/lib/libsmartcar_msgs__rosidl_typesupport_c.so" to ""
[17.644s] -- Installing: /home/ros2/Documents/fa_ROS2_ws/install/smartcar_msgs/lib/libsmartcar_msgs__rosidl_typesupport_introspection_cpp.so
[17.645s] -- Set runtime path of "/home/ros2/Documents/fa_ROS2_ws/install/smartcar_msgs/lib/libsmartcar_msgs__rosidl_typesupport_introspection_cpp.so" to ""
[17.646s] -- Installing: /home/ros2/Documents/fa_ROS2_ws/install/smartcar_msgs/lib/libsmartcar_msgs__rosidl_typesupport_cpp.so
[17.647s] -- Set runtime path of "/home/ros2/Documents/fa_ROS2_ws/install/smartcar_msgs/lib/libsmartcar_msgs__rosidl_typesupport_cpp.so" to ""
[17.718s] Listing '/home/ros2/Documents/fa_ROS2_ws/install/smartcar_msgs/local/lib/python3.10/dist-packages/smartcar_msgs'...
[17.718s] Compiling '/home/ros2/Documents/fa_ROS2_ws/install/smartcar_msgs/local/lib/python3.10/dist-packages/smartcar_msgs/__init__.py'...
[17.718s] Listing '/home/ros2/Documents/fa_ROS2_ws/install/smartcar_msgs/local/lib/python3.10/dist-packages/smartcar_msgs/msg'...
[17.718s] Compiling '/home/ros2/Documents/fa_ROS2_ws/install/smartcar_msgs/local/lib/python3.10/dist-packages/smartcar_msgs/msg/__init__.py'...
[17.718s] Compiling '/home/ros2/Documents/fa_ROS2_ws/install/smartcar_msgs/local/lib/python3.10/dist-packages/smartcar_msgs/msg/_status.py'...
[17.735s] -- Installing: /home/ros2/Documents/fa_ROS2_ws/install/smartcar_msgs/lib/libsmartcar_msgs__rosidl_generator_py.so
[17.742s] -- Set runtime path of "/home/ros2/Documents/fa_ROS2_ws/install/smartcar_msgs/lib/libsmartcar_msgs__rosidl_generator_py.so" to ""
[17.745s] -- Installing: /home/ros2/Documents/fa_ROS2_ws/install/smartcar_msgs/share/smartcar_msgs/cmake/export_smartcar_msgs__rosidl_generator_cExport.cmake
[17.746s] -- Installing: /home/ros2/Documents/fa_ROS2_ws/install/smartcar_msgs/share/smartcar_msgs/cmake/export_smartcar_msgs__rosidl_generator_cExport-noconfig.cmake
[17.747s] -- Installing: /home/ros2/Documents/fa_ROS2_ws/install/smartcar_msgs/share/smartcar_msgs/cmake/export_smartcar_msgs__rosidl_typesupport_fastrtps_cExport.cmake
[17.747s] -- Installing: /home/ros2/Documents/fa_ROS2_ws/install/smartcar_msgs/share/smartcar_msgs/cmake/export_smartcar_msgs__rosidl_typesupport_fastrtps_cExport-noconfig.cmake
[17.748s] -- Installing: /home/ros2/Documents/fa_ROS2_ws/install/smartcar_msgs/share/smartcar_msgs/cmake/export_smartcar_msgs__rosidl_generator_cppExport.cmake
[17.749s] -- Installing: /home/ros2/Documents/fa_ROS2_ws/install/smartcar_msgs/share/smartcar_msgs/cmake/export_smartcar_msgs__rosidl_typesupport_fastrtps_cppExport.cmake
[17.752s] -- Installing: /home/ros2/Documents/fa_ROS2_ws/install/smartcar_msgs/share/smartcar_msgs/cmake/export_smartcar_msgs__rosidl_typesupport_fastrtps_cppExport-noconfig.cmake
[17.753s] -- Installing: /home/ros2/Documents/fa_ROS2_ws/install/smartcar_msgs/share/smartcar_msgs/cmake/smartcar_msgs__rosidl_typesupport_introspection_cExport.cmake
[17.753s] -- Installing: /home/ros2/Documents/fa_ROS2_ws/install/smartcar_msgs/share/smartcar_msgs/cmake/smartcar_msgs__rosidl_typesupport_introspection_cExport-noconfig.cmake
[17.753s] -- Installing: /home/ros2/Documents/fa_ROS2_ws/install/smartcar_msgs/share/smartcar_msgs/cmake/smartcar_msgs__rosidl_typesupport_cExport.cmake
[17.753s] -- Installing: /home/ros2/Documents/fa_ROS2_ws/install/smartcar_msgs/share/smartcar_msgs/cmake/smartcar_msgs__rosidl_typesupport_cExport-noconfig.cmake
[17.753s] -- Installing: /home/ros2/Documents/fa_ROS2_ws/install/smartcar_msgs/share/smartcar_msgs/cmake/smartcar_msgs__rosidl_typesupport_introspection_cppExport.cmake
[17.753s] -- Installing: /home/ros2/Documents/fa_ROS2_ws/install/smartcar_msgs/share/smartcar_msgs/cmake/smartcar_msgs__rosidl_typesupport_introspection_cppExport-noconfig.cmake
[17.753s] -- Installing: /home/ros2/Documents/fa_ROS2_ws/install/smartcar_msgs/share/smartcar_msgs/cmake/smartcar_msgs__rosidl_typesupport_cppExport.cmake
[17.754s] -- Installing: /home/ros2/Documents/fa_ROS2_ws/install/smartcar_msgs/share/smartcar_msgs/cmake/smartcar_msgs__rosidl_typesupport_cppExport-noconfig.cmake
[17.754s] -- Installing: /home/ros2/Documents/fa_ROS2_ws/install/smartcar_msgs/share/smartcar_msgs/cmake/export_smartcar_msgs__rosidl_generator_pyExport.cmake
[17.754s] -- Installing: /home/ros2/Documents/fa_ROS2_ws/install/smartcar_msgs/share/smartcar_msgs/cmake/export_smartcar_msgs__rosidl_generator_pyExport-noconfig.cmake
[17.767s] Invoked command in '/home/ros2/Documents/fa_ROS2_ws/build/smartcar_msgs' returned '0': CMAKE_PREFIX_PATH=${CMAKE_PREFIX_PATH}:/opt/ros/humble /usr/bin/cmake --install /home/ros2/Documents/fa_ROS2_ws/build/smartcar_msgs
