[0.017s] Invoking command in '/home/ros2/Documents/fa_ROS2_ws/build/ackermann_msgs': CMAKE_PREFIX_PATH=${CMAKE_PREFIX_PATH}:/opt/ros/humble /usr/bin/cmake --build /home/ros2/Documents/fa_ROS2_ws/build/ackermann_msgs -- -j8 -l8
[0.162s] [ 10%] Built target ackermann_msgs__rosidl_generator_c
[0.170s] [ 12%] Built target ackermann_msgs__cpp
[0.185s] [ 12%] Built target ament_cmake_python_copy_ackermann_msgs
[0.342s] [ 23%] Built target ackermann_msgs__rosidl_typesupport_introspection_c
[0.350s] [ 33%] Built target ackermann_msgs__rosidl_typesupport_fastrtps_c
[0.388s] [ 43%] Built target ackermann_msgs__rosidl_typesupport_cpp
[0.390s] [ 61%] Built target ackermann_msgs__rosidl_typesupport_c
[0.391s] [ 64%] Built target ackermann_msgs__rosidl_typesupport_fastrtps_cpp
[0.403s] [ 74%] Built target ackermann_msgs__rosidl_typesupport_introspection_cpp
[0.452s] [ 74%] Built target ackermann_msgs
[0.507s] [ 76%] Built target ackermann_msgs__py
[0.553s] [ 84%] Built target ackermann_msgs__rosidl_generator_py
[0.617s] [ 89%] Built target ackermann_msgs__rosidl_typesupport_introspection_c__pyext
[0.644s] [ 94%] Built target ackermann_msgs__rosidl_typesupport_fastrtps_c__pyext
[0.647s] [100%] Built target ackermann_msgs__rosidl_typesupport_c__pyext
[0.709s] running egg_info
[0.710s] writing ackermann_msgs.egg-info/PKG-INFO
[0.710s] writing dependency_links to ackermann_msgs.egg-info/dependency_links.txt
[0.710s] writing top-level names to ackermann_msgs.egg-info/top_level.txt
[0.714s] reading manifest file 'ackermann_msgs.egg-info/SOURCES.txt'
[0.714s] writing manifest file 'ackermann_msgs.egg-info/SOURCES.txt'
[0.762s] [100%] Built target ament_cmake_python_build_ackermann_msgs_egg
[0.785s] Invoked command in '/home/ros2/Documents/fa_ROS2_ws/build/ackermann_msgs' returned '0': CMAKE_PREFIX_PATH=${CMAKE_PREFIX_PATH}:/opt/ros/humble /usr/bin/cmake --build /home/ros2/Documents/fa_ROS2_ws/build/ackermann_msgs -- -j8 -l8
[0.958s] Invoking command in '/home/ros2/Documents/fa_ROS2_ws/build/ackermann_msgs': CMAKE_PREFIX_PATH=${CMAKE_PREFIX_PATH}:/opt/ros/humble /usr/bin/cmake --install /home/ros2/Documents/fa_ROS2_ws/build/ackermann_msgs
[0.969s] -- Install configuration: ""
[0.970s] -- Up-to-date: /home/ros2/Documents/fa_ROS2_ws/install/ackermann_msgs/share/ament_index/resource_index/rosidl_interfaces/ackermann_msgs
[0.970s] -- Up-to-date: /home/ros2/Documents/fa_ROS2_ws/install/ackermann_msgs/include/ackermann_msgs/ackermann_msgs
[0.970s] -- Up-to-date: /home/ros2/Documents/fa_ROS2_ws/install/ackermann_msgs/include/ackermann_msgs/ackermann_msgs/msg
[0.971s] -- Up-to-date: /home/ros2/Documents/fa_ROS2_ws/install/ackermann_msgs/include/ackermann_msgs/ackermann_msgs/msg/rosidl_generator_c__visibility_control.h
[0.971s] -- Up-to-date: /home/ros2/Documents/fa_ROS2_ws/install/ackermann_msgs/include/ackermann_msgs/ackermann_msgs/msg/ackermann_drive.h
[0.971s] -- Up-to-date: /home/ros2/Documents/fa_ROS2_ws/install/ackermann_msgs/include/ackermann_msgs/ackermann_msgs/msg/ackermann_drive_stamped.h
[0.971s] -- Up-to-date: /home/ros2/Documents/fa_ROS2_ws/install/ackermann_msgs/include/ackermann_msgs/ackermann_msgs/msg/detail
[0.971s] -- Up-to-date: /home/ros2/Documents/fa_ROS2_ws/install/ackermann_msgs/include/ackermann_msgs/ackermann_msgs/msg/detail/ackermann_drive_stamped__functions.h
[0.971s] -- Up-to-date: /home/ros2/Documents/fa_ROS2_ws/install/ackermann_msgs/include/ackermann_msgs/ackermann_msgs/msg/detail/ackermann_drive_stamped__functions.c
[0.972s] -- Up-to-date: /home/ros2/Documents/fa_ROS2_ws/install/ackermann_msgs/include/ackermann_msgs/ackermann_msgs/msg/detail/ackermann_drive__struct.h
[0.972s] -- Up-to-date: /home/ros2/Documents/fa_ROS2_ws/install/ackermann_msgs/include/ackermann_msgs/ackermann_msgs/msg/detail/ackermann_drive__functions.c
[0.972s] -- Up-to-date: /home/ros2/Documents/fa_ROS2_ws/install/ackermann_msgs/include/ackermann_msgs/ackermann_msgs/msg/detail/ackermann_drive_stamped__type_support.h
[0.972s] -- Up-to-date: /home/ros2/Documents/fa_ROS2_ws/install/ackermann_msgs/include/ackermann_msgs/ackermann_msgs/msg/detail/ackermann_drive__functions.h
[0.972s] -- Up-to-date: /home/ros2/Documents/fa_ROS2_ws/install/ackermann_msgs/include/ackermann_msgs/ackermann_msgs/msg/detail/ackermann_drive__type_support.h
[0.972s] -- Up-to-date: /home/ros2/Documents/fa_ROS2_ws/install/ackermann_msgs/include/ackermann_msgs/ackermann_msgs/msg/detail/ackermann_drive_stamped__struct.h
[0.972s] -- Up-to-date: /home/ros2/Documents/fa_ROS2_ws/install/ackermann_msgs/share/ackermann_msgs/environment/library_path.sh
[0.973s] -- Up-to-date: /home/ros2/Documents/fa_ROS2_ws/install/ackermann_msgs/share/ackermann_msgs/environment/library_path.dsv
[0.973s] -- Up-to-date: /home/ros2/Documents/fa_ROS2_ws/install/ackermann_msgs/lib/libackermann_msgs__rosidl_generator_c.so
[0.973s] -- Up-to-date: /home/ros2/Documents/fa_ROS2_ws/install/ackermann_msgs/include/ackermann_msgs/ackermann_msgs
[0.973s] -- Up-to-date: /home/ros2/Documents/fa_ROS2_ws/install/ackermann_msgs/include/ackermann_msgs/ackermann_msgs/msg
[0.973s] -- Up-to-date: /home/ros2/Documents/fa_ROS2_ws/install/ackermann_msgs/include/ackermann_msgs/ackermann_msgs/msg/rosidl_typesupport_fastrtps_c__visibility_control.h
[0.973s] -- Up-to-date: /home/ros2/Documents/fa_ROS2_ws/install/ackermann_msgs/include/ackermann_msgs/ackermann_msgs/msg/detail
[0.973s] -- Up-to-date: /home/ros2/Documents/fa_ROS2_ws/install/ackermann_msgs/include/ackermann_msgs/ackermann_msgs/msg/detail/ackermann_drive__rosidl_typesupport_fastrtps_c.h
[0.974s] -- Up-to-date: /home/ros2/Documents/fa_ROS2_ws/install/ackermann_msgs/include/ackermann_msgs/ackermann_msgs/msg/detail/ackermann_drive_stamped__rosidl_typesupport_fastrtps_c.h
[0.974s] -- Up-to-date: /home/ros2/Documents/fa_ROS2_ws/install/ackermann_msgs/lib/libackermann_msgs__rosidl_typesupport_fastrtps_c.so
[0.974s] -- Up-to-date: /home/ros2/Documents/fa_ROS2_ws/install/ackermann_msgs/include/ackermann_msgs/ackermann_msgs
[0.974s] -- Up-to-date: /home/ros2/Documents/fa_ROS2_ws/install/ackermann_msgs/include/ackermann_msgs/ackermann_msgs/msg
[0.974s] -- Up-to-date: /home/ros2/Documents/fa_ROS2_ws/install/ackermann_msgs/include/ackermann_msgs/ackermann_msgs/msg/detail
[0.974s] -- Up-to-date: /home/ros2/Documents/fa_ROS2_ws/install/ackermann_msgs/include/ackermann_msgs/ackermann_msgs/msg/detail/ackermann_drive_stamped__rosidl_typesupport_introspection_c.h
[0.974s] -- Up-to-date: /home/ros2/Documents/fa_ROS2_ws/install/ackermann_msgs/include/ackermann_msgs/ackermann_msgs/msg/detail/ackermann_drive__rosidl_typesupport_introspection_c.h
[0.974s] -- Up-to-date: /home/ros2/Documents/fa_ROS2_ws/install/ackermann_msgs/include/ackermann_msgs/ackermann_msgs/msg/detail/ackermann_drive__type_support.c
[0.975s] -- Up-to-date: /home/ros2/Documents/fa_ROS2_ws/install/ackermann_msgs/include/ackermann_msgs/ackermann_msgs/msg/detail/ackermann_drive_stamped__type_support.c
[0.975s] -- Up-to-date: /home/ros2/Documents/fa_ROS2_ws/install/ackermann_msgs/include/ackermann_msgs/ackermann_msgs/msg/rosidl_typesupport_introspection_c__visibility_control.h
[0.975s] -- Up-to-date: /home/ros2/Documents/fa_ROS2_ws/install/ackermann_msgs/lib/libackermann_msgs__rosidl_typesupport_introspection_c.so
[0.975s] -- Up-to-date: /home/ros2/Documents/fa_ROS2_ws/install/ackermann_msgs/lib/libackermann_msgs__rosidl_typesupport_c.so
[0.975s] -- Up-to-date: /home/ros2/Documents/fa_ROS2_ws/install/ackermann_msgs/include/ackermann_msgs/ackermann_msgs
[0.975s] -- Up-to-date: /home/ros2/Documents/fa_ROS2_ws/install/ackermann_msgs/include/ackermann_msgs/ackermann_msgs/msg
[0.975s] -- Up-to-date: /home/ros2/Documents/fa_ROS2_ws/install/ackermann_msgs/include/ackermann_msgs/ackermann_msgs/msg/ackermann_drive_stamped.hpp
[0.975s] -- Up-to-date: /home/ros2/Documents/fa_ROS2_ws/install/ackermann_msgs/include/ackermann_msgs/ackermann_msgs/msg/ackermann_drive.hpp
[0.976s] -- Up-to-date: /home/ros2/Documents/fa_ROS2_ws/install/ackermann_msgs/include/ackermann_msgs/ackermann_msgs/msg/detail
[0.976s] -- Up-to-date: /home/ros2/Documents/fa_ROS2_ws/install/ackermann_msgs/include/ackermann_msgs/ackermann_msgs/msg/detail/ackermann_drive__builder.hpp
[0.977s] -- Up-to-date: /home/ros2/Documents/fa_ROS2_ws/install/ackermann_msgs/include/ackermann_msgs/ackermann_msgs/msg/detail/ackermann_drive__struct.hpp
[0.977s] -- Up-to-date: /home/ros2/Documents/fa_ROS2_ws/install/ackermann_msgs/include/ackermann_msgs/ackermann_msgs/msg/detail/ackermann_drive_stamped__struct.hpp
[0.977s] -- Up-to-date: /home/ros2/Documents/fa_ROS2_ws/install/ackermann_msgs/include/ackermann_msgs/ackermann_msgs/msg/detail/ackermann_drive__traits.hpp
[0.977s] -- Up-to-date: /home/ros2/Documents/fa_ROS2_ws/install/ackermann_msgs/include/ackermann_msgs/ackermann_msgs/msg/detail/ackermann_drive_stamped__builder.hpp
[0.977s] -- Up-to-date: /home/ros2/Documents/fa_ROS2_ws/install/ackermann_msgs/include/ackermann_msgs/ackermann_msgs/msg/detail/ackermann_drive_stamped__traits.hpp
[0.978s] -- Up-to-date: /home/ros2/Documents/fa_ROS2_ws/install/ackermann_msgs/include/ackermann_msgs/ackermann_msgs
[0.978s] -- Up-to-date: /home/ros2/Documents/fa_ROS2_ws/install/ackermann_msgs/include/ackermann_msgs/ackermann_msgs/msg
[0.978s] -- Up-to-date: /home/ros2/Documents/fa_ROS2_ws/install/ackermann_msgs/include/ackermann_msgs/ackermann_msgs/msg/rosidl_typesupport_fastrtps_cpp__visibility_control.h
[0.978s] -- Up-to-date: /home/ros2/Documents/fa_ROS2_ws/install/ackermann_msgs/include/ackermann_msgs/ackermann_msgs/msg/detail
[0.978s] -- Up-to-date: /home/ros2/Documents/fa_ROS2_ws/install/ackermann_msgs/include/ackermann_msgs/ackermann_msgs/msg/detail/ackermann_drive__rosidl_typesupport_fastrtps_cpp.hpp
[0.979s] -- Up-to-date: /home/ros2/Documents/fa_ROS2_ws/install/ackermann_msgs/include/ackermann_msgs/ackermann_msgs/msg/detail/ackermann_drive_stamped__rosidl_typesupport_fastrtps_cpp.hpp
[0.979s] -- Up-to-date: /home/ros2/Documents/fa_ROS2_ws/install/ackermann_msgs/include/ackermann_msgs/ackermann_msgs/msg/detail/dds_fastrtps
[0.979s] -- Up-to-date: /home/ros2/Documents/fa_ROS2_ws/install/ackermann_msgs/lib/libackermann_msgs__rosidl_typesupport_fastrtps_cpp.so
[0.979s] -- Up-to-date: /home/ros2/Documents/fa_ROS2_ws/install/ackermann_msgs/include/ackermann_msgs/ackermann_msgs
[0.979s] -- Up-to-date: /home/ros2/Documents/fa_ROS2_ws/install/ackermann_msgs/include/ackermann_msgs/ackermann_msgs/msg
[0.979s] -- Up-to-date: /home/ros2/Documents/fa_ROS2_ws/install/ackermann_msgs/include/ackermann_msgs/ackermann_msgs/msg/detail
[0.979s] -- Up-to-date: /home/ros2/Documents/fa_ROS2_ws/install/ackermann_msgs/include/ackermann_msgs/ackermann_msgs/msg/detail/ackermann_drive_stamped__rosidl_typesupport_introspection_cpp.hpp
[0.979s] -- Up-to-date: /home/ros2/Documents/fa_ROS2_ws/install/ackermann_msgs/include/ackermann_msgs/ackermann_msgs/msg/detail/ackermann_drive_stamped__type_support.cpp
[0.979s] -- Up-to-date: /home/ros2/Documents/fa_ROS2_ws/install/ackermann_msgs/include/ackermann_msgs/ackermann_msgs/msg/detail/ackermann_drive__type_support.cpp
[0.979s] -- Up-to-date: /home/ros2/Documents/fa_ROS2_ws/install/ackermann_msgs/include/ackermann_msgs/ackermann_msgs/msg/detail/ackermann_drive__rosidl_typesupport_introspection_cpp.hpp
[0.981s] -- Up-to-date: /home/ros2/Documents/fa_ROS2_ws/install/ackermann_msgs/lib/libackermann_msgs__rosidl_typesupport_introspection_cpp.so
[0.981s] -- Up-to-date: /home/ros2/Documents/fa_ROS2_ws/install/ackermann_msgs/lib/libackermann_msgs__rosidl_typesupport_cpp.so
[0.981s] -- Up-to-date: /home/ros2/Documents/fa_ROS2_ws/install/ackermann_msgs/share/ackermann_msgs/environment/pythonpath.sh
[0.981s] -- Up-to-date: /home/ros2/Documents/fa_ROS2_ws/install/ackermann_msgs/share/ackermann_msgs/environment/pythonpath.dsv
[0.982s] -- Up-to-date: /home/ros2/Documents/fa_ROS2_ws/install/ackermann_msgs/local/lib/python3.10/dist-packages/ackermann_msgs-2.0.2-py3.10.egg-info
[0.982s] -- Installing: /home/ros2/Documents/fa_ROS2_ws/install/ackermann_msgs/local/lib/python3.10/dist-packages/ackermann_msgs-2.0.2-py3.10.egg-info/SOURCES.txt
[0.982s] -- Installing: /home/ros2/Documents/fa_ROS2_ws/install/ackermann_msgs/local/lib/python3.10/dist-packages/ackermann_msgs-2.0.2-py3.10.egg-info/PKG-INFO
[0.983s] -- Installing: /home/ros2/Documents/fa_ROS2_ws/install/ackermann_msgs/local/lib/python3.10/dist-packages/ackermann_msgs-2.0.2-py3.10.egg-info/top_level.txt
[0.983s] -- Installing: /home/ros2/Documents/fa_ROS2_ws/install/ackermann_msgs/local/lib/python3.10/dist-packages/ackermann_msgs-2.0.2-py3.10.egg-info/dependency_links.txt
[0.983s] -- Up-to-date: /home/ros2/Documents/fa_ROS2_ws/install/ackermann_msgs/local/lib/python3.10/dist-packages/ackermann_msgs
[0.983s] -- Up-to-date: /home/ros2/Documents/fa_ROS2_ws/install/ackermann_msgs/local/lib/python3.10/dist-packages/ackermann_msgs/__init__.py
[0.983s] -- Up-to-date: /home/ros2/Documents/fa_ROS2_ws/install/ackermann_msgs/local/lib/python3.10/dist-packages/ackermann_msgs/_ackermann_msgs_s.ep.rosidl_typesupport_c.c
[0.984s] -- Up-to-date: /home/ros2/Documents/fa_ROS2_ws/install/ackermann_msgs/local/lib/python3.10/dist-packages/ackermann_msgs/ackermann_msgs_s__rosidl_typesupport_fastrtps_c.cpython-310-x86_64-linux-gnu.so
[0.984s] -- Up-to-date: /home/ros2/Documents/fa_ROS2_ws/install/ackermann_msgs/local/lib/python3.10/dist-packages/ackermann_msgs/libackermann_msgs__rosidl_generator_py.so
[0.984s] -- Up-to-date: /home/ros2/Documents/fa_ROS2_ws/install/ackermann_msgs/local/lib/python3.10/dist-packages/ackermann_msgs/ackermann_msgs_s__rosidl_typesupport_c.cpython-310-x86_64-linux-gnu.so
[0.984s] -- Up-to-date: /home/ros2/Documents/fa_ROS2_ws/install/ackermann_msgs/local/lib/python3.10/dist-packages/ackermann_msgs/ackermann_msgs_s__rosidl_typesupport_introspection_c.cpython-310-x86_64-linux-gnu.so
[0.984s] -- Up-to-date: /home/ros2/Documents/fa_ROS2_ws/install/ackermann_msgs/local/lib/python3.10/dist-packages/ackermann_msgs/_ackermann_msgs_s.ep.rosidl_typesupport_introspection_c.c
[0.984s] -- Up-to-date: /home/ros2/Documents/fa_ROS2_ws/install/ackermann_msgs/local/lib/python3.10/dist-packages/ackermann_msgs/_ackermann_msgs_s.ep.rosidl_typesupport_fastrtps_c.c
[0.985s] -- Up-to-date: /home/ros2/Documents/fa_ROS2_ws/install/ackermann_msgs/local/lib/python3.10/dist-packages/ackermann_msgs/msg
[0.985s] -- Up-to-date: /home/ros2/Documents/fa_ROS2_ws/install/ackermann_msgs/local/lib/python3.10/dist-packages/ackermann_msgs/msg/__init__.py
[0.985s] -- Up-to-date: /home/ros2/Documents/fa_ROS2_ws/install/ackermann_msgs/local/lib/python3.10/dist-packages/ackermann_msgs/msg/_ackermann_drive_stamped.py
[0.985s] -- Up-to-date: /home/ros2/Documents/fa_ROS2_ws/install/ackermann_msgs/local/lib/python3.10/dist-packages/ackermann_msgs/msg/_ackermann_drive.py
[0.985s] -- Up-to-date: /home/ros2/Documents/fa_ROS2_ws/install/ackermann_msgs/local/lib/python3.10/dist-packages/ackermann_msgs/msg/_ackermann_drive_s.c
[0.985s] -- Up-to-date: /home/ros2/Documents/fa_ROS2_ws/install/ackermann_msgs/local/lib/python3.10/dist-packages/ackermann_msgs/msg/_ackermann_drive_stamped_s.c
[1.011s] Listing '/home/ros2/Documents/fa_ROS2_ws/install/ackermann_msgs/local/lib/python3.10/dist-packages/ackermann_msgs'...
[1.011s] Listing '/home/ros2/Documents/fa_ROS2_ws/install/ackermann_msgs/local/lib/python3.10/dist-packages/ackermann_msgs/msg'...
[1.017s] -- Up-to-date: /home/ros2/Documents/fa_ROS2_ws/install/ackermann_msgs/local/lib/python3.10/dist-packages/ackermann_msgs/ackermann_msgs_s__rosidl_typesupport_fastrtps_c.cpython-310-x86_64-linux-gnu.so
[1.017s] -- Up-to-date: /home/ros2/Documents/fa_ROS2_ws/install/ackermann_msgs/local/lib/python3.10/dist-packages/ackermann_msgs/ackermann_msgs_s__rosidl_typesupport_introspection_c.cpython-310-x86_64-linux-gnu.so
[1.017s] -- Up-to-date: /home/ros2/Documents/fa_ROS2_ws/install/ackermann_msgs/local/lib/python3.10/dist-packages/ackermann_msgs/ackermann_msgs_s__rosidl_typesupport_c.cpython-310-x86_64-linux-gnu.so
[1.018s] -- Up-to-date: /home/ros2/Documents/fa_ROS2_ws/install/ackermann_msgs/lib/libackermann_msgs__rosidl_generator_py.so
[1.018s] -- Up-to-date: /home/ros2/Documents/fa_ROS2_ws/install/ackermann_msgs/share/ackermann_msgs/msg/AckermannDrive.idl
[1.018s] -- Up-to-date: /home/ros2/Documents/fa_ROS2_ws/install/ackermann_msgs/share/ackermann_msgs/msg/AckermannDriveStamped.idl
[1.018s] -- Up-to-date: /home/ros2/Documents/fa_ROS2_ws/install/ackermann_msgs/share/ackermann_msgs/msg/AckermannDrive.msg
[1.018s] -- Up-to-date: /home/ros2/Documents/fa_ROS2_ws/install/ackermann_msgs/share/ackermann_msgs/msg/AckermannDriveStamped.msg
[1.018s] -- Up-to-date: /home/ros2/Documents/fa_ROS2_ws/install/ackermann_msgs/share/ament_index/resource_index/package_run_dependencies/ackermann_msgs
[1.018s] -- Up-to-date: /home/ros2/Documents/fa_ROS2_ws/install/ackermann_msgs/share/ament_index/resource_index/parent_prefix_path/ackermann_msgs
[1.019s] -- Up-to-date: /home/ros2/Documents/fa_ROS2_ws/install/ackermann_msgs/share/ackermann_msgs/environment/ament_prefix_path.sh
[1.021s] -- Up-to-date: /home/ros2/Documents/fa_ROS2_ws/install/ackermann_msgs/share/ackermann_msgs/environment/ament_prefix_path.dsv
[1.022s] -- Up-to-date: /home/ros2/Documents/fa_ROS2_ws/install/ackermann_msgs/share/ackermann_msgs/environment/path.sh
[1.022s] -- Up-to-date: /home/ros2/Documents/fa_ROS2_ws/install/ackermann_msgs/share/ackermann_msgs/environment/path.dsv
[1.022s] -- Up-to-date: /home/ros2/Documents/fa_ROS2_ws/install/ackermann_msgs/share/ackermann_msgs/local_setup.bash
[1.022s] -- Up-to-date: /home/ros2/Documents/fa_ROS2_ws/install/ackermann_msgs/share/ackermann_msgs/local_setup.sh
[1.022s] -- Up-to-date: /home/ros2/Documents/fa_ROS2_ws/install/ackermann_msgs/share/ackermann_msgs/local_setup.zsh
[1.022s] -- Up-to-date: /home/ros2/Documents/fa_ROS2_ws/install/ackermann_msgs/share/ackermann_msgs/local_setup.dsv
[1.022s] -- Installing: /home/ros2/Documents/fa_ROS2_ws/install/ackermann_msgs/share/ackermann_msgs/package.dsv
[1.022s] -- Up-to-date: /home/ros2/Documents/fa_ROS2_ws/install/ackermann_msgs/share/ament_index/resource_index/packages/ackermann_msgs
[1.022s] -- Up-to-date: /home/ros2/Documents/fa_ROS2_ws/install/ackermann_msgs/share/ackermann_msgs/cmake/export_ackermann_msgs__rosidl_generator_cExport.cmake
[1.022s] -- Up-to-date: /home/ros2/Documents/fa_ROS2_ws/install/ackermann_msgs/share/ackermann_msgs/cmake/export_ackermann_msgs__rosidl_generator_cExport-noconfig.cmake
[1.022s] -- Up-to-date: /home/ros2/Documents/fa_ROS2_ws/install/ackermann_msgs/share/ackermann_msgs/cmake/export_ackermann_msgs__rosidl_typesupport_fastrtps_cExport.cmake
[1.022s] -- Up-to-date: /home/ros2/Documents/fa_ROS2_ws/install/ackermann_msgs/share/ackermann_msgs/cmake/export_ackermann_msgs__rosidl_typesupport_fastrtps_cExport-noconfig.cmake
[1.023s] -- Up-to-date: /home/ros2/Documents/fa_ROS2_ws/install/ackermann_msgs/share/ackermann_msgs/cmake/ackermann_msgs__rosidl_typesupport_introspection_cExport.cmake
[1.023s] -- Up-to-date: /home/ros2/Documents/fa_ROS2_ws/install/ackermann_msgs/share/ackermann_msgs/cmake/ackermann_msgs__rosidl_typesupport_introspection_cExport-noconfig.cmake
[1.023s] -- Up-to-date: /home/ros2/Documents/fa_ROS2_ws/install/ackermann_msgs/share/ackermann_msgs/cmake/ackermann_msgs__rosidl_typesupport_cExport.cmake
[1.023s] -- Up-to-date: /home/ros2/Documents/fa_ROS2_ws/install/ackermann_msgs/share/ackermann_msgs/cmake/ackermann_msgs__rosidl_typesupport_cExport-noconfig.cmake
[1.023s] -- Up-to-date: /home/ros2/Documents/fa_ROS2_ws/install/ackermann_msgs/share/ackermann_msgs/cmake/export_ackermann_msgs__rosidl_generator_cppExport.cmake
[1.023s] -- Up-to-date: /home/ros2/Documents/fa_ROS2_ws/install/ackermann_msgs/share/ackermann_msgs/cmake/export_ackermann_msgs__rosidl_typesupport_fastrtps_cppExport.cmake
[1.024s] -- Up-to-date: /home/ros2/Documents/fa_ROS2_ws/install/ackermann_msgs/share/ackermann_msgs/cmake/export_ackermann_msgs__rosidl_typesupport_fastrtps_cppExport-noconfig.cmake
[1.027s] -- Up-to-date: /home/ros2/Documents/fa_ROS2_ws/install/ackermann_msgs/share/ackermann_msgs/cmake/ackermann_msgs__rosidl_typesupport_introspection_cppExport.cmake
[1.027s] -- Up-to-date: /home/ros2/Documents/fa_ROS2_ws/install/ackermann_msgs/share/ackermann_msgs/cmake/ackermann_msgs__rosidl_typesupport_introspection_cppExport-noconfig.cmake
[1.027s] -- Up-to-date: /home/ros2/Documents/fa_ROS2_ws/install/ackermann_msgs/share/ackermann_msgs/cmake/ackermann_msgs__rosidl_typesupport_cppExport.cmake
[1.027s] -- Up-to-date: /home/ros2/Documents/fa_ROS2_ws/install/ackermann_msgs/share/ackermann_msgs/cmake/ackermann_msgs__rosidl_typesupport_cppExport-noconfig.cmake
[1.028s] -- Up-to-date: /home/ros2/Documents/fa_ROS2_ws/install/ackermann_msgs/share/ackermann_msgs/cmake/export_ackermann_msgs__rosidl_generator_pyExport.cmake
[1.028s] -- Up-to-date: /home/ros2/Documents/fa_ROS2_ws/install/ackermann_msgs/share/ackermann_msgs/cmake/export_ackermann_msgs__rosidl_generator_pyExport-noconfig.cmake
[1.028s] -- Up-to-date: /home/ros2/Documents/fa_ROS2_ws/install/ackermann_msgs/share/ackermann_msgs/cmake/rosidl_cmake-extras.cmake
[1.029s] -- Up-to-date: /home/ros2/Documents/fa_ROS2_ws/install/ackermann_msgs/share/ackermann_msgs/cmake/ament_cmake_export_dependencies-extras.cmake
[1.029s] -- Up-to-date: /home/ros2/Documents/fa_ROS2_ws/install/ackermann_msgs/share/ackermann_msgs/cmake/ament_cmake_export_include_directories-extras.cmake
[1.029s] -- Up-to-date: /home/ros2/Documents/fa_ROS2_ws/install/ackermann_msgs/share/ackermann_msgs/cmake/ament_cmake_export_libraries-extras.cmake
[1.029s] -- Up-to-date: /home/ros2/Documents/fa_ROS2_ws/install/ackermann_msgs/share/ackermann_msgs/cmake/ament_cmake_export_targets-extras.cmake
[1.029s] -- Up-to-date: /home/ros2/Documents/fa_ROS2_ws/install/ackermann_msgs/share/ackermann_msgs/cmake/rosidl_cmake_export_typesupport_targets-extras.cmake
[1.029s] -- Up-to-date: /home/ros2/Documents/fa_ROS2_ws/install/ackermann_msgs/share/ackermann_msgs/cmake/rosidl_cmake_export_typesupport_libraries-extras.cmake
[1.030s] -- Up-to-date: /home/ros2/Documents/fa_ROS2_ws/install/ackermann_msgs/share/ackermann_msgs/cmake/ackermann_msgsConfig.cmake
[1.030s] -- Up-to-date: /home/ros2/Documents/fa_ROS2_ws/install/ackermann_msgs/share/ackermann_msgs/cmake/ackermann_msgsConfig-version.cmake
[1.030s] -- Up-to-date: /home/ros2/Documents/fa_ROS2_ws/install/ackermann_msgs/share/ackermann_msgs/package.xml
[1.032s] Invoked command in '/home/ros2/Documents/fa_ROS2_ws/build/ackermann_msgs' returned '0': CMAKE_PREFIX_PATH=${CMAKE_PREFIX_PATH}:/opt/ros/humble /usr/bin/cmake --install /home/ros2/Documents/fa_ROS2_ws/build/ackermann_msgs
