[0.023s] Invoking command in '/home/ros2/Documents/fa_ROS2_ws/build/car_gazebo_plugin': AMENT_PREFIX_PATH=/home/ros2/Documents/fa_ROS2_ws/install/smartcar_msgs:/home/ros2/Documents/fa_ROS2_ws/install/ackermann_msgs:${AMENT_PREFIX_PATH} CMAKE_PREFIX_PATH=/home/ros2/Documents/fa_ROS2_ws/install/smartcar_msgs:/home/ros2/Documents/fa_ROS2_ws/install/ackermann_msgs:/opt/ros/humble LD_LIBRARY_PATH=/home/ros2/Documents/fa_ROS2_ws/install/smartcar_msgs/lib:/home/ros2/Documents/fa_ROS2_ws/install/ackermann_msgs/lib:/usr/lib/x86_64-linux-gnu/gazebo-11/plugins:/opt/ros/humble/opt/rviz_ogre_vendor/lib:/opt/ros/humble/lib/x86_64-linux-gnu:/opt/ros/humble/lib:/tmp/.mount_cursorHqA3fm/usr/lib:/usr/lib/x86_64-linux-gnu/gazebo-11/plugins:/usr/lib/x86_64-linux-gnu/gazebo-11/plugins:/usr/lib/x86_64-linux-gnu/gazebo-11/plugins PYTHONPATH=/home/ros2/Documents/fa_ROS2_ws/install/smartcar_msgs/local/lib/python3.10/dist-packages:/home/ros2/Documents/fa_ROS2_ws/install/ackermann_msgs/local/lib/python3.10/dist-packages:${PYTHONPATH} /usr/bin/cmake /home/ros2/Documents/fa_ROS2_ws/src/car_gazebo_plugin -DCMAKE_INSTALL_PREFIX=/home/ros2/Documents/fa_ROS2_ws/install/car_gazebo_plugin
[0.123s] -- The C compiler identification is GNU 11.4.0
[0.239s] -- The CXX compiler identification is GNU 11.4.0
[0.267s] -- Detecting C compiler ABI info
[0.400s] -- Detecting C compiler ABI info - done
[0.412s] -- Check for working C compiler: /usr/lib/ccache/gcc - skipped
[0.413s] -- Detecting C compile features
[0.413s] -- Detecting C compile features - done
[0.418s] -- Detecting CXX compiler ABI info
[0.565s] -- Detecting CXX compiler ABI info - done
[0.583s] -- Check for working CXX compiler: /usr/lib/ccache/g++ - skipped
[0.584s] -- Detecting CXX compile features
[0.584s] -- Detecting CXX compile features - done
[0.599s] [33mCMake Warning (dev) at /usr/share/cmake-3.22/Modules/FindPackageHandleStandardArgs.cmake:438 (message):
[0.599s]   The package name passed to `find_package_handle_standard_args` (PkgConfig)
[0.600s]   does not match the name of the calling package (gazebo).  This can lead to
[0.600s]   problems in calling code that expects `find_package` result variables
[0.600s]   (e.g., `_FOUND`) to follow a certain pattern.
[0.600s] Call Stack (most recent call first):
[0.600s]   /usr/share/cmake-3.22/Modules/FindPkgConfig.cmake:99 (find_package_handle_standard_args)
[0.600s]   /usr/lib/x86_64-linux-gnu/cmake/gazebo/gazebo-config.cmake:72 (include)
[0.600s]   CMakeLists.txt:14 (find_package)
[0.600s] This warning is for project developers.  Use -Wno-dev to suppress it.
[0.600s] [0m
[0.601s] -- Found PkgConfig: /usr/bin/pkg-config (found version "0.29.2") 
[0.607s] -- Checking for module 'bullet>=2.82'
[0.634s] --   Found bullet, version 3.05
[0.850s] -- Found fcl: /usr/include (found suitable version "0.7.0", minimum required is "0.5.0") 
[0.956s] -- Found assimp: /usr/include (found version "5.2.0") 
[0.984s] -- Found DART: /usr/include (Required is at least version "6.6") found components: dart 
[1.335s] -- Found Boost: /usr/lib/x86_64-linux-gnu/cmake/Boost-1.74.0/BoostConfig.cmake (found suitable version "1.74.0", minimum required is "1.40.0") found components: thread system filesystem program_options regex iostreams date_time 
[1.382s] -- Found Protobuf: /usr/lib/x86_64-linux-gnu/libprotobuf.so (found version "3.12.4") 
[1.399s] -- Looking for ignition-math6 -- found version 6.15.1
[1.407s] -- Searching for dependencies of ignition-math6
[1.409s] -- Looking for OGRE...
[1.409s] -- OGRE_PREFIX_WATCH changed.
[1.427s] -- Checking for module 'OGRE'
[1.453s] --   Found OGRE, version 1.9.0
[1.507s] -- Found Ogre Ghadamon (1.9.0)
[1.522s] -- Found OGRE: optimized;/usr/lib/x86_64-linux-gnu/libOgreMain.so;debug;/usr/lib/x86_64-linux-gnu/libOgreMain.so
[1.534s] -- Looking for OGRE_Paging...
[1.549s] -- Found OGRE_Paging: optimized;/usr/lib/x86_64-linux-gnu/libOgrePaging.so;debug;/usr/lib/x86_64-linux-gnu/libOgrePaging.so
[1.549s] -- Looking for OGRE_Terrain...
[1.560s] -- Found OGRE_Terrain: optimized;/usr/lib/x86_64-linux-gnu/libOgreTerrain.so;debug;/usr/lib/x86_64-linux-gnu/libOgreTerrain.so
[1.560s] -- Looking for OGRE_Property...
[1.568s] -- Found OGRE_Property: optimized;/usr/lib/x86_64-linux-gnu/libOgreProperty.so;debug;/usr/lib/x86_64-linux-gnu/libOgreProperty.so
[1.568s] -- Looking for OGRE_RTShaderSystem...
[1.577s] -- Found OGRE_RTShaderSystem: optimized;/usr/lib/x86_64-linux-gnu/libOgreRTShaderSystem.so;debug;/usr/lib/x86_64-linux-gnu/libOgreRTShaderSystem.so
[1.577s] -- Looking for OGRE_Volume...
[1.584s] -- Found OGRE_Volume: optimized;/usr/lib/x86_64-linux-gnu/libOgreVolume.so;debug;/usr/lib/x86_64-linux-gnu/libOgreVolume.so
[1.584s] -- Looking for OGRE_Overlay...
[1.592s] -- Found OGRE_Overlay: optimized;/usr/lib/x86_64-linux-gnu/libOgreOverlay.so;debug;/usr/lib/x86_64-linux-gnu/libOgreOverlay.so
[1.814s] -- Looking for ignition-math6 -- found version 6.15.1
[1.819s] -- Looking for ignition-transport8 -- found version 8.2.1
[1.819s] -- Searching for dependencies of ignition-transport8
[1.841s] -- Found Protobuf: /usr/lib/x86_64-linux-gnu/libprotobuf.so (found suitable version "3.12.4", minimum required is "3") 
[1.854s] -- Config-file not installed for ZeroMQ -- checking for pkg-config
[1.863s] -- Checking for module 'libzmq >= 4'
[1.883s] --   Found libzmq , version 4.3.4
[1.933s] -- Found ZeroMQ: TRUE (Required is at least version "4") 
[1.943s] -- Checking for module 'uuid'
[1.962s] --   Found uuid, version 2.37.2
[2.009s] -- Found UUID: TRUE  
[2.013s] -- Looking for ignition-msgs5 -- found version 5.8.1
[2.013s] -- Searching for dependencies of ignition-msgs5
[2.037s] -- Looking for ignition-math6 -- found version 6.15.1
[2.045s] -- Checking for module 'tinyxml2'
[2.066s] --   Found tinyxml2, version 9.0.0
[2.113s] -- Looking for ignition-msgs5 -- found version 5.8.1
[2.118s] -- Looking for ignition-common3 -- found version 3.14.0
[2.118s] -- Searching for dependencies of ignition-common3
[2.118s] -- Looking for dlfcn.h - found
[2.120s] -- Looking for libdl - found
[2.122s] -- Found DL: TRUE  
[2.139s] -- Found tinyobjloader: /usr/lib/x86_64-linux-gnu/cmake/tinyobjloader/tinyobjloader-config.cmake (found version "2.0.0") 
[2.140s] -- Searching for <ignition-common3> component [graphics]
[2.144s] -- Looking for ignition-common3-graphics -- found version 3.14.0
[2.145s] -- Searching for dependencies of ignition-common3-graphics
[2.145s] -- Looking for ignition-math6 -- found version 6.15.1
[2.151s] -- Looking for ignition-fuel_tools4 -- found version 4.4.0
[2.152s] -- Searching for dependencies of ignition-fuel_tools4
[2.262s] -- Found CURL: /usr/lib/x86_64-linux-gnu/libcurl.so (found version "7.81.0")  
[2.275s] -- Checking for module 'jsoncpp'
[2.296s] --   Found jsoncpp, version 1.9.5
[2.342s] -- Found JSONCPP: TRUE  
[2.350s] -- Checking for module 'libzip'
[2.370s] --   Found libzip, version 1.7.3
[2.416s] -- Found ZIP: TRUE  
[2.416s] -- Looking for ignition-common3 -- found version 3.14.0
[2.417s] -- Looking for ignition-math6 -- found version 6.15.1
[2.417s] -- Looking for ignition-msgs5 -- found version 5.8.1
[2.426s] -- Found gazebo_ros: 3.7.0 (/opt/ros/humble/share/gazebo_ros/cmake)
[2.606s] -- Found Python3: /usr/bin/python3 (found version "3.10.12") found components: Interpreter 
[2.765s] -- Found rosidl_generator_c: 3.1.5 (/opt/ros/humble/share/rosidl_generator_c/cmake)
[2.771s] -- Found rosidl_adapter: 3.1.5 (/opt/ros/humble/share/rosidl_adapter/cmake)
[2.782s] -- Found rosidl_generator_cpp: 3.1.5 (/opt/ros/humble/share/rosidl_generator_cpp/cmake)
[2.798s] -- Using all available rosidl_typesupport_c: rosidl_typesupport_fastrtps_c;rosidl_typesupport_introspection_c
[2.818s] -- Using all available rosidl_typesupport_cpp: rosidl_typesupport_fastrtps_cpp;rosidl_typesupport_introspection_cpp
[2.877s] -- Found rmw_implementation_cmake: 6.1.2 (/opt/ros/humble/share/rmw_implementation_cmake/cmake)
[2.880s] -- Found rmw_cyclonedds_cpp: 1.3.4 (/opt/ros/humble/share/rmw_cyclonedds_cpp/cmake)
[2.910s] -- Using RMW implementation 'rmw_cyclonedds_cpp' as default
[2.922s] -- Found Threads: TRUE  
[3.003s] -- Gazebo version: 11.10
[3.003s] -- Checking for module 'tbb'
[3.023s] --   Found tbb, version 2021.5.0
[3.074s] -- Found gazebo_ros_pkgs: 3.7.0 (/opt/ros/humble/share/gazebo_ros_pkgs/cmake)
[3.077s] -- Found sensor_msgs: 4.2.4 (/opt/ros/humble/share/sensor_msgs/cmake)
[3.126s] -- Found nav_msgs: 4.2.4 (/opt/ros/humble/share/nav_msgs/cmake)
[3.153s] -- Found ackermann_msgs: 2.0.2 (/home/ros2/Documents/fa_ROS2_ws/install/ackermann_msgs/share/ackermann_msgs/cmake)
[3.174s] -- Found tf2: 0.25.7 (/opt/ros/humble/share/tf2/cmake)
[3.189s] -- Found tf2_ros: 0.25.7 (/opt/ros/humble/share/tf2_ros/cmake)
[3.320s] -- Found smartcar_msgs: 0.0.0 (/home/ros2/Documents/fa_ROS2_ws/install/smartcar_msgs/share/smartcar_msgs/cmake)
[3.433s] -- Configuring done
[3.471s] -- Generating done
[3.475s] -- Build files have been written to: /home/ros2/Documents/fa_ROS2_ws/build/car_gazebo_plugin
[3.500s] Invoked command in '/home/ros2/Documents/fa_ROS2_ws/build/car_gazebo_plugin' returned '0': AMENT_PREFIX_PATH=/home/ros2/Documents/fa_ROS2_ws/install/smartcar_msgs:/home/ros2/Documents/fa_ROS2_ws/install/ackermann_msgs:${AMENT_PREFIX_PATH} CMAKE_PREFIX_PATH=/home/ros2/Documents/fa_ROS2_ws/install/smartcar_msgs:/home/ros2/Documents/fa_ROS2_ws/install/ackermann_msgs:/opt/ros/humble LD_LIBRARY_PATH=/home/ros2/Documents/fa_ROS2_ws/install/smartcar_msgs/lib:/home/ros2/Documents/fa_ROS2_ws/install/ackermann_msgs/lib:/usr/lib/x86_64-linux-gnu/gazebo-11/plugins:/opt/ros/humble/opt/rviz_ogre_vendor/lib:/opt/ros/humble/lib/x86_64-linux-gnu:/opt/ros/humble/lib:/tmp/.mount_cursorHqA3fm/usr/lib:/usr/lib/x86_64-linux-gnu/gazebo-11/plugins:/usr/lib/x86_64-linux-gnu/gazebo-11/plugins:/usr/lib/x86_64-linux-gnu/gazebo-11/plugins PYTHONPATH=/home/ros2/Documents/fa_ROS2_ws/install/smartcar_msgs/local/lib/python3.10/dist-packages:/home/ros2/Documents/fa_ROS2_ws/install/ackermann_msgs/local/lib/python3.10/dist-packages:${PYTHONPATH} /usr/bin/cmake /home/ros2/Documents/fa_ROS2_ws/src/car_gazebo_plugin -DCMAKE_INSTALL_PREFIX=/home/ros2/Documents/fa_ROS2_ws/install/car_gazebo_plugin
[3.503s] Invoking command in '/home/ros2/Documents/fa_ROS2_ws/build/car_gazebo_plugin': AMENT_PREFIX_PATH=/home/ros2/Documents/fa_ROS2_ws/install/smartcar_msgs:/home/ros2/Documents/fa_ROS2_ws/install/ackermann_msgs:${AMENT_PREFIX_PATH} CMAKE_PREFIX_PATH=/home/ros2/Documents/fa_ROS2_ws/install/smartcar_msgs:/home/ros2/Documents/fa_ROS2_ws/install/ackermann_msgs:/opt/ros/humble LD_LIBRARY_PATH=/home/ros2/Documents/fa_ROS2_ws/install/smartcar_msgs/lib:/home/ros2/Documents/fa_ROS2_ws/install/ackermann_msgs/lib:/usr/lib/x86_64-linux-gnu/gazebo-11/plugins:/opt/ros/humble/opt/rviz_ogre_vendor/lib:/opt/ros/humble/lib/x86_64-linux-gnu:/opt/ros/humble/lib:/tmp/.mount_cursorHqA3fm/usr/lib:/usr/lib/x86_64-linux-gnu/gazebo-11/plugins:/usr/lib/x86_64-linux-gnu/gazebo-11/plugins:/usr/lib/x86_64-linux-gnu/gazebo-11/plugins PYTHONPATH=/home/ros2/Documents/fa_ROS2_ws/install/smartcar_msgs/local/lib/python3.10/dist-packages:/home/ros2/Documents/fa_ROS2_ws/install/ackermann_msgs/local/lib/python3.10/dist-packages:${PYTHONPATH} /usr/bin/cmake --build /home/ros2/Documents/fa_ROS2_ws/build/car_gazebo_plugin -- -j8 -l8
[3.587s] [ 50%] [32mBuilding CXX object CMakeFiles/car_gazebo_plugin.dir/src/car_gazebo_plugin.cpp.o[0m
[3.663s] [100%] [32m[1mLinking CXX shared library libcar_gazebo_plugin.so[0m
[5.369s] [100%] Built target car_gazebo_plugin
[5.387s] Invoked command in '/home/ros2/Documents/fa_ROS2_ws/build/car_gazebo_plugin' returned '0': AMENT_PREFIX_PATH=/home/ros2/Documents/fa_ROS2_ws/install/smartcar_msgs:/home/ros2/Documents/fa_ROS2_ws/install/ackermann_msgs:${AMENT_PREFIX_PATH} CMAKE_PREFIX_PATH=/home/ros2/Documents/fa_ROS2_ws/install/smartcar_msgs:/home/ros2/Documents/fa_ROS2_ws/install/ackermann_msgs:/opt/ros/humble LD_LIBRARY_PATH=/home/ros2/Documents/fa_ROS2_ws/install/smartcar_msgs/lib:/home/ros2/Documents/fa_ROS2_ws/install/ackermann_msgs/lib:/usr/lib/x86_64-linux-gnu/gazebo-11/plugins:/opt/ros/humble/opt/rviz_ogre_vendor/lib:/opt/ros/humble/lib/x86_64-linux-gnu:/opt/ros/humble/lib:/tmp/.mount_cursorHqA3fm/usr/lib:/usr/lib/x86_64-linux-gnu/gazebo-11/plugins:/usr/lib/x86_64-linux-gnu/gazebo-11/plugins:/usr/lib/x86_64-linux-gnu/gazebo-11/plugins PYTHONPATH=/home/ros2/Documents/fa_ROS2_ws/install/smartcar_msgs/local/lib/python3.10/dist-packages:/home/ros2/Documents/fa_ROS2_ws/install/ackermann_msgs/local/lib/python3.10/dist-packages:${PYTHONPATH} /usr/bin/cmake --build /home/ros2/Documents/fa_ROS2_ws/build/car_gazebo_plugin -- -j8 -l8
[5.430s] Invoking command in '/home/ros2/Documents/fa_ROS2_ws/build/car_gazebo_plugin': AMENT_PREFIX_PATH=/home/ros2/Documents/fa_ROS2_ws/install/smartcar_msgs:/home/ros2/Documents/fa_ROS2_ws/install/ackermann_msgs:${AMENT_PREFIX_PATH} CMAKE_PREFIX_PATH=/home/ros2/Documents/fa_ROS2_ws/install/smartcar_msgs:/home/ros2/Documents/fa_ROS2_ws/install/ackermann_msgs:/opt/ros/humble LD_LIBRARY_PATH=/home/ros2/Documents/fa_ROS2_ws/install/smartcar_msgs/lib:/home/ros2/Documents/fa_ROS2_ws/install/ackermann_msgs/lib:/usr/lib/x86_64-linux-gnu/gazebo-11/plugins:/opt/ros/humble/opt/rviz_ogre_vendor/lib:/opt/ros/humble/lib/x86_64-linux-gnu:/opt/ros/humble/lib:/tmp/.mount_cursorHqA3fm/usr/lib:/usr/lib/x86_64-linux-gnu/gazebo-11/plugins:/usr/lib/x86_64-linux-gnu/gazebo-11/plugins:/usr/lib/x86_64-linux-gnu/gazebo-11/plugins PYTHONPATH=/home/ros2/Documents/fa_ROS2_ws/install/smartcar_msgs/local/lib/python3.10/dist-packages:/home/ros2/Documents/fa_ROS2_ws/install/ackermann_msgs/local/lib/python3.10/dist-packages:${PYTHONPATH} /usr/bin/cmake --install /home/ros2/Documents/fa_ROS2_ws/build/car_gazebo_plugin
[5.439s] -- Install configuration: ""
[5.440s] -- Installing: /home/ros2/Documents/fa_ROS2_ws/install/car_gazebo_plugin/share/car_gazebo_plugin/environment/library_path.sh
[5.440s] -- Installing: /home/ros2/Documents/fa_ROS2_ws/install/car_gazebo_plugin/share/car_gazebo_plugin/environment/library_path.dsv
[5.440s] -- Installing: /home/ros2/Documents/fa_ROS2_ws/install/car_gazebo_plugin/share/ament_index/resource_index/package_run_dependencies/car_gazebo_plugin
[5.440s] -- Installing: /home/ros2/Documents/fa_ROS2_ws/install/car_gazebo_plugin/share/ament_index/resource_index/parent_prefix_path/car_gazebo_plugin
[5.440s] -- Installing: /home/ros2/Documents/fa_ROS2_ws/install/car_gazebo_plugin/share/car_gazebo_plugin/environment/ament_prefix_path.sh
[5.441s] -- Installing: /home/ros2/Documents/fa_ROS2_ws/install/car_gazebo_plugin/share/car_gazebo_plugin/environment/ament_prefix_path.dsv
[5.441s] -- Installing: /home/ros2/Documents/fa_ROS2_ws/install/car_gazebo_plugin/share/car_gazebo_plugin/environment/path.sh
[5.441s] -- Installing: /home/ros2/Documents/fa_ROS2_ws/install/car_gazebo_plugin/share/car_gazebo_plugin/environment/path.dsv
[5.441s] -- Installing: /home/ros2/Documents/fa_ROS2_ws/install/car_gazebo_plugin/share/car_gazebo_plugin/local_setup.bash
[5.441s] -- Installing: /home/ros2/Documents/fa_ROS2_ws/install/car_gazebo_plugin/share/car_gazebo_plugin/local_setup.sh
[5.441s] -- Installing: /home/ros2/Documents/fa_ROS2_ws/install/car_gazebo_plugin/share/car_gazebo_plugin/local_setup.zsh
[5.442s] -- Installing: /home/ros2/Documents/fa_ROS2_ws/install/car_gazebo_plugin/share/car_gazebo_plugin/local_setup.dsv
[5.442s] -- Installing: /home/ros2/Documents/fa_ROS2_ws/install/car_gazebo_plugin/share/car_gazebo_plugin/package.dsv
[5.442s] -- Installing: /home/ros2/Documents/fa_ROS2_ws/install/car_gazebo_plugin/share/ament_index/resource_index/packages/car_gazebo_plugin
[5.443s] -- Installing: /home/ros2/Documents/fa_ROS2_ws/install/car_gazebo_plugin/share/car_gazebo_plugin/cmake/ament_cmake_export_libraries-extras.cmake
[5.444s] -- Installing: /home/ros2/Documents/fa_ROS2_ws/install/car_gazebo_plugin/share/car_gazebo_plugin/cmake/ament_cmake_export_include_directories-extras.cmake
[5.444s] -- Installing: /home/ros2/Documents/fa_ROS2_ws/install/car_gazebo_plugin/share/car_gazebo_plugin/cmake/ament_cmake_export_dependencies-extras.cmake
[5.444s] -- Installing: /home/ros2/Documents/fa_ROS2_ws/install/car_gazebo_plugin/share/car_gazebo_plugin/cmake/car_gazebo_pluginConfig.cmake
[5.444s] -- Installing: /home/ros2/Documents/fa_ROS2_ws/install/car_gazebo_plugin/share/car_gazebo_plugin/cmake/car_gazebo_pluginConfig-version.cmake
[5.444s] -- Installing: /home/ros2/Documents/fa_ROS2_ws/install/car_gazebo_plugin/share/car_gazebo_plugin/package.xml
[5.444s] -- Installing: /home/ros2/Documents/fa_ROS2_ws/install/car_gazebo_plugin/include
[5.444s] -- Installing: /home/ros2/Documents/fa_ROS2_ws/install/car_gazebo_plugin/lib/libcar_gazebo_plugin.so
[5.459s] -- Set runtime path of "/home/ros2/Documents/fa_ROS2_ws/install/car_gazebo_plugin/lib/libcar_gazebo_plugin.so" to ""
[5.461s] Invoked command in '/home/ros2/Documents/fa_ROS2_ws/build/car_gazebo_plugin' returned '0': AMENT_PREFIX_PATH=/home/ros2/Documents/fa_ROS2_ws/install/smartcar_msgs:/home/ros2/Documents/fa_ROS2_ws/install/ackermann_msgs:${AMENT_PREFIX_PATH} CMAKE_PREFIX_PATH=/home/ros2/Documents/fa_ROS2_ws/install/smartcar_msgs:/home/ros2/Documents/fa_ROS2_ws/install/ackermann_msgs:/opt/ros/humble LD_LIBRARY_PATH=/home/ros2/Documents/fa_ROS2_ws/install/smartcar_msgs/lib:/home/ros2/Documents/fa_ROS2_ws/install/ackermann_msgs/lib:/usr/lib/x86_64-linux-gnu/gazebo-11/plugins:/opt/ros/humble/opt/rviz_ogre_vendor/lib:/opt/ros/humble/lib/x86_64-linux-gnu:/opt/ros/humble/lib:/tmp/.mount_cursorHqA3fm/usr/lib:/usr/lib/x86_64-linux-gnu/gazebo-11/plugins:/usr/lib/x86_64-linux-gnu/gazebo-11/plugins:/usr/lib/x86_64-linux-gnu/gazebo-11/plugins PYTHONPATH=/home/ros2/Documents/fa_ROS2_ws/install/smartcar_msgs/local/lib/python3.10/dist-packages:/home/ros2/Documents/fa_ROS2_ws/install/ackermann_msgs/local/lib/python3.10/dist-packages:${PYTHONPATH} /usr/bin/cmake --install /home/ros2/Documents/fa_ROS2_ws/build/car_gazebo_plugin
