[0.137s] Invoking command in '/home/ros2/Documents/fa_ROS2_ws/build/nav2_behaviors': AMENT_PREFIX_PATH=/home/ros2/Documents/fa_ROS2_ws/install/nav2_core:/home/ros2/Documents/fa_ROS2_ws/install/nav2_costmap_2d:/home/ros2/Documents/fa_ROS2_ws/install/nav2_map_server:/home/ros2/Documents/fa_ROS2_ws/install/nav2_lifecycle_manager:/home/ros2/Documents/fa_ROS2_ws/install/nav2_behavior_tree:/home/ros2/Documents/fa_ROS2_ws/install/nav2_util:/home/ros2/Documents/fa_ROS2_ws/install/nav2_voxel_grid:/home/ros2/Documents/fa_ROS2_ws/install/nav2_msgs:/home/ros2/Documents/fa_ROS2_ws/install/nav2_common:${AMENT_PREFIX_PATH} CMAKE_PREFIX_PATH=/home/ros2/Documents/fa_ROS2_ws/install/nav2_core:/home/ros2/Documents/fa_ROS2_ws/install/nav2_costmap_2d:/home/ros2/Documents/fa_ROS2_ws/install/nav2_map_server:/home/ros2/Documents/fa_ROS2_ws/install/nav2_lifecycle_manager:/home/ros2/Documents/fa_ROS2_ws/install/nav2_behavior_tree:/home/ros2/Documents/fa_ROS2_ws/install/nav2_util:/home/ros2/Documents/fa_ROS2_ws/install/nav2_voxel_grid:/home/ros2/Documents/fa_ROS2_ws/install/nav2_msgs:/home/ros2/Documents/fa_ROS2_ws/install/nav2_common:/home/ros2/Documents/fa_ROS2_ws/install/smart_car:/home/ros2/Documents/fa_ROS2_ws/install/car_gazebo_plugin:/home/ros2/Documents/fa_ROS2_ws/install/smartcar_msgs:/home/ros2/Documents/fa_ROS2_ws/install/ackermann_msgs:/opt/ros/humble LD_LIBRARY_PATH=/home/ros2/Documents/fa_ROS2_ws/install/nav2_costmap_2d/lib:/home/ros2/Documents/fa_ROS2_ws/install/nav2_map_server/lib:/home/ros2/Documents/fa_ROS2_ws/install/nav2_lifecycle_manager/lib:/home/ros2/Documents/fa_ROS2_ws/install/nav2_behavior_tree/lib:/home/ros2/Documents/fa_ROS2_ws/install/nav2_util/lib:/home/ros2/Documents/fa_ROS2_ws/install/nav2_voxel_grid/lib:/home/ros2/Documents/fa_ROS2_ws/install/nav2_msgs/lib:/home/ros2/Documents/fa_ROS2_ws/install/car_gazebo_plugin/lib:/home/ros2/Documents/fa_ROS2_ws/install/smartcar_msgs/lib:/home/ros2/Documents/fa_ROS2_ws/install/ackermann_msgs/lib:/usr/lib/x86_64-linux-gnu/gazebo-11/plugins:/opt/ros/humble/opt/rviz_ogre_vendor/lib:/opt/ros/humble/lib/x86_64-linux-gnu:/opt/ros/humble/lib:/tmp/.mount_cursorflfrK2/usr/lib:/usr/lib/x86_64-linux-gnu/gazebo-11/plugins:/usr/lib/x86_64-linux-gnu/gazebo-11/plugins:/usr/lib/x86_64-linux-gnu/gazebo-11/plugins PYTHONPATH=/home/ros2/Documents/fa_ROS2_ws/install/nav2_msgs/local/lib/python3.10/dist-packages:/home/ros2/Documents/fa_ROS2_ws/install/nav2_common/local/lib/python3.10/dist-packages:${PYTHONPATH} /usr/bin/cmake /home/ros2/Documents/fa_ROS2_ws/src/navigation2/nav2_behaviors -DAMENT_CMAKE_SYMLINK_INSTALL=1 -DCMAKE_INSTALL_PREFIX=/home/ros2/Documents/fa_ROS2_ws/install/nav2_behaviors
[4.607s] -- The C compiler identification is GNU 11.4.0
[4.608s] -- The CXX compiler identification is GNU 11.4.0
[4.608s] -- Detecting C compiler ABI info
[4.608s] -- Detecting C compiler ABI info - done
[4.608s] -- Check for working C compiler: /usr/lib/ccache/gcc - skipped
[4.608s] -- Detecting C compile features
[4.608s] -- Detecting C compile features - done
[4.608s] -- Detecting CXX compiler ABI info
[4.609s] -- Detecting CXX compiler ABI info - done
[4.609s] -- Check for working CXX compiler: /usr/lib/ccache/g++ - skipped
[4.609s] -- Detecting CXX compile features
[4.609s] -- Detecting CXX compile features - done
[4.609s] -- Found ament_cmake: 1.3.10 (/opt/ros/humble/share/ament_cmake/cmake)
[4.609s] -- Found Python3: /usr/bin/python3 (found version "3.10.12") found components: Interpreter 
[4.609s] -- Override CMake install command with custom implementation using symlinks instead of copying resources
[4.609s] -- Found nav2_common: 1.1.17 (/home/ros2/Documents/fa_ROS2_ws/install/nav2_common/share/nav2_common/cmake)
[4.609s] -- Found rclcpp: 16.0.10 (/opt/ros/humble/share/rclcpp/cmake)
[4.609s] -- Found rosidl_generator_c: 3.1.5 (/opt/ros/humble/share/rosidl_generator_c/cmake)
[4.610s] -- Found rosidl_adapter: 3.1.5 (/opt/ros/humble/share/rosidl_adapter/cmake)
[4.610s] -- Found rosidl_generator_cpp: 3.1.5 (/opt/ros/humble/share/rosidl_generator_cpp/cmake)
[4.610s] -- Using all available rosidl_typesupport_c: rosidl_typesupport_fastrtps_c;rosidl_typesupport_introspection_c
[4.610s] -- Using all available rosidl_typesupport_cpp: rosidl_typesupport_fastrtps_cpp;rosidl_typesupport_introspection_cpp
[4.610s] -- Found rmw_implementation_cmake: 6.1.2 (/opt/ros/humble/share/rmw_implementation_cmake/cmake)
[4.610s] -- Found rmw_cyclonedds_cpp: 1.3.4 (/opt/ros/humble/share/rmw_cyclonedds_cpp/cmake)
[4.610s] -- Using RMW implementation 'rmw_cyclonedds_cpp' as default
[4.610s] -- Looking for pthread.h
[4.610s] -- Looking for pthread.h - found
[4.611s] -- Performing Test CMAKE_HAVE_LIBC_PTHREAD
[4.611s] -- Performing Test CMAKE_HAVE_LIBC_PTHREAD - Success
[4.611s] -- Found Threads: TRUE  
[4.611s] -- Found rclcpp_action: 16.0.10 (/opt/ros/humble/share/rclcpp_action/cmake)
[4.617s] -- Found rclcpp_lifecycle: 16.0.10 (/opt/ros/humble/share/rclcpp_lifecycle/cmake)
[4.657s] -- Found rclcpp_components: 16.0.10 (/opt/ros/humble/share/rclcpp_components/cmake)
[4.790s] -- Found nav2_behavior_tree: 1.1.17 (/home/ros2/Documents/fa_ROS2_ws/install/nav2_behavior_tree/share/nav2_behavior_tree/cmake)
[5.396s] -- Found eigen3_cmake_module: 0.1.1 (/opt/ros/humble/share/eigen3_cmake_module/cmake)
[5.401s] -- Found Eigen3: TRUE (found version "3.4.0") 
[5.401s] -- Ensuring Eigen3 include directory is part of orocos-kdl CMake target
[5.604s] -- Found nav2_costmap_2d: 1.1.17 (/home/ros2/Documents/fa_ROS2_ws/install/nav2_costmap_2d/share/nav2_costmap_2d/cmake)
[5.842s] -- Found nav2_core: 1.1.17 (/home/ros2/Documents/fa_ROS2_ws/install/nav2_core/share/nav2_core/cmake)
[5.889s] -- Setting build type to Release as none was specified.
[7.484s] -- Found ament_lint_auto: 0.12.11 (/opt/ros/humble/share/ament_lint_auto/cmake)
[7.778s] -- Found gtest sources under '/opt/ros/humble/src/gtest_vendor': C++ tests using 'Google Test' will be built
[8.047s] -- Added test 'copyright' to check source files copyright and LICENSE
[8.061s] -- Added test 'cppcheck' to perform static code analysis on C / C++ code
[8.061s] -- Configured cppcheck include dirs: /home/ros2/Documents/fa_ROS2_ws/src/navigation2/nav2_behaviors/include
[8.061s] -- Configured cppcheck exclude dirs and/or files: 
[8.068s] -- Added test 'cpplint' to check C / C++ code against the Google style
[8.068s] -- Configured cpplint exclude dirs and/or files: 
[8.071s] -- Added test 'lint_cmake' to check CMake code style
[8.074s] -- Added test 'uncrustify' to check C / C++ code style
[8.075s] -- Configured uncrustify additional arguments: 
[8.077s] -- Added test 'xmllint' to check XML markup files
[8.098s] -- Configuring done
[9.240s] -- Generating done
[9.241s] -- Build files have been written to: /home/ros2/Documents/fa_ROS2_ws/build/nav2_behaviors
[9.327s] Invoked command in '/home/ros2/Documents/fa_ROS2_ws/build/nav2_behaviors' returned '0': AMENT_PREFIX_PATH=/home/ros2/Documents/fa_ROS2_ws/install/nav2_core:/home/ros2/Documents/fa_ROS2_ws/install/nav2_costmap_2d:/home/ros2/Documents/fa_ROS2_ws/install/nav2_map_server:/home/ros2/Documents/fa_ROS2_ws/install/nav2_lifecycle_manager:/home/ros2/Documents/fa_ROS2_ws/install/nav2_behavior_tree:/home/ros2/Documents/fa_ROS2_ws/install/nav2_util:/home/ros2/Documents/fa_ROS2_ws/install/nav2_voxel_grid:/home/ros2/Documents/fa_ROS2_ws/install/nav2_msgs:/home/ros2/Documents/fa_ROS2_ws/install/nav2_common:${AMENT_PREFIX_PATH} CMAKE_PREFIX_PATH=/home/ros2/Documents/fa_ROS2_ws/install/nav2_core:/home/ros2/Documents/fa_ROS2_ws/install/nav2_costmap_2d:/home/ros2/Documents/fa_ROS2_ws/install/nav2_map_server:/home/ros2/Documents/fa_ROS2_ws/install/nav2_lifecycle_manager:/home/ros2/Documents/fa_ROS2_ws/install/nav2_behavior_tree:/home/ros2/Documents/fa_ROS2_ws/install/nav2_util:/home/ros2/Documents/fa_ROS2_ws/install/nav2_voxel_grid:/home/ros2/Documents/fa_ROS2_ws/install/nav2_msgs:/home/ros2/Documents/fa_ROS2_ws/install/nav2_common:/home/ros2/Documents/fa_ROS2_ws/install/smart_car:/home/ros2/Documents/fa_ROS2_ws/install/car_gazebo_plugin:/home/ros2/Documents/fa_ROS2_ws/install/smartcar_msgs:/home/ros2/Documents/fa_ROS2_ws/install/ackermann_msgs:/opt/ros/humble LD_LIBRARY_PATH=/home/ros2/Documents/fa_ROS2_ws/install/nav2_costmap_2d/lib:/home/ros2/Documents/fa_ROS2_ws/install/nav2_map_server/lib:/home/ros2/Documents/fa_ROS2_ws/install/nav2_lifecycle_manager/lib:/home/ros2/Documents/fa_ROS2_ws/install/nav2_behavior_tree/lib:/home/ros2/Documents/fa_ROS2_ws/install/nav2_util/lib:/home/ros2/Documents/fa_ROS2_ws/install/nav2_voxel_grid/lib:/home/ros2/Documents/fa_ROS2_ws/install/nav2_msgs/lib:/home/ros2/Documents/fa_ROS2_ws/install/car_gazebo_plugin/lib:/home/ros2/Documents/fa_ROS2_ws/install/smartcar_msgs/lib:/home/ros2/Documents/fa_ROS2_ws/install/ackermann_msgs/lib:/usr/lib/x86_64-linux-gnu/gazebo-11/plugins:/opt/ros/humble/opt/rviz_ogre_vendor/lib:/opt/ros/humble/lib/x86_64-linux-gnu:/opt/ros/humble/lib:/tmp/.mount_cursorflfrK2/usr/lib:/usr/lib/x86_64-linux-gnu/gazebo-11/plugins:/usr/lib/x86_64-linux-gnu/gazebo-11/plugins:/usr/lib/x86_64-linux-gnu/gazebo-11/plugins PYTHONPATH=/home/ros2/Documents/fa_ROS2_ws/install/nav2_msgs/local/lib/python3.10/dist-packages:/home/ros2/Documents/fa_ROS2_ws/install/nav2_common/local/lib/python3.10/dist-packages:${PYTHONPATH} /usr/bin/cmake /home/ros2/Documents/fa_ROS2_ws/src/navigation2/nav2_behaviors -DAMENT_CMAKE_SYMLINK_INSTALL=1 -DCMAKE_INSTALL_PREFIX=/home/ros2/Documents/fa_ROS2_ws/install/nav2_behaviors
[9.328s] Invoking command in '/home/ros2/Documents/fa_ROS2_ws/build/nav2_behaviors': AMENT_PREFIX_PATH=/home/ros2/Documents/fa_ROS2_ws/install/nav2_core:/home/ros2/Documents/fa_ROS2_ws/install/nav2_costmap_2d:/home/ros2/Documents/fa_ROS2_ws/install/nav2_map_server:/home/ros2/Documents/fa_ROS2_ws/install/nav2_lifecycle_manager:/home/ros2/Documents/fa_ROS2_ws/install/nav2_behavior_tree:/home/ros2/Documents/fa_ROS2_ws/install/nav2_util:/home/ros2/Documents/fa_ROS2_ws/install/nav2_voxel_grid:/home/ros2/Documents/fa_ROS2_ws/install/nav2_msgs:/home/ros2/Documents/fa_ROS2_ws/install/nav2_common:${AMENT_PREFIX_PATH} CMAKE_PREFIX_PATH=/home/ros2/Documents/fa_ROS2_ws/install/nav2_core:/home/ros2/Documents/fa_ROS2_ws/install/nav2_costmap_2d:/home/ros2/Documents/fa_ROS2_ws/install/nav2_map_server:/home/ros2/Documents/fa_ROS2_ws/install/nav2_lifecycle_manager:/home/ros2/Documents/fa_ROS2_ws/install/nav2_behavior_tree:/home/ros2/Documents/fa_ROS2_ws/install/nav2_util:/home/ros2/Documents/fa_ROS2_ws/install/nav2_voxel_grid:/home/ros2/Documents/fa_ROS2_ws/install/nav2_msgs:/home/ros2/Documents/fa_ROS2_ws/install/nav2_common:/home/ros2/Documents/fa_ROS2_ws/install/smart_car:/home/ros2/Documents/fa_ROS2_ws/install/car_gazebo_plugin:/home/ros2/Documents/fa_ROS2_ws/install/smartcar_msgs:/home/ros2/Documents/fa_ROS2_ws/install/ackermann_msgs:/opt/ros/humble LD_LIBRARY_PATH=/home/ros2/Documents/fa_ROS2_ws/install/nav2_costmap_2d/lib:/home/ros2/Documents/fa_ROS2_ws/install/nav2_map_server/lib:/home/ros2/Documents/fa_ROS2_ws/install/nav2_lifecycle_manager/lib:/home/ros2/Documents/fa_ROS2_ws/install/nav2_behavior_tree/lib:/home/ros2/Documents/fa_ROS2_ws/install/nav2_util/lib:/home/ros2/Documents/fa_ROS2_ws/install/nav2_voxel_grid/lib:/home/ros2/Documents/fa_ROS2_ws/install/nav2_msgs/lib:/home/ros2/Documents/fa_ROS2_ws/install/car_gazebo_plugin/lib:/home/ros2/Documents/fa_ROS2_ws/install/smartcar_msgs/lib:/home/ros2/Documents/fa_ROS2_ws/install/ackermann_msgs/lib:/usr/lib/x86_64-linux-gnu/gazebo-11/plugins:/opt/ros/humble/opt/rviz_ogre_vendor/lib:/opt/ros/humble/lib/x86_64-linux-gnu:/opt/ros/humble/lib:/tmp/.mount_cursorflfrK2/usr/lib:/usr/lib/x86_64-linux-gnu/gazebo-11/plugins:/usr/lib/x86_64-linux-gnu/gazebo-11/plugins:/usr/lib/x86_64-linux-gnu/gazebo-11/plugins PYTHONPATH=/home/ros2/Documents/fa_ROS2_ws/install/nav2_msgs/local/lib/python3.10/dist-packages:/home/ros2/Documents/fa_ROS2_ws/install/nav2_common/local/lib/python3.10/dist-packages:${PYTHONPATH} /usr/bin/cmake --build /home/ros2/Documents/fa_ROS2_ws/build/nav2_behaviors -- -j8 -l8
[15.973s] [  5%] [32mBuilding CXX object CMakeFiles/nav2_spin_behavior.dir/plugins/spin.cpp.o[0m
[29.379s] [ 10%] [32m[1mLinking CXX shared library libnav2_spin_behavior.so[0m
[30.702s] [ 10%] Built target nav2_spin_behavior
[30.762s] [ 15%] [32mBuilding CXX object gtest/CMakeFiles/gtest.dir/src/gtest-all.cc.o[0m
[31.070s] [ 20%] [32m[1mLinking CXX static library libgtest.a[0m
[31.238s] [ 20%] Built target gtest
[31.313s] [ 25%] [32mBuilding CXX object gtest/CMakeFiles/gtest_main.dir/src/gtest_main.cc.o[0m
[31.541s] [ 30%] [32m[1mLinking CXX static library libgtest_main.a[0m
[31.654s] [ 30%] Built target gtest_main
[31.744s] [ 35%] [32mBuilding CXX object CMakeFiles/behavior_server_core.dir/src/behavior_server.cpp.o[0m
[52.348s] [ 40%] [32m[1mLinking CXX shared library libbehavior_server_core.so[0m
[53.793s] [ 40%] Built target behavior_server_core
[53.888s] [ 45%] [32mBuilding CXX object test/CMakeFiles/test_behaviors.dir/test_behaviors.cpp.o[0m
[75.365s] [ 50%] [32m[1mLinking CXX executable test_behaviors[0m
[77.476s] [ 50%] Built target test_behaviors
[77.563s] [ 55%] [32mBuilding CXX object CMakeFiles/behavior_server.dir/src/main.cpp.o[0m
[88.799s] [ 60%] [32m[1mLinking CXX executable behavior_server[0m
[89.583s] [ 60%] Built target behavior_server
[89.655s] [ 65%] [32mBuilding CXX object CMakeFiles/nav2_assisted_teleop_behavior.dir/plugins/assisted_teleop.cpp.o[0m
[121.849s] [ 70%] [32m[1mLinking CXX shared library libnav2_assisted_teleop_behavior.so[0m
[122.950s] [ 70%] Built target nav2_assisted_teleop_behavior
[123.007s] [ 75%] [32mBuilding CXX object CMakeFiles/nav2_back_up_behavior.dir/plugins/back_up.cpp.o[0m
[137.596s] [ 80%] [32m[1mLinking CXX shared library libnav2_back_up_behavior.so[0m
[138.463s] [ 80%] Built target nav2_back_up_behavior
[138.552s] [ 85%] [32mBuilding CXX object CMakeFiles/nav2_drive_on_heading_behavior.dir/plugins/drive_on_heading.cpp.o[0m
[155.224s] [ 90%] [32m[1mLinking CXX shared library libnav2_drive_on_heading_behavior.so[0m
[156.448s] [ 90%] Built target nav2_drive_on_heading_behavior
[156.508s] [ 95%] [32mBuilding CXX object CMakeFiles/nav2_wait_behavior.dir/plugins/wait.cpp.o[0m
[173.181s] [100%] [32m[1mLinking CXX shared library libnav2_wait_behavior.so[0m
[174.059s] [100%] Built target nav2_wait_behavior
[174.110s] Invoked command in '/home/ros2/Documents/fa_ROS2_ws/build/nav2_behaviors' returned '0': AMENT_PREFIX_PATH=/home/ros2/Documents/fa_ROS2_ws/install/nav2_core:/home/ros2/Documents/fa_ROS2_ws/install/nav2_costmap_2d:/home/ros2/Documents/fa_ROS2_ws/install/nav2_map_server:/home/ros2/Documents/fa_ROS2_ws/install/nav2_lifecycle_manager:/home/ros2/Documents/fa_ROS2_ws/install/nav2_behavior_tree:/home/ros2/Documents/fa_ROS2_ws/install/nav2_util:/home/ros2/Documents/fa_ROS2_ws/install/nav2_voxel_grid:/home/ros2/Documents/fa_ROS2_ws/install/nav2_msgs:/home/ros2/Documents/fa_ROS2_ws/install/nav2_common:${AMENT_PREFIX_PATH} CMAKE_PREFIX_PATH=/home/ros2/Documents/fa_ROS2_ws/install/nav2_core:/home/ros2/Documents/fa_ROS2_ws/install/nav2_costmap_2d:/home/ros2/Documents/fa_ROS2_ws/install/nav2_map_server:/home/ros2/Documents/fa_ROS2_ws/install/nav2_lifecycle_manager:/home/ros2/Documents/fa_ROS2_ws/install/nav2_behavior_tree:/home/ros2/Documents/fa_ROS2_ws/install/nav2_util:/home/ros2/Documents/fa_ROS2_ws/install/nav2_voxel_grid:/home/ros2/Documents/fa_ROS2_ws/install/nav2_msgs:/home/ros2/Documents/fa_ROS2_ws/install/nav2_common:/home/ros2/Documents/fa_ROS2_ws/install/smart_car:/home/ros2/Documents/fa_ROS2_ws/install/car_gazebo_plugin:/home/ros2/Documents/fa_ROS2_ws/install/smartcar_msgs:/home/ros2/Documents/fa_ROS2_ws/install/ackermann_msgs:/opt/ros/humble LD_LIBRARY_PATH=/home/ros2/Documents/fa_ROS2_ws/install/nav2_costmap_2d/lib:/home/ros2/Documents/fa_ROS2_ws/install/nav2_map_server/lib:/home/ros2/Documents/fa_ROS2_ws/install/nav2_lifecycle_manager/lib:/home/ros2/Documents/fa_ROS2_ws/install/nav2_behavior_tree/lib:/home/ros2/Documents/fa_ROS2_ws/install/nav2_util/lib:/home/ros2/Documents/fa_ROS2_ws/install/nav2_voxel_grid/lib:/home/ros2/Documents/fa_ROS2_ws/install/nav2_msgs/lib:/home/ros2/Documents/fa_ROS2_ws/install/car_gazebo_plugin/lib:/home/ros2/Documents/fa_ROS2_ws/install/smartcar_msgs/lib:/home/ros2/Documents/fa_ROS2_ws/install/ackermann_msgs/lib:/usr/lib/x86_64-linux-gnu/gazebo-11/plugins:/opt/ros/humble/opt/rviz_ogre_vendor/lib:/opt/ros/humble/lib/x86_64-linux-gnu:/opt/ros/humble/lib:/tmp/.mount_cursorflfrK2/usr/lib:/usr/lib/x86_64-linux-gnu/gazebo-11/plugins:/usr/lib/x86_64-linux-gnu/gazebo-11/plugins:/usr/lib/x86_64-linux-gnu/gazebo-11/plugins PYTHONPATH=/home/ros2/Documents/fa_ROS2_ws/install/nav2_msgs/local/lib/python3.10/dist-packages:/home/ros2/Documents/fa_ROS2_ws/install/nav2_common/local/lib/python3.10/dist-packages:${PYTHONPATH} /usr/bin/cmake --build /home/ros2/Documents/fa_ROS2_ws/build/nav2_behaviors -- -j8 -l8
[174.414s] Invoking command in '/home/ros2/Documents/fa_ROS2_ws/build/nav2_behaviors': AMENT_PREFIX_PATH=/home/ros2/Documents/fa_ROS2_ws/install/nav2_core:/home/ros2/Documents/fa_ROS2_ws/install/nav2_costmap_2d:/home/ros2/Documents/fa_ROS2_ws/install/nav2_map_server:/home/ros2/Documents/fa_ROS2_ws/install/nav2_lifecycle_manager:/home/ros2/Documents/fa_ROS2_ws/install/nav2_behavior_tree:/home/ros2/Documents/fa_ROS2_ws/install/nav2_util:/home/ros2/Documents/fa_ROS2_ws/install/nav2_voxel_grid:/home/ros2/Documents/fa_ROS2_ws/install/nav2_msgs:/home/ros2/Documents/fa_ROS2_ws/install/nav2_common:${AMENT_PREFIX_PATH} CMAKE_PREFIX_PATH=/home/ros2/Documents/fa_ROS2_ws/install/nav2_core:/home/ros2/Documents/fa_ROS2_ws/install/nav2_costmap_2d:/home/ros2/Documents/fa_ROS2_ws/install/nav2_map_server:/home/ros2/Documents/fa_ROS2_ws/install/nav2_lifecycle_manager:/home/ros2/Documents/fa_ROS2_ws/install/nav2_behavior_tree:/home/ros2/Documents/fa_ROS2_ws/install/nav2_util:/home/ros2/Documents/fa_ROS2_ws/install/nav2_voxel_grid:/home/ros2/Documents/fa_ROS2_ws/install/nav2_msgs:/home/ros2/Documents/fa_ROS2_ws/install/nav2_common:/home/ros2/Documents/fa_ROS2_ws/install/smart_car:/home/ros2/Documents/fa_ROS2_ws/install/car_gazebo_plugin:/home/ros2/Documents/fa_ROS2_ws/install/smartcar_msgs:/home/ros2/Documents/fa_ROS2_ws/install/ackermann_msgs:/opt/ros/humble LD_LIBRARY_PATH=/home/ros2/Documents/fa_ROS2_ws/install/nav2_costmap_2d/lib:/home/ros2/Documents/fa_ROS2_ws/install/nav2_map_server/lib:/home/ros2/Documents/fa_ROS2_ws/install/nav2_lifecycle_manager/lib:/home/ros2/Documents/fa_ROS2_ws/install/nav2_behavior_tree/lib:/home/ros2/Documents/fa_ROS2_ws/install/nav2_util/lib:/home/ros2/Documents/fa_ROS2_ws/install/nav2_voxel_grid/lib:/home/ros2/Documents/fa_ROS2_ws/install/nav2_msgs/lib:/home/ros2/Documents/fa_ROS2_ws/install/car_gazebo_plugin/lib:/home/ros2/Documents/fa_ROS2_ws/install/smartcar_msgs/lib:/home/ros2/Documents/fa_ROS2_ws/install/ackermann_msgs/lib:/usr/lib/x86_64-linux-gnu/gazebo-11/plugins:/opt/ros/humble/opt/rviz_ogre_vendor/lib:/opt/ros/humble/lib/x86_64-linux-gnu:/opt/ros/humble/lib:/tmp/.mount_cursorflfrK2/usr/lib:/usr/lib/x86_64-linux-gnu/gazebo-11/plugins:/usr/lib/x86_64-linux-gnu/gazebo-11/plugins:/usr/lib/x86_64-linux-gnu/gazebo-11/plugins PYTHONPATH=/home/ros2/Documents/fa_ROS2_ws/install/nav2_msgs/local/lib/python3.10/dist-packages:/home/ros2/Documents/fa_ROS2_ws/install/nav2_common/local/lib/python3.10/dist-packages:${PYTHONPATH} /usr/bin/cmake --install /home/ros2/Documents/fa_ROS2_ws/build/nav2_behaviors
[205.341s] -- Install configuration: "Release"
[205.342s] -- Execute custom install script
[205.342s] -- Symlinking: /home/ros2/Documents/fa_ROS2_ws/install/nav2_behaviors/share/nav2_behaviors//behavior_plugin.xml
[205.342s] -- Symlinking: /home/ros2/Documents/fa_ROS2_ws/install/nav2_behaviors/lib/libbehavior_server_core.so
[205.342s] -- Symlinking: /home/ros2/Documents/fa_ROS2_ws/install/nav2_behaviors/lib/libnav2_spin_behavior.so
[205.342s] -- Symlinking: /home/ros2/Documents/fa_ROS2_ws/install/nav2_behaviors/lib/libnav2_wait_behavior.so
[205.342s] -- Symlinking: /home/ros2/Documents/fa_ROS2_ws/install/nav2_behaviors/lib/libnav2_assisted_teleop_behavior.so
[205.342s] -- Symlinking: /home/ros2/Documents/fa_ROS2_ws/install/nav2_behaviors/lib/libnav2_drive_on_heading_behavior.so
[205.342s] -- Symlinking: /home/ros2/Documents/fa_ROS2_ws/install/nav2_behaviors/lib/libnav2_back_up_behavior.so
[205.342s] -- Symlinking: /home/ros2/Documents/fa_ROS2_ws/install/nav2_behaviors/lib/nav2_behaviors/behavior_server
[205.349s] -- Symlinking: /home/ros2/Documents/fa_ROS2_ws/install/nav2_behaviors/include//nav2_behaviors/behavior_server.hpp
[205.349s] -- Symlinking: /home/ros2/Documents/fa_ROS2_ws/install/nav2_behaviors/include//nav2_behaviors/plugins/assisted_teleop.hpp
[205.349s] -- Symlinking: /home/ros2/Documents/fa_ROS2_ws/install/nav2_behaviors/include//nav2_behaviors/plugins/back_up.hpp
[205.350s] -- Symlinking: /home/ros2/Documents/fa_ROS2_ws/install/nav2_behaviors/include//nav2_behaviors/plugins/drive_on_heading.hpp
[205.350s] -- Symlinking: /home/ros2/Documents/fa_ROS2_ws/install/nav2_behaviors/include//nav2_behaviors/plugins/spin.hpp
[205.350s] -- Symlinking: /home/ros2/Documents/fa_ROS2_ws/install/nav2_behaviors/include//nav2_behaviors/plugins/wait.hpp
[205.350s] -- Symlinking: /home/ros2/Documents/fa_ROS2_ws/install/nav2_behaviors/include//nav2_behaviors/timed_behavior.hpp
[205.350s] -- Up-to-date symlink: /home/ros2/Documents/fa_ROS2_ws/install/nav2_behaviors/share/nav2_behaviors/behavior_plugin.xml
[205.350s] -- Symlinking: /home/ros2/Documents/fa_ROS2_ws/install/nav2_behaviors/share/nav2_behaviors/plugins//assisted_teleop.cpp
[205.356s] -- Symlinking: /home/ros2/Documents/fa_ROS2_ws/install/nav2_behaviors/share/nav2_behaviors/plugins//back_up.cpp
[205.356s] -- Symlinking: /home/ros2/Documents/fa_ROS2_ws/install/nav2_behaviors/share/nav2_behaviors/plugins//drive_on_heading.cpp
[205.356s] -- Symlinking: /home/ros2/Documents/fa_ROS2_ws/install/nav2_behaviors/share/nav2_behaviors/plugins//spin.cpp
[205.357s] -- Symlinking: /home/ros2/Documents/fa_ROS2_ws/install/nav2_behaviors/share/nav2_behaviors/plugins//wait.cpp
[205.357s] -- Symlinking: /home/ros2/Documents/fa_ROS2_ws/install/nav2_behaviors/share/nav2_behaviors/environment/library_path.sh
[205.357s] -- Symlinking: /home/ros2/Documents/fa_ROS2_ws/install/nav2_behaviors/share/nav2_behaviors/environment/library_path.dsv
[205.357s] -- Symlinking: /home/ros2/Documents/fa_ROS2_ws/install/nav2_behaviors/share/ament_index/resource_index/package_run_dependencies/nav2_behaviors
[205.357s] -- Symlinking: /home/ros2/Documents/fa_ROS2_ws/install/nav2_behaviors/share/ament_index/resource_index/parent_prefix_path/nav2_behaviors
[205.357s] -- Symlinking: /home/ros2/Documents/fa_ROS2_ws/install/nav2_behaviors/share/nav2_behaviors/environment/ament_prefix_path.sh
[205.357s] -- Symlinking: /home/ros2/Documents/fa_ROS2_ws/install/nav2_behaviors/share/nav2_behaviors/environment/ament_prefix_path.dsv
[205.357s] -- Symlinking: /home/ros2/Documents/fa_ROS2_ws/install/nav2_behaviors/share/nav2_behaviors/environment/path.sh
[205.357s] -- Symlinking: /home/ros2/Documents/fa_ROS2_ws/install/nav2_behaviors/share/nav2_behaviors/environment/path.dsv
[205.357s] -- Symlinking: /home/ros2/Documents/fa_ROS2_ws/install/nav2_behaviors/share/nav2_behaviors/local_setup.bash
[205.358s] -- Symlinking: /home/ros2/Documents/fa_ROS2_ws/install/nav2_behaviors/share/nav2_behaviors/local_setup.sh
[205.358s] -- Symlinking: /home/ros2/Documents/fa_ROS2_ws/install/nav2_behaviors/share/nav2_behaviors/local_setup.zsh
[205.358s] -- Symlinking: /home/ros2/Documents/fa_ROS2_ws/install/nav2_behaviors/share/nav2_behaviors/local_setup.dsv
[205.358s] -- Symlinking: /home/ros2/Documents/fa_ROS2_ws/install/nav2_behaviors/share/nav2_behaviors/package.dsv
[205.358s] -- Symlinking: /home/ros2/Documents/fa_ROS2_ws/install/nav2_behaviors/share/ament_index/resource_index/packages/nav2_behaviors
[205.387s] -- Symlinking: /home/ros2/Documents/fa_ROS2_ws/install/nav2_behaviors/share/ament_index/resource_index/nav2_core__pluginlib__plugin/nav2_behaviors
[205.387s] -- Symlinking: /home/ros2/Documents/fa_ROS2_ws/install/nav2_behaviors/share/ament_index/resource_index/rclcpp_components/nav2_behaviors
[205.387s] -- Symlinking: /home/ros2/Documents/fa_ROS2_ws/install/nav2_behaviors/share/nav2_behaviors/cmake/ament_cmake_export_include_directories-extras.cmake
[205.387s] -- Symlinking: /home/ros2/Documents/fa_ROS2_ws/install/nav2_behaviors/share/nav2_behaviors/cmake/ament_cmake_export_libraries-extras.cmake
[205.387s] -- Symlinking: /home/ros2/Documents/fa_ROS2_ws/install/nav2_behaviors/share/nav2_behaviors/cmake/ament_cmake_export_dependencies-extras.cmake
[205.388s] -- Symlinking: /home/ros2/Documents/fa_ROS2_ws/install/nav2_behaviors/share/nav2_behaviors/cmake/nav2_behaviorsConfig.cmake
[205.388s] -- Symlinking: /home/ros2/Documents/fa_ROS2_ws/install/nav2_behaviors/share/nav2_behaviors/cmake/nav2_behaviorsConfig-version.cmake
[205.388s] -- Symlinking: /home/ros2/Documents/fa_ROS2_ws/install/nav2_behaviors/share/nav2_behaviors/package.xml
[205.394s] Invoked command in '/home/ros2/Documents/fa_ROS2_ws/build/nav2_behaviors' returned '0': AMENT_PREFIX_PATH=/home/ros2/Documents/fa_ROS2_ws/install/nav2_core:/home/ros2/Documents/fa_ROS2_ws/install/nav2_costmap_2d:/home/ros2/Documents/fa_ROS2_ws/install/nav2_map_server:/home/ros2/Documents/fa_ROS2_ws/install/nav2_lifecycle_manager:/home/ros2/Documents/fa_ROS2_ws/install/nav2_behavior_tree:/home/ros2/Documents/fa_ROS2_ws/install/nav2_util:/home/ros2/Documents/fa_ROS2_ws/install/nav2_voxel_grid:/home/ros2/Documents/fa_ROS2_ws/install/nav2_msgs:/home/ros2/Documents/fa_ROS2_ws/install/nav2_common:${AMENT_PREFIX_PATH} CMAKE_PREFIX_PATH=/home/ros2/Documents/fa_ROS2_ws/install/nav2_core:/home/ros2/Documents/fa_ROS2_ws/install/nav2_costmap_2d:/home/ros2/Documents/fa_ROS2_ws/install/nav2_map_server:/home/ros2/Documents/fa_ROS2_ws/install/nav2_lifecycle_manager:/home/ros2/Documents/fa_ROS2_ws/install/nav2_behavior_tree:/home/ros2/Documents/fa_ROS2_ws/install/nav2_util:/home/ros2/Documents/fa_ROS2_ws/install/nav2_voxel_grid:/home/ros2/Documents/fa_ROS2_ws/install/nav2_msgs:/home/ros2/Documents/fa_ROS2_ws/install/nav2_common:/home/ros2/Documents/fa_ROS2_ws/install/smart_car:/home/ros2/Documents/fa_ROS2_ws/install/car_gazebo_plugin:/home/ros2/Documents/fa_ROS2_ws/install/smartcar_msgs:/home/ros2/Documents/fa_ROS2_ws/install/ackermann_msgs:/opt/ros/humble LD_LIBRARY_PATH=/home/ros2/Documents/fa_ROS2_ws/install/nav2_costmap_2d/lib:/home/ros2/Documents/fa_ROS2_ws/install/nav2_map_server/lib:/home/ros2/Documents/fa_ROS2_ws/install/nav2_lifecycle_manager/lib:/home/ros2/Documents/fa_ROS2_ws/install/nav2_behavior_tree/lib:/home/ros2/Documents/fa_ROS2_ws/install/nav2_util/lib:/home/ros2/Documents/fa_ROS2_ws/install/nav2_voxel_grid/lib:/home/ros2/Documents/fa_ROS2_ws/install/nav2_msgs/lib:/home/ros2/Documents/fa_ROS2_ws/install/car_gazebo_plugin/lib:/home/ros2/Documents/fa_ROS2_ws/install/smartcar_msgs/lib:/home/ros2/Documents/fa_ROS2_ws/install/ackermann_msgs/lib:/usr/lib/x86_64-linux-gnu/gazebo-11/plugins:/opt/ros/humble/opt/rviz_ogre_vendor/lib:/opt/ros/humble/lib/x86_64-linux-gnu:/opt/ros/humble/lib:/tmp/.mount_cursorflfrK2/usr/lib:/usr/lib/x86_64-linux-gnu/gazebo-11/plugins:/usr/lib/x86_64-linux-gnu/gazebo-11/plugins:/usr/lib/x86_64-linux-gnu/gazebo-11/plugins PYTHONPATH=/home/ros2/Documents/fa_ROS2_ws/install/nav2_msgs/local/lib/python3.10/dist-packages:/home/ros2/Documents/fa_ROS2_ws/install/nav2_common/local/lib/python3.10/dist-packages:${PYTHONPATH} /usr/bin/cmake --install /home/ros2/Documents/fa_ROS2_ws/build/nav2_behaviors
