[0.054s] Invoking command in '/home/ros2/Documents/fa_ROS2_ws/build/nav2_common': CMAKE_PREFIX_PATH=${CMAKE_PREFIX_PATH}:/opt/ros/humble /usr/bin/cmake /home/ros2/Documents/fa_ROS2_ws/src/navigation2/nav2_common -DAMENT_CMAKE_SYMLINK_INSTALL=1 -DCMAKE_INSTALL_PREFIX=/home/ros2/Documents/fa_ROS2_ws/install/nav2_common
[0.126s] -- Found ament_cmake_core: 1.3.10 (/opt/ros/humble/share/ament_cmake_core/cmake)
[0.707s] -- Found Python3: /usr/bin/python3 (found version "3.10.12") found components: Interpreter 
[0.922s] -- Override CMake install command with custom implementation using symlinks instead of copying resources
[0.928s] -- Found ament_cmake_python: 1.3.10 (/opt/ros/humble/share/ament_cmake_python/cmake)
[1.457s] -- Configuring done
[1.470s] -- Generating done
[1.471s] -- Build files have been written to: /home/ros2/Documents/fa_ROS2_ws/build/nav2_common
[1.491s] Invoked command in '/home/ros2/Documents/fa_ROS2_ws/build/nav2_common' returned '0': CMAKE_PREFIX_PATH=${CMAKE_PREFIX_PATH}:/opt/ros/humble /usr/bin/cmake /home/ros2/Documents/fa_ROS2_ws/src/navigation2/nav2_common -DAMENT_CMAKE_SYMLINK_INSTALL=1 -DCMAKE_INSTALL_PREFIX=/home/ros2/Documents/fa_ROS2_ws/install/nav2_common
[1.494s] Invoking command in '/home/ros2/Documents/fa_ROS2_ws/build/nav2_common': CMAKE_PREFIX_PATH=${CMAKE_PREFIX_PATH}:/opt/ros/humble /usr/bin/cmake --build /home/ros2/Documents/fa_ROS2_ws/build/nav2_common -- -j8 -l8
[1.715s] Built target ament_cmake_python_symlink_nav2_common
[2.357s] running egg_info
[2.362s] creating nav2_common.egg-info
[2.362s] writing nav2_common.egg-info/PKG-INFO
[2.362s] writing dependency_links to nav2_common.egg-info/dependency_links.txt
[2.362s] writing top-level names to nav2_common.egg-info/top_level.txt
[2.363s] writing manifest file 'nav2_common.egg-info/SOURCES.txt'
[2.370s] reading manifest file 'nav2_common.egg-info/SOURCES.txt'
[2.370s] writing manifest file 'nav2_common.egg-info/SOURCES.txt'
[2.508s] Built target ament_cmake_python_build_nav2_common_egg
[2.568s] Invoked command in '/home/ros2/Documents/fa_ROS2_ws/build/nav2_common' returned '0': CMAKE_PREFIX_PATH=${CMAKE_PREFIX_PATH}:/opt/ros/humble /usr/bin/cmake --build /home/ros2/Documents/fa_ROS2_ws/build/nav2_common -- -j8 -l8
[2.703s] Invoking command in '/home/ros2/Documents/fa_ROS2_ws/build/nav2_common': CMAKE_PREFIX_PATH=${CMAKE_PREFIX_PATH}:/opt/ros/humble /usr/bin/cmake --install /home/ros2/Documents/fa_ROS2_ws/build/nav2_common
[2.745s] -- Install configuration: ""
[2.748s] -- Execute custom install script
[2.754s] -- Symlinking: /home/ros2/Documents/fa_ROS2_ws/install/nav2_common/share/nav2_common/environment/pythonpath.sh
[2.787s] -- Symlinking: /home/ros2/Documents/fa_ROS2_ws/install/nav2_common/share/nav2_common/environment/pythonpath.dsv
[2.830s] -- Symlinking: /home/ros2/Documents/fa_ROS2_ws/install/nav2_common/local/lib/python3.10/dist-packages/nav2_common-1.3.1-py3.10.egg-info/PKG-INFO
[2.854s] -- Symlinking: /home/ros2/Documents/fa_ROS2_ws/install/nav2_common/local/lib/python3.10/dist-packages/nav2_common-1.3.1-py3.10.egg-info/SOURCES.txt
[2.898s] -- Symlinking: /home/ros2/Documents/fa_ROS2_ws/install/nav2_common/local/lib/python3.10/dist-packages/nav2_common-1.3.1-py3.10.egg-info/dependency_links.txt
[2.919s] -- Symlinking: /home/ros2/Documents/fa_ROS2_ws/install/nav2_common/local/lib/python3.10/dist-packages/nav2_common-1.3.1-py3.10.egg-info/top_level.txt
[2.946s] -- Symlinking: /home/ros2/Documents/fa_ROS2_ws/install/nav2_common/local/lib/python3.10/dist-packages/nav2_common/__init__.py
[2.968s] -- Symlinking: /home/ros2/Documents/fa_ROS2_ws/install/nav2_common/local/lib/python3.10/dist-packages/nav2_common/launch/__init__.py
[2.987s] -- Symlinking: /home/ros2/Documents/fa_ROS2_ws/install/nav2_common/local/lib/python3.10/dist-packages/nav2_common/launch/has_node_params.py
[3.006s] -- Symlinking: /home/ros2/Documents/fa_ROS2_ws/install/nav2_common/local/lib/python3.10/dist-packages/nav2_common/launch/parse_multirobot_pose.py
[3.027s] -- Symlinking: /home/ros2/Documents/fa_ROS2_ws/install/nav2_common/local/lib/python3.10/dist-packages/nav2_common/launch/replace_string.py
[3.053s] -- Symlinking: /home/ros2/Documents/fa_ROS2_ws/install/nav2_common/local/lib/python3.10/dist-packages/nav2_common/launch/rewritten_yaml.py
[3.072s] -- Symlinking: /home/ros2/Documents/fa_ROS2_ws/install/nav2_common/share/ament_index/resource_index/package_run_dependencies/nav2_common
[3.092s] -- Symlinking: /home/ros2/Documents/fa_ROS2_ws/install/nav2_common/share/ament_index/resource_index/parent_prefix_path/nav2_common
[3.123s] -- Symlinking: /home/ros2/Documents/fa_ROS2_ws/install/nav2_common/share/nav2_common/environment/ament_prefix_path.sh
[3.140s] -- Symlinking: /home/ros2/Documents/fa_ROS2_ws/install/nav2_common/share/nav2_common/environment/ament_prefix_path.dsv
[3.164s] -- Symlinking: /home/ros2/Documents/fa_ROS2_ws/install/nav2_common/share/nav2_common/environment/path.sh
[3.184s] -- Symlinking: /home/ros2/Documents/fa_ROS2_ws/install/nav2_common/share/nav2_common/environment/path.dsv
[3.218s] -- Symlinking: /home/ros2/Documents/fa_ROS2_ws/install/nav2_common/share/nav2_common/local_setup.bash
[3.251s] -- Symlinking: /home/ros2/Documents/fa_ROS2_ws/install/nav2_common/share/nav2_common/local_setup.sh
[3.270s] -- Symlinking: /home/ros2/Documents/fa_ROS2_ws/install/nav2_common/share/nav2_common/local_setup.zsh
[3.294s] -- Symlinking: /home/ros2/Documents/fa_ROS2_ws/install/nav2_common/share/nav2_common/local_setup.dsv
[3.320s] -- Symlinking: /home/ros2/Documents/fa_ROS2_ws/install/nav2_common/share/nav2_common/package.dsv
[3.373s] -- Symlinking: /home/ros2/Documents/fa_ROS2_ws/install/nav2_common/share/ament_index/resource_index/packages/nav2_common
[3.423s] -- Symlinking: /home/ros2/Documents/fa_ROS2_ws/install/nav2_common/share/nav2_common/cmake/nav2_common-extras.cmake
[3.438s] -- Symlinking: /home/ros2/Documents/fa_ROS2_ws/install/nav2_common/share/nav2_common/cmake/nav2_commonConfig.cmake
[3.504s] -- Symlinking: /home/ros2/Documents/fa_ROS2_ws/install/nav2_common/share/nav2_common/cmake/nav2_commonConfig-version.cmake
[3.545s] -- Symlinking: /home/ros2/Documents/fa_ROS2_ws/install/nav2_common/share/nav2_common/package.xml
[3.619s] -- Symlinking: /home/ros2/Documents/fa_ROS2_ws/install/nav2_common/share/nav2_common/cmake/nav2_package.cmake
[3.782s] Listing '/home/ros2/Documents/fa_ROS2_ws/install/nav2_common/local/lib/python3.10/dist-packages/nav2_common'...
[3.782s] Compiling '/home/ros2/Documents/fa_ROS2_ws/install/nav2_common/local/lib/python3.10/dist-packages/nav2_common/__init__.py'...
[3.782s] Listing '/home/ros2/Documents/fa_ROS2_ws/install/nav2_common/local/lib/python3.10/dist-packages/nav2_common/launch'...
[3.782s] Compiling '/home/ros2/Documents/fa_ROS2_ws/install/nav2_common/local/lib/python3.10/dist-packages/nav2_common/launch/__init__.py'...
[3.782s] Compiling '/home/ros2/Documents/fa_ROS2_ws/install/nav2_common/local/lib/python3.10/dist-packages/nav2_common/launch/has_node_params.py'...
[3.783s] Compiling '/home/ros2/Documents/fa_ROS2_ws/install/nav2_common/local/lib/python3.10/dist-packages/nav2_common/launch/parse_multirobot_pose.py'...
[3.783s] Compiling '/home/ros2/Documents/fa_ROS2_ws/install/nav2_common/local/lib/python3.10/dist-packages/nav2_common/launch/replace_string.py'...
[3.783s] Compiling '/home/ros2/Documents/fa_ROS2_ws/install/nav2_common/local/lib/python3.10/dist-packages/nav2_common/launch/rewritten_yaml.py'...
[3.808s] Invoked command in '/home/ros2/Documents/fa_ROS2_ws/build/nav2_common' returned '0': CMAKE_PREFIX_PATH=${CMAKE_PREFIX_PATH}:/opt/ros/humble /usr/bin/cmake --install /home/ros2/Documents/fa_ROS2_ws/build/nav2_common
