[0.016s] Invoking command in '/home/ros2/Documents/fa_ROS2_ws/build/smartcar_msgs': CMAKE_PREFIX_PATH=${CMAKE_PREFIX_PATH}:/opt/ros/humble /usr/bin/cmake --build /home/ros2/Documents/fa_ROS2_ws/build/smartcar_msgs -- -j8 -l8
[0.142s] [  6%] Built target smartcar_msgs__cpp
[0.142s] [ 12%] Built target smartcar_msgs__rosidl_generator_c
[0.161s] [ 12%] Built target ament_cmake_python_copy_smartcar_msgs
[0.384s] [ 22%] Built target smartcar_msgs__rosidl_typesupport_fastrtps_c
[0.406s] [ 32%] Built target smartcar_msgs__rosidl_typesupport_c
[0.427s] [ 41%] Built target smartcar_msgs__rosidl_typesupport_introspection_c
[0.439s] [ 51%] Built target smartcar_msgs__rosidl_typesupport_fastrtps_cpp
[0.442s] [ 61%] Built target smartcar_msgs__rosidl_typesupport_introspection_cpp
[0.451s] [ 70%] Built target smartcar_msgs__rosidl_typesupport_cpp
[0.493s] [ 70%] Built target smartcar_msgs
[0.549s] [ 74%] Built target smartcar_msgs__py
[0.599s] [ 80%] Built target smartcar_msgs__rosidl_generator_py
[0.719s] [ 93%] Built target smartcar_msgs__rosidl_typesupport_c__pyext
[0.719s] [ 93%] Built target smartcar_msgs__rosidl_typesupport_introspection_c__pyext
[0.723s] [100%] Built target smartcar_msgs__rosidl_typesupport_fastrtps_c__pyext
[0.758s] running egg_info
[0.759s] writing smartcar_msgs.egg-info/PKG-INFO
[0.759s] writing dependency_links to smartcar_msgs.egg-info/dependency_links.txt
[0.759s] writing top-level names to smartcar_msgs.egg-info/top_level.txt
[0.762s] reading manifest file 'smartcar_msgs.egg-info/SOURCES.txt'
[0.762s] writing manifest file 'smartcar_msgs.egg-info/SOURCES.txt'
[0.804s] [100%] Built target ament_cmake_python_build_smartcar_msgs_egg
[0.821s] Invoked command in '/home/ros2/Documents/fa_ROS2_ws/build/smartcar_msgs' returned '0': CMAKE_PREFIX_PATH=${CMAKE_PREFIX_PATH}:/opt/ros/humble /usr/bin/cmake --build /home/ros2/Documents/fa_ROS2_ws/build/smartcar_msgs -- -j8 -l8
[0.979s] Invoking command in '/home/ros2/Documents/fa_ROS2_ws/build/smartcar_msgs': CMAKE_PREFIX_PATH=${CMAKE_PREFIX_PATH}:/opt/ros/humble /usr/bin/cmake --install /home/ros2/Documents/fa_ROS2_ws/build/smartcar_msgs
[0.989s] -- Install configuration: ""
[0.990s] -- Up-to-date: /home/ros2/Documents/fa_ROS2_ws/install/smartcar_msgs/share/ament_index/resource_index/rosidl_interfaces/smartcar_msgs
[0.990s] -- Up-to-date: /home/ros2/Documents/fa_ROS2_ws/install/smartcar_msgs/include/smartcar_msgs/smartcar_msgs
[0.990s] -- Up-to-date: /home/ros2/Documents/fa_ROS2_ws/install/smartcar_msgs/include/smartcar_msgs/smartcar_msgs/msg
[0.990s] -- Up-to-date: /home/ros2/Documents/fa_ROS2_ws/install/smartcar_msgs/include/smartcar_msgs/smartcar_msgs/msg/status.h
[0.990s] -- Up-to-date: /home/ros2/Documents/fa_ROS2_ws/install/smartcar_msgs/include/smartcar_msgs/smartcar_msgs/msg/rosidl_generator_c__visibility_control.h
[0.991s] -- Up-to-date: /home/ros2/Documents/fa_ROS2_ws/install/smartcar_msgs/include/smartcar_msgs/smartcar_msgs/msg/detail
[0.991s] -- Up-to-date: /home/ros2/Documents/fa_ROS2_ws/install/smartcar_msgs/include/smartcar_msgs/smartcar_msgs/msg/detail/status__type_support.h
[0.991s] -- Up-to-date: /home/ros2/Documents/fa_ROS2_ws/install/smartcar_msgs/include/smartcar_msgs/smartcar_msgs/msg/detail/status__functions.h
[0.991s] -- Up-to-date: /home/ros2/Documents/fa_ROS2_ws/install/smartcar_msgs/include/smartcar_msgs/smartcar_msgs/msg/detail/status__struct.h
[0.991s] -- Up-to-date: /home/ros2/Documents/fa_ROS2_ws/install/smartcar_msgs/include/smartcar_msgs/smartcar_msgs/msg/detail/status__functions.c
[0.992s] -- Up-to-date: /home/ros2/Documents/fa_ROS2_ws/install/smartcar_msgs/share/smartcar_msgs/environment/library_path.sh
[0.992s] -- Up-to-date: /home/ros2/Documents/fa_ROS2_ws/install/smartcar_msgs/share/smartcar_msgs/environment/library_path.dsv
[0.992s] -- Up-to-date: /home/ros2/Documents/fa_ROS2_ws/install/smartcar_msgs/lib/libsmartcar_msgs__rosidl_generator_c.so
[0.992s] -- Up-to-date: /home/ros2/Documents/fa_ROS2_ws/install/smartcar_msgs/include/smartcar_msgs/smartcar_msgs
[0.992s] -- Up-to-date: /home/ros2/Documents/fa_ROS2_ws/install/smartcar_msgs/include/smartcar_msgs/smartcar_msgs/msg
[0.992s] -- Up-to-date: /home/ros2/Documents/fa_ROS2_ws/install/smartcar_msgs/include/smartcar_msgs/smartcar_msgs/msg/rosidl_typesupport_fastrtps_c__visibility_control.h
[0.992s] -- Up-to-date: /home/ros2/Documents/fa_ROS2_ws/install/smartcar_msgs/include/smartcar_msgs/smartcar_msgs/msg/detail
[0.993s] -- Up-to-date: /home/ros2/Documents/fa_ROS2_ws/install/smartcar_msgs/include/smartcar_msgs/smartcar_msgs/msg/detail/status__rosidl_typesupport_fastrtps_c.h
[0.993s] -- Up-to-date: /home/ros2/Documents/fa_ROS2_ws/install/smartcar_msgs/lib/libsmartcar_msgs__rosidl_typesupport_fastrtps_c.so
[0.993s] -- Up-to-date: /home/ros2/Documents/fa_ROS2_ws/install/smartcar_msgs/include/smartcar_msgs/smartcar_msgs
[0.993s] -- Up-to-date: /home/ros2/Documents/fa_ROS2_ws/install/smartcar_msgs/include/smartcar_msgs/smartcar_msgs/msg
[0.993s] -- Up-to-date: /home/ros2/Documents/fa_ROS2_ws/install/smartcar_msgs/include/smartcar_msgs/smartcar_msgs/msg/detail
[0.993s] -- Up-to-date: /home/ros2/Documents/fa_ROS2_ws/install/smartcar_msgs/include/smartcar_msgs/smartcar_msgs/msg/detail/status__traits.hpp
[0.993s] -- Up-to-date: /home/ros2/Documents/fa_ROS2_ws/install/smartcar_msgs/include/smartcar_msgs/smartcar_msgs/msg/detail/status__struct.hpp
[0.993s] -- Up-to-date: /home/ros2/Documents/fa_ROS2_ws/install/smartcar_msgs/include/smartcar_msgs/smartcar_msgs/msg/detail/status__builder.hpp
[0.994s] -- Up-to-date: /home/ros2/Documents/fa_ROS2_ws/install/smartcar_msgs/include/smartcar_msgs/smartcar_msgs/msg/status.hpp
[0.994s] -- Up-to-date: /home/ros2/Documents/fa_ROS2_ws/install/smartcar_msgs/include/smartcar_msgs/smartcar_msgs
[0.994s] -- Up-to-date: /home/ros2/Documents/fa_ROS2_ws/install/smartcar_msgs/include/smartcar_msgs/smartcar_msgs/msg
[0.994s] -- Up-to-date: /home/ros2/Documents/fa_ROS2_ws/install/smartcar_msgs/include/smartcar_msgs/smartcar_msgs/msg/rosidl_typesupport_fastrtps_cpp__visibility_control.h
[0.994s] -- Up-to-date: /home/ros2/Documents/fa_ROS2_ws/install/smartcar_msgs/include/smartcar_msgs/smartcar_msgs/msg/detail
[0.994s] -- Up-to-date: /home/ros2/Documents/fa_ROS2_ws/install/smartcar_msgs/include/smartcar_msgs/smartcar_msgs/msg/detail/status__rosidl_typesupport_fastrtps_cpp.hpp
[0.995s] -- Up-to-date: /home/ros2/Documents/fa_ROS2_ws/install/smartcar_msgs/include/smartcar_msgs/smartcar_msgs/msg/detail/dds_fastrtps
[0.995s] -- Up-to-date: /home/ros2/Documents/fa_ROS2_ws/install/smartcar_msgs/lib/libsmartcar_msgs__rosidl_typesupport_fastrtps_cpp.so
[0.995s] -- Up-to-date: /home/ros2/Documents/fa_ROS2_ws/install/smartcar_msgs/include/smartcar_msgs/smartcar_msgs
[0.995s] -- Up-to-date: /home/ros2/Documents/fa_ROS2_ws/install/smartcar_msgs/include/smartcar_msgs/smartcar_msgs/msg
[0.995s] -- Up-to-date: /home/ros2/Documents/fa_ROS2_ws/install/smartcar_msgs/include/smartcar_msgs/smartcar_msgs/msg/detail
[0.995s] -- Up-to-date: /home/ros2/Documents/fa_ROS2_ws/install/smartcar_msgs/include/smartcar_msgs/smartcar_msgs/msg/detail/status__type_support.c
[0.995s] -- Up-to-date: /home/ros2/Documents/fa_ROS2_ws/install/smartcar_msgs/include/smartcar_msgs/smartcar_msgs/msg/detail/status__rosidl_typesupport_introspection_c.h
[0.996s] -- Up-to-date: /home/ros2/Documents/fa_ROS2_ws/install/smartcar_msgs/include/smartcar_msgs/smartcar_msgs/msg/rosidl_typesupport_introspection_c__visibility_control.h
[0.996s] -- Up-to-date: /home/ros2/Documents/fa_ROS2_ws/install/smartcar_msgs/lib/libsmartcar_msgs__rosidl_typesupport_introspection_c.so
[0.996s] -- Up-to-date: /home/ros2/Documents/fa_ROS2_ws/install/smartcar_msgs/lib/libsmartcar_msgs__rosidl_typesupport_c.so
[0.996s] -- Up-to-date: /home/ros2/Documents/fa_ROS2_ws/install/smartcar_msgs/include/smartcar_msgs/smartcar_msgs
[0.996s] -- Up-to-date: /home/ros2/Documents/fa_ROS2_ws/install/smartcar_msgs/include/smartcar_msgs/smartcar_msgs/msg
[0.997s] -- Up-to-date: /home/ros2/Documents/fa_ROS2_ws/install/smartcar_msgs/include/smartcar_msgs/smartcar_msgs/msg/detail
[0.997s] -- Up-to-date: /home/ros2/Documents/fa_ROS2_ws/install/smartcar_msgs/include/smartcar_msgs/smartcar_msgs/msg/detail/status__type_support.cpp
[0.997s] -- Up-to-date: /home/ros2/Documents/fa_ROS2_ws/install/smartcar_msgs/include/smartcar_msgs/smartcar_msgs/msg/detail/status__rosidl_typesupport_introspection_cpp.hpp
[0.997s] -- Up-to-date: /home/ros2/Documents/fa_ROS2_ws/install/smartcar_msgs/lib/libsmartcar_msgs__rosidl_typesupport_introspection_cpp.so
[0.997s] -- Up-to-date: /home/ros2/Documents/fa_ROS2_ws/install/smartcar_msgs/lib/libsmartcar_msgs__rosidl_typesupport_cpp.so
[0.997s] -- Up-to-date: /home/ros2/Documents/fa_ROS2_ws/install/smartcar_msgs/share/smartcar_msgs/environment/pythonpath.sh
[0.997s] -- Up-to-date: /home/ros2/Documents/fa_ROS2_ws/install/smartcar_msgs/share/smartcar_msgs/environment/pythonpath.dsv
[0.997s] -- Up-to-date: /home/ros2/Documents/fa_ROS2_ws/install/smartcar_msgs/local/lib/python3.10/dist-packages/smartcar_msgs-0.0.0-py3.10.egg-info
[0.997s] -- Installing: /home/ros2/Documents/fa_ROS2_ws/install/smartcar_msgs/local/lib/python3.10/dist-packages/smartcar_msgs-0.0.0-py3.10.egg-info/SOURCES.txt
[0.998s] -- Installing: /home/ros2/Documents/fa_ROS2_ws/install/smartcar_msgs/local/lib/python3.10/dist-packages/smartcar_msgs-0.0.0-py3.10.egg-info/PKG-INFO
[0.998s] -- Installing: /home/ros2/Documents/fa_ROS2_ws/install/smartcar_msgs/local/lib/python3.10/dist-packages/smartcar_msgs-0.0.0-py3.10.egg-info/top_level.txt
[0.998s] -- Installing: /home/ros2/Documents/fa_ROS2_ws/install/smartcar_msgs/local/lib/python3.10/dist-packages/smartcar_msgs-0.0.0-py3.10.egg-info/dependency_links.txt
[0.998s] -- Up-to-date: /home/ros2/Documents/fa_ROS2_ws/install/smartcar_msgs/local/lib/python3.10/dist-packages/smartcar_msgs
[0.998s] -- Up-to-date: /home/ros2/Documents/fa_ROS2_ws/install/smartcar_msgs/local/lib/python3.10/dist-packages/smartcar_msgs/__init__.py
[0.998s] -- Up-to-date: /home/ros2/Documents/fa_ROS2_ws/install/smartcar_msgs/local/lib/python3.10/dist-packages/smartcar_msgs/libsmartcar_msgs__rosidl_generator_py.so
[0.998s] -- Up-to-date: /home/ros2/Documents/fa_ROS2_ws/install/smartcar_msgs/local/lib/python3.10/dist-packages/smartcar_msgs/smartcar_msgs_s__rosidl_typesupport_introspection_c.cpython-310-x86_64-linux-gnu.so
[0.998s] -- Up-to-date: /home/ros2/Documents/fa_ROS2_ws/install/smartcar_msgs/local/lib/python3.10/dist-packages/smartcar_msgs/_smartcar_msgs_s.ep.rosidl_typesupport_c.c
[0.998s] -- Up-to-date: /home/ros2/Documents/fa_ROS2_ws/install/smartcar_msgs/local/lib/python3.10/dist-packages/smartcar_msgs/_smartcar_msgs_s.ep.rosidl_typesupport_fastrtps_c.c
[0.998s] -- Up-to-date: /home/ros2/Documents/fa_ROS2_ws/install/smartcar_msgs/local/lib/python3.10/dist-packages/smartcar_msgs/smartcar_msgs_s__rosidl_typesupport_fastrtps_c.cpython-310-x86_64-linux-gnu.so
[0.999s] -- Up-to-date: /home/ros2/Documents/fa_ROS2_ws/install/smartcar_msgs/local/lib/python3.10/dist-packages/smartcar_msgs/smartcar_msgs_s__rosidl_typesupport_c.cpython-310-x86_64-linux-gnu.so
[0.999s] -- Up-to-date: /home/ros2/Documents/fa_ROS2_ws/install/smartcar_msgs/local/lib/python3.10/dist-packages/smartcar_msgs/_smartcar_msgs_s.ep.rosidl_typesupport_introspection_c.c
[0.999s] -- Up-to-date: /home/ros2/Documents/fa_ROS2_ws/install/smartcar_msgs/local/lib/python3.10/dist-packages/smartcar_msgs/msg
[0.999s] -- Up-to-date: /home/ros2/Documents/fa_ROS2_ws/install/smartcar_msgs/local/lib/python3.10/dist-packages/smartcar_msgs/msg/__init__.py
[0.999s] -- Up-to-date: /home/ros2/Documents/fa_ROS2_ws/install/smartcar_msgs/local/lib/python3.10/dist-packages/smartcar_msgs/msg/_status_s.c
[0.999s] -- Up-to-date: /home/ros2/Documents/fa_ROS2_ws/install/smartcar_msgs/local/lib/python3.10/dist-packages/smartcar_msgs/msg/_status.py
[1.039s] Listing '/home/ros2/Documents/fa_ROS2_ws/install/smartcar_msgs/local/lib/python3.10/dist-packages/smartcar_msgs'...
[1.039s] Listing '/home/ros2/Documents/fa_ROS2_ws/install/smartcar_msgs/local/lib/python3.10/dist-packages/smartcar_msgs/msg'...
[1.050s] -- Up-to-date: /home/ros2/Documents/fa_ROS2_ws/install/smartcar_msgs/local/lib/python3.10/dist-packages/smartcar_msgs/smartcar_msgs_s__rosidl_typesupport_fastrtps_c.cpython-310-x86_64-linux-gnu.so
[1.051s] -- Up-to-date: /home/ros2/Documents/fa_ROS2_ws/install/smartcar_msgs/local/lib/python3.10/dist-packages/smartcar_msgs/smartcar_msgs_s__rosidl_typesupport_introspection_c.cpython-310-x86_64-linux-gnu.so
[1.051s] -- Up-to-date: /home/ros2/Documents/fa_ROS2_ws/install/smartcar_msgs/local/lib/python3.10/dist-packages/smartcar_msgs/smartcar_msgs_s__rosidl_typesupport_c.cpython-310-x86_64-linux-gnu.so
[1.051s] -- Up-to-date: /home/ros2/Documents/fa_ROS2_ws/install/smartcar_msgs/lib/libsmartcar_msgs__rosidl_generator_py.so
[1.052s] -- Up-to-date: /home/ros2/Documents/fa_ROS2_ws/install/smartcar_msgs/share/smartcar_msgs/msg/Status.idl
[1.052s] -- Up-to-date: /home/ros2/Documents/fa_ROS2_ws/install/smartcar_msgs/share/smartcar_msgs/msg/Status.msg
[1.052s] -- Up-to-date: /home/ros2/Documents/fa_ROS2_ws/install/smartcar_msgs/share/ament_index/resource_index/package_run_dependencies/smartcar_msgs
[1.052s] -- Up-to-date: /home/ros2/Documents/fa_ROS2_ws/install/smartcar_msgs/share/ament_index/resource_index/parent_prefix_path/smartcar_msgs
[1.053s] -- Up-to-date: /home/ros2/Documents/fa_ROS2_ws/install/smartcar_msgs/share/smartcar_msgs/environment/ament_prefix_path.sh
[1.053s] -- Up-to-date: /home/ros2/Documents/fa_ROS2_ws/install/smartcar_msgs/share/smartcar_msgs/environment/ament_prefix_path.dsv
[1.053s] -- Up-to-date: /home/ros2/Documents/fa_ROS2_ws/install/smartcar_msgs/share/smartcar_msgs/environment/path.sh
[1.053s] -- Up-to-date: /home/ros2/Documents/fa_ROS2_ws/install/smartcar_msgs/share/smartcar_msgs/environment/path.dsv
[1.053s] -- Up-to-date: /home/ros2/Documents/fa_ROS2_ws/install/smartcar_msgs/share/smartcar_msgs/local_setup.bash
[1.053s] -- Up-to-date: /home/ros2/Documents/fa_ROS2_ws/install/smartcar_msgs/share/smartcar_msgs/local_setup.sh
[1.053s] -- Up-to-date: /home/ros2/Documents/fa_ROS2_ws/install/smartcar_msgs/share/smartcar_msgs/local_setup.zsh
[1.053s] -- Up-to-date: /home/ros2/Documents/fa_ROS2_ws/install/smartcar_msgs/share/smartcar_msgs/local_setup.dsv
[1.054s] -- Installing: /home/ros2/Documents/fa_ROS2_ws/install/smartcar_msgs/share/smartcar_msgs/package.dsv
[1.054s] -- Up-to-date: /home/ros2/Documents/fa_ROS2_ws/install/smartcar_msgs/share/ament_index/resource_index/packages/smartcar_msgs
[1.054s] -- Up-to-date: /home/ros2/Documents/fa_ROS2_ws/install/smartcar_msgs/share/smartcar_msgs/cmake/export_smartcar_msgs__rosidl_generator_cExport.cmake
[1.054s] -- Up-to-date: /home/ros2/Documents/fa_ROS2_ws/install/smartcar_msgs/share/smartcar_msgs/cmake/export_smartcar_msgs__rosidl_generator_cExport-noconfig.cmake
[1.054s] -- Up-to-date: /home/ros2/Documents/fa_ROS2_ws/install/smartcar_msgs/share/smartcar_msgs/cmake/export_smartcar_msgs__rosidl_typesupport_fastrtps_cExport.cmake
[1.054s] -- Up-to-date: /home/ros2/Documents/fa_ROS2_ws/install/smartcar_msgs/share/smartcar_msgs/cmake/export_smartcar_msgs__rosidl_typesupport_fastrtps_cExport-noconfig.cmake
[1.054s] -- Up-to-date: /home/ros2/Documents/fa_ROS2_ws/install/smartcar_msgs/share/smartcar_msgs/cmake/export_smartcar_msgs__rosidl_generator_cppExport.cmake
[1.054s] -- Up-to-date: /home/ros2/Documents/fa_ROS2_ws/install/smartcar_msgs/share/smartcar_msgs/cmake/export_smartcar_msgs__rosidl_typesupport_fastrtps_cppExport.cmake
[1.055s] -- Up-to-date: /home/ros2/Documents/fa_ROS2_ws/install/smartcar_msgs/share/smartcar_msgs/cmake/export_smartcar_msgs__rosidl_typesupport_fastrtps_cppExport-noconfig.cmake
[1.055s] -- Up-to-date: /home/ros2/Documents/fa_ROS2_ws/install/smartcar_msgs/share/smartcar_msgs/cmake/smartcar_msgs__rosidl_typesupport_introspection_cExport.cmake
[1.055s] -- Up-to-date: /home/ros2/Documents/fa_ROS2_ws/install/smartcar_msgs/share/smartcar_msgs/cmake/smartcar_msgs__rosidl_typesupport_introspection_cExport-noconfig.cmake
[1.055s] -- Up-to-date: /home/ros2/Documents/fa_ROS2_ws/install/smartcar_msgs/share/smartcar_msgs/cmake/smartcar_msgs__rosidl_typesupport_cExport.cmake
[1.055s] -- Up-to-date: /home/ros2/Documents/fa_ROS2_ws/install/smartcar_msgs/share/smartcar_msgs/cmake/smartcar_msgs__rosidl_typesupport_cExport-noconfig.cmake
[1.055s] -- Up-to-date: /home/ros2/Documents/fa_ROS2_ws/install/smartcar_msgs/share/smartcar_msgs/cmake/smartcar_msgs__rosidl_typesupport_introspection_cppExport.cmake
[1.055s] -- Up-to-date: /home/ros2/Documents/fa_ROS2_ws/install/smartcar_msgs/share/smartcar_msgs/cmake/smartcar_msgs__rosidl_typesupport_introspection_cppExport-noconfig.cmake
[1.055s] -- Up-to-date: /home/ros2/Documents/fa_ROS2_ws/install/smartcar_msgs/share/smartcar_msgs/cmake/smartcar_msgs__rosidl_typesupport_cppExport.cmake
[1.055s] -- Up-to-date: /home/ros2/Documents/fa_ROS2_ws/install/smartcar_msgs/share/smartcar_msgs/cmake/smartcar_msgs__rosidl_typesupport_cppExport-noconfig.cmake
[1.055s] -- Up-to-date: /home/ros2/Documents/fa_ROS2_ws/install/smartcar_msgs/share/smartcar_msgs/cmake/export_smartcar_msgs__rosidl_generator_pyExport.cmake
[1.056s] -- Up-to-date: /home/ros2/Documents/fa_ROS2_ws/install/smartcar_msgs/share/smartcar_msgs/cmake/export_smartcar_msgs__rosidl_generator_pyExport-noconfig.cmake
[1.056s] -- Up-to-date: /home/ros2/Documents/fa_ROS2_ws/install/smartcar_msgs/share/smartcar_msgs/cmake/rosidl_cmake-extras.cmake
[1.056s] -- Up-to-date: /home/ros2/Documents/fa_ROS2_ws/install/smartcar_msgs/share/smartcar_msgs/cmake/ament_cmake_export_dependencies-extras.cmake
[1.056s] -- Up-to-date: /home/ros2/Documents/fa_ROS2_ws/install/smartcar_msgs/share/smartcar_msgs/cmake/ament_cmake_export_include_directories-extras.cmake
[1.056s] -- Up-to-date: /home/ros2/Documents/fa_ROS2_ws/install/smartcar_msgs/share/smartcar_msgs/cmake/ament_cmake_export_libraries-extras.cmake
[1.056s] -- Up-to-date: /home/ros2/Documents/fa_ROS2_ws/install/smartcar_msgs/share/smartcar_msgs/cmake/ament_cmake_export_targets-extras.cmake
[1.056s] -- Up-to-date: /home/ros2/Documents/fa_ROS2_ws/install/smartcar_msgs/share/smartcar_msgs/cmake/rosidl_cmake_export_typesupport_targets-extras.cmake
[1.056s] -- Up-to-date: /home/ros2/Documents/fa_ROS2_ws/install/smartcar_msgs/share/smartcar_msgs/cmake/rosidl_cmake_export_typesupport_libraries-extras.cmake
[1.056s] -- Up-to-date: /home/ros2/Documents/fa_ROS2_ws/install/smartcar_msgs/share/smartcar_msgs/cmake/smartcar_msgsConfig.cmake
[1.057s] -- Up-to-date: /home/ros2/Documents/fa_ROS2_ws/install/smartcar_msgs/share/smartcar_msgs/cmake/smartcar_msgsConfig-version.cmake
[1.057s] -- Up-to-date: /home/ros2/Documents/fa_ROS2_ws/install/smartcar_msgs/share/smartcar_msgs/package.xml
[1.060s] Invoked command in '/home/ros2/Documents/fa_ROS2_ws/build/smartcar_msgs' returned '0': CMAKE_PREFIX_PATH=${CMAKE_PREFIX_PATH}:/opt/ros/humble /usr/bin/cmake --install /home/ros2/Documents/fa_ROS2_ws/build/smartcar_msgs
