[0.040s] Invoking command in '/home/ros2/Documents/fa_ROS2_ws/build/nav2_voxel_grid': AMENT_PREFIX_PATH=/home/ros2/Documents/fa_ROS2_ws/install/nav2_common:${AMENT_PREFIX_PATH} CMAKE_PREFIX_PATH=/home/ros2/Documents/fa_ROS2_ws/install/nav2_common:/home/ros2/Documents/fa_ROS2_ws/install/smart_car:/home/ros2/Documents/fa_ROS2_ws/install/car_gazebo_plugin:/home/ros2/Documents/fa_ROS2_ws/install/smartcar_msgs:/home/ros2/Documents/fa_ROS2_ws/install/ackermann_msgs:/opt/ros/humble PYTHONPATH=/home/ros2/Documents/fa_ROS2_ws/install/nav2_common/local/lib/python3.10/dist-packages:${PYTHONPATH} /usr/bin/cmake /home/ros2/Documents/fa_ROS2_ws/src/navigation2/nav2_voxel_grid -DAMENT_CMAKE_SYMLINK_INSTALL=1 -DCMAKE_INSTALL_PREFIX=/home/ros2/Documents/fa_ROS2_ws/install/nav2_voxel_grid
[0.388s] -- The C compiler identification is GNU 11.4.0
[0.697s] -- The CXX compiler identification is GNU 11.4.0
[0.745s] -- Detecting C compiler ABI info
[1.095s] -- Detecting C compiler ABI info - done
[1.108s] -- Check for working C compiler: /usr/lib/ccache/gcc - skipped
[1.108s] -- Detecting C compile features
[1.109s] -- Detecting C compile features - done
[1.114s] -- Detecting CXX compiler ABI info
[1.393s] -- Detecting CXX compiler ABI info - done
[1.415s] -- Check for working CXX compiler: /usr/lib/ccache/g++ - skipped
[1.415s] -- Detecting CXX compile features
[1.415s] -- Detecting CXX compile features - done
[1.427s] -- Found ament_cmake: 1.3.10 (/opt/ros/humble/share/ament_cmake/cmake)
[1.814s] -- Found Python3: /usr/bin/python3 (found version "3.10.12") found components: Interpreter 
[1.984s] -- Override CMake install command with custom implementation using symlinks instead of copying resources
[2.051s] -- Found nav2_common: 1.3.1 (/home/ros2/Documents/fa_ROS2_ws/install/nav2_common/share/nav2_common/cmake)
[2.055s] -- Found rclcpp: 16.0.10 (/opt/ros/humble/share/rclcpp/cmake)
[2.144s] -- Found rosidl_generator_c: 3.1.5 (/opt/ros/humble/share/rosidl_generator_c/cmake)
[2.151s] -- Found rosidl_adapter: 3.1.5 (/opt/ros/humble/share/rosidl_adapter/cmake)
[2.169s] -- Found rosidl_generator_cpp: 3.1.5 (/opt/ros/humble/share/rosidl_generator_cpp/cmake)
[2.196s] -- Using all available rosidl_typesupport_c: rosidl_typesupport_fastrtps_c;rosidl_typesupport_introspection_c
[2.229s] -- Using all available rosidl_typesupport_cpp: rosidl_typesupport_fastrtps_cpp;rosidl_typesupport_introspection_cpp
[2.322s] -- Found rmw_implementation_cmake: 6.1.2 (/opt/ros/humble/share/rmw_implementation_cmake/cmake)
[2.328s] -- Found rmw_cyclonedds_cpp: 1.3.4 (/opt/ros/humble/share/rmw_cyclonedds_cpp/cmake)
[2.375s] -- Using RMW implementation 'rmw_cyclonedds_cpp' as default
[2.391s] -- Looking for pthread.h
[2.617s] -- Looking for pthread.h - found
[2.617s] -- Performing Test CMAKE_HAVE_LIBC_PTHREAD
[2.941s] -- Performing Test CMAKE_HAVE_LIBC_PTHREAD - Success
[2.948s] -- Found Threads: TRUE  
[3.075s] -- Setting build type to Release as none was specified.
[3.081s] -- Found ament_lint_auto: 0.12.11 (/opt/ros/humble/share/ament_lint_auto/cmake)
[3.265s] -- Found gtest sources under '/opt/ros/humble/src/gtest_vendor': C++ tests using 'Google Test' will be built
[3.285s] -- Added test 'cppcheck' to perform static code analysis on C / C++ code
[3.286s] -- Configured cppcheck include dirs: $<BUILD_INTERFACE:/home/ros2/Documents/fa_ROS2_ws/src/navigation2/nav2_voxel_grid/include>
[3.286s] -- Configured cppcheck exclude dirs and/or files: 
[3.287s] -- Added test 'cpplint' to check C / C++ code against the Google style
[3.288s] -- Configured cpplint exclude dirs and/or files: 
[3.291s] -- Added test 'lint_cmake' to check CMake code style
[3.296s] -- Added test 'uncrustify' to check C / C++ code style
[3.296s] -- Configured uncrustify additional arguments: 
[3.296s] -- Added test 'xmllint' to check XML markup files
[3.303s] -- Configuring done
[3.338s] -- Generating done
[3.348s] -- Build files have been written to: /home/ros2/Documents/fa_ROS2_ws/build/nav2_voxel_grid
