[0.032s] Invoking command in '/home/ros2/Documents/fa_ROS2_ws/build/nav2_common': CMAKE_PREFIX_PATH=${CMAKE_PREFIX_PATH}:/opt/ros/humble /usr/bin/cmake /home/ros2/Documents/fa_ROS2_ws/src/navigation2/nav2_common -DAMENT_CMAKE_SYMLINK_INSTALL=1 -DCMAKE_INSTALL_PREFIX=/home/ros2/Documents/fa_ROS2_ws/install/nav2_common
[0.086s] -- Found ament_cmake_core: 1.3.10 (/opt/ros/humble/share/ament_cmake_core/cmake)
[0.369s] -- Found Python3: /usr/bin/python3 (found version "3.10.12") found components: Interpreter 
[0.458s] -- Override CMake install command with custom implementation using symlinks instead of copying resources
[0.461s] -- Found ament_cmake_python: 1.3.10 (/opt/ros/humble/share/ament_cmake_python/cmake)
[0.684s] -- Configuring done
[0.687s] -- Generating done
[0.690s] -- Build files have been written to: /home/ros2/Documents/fa_ROS2_ws/build/nav2_common
[0.695s] Invoked command in '/home/ros2/Documents/fa_ROS2_ws/build/nav2_common' returned '0': CMAKE_PREFIX_PATH=${CMAKE_PREFIX_PATH}:/opt/ros/humble /usr/bin/cmake /home/ros2/Documents/fa_ROS2_ws/src/navigation2/nav2_common -DAMENT_CMAKE_SYMLINK_INSTALL=1 -DCMAKE_INSTALL_PREFIX=/home/ros2/Documents/fa_ROS2_ws/install/nav2_common
[0.698s] Invoking command in '/home/ros2/Documents/fa_ROS2_ws/build/nav2_common': CMAKE_PREFIX_PATH=${CMAKE_PREFIX_PATH}:/opt/ros/humble /usr/bin/cmake --build /home/ros2/Documents/fa_ROS2_ws/build/nav2_common -- -j8 -l8
[0.833s] Built target ament_cmake_python_symlink_nav2_common
[1.278s] running egg_info
[1.279s] creating nav2_common.egg-info
[1.279s] writing nav2_common.egg-info/PKG-INFO
[1.280s] writing dependency_links to nav2_common.egg-info/dependency_links.txt
[1.280s] writing top-level names to nav2_common.egg-info/top_level.txt
[1.281s] writing manifest file 'nav2_common.egg-info/SOURCES.txt'
[1.285s] reading manifest file 'nav2_common.egg-info/SOURCES.txt'
[1.289s] writing manifest file 'nav2_common.egg-info/SOURCES.txt'
[1.349s] Built target ament_cmake_python_build_nav2_common_egg
[1.372s] Invoked command in '/home/ros2/Documents/fa_ROS2_ws/build/nav2_common' returned '0': CMAKE_PREFIX_PATH=${CMAKE_PREFIX_PATH}:/opt/ros/humble /usr/bin/cmake --build /home/ros2/Documents/fa_ROS2_ws/build/nav2_common -- -j8 -l8
[1.462s] Invoking command in '/home/ros2/Documents/fa_ROS2_ws/build/nav2_common': CMAKE_PREFIX_PATH=${CMAKE_PREFIX_PATH}:/opt/ros/humble /usr/bin/cmake --install /home/ros2/Documents/fa_ROS2_ws/build/nav2_common
[1.481s] -- Install configuration: ""
[1.481s] -- Execute custom install script
[1.481s] -- Symlinking: /home/ros2/Documents/fa_ROS2_ws/install/nav2_common/share/nav2_common/environment/pythonpath.sh
[1.497s] -- Symlinking: /home/ros2/Documents/fa_ROS2_ws/install/nav2_common/share/nav2_common/environment/pythonpath.dsv
[1.512s] -- Symlinking: /home/ros2/Documents/fa_ROS2_ws/install/nav2_common/local/lib/python3.10/dist-packages/nav2_common-1.1.17-py3.10.egg-info/PKG-INFO
[1.529s] -- Symlinking: /home/ros2/Documents/fa_ROS2_ws/install/nav2_common/local/lib/python3.10/dist-packages/nav2_common-1.1.17-py3.10.egg-info/SOURCES.txt
[1.554s] -- Symlinking: /home/ros2/Documents/fa_ROS2_ws/install/nav2_common/local/lib/python3.10/dist-packages/nav2_common-1.1.17-py3.10.egg-info/dependency_links.txt
[1.572s] -- Symlinking: /home/ros2/Documents/fa_ROS2_ws/install/nav2_common/local/lib/python3.10/dist-packages/nav2_common-1.1.17-py3.10.egg-info/top_level.txt
[1.588s] -- Symlinking: /home/ros2/Documents/fa_ROS2_ws/install/nav2_common/local/lib/python3.10/dist-packages/nav2_common/__init__.py
[1.604s] -- Symlinking: /home/ros2/Documents/fa_ROS2_ws/install/nav2_common/local/lib/python3.10/dist-packages/nav2_common/launch/__init__.py
[1.620s] -- Symlinking: /home/ros2/Documents/fa_ROS2_ws/install/nav2_common/local/lib/python3.10/dist-packages/nav2_common/launch/has_node_params.py
[1.654s] -- Symlinking: /home/ros2/Documents/fa_ROS2_ws/install/nav2_common/local/lib/python3.10/dist-packages/nav2_common/launch/parse_multirobot_pose.py
[1.676s] -- Symlinking: /home/ros2/Documents/fa_ROS2_ws/install/nav2_common/local/lib/python3.10/dist-packages/nav2_common/launch/replace_string.py
[1.702s] -- Symlinking: /home/ros2/Documents/fa_ROS2_ws/install/nav2_common/local/lib/python3.10/dist-packages/nav2_common/launch/rewritten_yaml.py
[1.718s] -- Symlinking: /home/ros2/Documents/fa_ROS2_ws/install/nav2_common/share/ament_index/resource_index/package_run_dependencies/nav2_common
[1.745s] -- Symlinking: /home/ros2/Documents/fa_ROS2_ws/install/nav2_common/share/ament_index/resource_index/parent_prefix_path/nav2_common
[1.778s] -- Symlinking: /home/ros2/Documents/fa_ROS2_ws/install/nav2_common/share/nav2_common/environment/ament_prefix_path.sh
[1.800s] -- Symlinking: /home/ros2/Documents/fa_ROS2_ws/install/nav2_common/share/nav2_common/environment/ament_prefix_path.dsv
[1.828s] -- Symlinking: /home/ros2/Documents/fa_ROS2_ws/install/nav2_common/share/nav2_common/environment/path.sh
[1.852s] -- Symlinking: /home/ros2/Documents/fa_ROS2_ws/install/nav2_common/share/nav2_common/environment/path.dsv
[1.875s] -- Symlinking: /home/ros2/Documents/fa_ROS2_ws/install/nav2_common/share/nav2_common/local_setup.bash
[1.891s] -- Symlinking: /home/ros2/Documents/fa_ROS2_ws/install/nav2_common/share/nav2_common/local_setup.sh
[1.912s] -- Symlinking: /home/ros2/Documents/fa_ROS2_ws/install/nav2_common/share/nav2_common/local_setup.zsh
[1.930s] -- Symlinking: /home/ros2/Documents/fa_ROS2_ws/install/nav2_common/share/nav2_common/local_setup.dsv
[1.953s] -- Symlinking: /home/ros2/Documents/fa_ROS2_ws/install/nav2_common/share/nav2_common/package.dsv
[1.979s] -- Symlinking: /home/ros2/Documents/fa_ROS2_ws/install/nav2_common/share/ament_index/resource_index/packages/nav2_common
[2.001s] -- Symlinking: /home/ros2/Documents/fa_ROS2_ws/install/nav2_common/share/nav2_common/cmake/nav2_common-extras.cmake
[2.020s] -- Symlinking: /home/ros2/Documents/fa_ROS2_ws/install/nav2_common/share/nav2_common/cmake/nav2_commonConfig.cmake
[2.040s] -- Symlinking: /home/ros2/Documents/fa_ROS2_ws/install/nav2_common/share/nav2_common/cmake/nav2_commonConfig-version.cmake
[2.059s] -- Symlinking: /home/ros2/Documents/fa_ROS2_ws/install/nav2_common/share/nav2_common/package.xml
[2.078s] -- Symlinking: /home/ros2/Documents/fa_ROS2_ws/install/nav2_common/share/nav2_common/cmake/nav2_package.cmake
[2.141s] Listing '/home/ros2/Documents/fa_ROS2_ws/install/nav2_common/local/lib/python3.10/dist-packages/nav2_common'...
[2.142s] Compiling '/home/ros2/Documents/fa_ROS2_ws/install/nav2_common/local/lib/python3.10/dist-packages/nav2_common/__init__.py'...
[2.142s] Listing '/home/ros2/Documents/fa_ROS2_ws/install/nav2_common/local/lib/python3.10/dist-packages/nav2_common/launch'...
[2.142s] Compiling '/home/ros2/Documents/fa_ROS2_ws/install/nav2_common/local/lib/python3.10/dist-packages/nav2_common/launch/__init__.py'...
[2.142s] Compiling '/home/ros2/Documents/fa_ROS2_ws/install/nav2_common/local/lib/python3.10/dist-packages/nav2_common/launch/has_node_params.py'...
[2.142s] Compiling '/home/ros2/Documents/fa_ROS2_ws/install/nav2_common/local/lib/python3.10/dist-packages/nav2_common/launch/parse_multirobot_pose.py'...
[2.142s] Compiling '/home/ros2/Documents/fa_ROS2_ws/install/nav2_common/local/lib/python3.10/dist-packages/nav2_common/launch/replace_string.py'...
[2.142s] Compiling '/home/ros2/Documents/fa_ROS2_ws/install/nav2_common/local/lib/python3.10/dist-packages/nav2_common/launch/rewritten_yaml.py'...
[2.157s] Invoked command in '/home/ros2/Documents/fa_ROS2_ws/build/nav2_common' returned '0': CMAKE_PREFIX_PATH=${CMAKE_PREFIX_PATH}:/opt/ros/humble /usr/bin/cmake --install /home/ros2/Documents/fa_ROS2_ws/build/nav2_common
