[2.435s] Invoking command in '/home/ros2/Documents/fa_ROS2_ws/build/nav2_loopback_sim': PYTHONPATH=/home/ros2/Documents/fa_ROS2_ws/build/nav2_loopback_sim/prefix_override:/usr/lib/python3/dist-packages/colcon_core/task/python/colcon_distutils_commands:/home/ros2/Documents/fa_ROS2_ws/install/nav2_loopback_sim/lib/python3.10/site-packages:${PYTHONPATH} /usr/bin/python3 -W ignore:setup.py install is deprecated setup.py develop --editable --build-directory /home/ros2/Documents/fa_ROS2_ws/build/nav2_loopback_sim/build --no-deps symlink_data
[3.037s] running develop
[3.038s] /usr/lib/python3/dist-packages/setuptools/command/easy_install.py:158: EasyInstallDeprecationWarning: easy_install command is deprecated. Use build and pip and other standards-based tools.
[3.043s]   warnings.warn(
[3.552s] running egg_info
[3.552s] creating nav2_loopback_sim.egg-info
[3.554s] writing nav2_loopback_sim.egg-info/PKG-INFO
[3.554s] writing dependency_links to nav2_loopback_sim.egg-info/dependency_links.txt
[3.554s] writing entry points to nav2_loopback_sim.egg-info/entry_points.txt
[3.554s] writing requirements to nav2_loopback_sim.egg-info/requires.txt
[3.554s] writing top-level names to nav2_loopback_sim.egg-info/top_level.txt
[3.560s] writing manifest file 'nav2_loopback_sim.egg-info/SOURCES.txt'
[3.560s] package init file 'nav2_loopback_sim/__init__.py' not found (or not a regular file)
[3.561s] reading manifest file 'nav2_loopback_sim.egg-info/SOURCES.txt'
[3.563s] writing manifest file 'nav2_loopback_sim.egg-info/SOURCES.txt'
[3.566s] running build_ext
[3.568s] Creating /home/ros2/Documents/fa_ROS2_ws/install/nav2_loopback_sim/lib/python3.10/site-packages/nav2-loopback-sim.egg-link (link to .)
[3.568s] Installing loopback_simulator script to /home/ros2/Documents/fa_ROS2_ws/install/nav2_loopback_sim/lib/nav2_loopback_sim
[3.568s] 
[3.569s] Installed /home/ros2/Documents/fa_ROS2_ws/build/nav2_loopback_sim
[3.569s] running symlink_data
[3.569s] creating /home/ros2/Documents/fa_ROS2_ws/install/nav2_loopback_sim/share/ament_index
[3.569s] creating /home/ros2/Documents/fa_ROS2_ws/install/nav2_loopback_sim/share/ament_index/resource_index
[3.569s] creating /home/ros2/Documents/fa_ROS2_ws/install/nav2_loopback_sim/share/ament_index/resource_index/packages
[3.573s] symbolically linking /home/ros2/Documents/fa_ROS2_ws/build/nav2_loopback_sim/resource/nav2_loopback_sim -> /home/ros2/Documents/fa_ROS2_ws/install/nav2_loopback_sim/share/ament_index/resource_index/packages
[3.573s] symbolically linking /home/ros2/Documents/fa_ROS2_ws/build/nav2_loopback_sim/package.xml -> /home/ros2/Documents/fa_ROS2_ws/install/nav2_loopback_sim/share/nav2_loopback_sim
[3.573s] symbolically linking /home/ros2/Documents/fa_ROS2_ws/build/nav2_loopback_sim/launch/loopback_simulation.launch.py -> /home/ros2/Documents/fa_ROS2_ws/install/nav2_loopback_sim/share/nav2_loopback_sim
[3.693s] Invoked command in '/home/ros2/Documents/fa_ROS2_ws/build/nav2_loopback_sim' returned '0': PYTHONPATH=/home/ros2/Documents/fa_ROS2_ws/build/nav2_loopback_sim/prefix_override:/usr/lib/python3/dist-packages/colcon_core/task/python/colcon_distutils_commands:/home/ros2/Documents/fa_ROS2_ws/install/nav2_loopback_sim/lib/python3.10/site-packages:${PYTHONPATH} /usr/bin/python3 -W ignore:setup.py install is deprecated setup.py develop --editable --build-directory /home/ros2/Documents/fa_ROS2_ws/build/nav2_loopback_sim/build --no-deps symlink_data
