[0.043s] Invoking command in '/home/ros2/Documents/fa_ROS2_ws/build/dwb_msgs': AMENT_PREFIX_PATH=/home/ros2/Documents/fa_ROS2_ws/install/nav_2d_msgs:${AMENT_PREFIX_PATH} CMAKE_PREFIX_PATH=/home/ros2/Documents/fa_ROS2_ws/install/nav_2d_msgs:/home/ros2/Documents/fa_ROS2_ws/install/smart_car:/home/ros2/Documents/fa_ROS2_ws/install/car_gazebo_plugin:/home/ros2/Documents/fa_ROS2_ws/install/smartcar_msgs:/home/ros2/Documents/fa_ROS2_ws/install/ackermann_msgs:/opt/ros/humble LD_LIBRARY_PATH=/home/ros2/Documents/fa_ROS2_ws/install/nav_2d_msgs/lib:/home/ros2/Documents/fa_ROS2_ws/install/car_gazebo_plugin/lib:/home/ros2/Documents/fa_ROS2_ws/install/smartcar_msgs/lib:/home/ros2/Documents/fa_ROS2_ws/install/ackermann_msgs/lib:/usr/lib/x86_64-linux-gnu/gazebo-11/plugins:/opt/ros/humble/opt/rviz_ogre_vendor/lib:/opt/ros/humble/lib/x86_64-linux-gnu:/opt/ros/humble/lib:/tmp/.mount_cursorflfrK2/usr/lib:/usr/lib/x86_64-linux-gnu/gazebo-11/plugins:/usr/lib/x86_64-linux-gnu/gazebo-11/plugins:/usr/lib/x86_64-linux-gnu/gazebo-11/plugins PYTHONPATH=/home/ros2/Documents/fa_ROS2_ws/install/nav_2d_msgs/local/lib/python3.10/dist-packages:${PYTHONPATH} /usr/bin/cmake /home/ros2/Documents/fa_ROS2_ws/src/navigation2/nav2_dwb_controller/dwb_msgs -DAMENT_CMAKE_SYMLINK_INSTALL=1 -DCMAKE_INSTALL_PREFIX=/home/ros2/Documents/fa_ROS2_ws/install/dwb_msgs
[0.190s] -- The C compiler identification is GNU 11.4.0
[0.338s] -- The CXX compiler identification is GNU 11.4.0
[0.355s] -- Detecting C compiler ABI info
[0.519s] -- Detecting C compiler ABI info - done
[0.525s] -- Check for working C compiler: /usr/lib/ccache/gcc - skipped
[0.525s] -- Detecting C compile features
[0.525s] -- Detecting C compile features - done
[0.537s] -- Detecting CXX compiler ABI info
[0.751s] -- Detecting CXX compiler ABI info - done
[0.764s] -- Check for working CXX compiler: /usr/lib/ccache/g++ - skipped
[0.764s] -- Detecting CXX compile features
[0.765s] -- Detecting CXX compile features - done
[0.768s] -- Found builtin_interfaces: 1.2.1 (/opt/ros/humble/share/builtin_interfaces/cmake)
[1.012s] -- Found Python3: /usr/bin/python3 (found version "3.10.12") found components: Interpreter 
[1.131s] -- Override CMake install command with custom implementation using symlinks instead of copying resources
[1.247s] -- Found rosidl_generator_c: 3.1.5 (/opt/ros/humble/share/rosidl_generator_c/cmake)
[1.258s] -- Found rosidl_adapter: 3.1.5 (/opt/ros/humble/share/rosidl_adapter/cmake)
[1.275s] -- Found rosidl_generator_cpp: 3.1.5 (/opt/ros/humble/share/rosidl_generator_cpp/cmake)
[1.294s] -- Using all available rosidl_typesupport_c: rosidl_typesupport_fastrtps_c;rosidl_typesupport_introspection_c
[1.318s] -- Using all available rosidl_typesupport_cpp: rosidl_typesupport_fastrtps_cpp;rosidl_typesupport_introspection_cpp
[1.345s] -- Found geometry_msgs: 4.2.4 (/opt/ros/humble/share/geometry_msgs/cmake)
[1.396s] -- Found nav_2d_msgs: 1.1.17 (/home/ros2/Documents/fa_ROS2_ws/install/nav_2d_msgs/share/nav_2d_msgs/cmake)
[1.422s] -- Found nav_msgs: 4.2.4 (/opt/ros/humble/share/nav_msgs/cmake)
[1.458s] -- Found rosidl_default_generators: 1.2.0 (/opt/ros/humble/share/rosidl_default_generators/cmake)
[2.063s] -- Found ament_cmake_ros: 0.10.0 (/opt/ros/humble/share/ament_cmake_ros/cmake)
[2.759s] -- Using all available rosidl_typesupport_c: rosidl_typesupport_fastrtps_c;rosidl_typesupport_introspection_c
[3.034s] -- Using all available rosidl_typesupport_cpp: rosidl_typesupport_fastrtps_cpp;rosidl_typesupport_introspection_cpp
[3.071s] -- Found PythonInterp: /usr/bin/python3 (found suitable version "3.10.12", minimum required is "3.6") 
[3.073s] -- Found python_cmake_module: 0.10.0 (/opt/ros/humble/share/python_cmake_module/cmake)
[3.109s] -- Found PythonLibs: /usr/lib/x86_64-linux-gnu/libpython3.10.so (found suitable version "3.10.12", minimum required is "3.5") 
[3.109s] -- Using PYTHON_EXECUTABLE: /usr/bin/python3
[3.109s] -- Using PYTHON_INCLUDE_DIRS: /usr/include/python3.10
[3.109s] -- Using PYTHON_LIBRARIES: /usr/lib/x86_64-linux-gnu/libpython3.10.so
[3.145s] -- Found PythonExtra: .so  
[3.274s] -- Configuring done
[3.356s] -- Generating done
[3.362s] -- Build files have been written to: /home/ros2/Documents/fa_ROS2_ws/build/dwb_msgs
[3.384s] Invoked command in '/home/ros2/Documents/fa_ROS2_ws/build/dwb_msgs' returned '0': AMENT_PREFIX_PATH=/home/ros2/Documents/fa_ROS2_ws/install/nav_2d_msgs:${AMENT_PREFIX_PATH} CMAKE_PREFIX_PATH=/home/ros2/Documents/fa_ROS2_ws/install/nav_2d_msgs:/home/ros2/Documents/fa_ROS2_ws/install/smart_car:/home/ros2/Documents/fa_ROS2_ws/install/car_gazebo_plugin:/home/ros2/Documents/fa_ROS2_ws/install/smartcar_msgs:/home/ros2/Documents/fa_ROS2_ws/install/ackermann_msgs:/opt/ros/humble LD_LIBRARY_PATH=/home/ros2/Documents/fa_ROS2_ws/install/nav_2d_msgs/lib:/home/ros2/Documents/fa_ROS2_ws/install/car_gazebo_plugin/lib:/home/ros2/Documents/fa_ROS2_ws/install/smartcar_msgs/lib:/home/ros2/Documents/fa_ROS2_ws/install/ackermann_msgs/lib:/usr/lib/x86_64-linux-gnu/gazebo-11/plugins:/opt/ros/humble/opt/rviz_ogre_vendor/lib:/opt/ros/humble/lib/x86_64-linux-gnu:/opt/ros/humble/lib:/tmp/.mount_cursorflfrK2/usr/lib:/usr/lib/x86_64-linux-gnu/gazebo-11/plugins:/usr/lib/x86_64-linux-gnu/gazebo-11/plugins:/usr/lib/x86_64-linux-gnu/gazebo-11/plugins PYTHONPATH=/home/ros2/Documents/fa_ROS2_ws/install/nav_2d_msgs/local/lib/python3.10/dist-packages:${PYTHONPATH} /usr/bin/cmake /home/ros2/Documents/fa_ROS2_ws/src/navigation2/nav2_dwb_controller/dwb_msgs -DAMENT_CMAKE_SYMLINK_INSTALL=1 -DCMAKE_INSTALL_PREFIX=/home/ros2/Documents/fa_ROS2_ws/install/dwb_msgs
[3.386s] Invoking command in '/home/ros2/Documents/fa_ROS2_ws/build/dwb_msgs': AMENT_PREFIX_PATH=/home/ros2/Documents/fa_ROS2_ws/install/nav_2d_msgs:${AMENT_PREFIX_PATH} CMAKE_PREFIX_PATH=/home/ros2/Documents/fa_ROS2_ws/install/nav_2d_msgs:/home/ros2/Documents/fa_ROS2_ws/install/smart_car:/home/ros2/Documents/fa_ROS2_ws/install/car_gazebo_plugin:/home/ros2/Documents/fa_ROS2_ws/install/smartcar_msgs:/home/ros2/Documents/fa_ROS2_ws/install/ackermann_msgs:/opt/ros/humble LD_LIBRARY_PATH=/home/ros2/Documents/fa_ROS2_ws/install/nav_2d_msgs/lib:/home/ros2/Documents/fa_ROS2_ws/install/car_gazebo_plugin/lib:/home/ros2/Documents/fa_ROS2_ws/install/smartcar_msgs/lib:/home/ros2/Documents/fa_ROS2_ws/install/ackermann_msgs/lib:/usr/lib/x86_64-linux-gnu/gazebo-11/plugins:/opt/ros/humble/opt/rviz_ogre_vendor/lib:/opt/ros/humble/lib/x86_64-linux-gnu:/opt/ros/humble/lib:/tmp/.mount_cursorflfrK2/usr/lib:/usr/lib/x86_64-linux-gnu/gazebo-11/plugins:/usr/lib/x86_64-linux-gnu/gazebo-11/plugins:/usr/lib/x86_64-linux-gnu/gazebo-11/plugins PYTHONPATH=/home/ros2/Documents/fa_ROS2_ws/install/nav_2d_msgs/local/lib/python3.10/dist-packages:${PYTHONPATH} /usr/bin/cmake --build /home/ros2/Documents/fa_ROS2_ws/build/dwb_msgs -- -j8 -l8
[3.491s] [  1%] [34m[1mGenerating C++ code for ROS interfaces[0m
[5.554s] [  1%] Built target dwb_msgs__cpp
[5.609s] [  1%] Built target ament_cmake_python_symlink_dwb_msgs
[5.627s] [  2%] [34m[1mGenerating C++ introspection for ROS interfaces[0m
[7.132s] [  3%] [32mBuilding CXX object CMakeFiles/dwb_msgs__rosidl_typesupport_introspection_cpp.dir/rosidl_typesupport_introspection_cpp/dwb_msgs/msg/detail/critic_score__type_support.cpp.o[0m
[7.682s] [  4%] [32mBuilding CXX object CMakeFiles/dwb_msgs__rosidl_typesupport_introspection_cpp.dir/rosidl_typesupport_introspection_cpp/dwb_msgs/msg/detail/trajectory_score__type_support.cpp.o[0m
[8.285s] [  5%] [32mBuilding CXX object CMakeFiles/dwb_msgs__rosidl_typesupport_introspection_cpp.dir/rosidl_typesupport_introspection_cpp/dwb_msgs/srv/detail/debug_local_plan__type_support.cpp.o[0m
[8.877s] [  6%] [32mBuilding CXX object CMakeFiles/dwb_msgs__rosidl_typesupport_introspection_cpp.dir/rosidl_typesupport_introspection_cpp/dwb_msgs/srv/detail/generate_trajectory__type_support.cpp.o[0m
[9.437s] [  7%] [32mBuilding CXX object CMakeFiles/dwb_msgs__rosidl_typesupport_introspection_cpp.dir/rosidl_typesupport_introspection_cpp/dwb_msgs/srv/detail/generate_twists__type_support.cpp.o[0m
[10.010s] [  8%] [32mBuilding CXX object CMakeFiles/dwb_msgs__rosidl_typesupport_introspection_cpp.dir/rosidl_typesupport_introspection_cpp/dwb_msgs/srv/detail/get_critic_score__type_support.cpp.o[0m
[10.571s] [  9%] [32mBuilding CXX object CMakeFiles/dwb_msgs__rosidl_typesupport_introspection_cpp.dir/rosidl_typesupport_introspection_cpp/dwb_msgs/srv/detail/score_trajectory__type_support.cpp.o[0m
[11.155s] [ 10%] [32mBuilding CXX object CMakeFiles/dwb_msgs__rosidl_typesupport_introspection_cpp.dir/rosidl_typesupport_introspection_cpp/dwb_msgs/msg/detail/trajectory2_d__type_support.cpp.o[0m
[11.748s] [ 11%] [32mBuilding CXX object CMakeFiles/dwb_msgs__rosidl_typesupport_introspection_cpp.dir/rosidl_typesupport_introspection_cpp/dwb_msgs/msg/detail/local_plan_evaluation__type_support.cpp.o[0m
[12.482s] [ 12%] [32m[1mLinking CXX shared library libdwb_msgs__rosidl_typesupport_introspection_cpp.so[0m
[12.680s] [ 12%] Built target dwb_msgs__rosidl_typesupport_introspection_cpp
[13.017s] running egg_info
[13.018s] creating dwb_msgs.egg-info
[13.018s] writing dwb_msgs.egg-info/PKG-INFO
[13.018s] writing dependency_links to dwb_msgs.egg-info/dependency_links.txt
[13.019s] writing top-level names to dwb_msgs.egg-info/top_level.txt
[13.019s] writing manifest file 'dwb_msgs.egg-info/SOURCES.txt'
[13.021s] reading manifest file 'dwb_msgs.egg-info/SOURCES.txt'
[13.022s] writing manifest file 'dwb_msgs.egg-info/SOURCES.txt'
[13.083s] [ 12%] Built target ament_cmake_python_build_dwb_msgs_egg
[13.101s] [ 13%] [34m[1mGenerating C++ type support for eProsima Fast-RTPS[0m
[14.635s] [ 15%] [32mBuilding CXX object CMakeFiles/dwb_msgs__rosidl_typesupport_fastrtps_cpp.dir/rosidl_typesupport_fastrtps_cpp/dwb_msgs/msg/detail/dds_fastrtps/local_plan_evaluation__type_support.cpp.o[0m
[14.635s] [ 15%] [32mBuilding CXX object CMakeFiles/dwb_msgs__rosidl_typesupport_fastrtps_cpp.dir/rosidl_typesupport_fastrtps_cpp/dwb_msgs/msg/detail/dds_fastrtps/trajectory2_d__type_support.cpp.o[0m
[14.636s] [ 16%] [32mBuilding CXX object CMakeFiles/dwb_msgs__rosidl_typesupport_fastrtps_cpp.dir/rosidl_typesupport_fastrtps_cpp/dwb_msgs/msg/detail/dds_fastrtps/critic_score__type_support.cpp.o[0m
[15.227s] [ 17%] [32mBuilding CXX object CMakeFiles/dwb_msgs__rosidl_typesupport_fastrtps_cpp.dir/rosidl_typesupport_fastrtps_cpp/dwb_msgs/srv/detail/dds_fastrtps/generate_trajectory__type_support.cpp.o[0m
[15.302s] [ 18%] [32mBuilding CXX object CMakeFiles/dwb_msgs__rosidl_typesupport_fastrtps_cpp.dir/rosidl_typesupport_fastrtps_cpp/dwb_msgs/srv/detail/dds_fastrtps/generate_twists__type_support.cpp.o[0m
[15.373s] [ 20%] [32mBuilding CXX object CMakeFiles/dwb_msgs__rosidl_typesupport_fastrtps_cpp.dir/rosidl_typesupport_fastrtps_cpp/dwb_msgs/srv/detail/dds_fastrtps/get_critic_score__type_support.cpp.o[0m
[15.936s] [ 22%] [32mBuilding CXX object CMakeFiles/dwb_msgs__rosidl_typesupport_fastrtps_cpp.dir/rosidl_typesupport_fastrtps_cpp/dwb_msgs/srv/detail/dds_fastrtps/score_trajectory__type_support.cpp.o[0m
[15.936s] [ 22%] [32mBuilding CXX object CMakeFiles/dwb_msgs__rosidl_typesupport_fastrtps_cpp.dir/rosidl_typesupport_fastrtps_cpp/dwb_msgs/srv/detail/dds_fastrtps/debug_local_plan__type_support.cpp.o[0m
[16.037s] [ 23%] [32mBuilding CXX object CMakeFiles/dwb_msgs__rosidl_typesupport_fastrtps_cpp.dir/rosidl_typesupport_fastrtps_cpp/dwb_msgs/msg/detail/dds_fastrtps/trajectory_score__type_support.cpp.o[0m
[16.736s] [ 24%] [32m[1mLinking CXX shared library libdwb_msgs__rosidl_typesupport_fastrtps_cpp.so[0m
[16.948s] [ 24%] Built target dwb_msgs__rosidl_typesupport_fastrtps_cpp
[16.977s] [ 25%] [34m[1mGenerating C++ type support dispatch for ROS interfaces[0m
[16.977s] [ 26%] [34m[1mGenerating C code for ROS interfaces[0m
[18.260s] [ 27%] [32mBuilding CXX object CMakeFiles/dwb_msgs__rosidl_typesupport_cpp.dir/rosidl_typesupport_cpp/dwb_msgs/msg/critic_score__type_support.cpp.o[0m
[18.265s] [ 28%] [32mBuilding CXX object CMakeFiles/dwb_msgs__rosidl_typesupport_cpp.dir/rosidl_typesupport_cpp/dwb_msgs/msg/trajectory2_d__type_support.cpp.o[0m
[18.267s] [ 29%] [32mBuilding CXX object CMakeFiles/dwb_msgs__rosidl_typesupport_cpp.dir/rosidl_typesupport_cpp/dwb_msgs/msg/local_plan_evaluation__type_support.cpp.o[0m
[18.746s] [ 30%] [32mBuilding CXX object CMakeFiles/dwb_msgs__rosidl_typesupport_cpp.dir/rosidl_typesupport_cpp/dwb_msgs/srv/generate_trajectory__type_support.cpp.o[0m
[18.747s] [ 31%] [32mBuilding CXX object CMakeFiles/dwb_msgs__rosidl_typesupport_cpp.dir/rosidl_typesupport_cpp/dwb_msgs/srv/generate_twists__type_support.cpp.o[0m
[18.917s] [ 32%] [32mBuilding CXX object CMakeFiles/dwb_msgs__rosidl_typesupport_cpp.dir/rosidl_typesupport_cpp/dwb_msgs/srv/score_trajectory__type_support.cpp.o[0m
[19.416s] [ 33%] [32mBuilding CXX object CMakeFiles/dwb_msgs__rosidl_typesupport_cpp.dir/rosidl_typesupport_cpp/dwb_msgs/srv/get_critic_score__type_support.cpp.o[0m
[19.613s] [ 34%] [32mBuilding C object CMakeFiles/dwb_msgs__rosidl_generator_c.dir/rosidl_generator_c/dwb_msgs/msg/detail/critic_score__functions.c.o[0m
[19.717s] [ 35%] [32mBuilding C object CMakeFiles/dwb_msgs__rosidl_generator_c.dir/rosidl_generator_c/dwb_msgs/srv/detail/debug_local_plan__functions.c.o[0m
[19.839s] [ 37%] [32mBuilding C object CMakeFiles/dwb_msgs__rosidl_generator_c.dir/rosidl_generator_c/dwb_msgs/srv/detail/generate_twists__functions.c.o[0m
[19.839s] [ 37%] [32mBuilding CXX object CMakeFiles/dwb_msgs__rosidl_typesupport_cpp.dir/rosidl_typesupport_cpp/dwb_msgs/srv/debug_local_plan__type_support.cpp.o[0m
[19.960s] [ 38%] [32mBuilding C object CMakeFiles/dwb_msgs__rosidl_generator_c.dir/rosidl_generator_c/dwb_msgs/srv/detail/get_critic_score__functions.c.o[0m
[20.093s] [ 40%] [32mBuilding C object CMakeFiles/dwb_msgs__rosidl_generator_c.dir/rosidl_generator_c/dwb_msgs/srv/detail/score_trajectory__functions.c.o[0m
[20.218s] [ 41%] [32mBuilding C object CMakeFiles/dwb_msgs__rosidl_generator_c.dir/rosidl_generator_c/dwb_msgs/srv/detail/generate_trajectory__functions.c.o[0m
[20.264s] [ 42%] [32mBuilding CXX object CMakeFiles/dwb_msgs__rosidl_typesupport_cpp.dir/rosidl_typesupport_cpp/dwb_msgs/msg/trajectory_score__type_support.cpp.o[0m
[20.338s] [ 43%] [32mBuilding C object CMakeFiles/dwb_msgs__rosidl_generator_c.dir/rosidl_generator_c/dwb_msgs/msg/detail/trajectory_score__functions.c.o[0m
[20.447s] [ 44%] [32mBuilding C object CMakeFiles/dwb_msgs__rosidl_generator_c.dir/rosidl_generator_c/dwb_msgs/msg/detail/trajectory2_d__functions.c.o[0m
[20.556s] [ 45%] [32mBuilding C object CMakeFiles/dwb_msgs__rosidl_generator_c.dir/rosidl_generator_c/dwb_msgs/msg/detail/local_plan_evaluation__functions.c.o[0m
[20.674s] [ 46%] [32m[1mLinking C shared library libdwb_msgs__rosidl_generator_c.so[0m
[20.681s] [ 47%] [32m[1mLinking CXX shared library libdwb_msgs__rosidl_typesupport_cpp.so[0m
[20.756s] [ 47%] Built target dwb_msgs__rosidl_generator_c
[20.765s] [ 47%] Built target dwb_msgs__rosidl_typesupport_cpp
[20.789s] [ 48%] [34m[1mGenerating C type support dispatch for ROS interfaces[0m
[21.929s] [ 49%] [32mBuilding CXX object CMakeFiles/dwb_msgs__rosidl_typesupport_c.dir/rosidl_typesupport_c/dwb_msgs/msg/critic_score__type_support.cpp.o[0m
[22.002s] [ 50%] [32mBuilding CXX object CMakeFiles/dwb_msgs__rosidl_typesupport_c.dir/rosidl_typesupport_c/dwb_msgs/srv/generate_trajectory__type_support.cpp.o[0m
[22.082s] [ 51%] [32mBuilding CXX object CMakeFiles/dwb_msgs__rosidl_typesupport_c.dir/rosidl_typesupport_c/dwb_msgs/srv/generate_twists__type_support.cpp.o[0m
[22.166s] [ 52%] [32mBuilding CXX object CMakeFiles/dwb_msgs__rosidl_typesupport_c.dir/rosidl_typesupport_c/dwb_msgs/srv/get_critic_score__type_support.cpp.o[0m
[22.245s] [ 53%] [32mBuilding CXX object CMakeFiles/dwb_msgs__rosidl_typesupport_c.dir/rosidl_typesupport_c/dwb_msgs/srv/score_trajectory__type_support.cpp.o[0m
[22.321s] [ 54%] [32mBuilding CXX object CMakeFiles/dwb_msgs__rosidl_typesupport_c.dir/rosidl_typesupport_c/dwb_msgs/srv/debug_local_plan__type_support.cpp.o[0m
[22.400s] [ 55%] [32mBuilding CXX object CMakeFiles/dwb_msgs__rosidl_typesupport_c.dir/rosidl_typesupport_c/dwb_msgs/msg/trajectory_score__type_support.cpp.o[0m
[22.477s] [ 56%] [32mBuilding CXX object CMakeFiles/dwb_msgs__rosidl_typesupport_c.dir/rosidl_typesupport_c/dwb_msgs/msg/trajectory2_d__type_support.cpp.o[0m
[22.559s] [ 57%] [32mBuilding CXX object CMakeFiles/dwb_msgs__rosidl_typesupport_c.dir/rosidl_typesupport_c/dwb_msgs/msg/local_plan_evaluation__type_support.cpp.o[0m
[22.635s] [ 58%] [32m[1mLinking CXX shared library libdwb_msgs__rosidl_typesupport_c.so[0m
[22.733s] [ 58%] Built target dwb_msgs__rosidl_typesupport_c
[22.753s] [ 60%] [34m[1mGenerating C introspection for ROS interfaces[0m
[24.357s] [ 62%] [32mBuilding C object CMakeFiles/dwb_msgs__rosidl_typesupport_introspection_c.dir/rosidl_typesupport_introspection_c/dwb_msgs/msg/detail/critic_score__type_support.c.o[0m
[24.357s] [ 62%] [32mBuilding C object CMakeFiles/dwb_msgs__rosidl_typesupport_introspection_c.dir/rosidl_typesupport_introspection_c/dwb_msgs/msg/detail/local_plan_evaluation__type_support.c.o[0m
[24.492s] [ 63%] [32mBuilding C object CMakeFiles/dwb_msgs__rosidl_typesupport_introspection_c.dir/rosidl_typesupport_introspection_c/dwb_msgs/srv/detail/generate_twists__type_support.c.o[0m
[24.503s] [ 64%] [32mBuilding C object CMakeFiles/dwb_msgs__rosidl_typesupport_introspection_c.dir/rosidl_typesupport_introspection_c/dwb_msgs/srv/detail/get_critic_score__type_support.c.o[0m
[24.612s] [ 65%] [32mBuilding C object CMakeFiles/dwb_msgs__rosidl_typesupport_introspection_c.dir/rosidl_typesupport_introspection_c/dwb_msgs/srv/detail/score_trajectory__type_support.c.o[0m
[24.655s] [ 66%] [32mBuilding C object CMakeFiles/dwb_msgs__rosidl_typesupport_introspection_c.dir/rosidl_typesupport_introspection_c/dwb_msgs/srv/detail/generate_trajectory__type_support.c.o[0m
[24.738s] [ 67%] [32mBuilding C object CMakeFiles/dwb_msgs__rosidl_typesupport_introspection_c.dir/rosidl_typesupport_introspection_c/dwb_msgs/srv/detail/debug_local_plan__type_support.c.o[0m
[24.776s] [ 68%] [32mBuilding C object CMakeFiles/dwb_msgs__rosidl_typesupport_introspection_c.dir/rosidl_typesupport_introspection_c/dwb_msgs/msg/detail/trajectory_score__type_support.c.o[0m
[24.870s] [ 69%] [32mBuilding C object CMakeFiles/dwb_msgs__rosidl_typesupport_introspection_c.dir/rosidl_typesupport_introspection_c/dwb_msgs/msg/detail/trajectory2_d__type_support.c.o[0m
[24.974s] [ 70%] [32m[1mLinking C shared library libdwb_msgs__rosidl_typesupport_introspection_c.so[0m
[25.071s] [ 70%] Built target dwb_msgs__rosidl_typesupport_introspection_c
[25.105s] [ 71%] [34m[1mGenerating C type support for eProsima Fast-RTPS[0m
[26.778s] [ 72%] [32mBuilding CXX object CMakeFiles/dwb_msgs__rosidl_typesupport_fastrtps_c.dir/rosidl_typesupport_fastrtps_c/dwb_msgs/msg/detail/local_plan_evaluation__type_support_c.cpp.o[0m
[26.778s] [ 73%] [32mBuilding CXX object CMakeFiles/dwb_msgs__rosidl_typesupport_fastrtps_c.dir/rosidl_typesupport_fastrtps_c/dwb_msgs/msg/detail/critic_score__type_support_c.cpp.o[0m
[27.342s] [ 74%] [32mBuilding CXX object CMakeFiles/dwb_msgs__rosidl_typesupport_fastrtps_c.dir/rosidl_typesupport_fastrtps_c/dwb_msgs/srv/detail/get_critic_score__type_support_c.cpp.o[0m
[27.342s] [ 75%] [32mBuilding CXX object CMakeFiles/dwb_msgs__rosidl_typesupport_fastrtps_c.dir/rosidl_typesupport_fastrtps_c/dwb_msgs/srv/detail/score_trajectory__type_support_c.cpp.o[0m
[27.943s] [ 76%] [32mBuilding CXX object CMakeFiles/dwb_msgs__rosidl_typesupport_fastrtps_c.dir/rosidl_typesupport_fastrtps_c/dwb_msgs/srv/detail/generate_twists__type_support_c.cpp.o[0m
[27.950s] [ 77%] [32mBuilding CXX object CMakeFiles/dwb_msgs__rosidl_typesupport_fastrtps_c.dir/rosidl_typesupport_fastrtps_c/dwb_msgs/srv/detail/generate_trajectory__type_support_c.cpp.o[0m
[28.523s] [ 78%] [32mBuilding CXX object CMakeFiles/dwb_msgs__rosidl_typesupport_fastrtps_c.dir/rosidl_typesupport_fastrtps_c/dwb_msgs/srv/detail/debug_local_plan__type_support_c.cpp.o[0m
[29.063s] [ 80%] [32mBuilding CXX object CMakeFiles/dwb_msgs__rosidl_typesupport_fastrtps_c.dir/rosidl_typesupport_fastrtps_c/dwb_msgs/msg/detail/trajectory_score__type_support_c.cpp.o[0m
[29.581s] [ 81%] [32mBuilding CXX object CMakeFiles/dwb_msgs__rosidl_typesupport_fastrtps_c.dir/rosidl_typesupport_fastrtps_c/dwb_msgs/msg/detail/trajectory2_d__type_support_c.cpp.o[0m
[30.068s] [ 82%] [32m[1mLinking CXX shared library libdwb_msgs__rosidl_typesupport_fastrtps_c.so[0m
[30.272s] [ 82%] Built target dwb_msgs__rosidl_typesupport_fastrtps_c
[30.310s] [ 82%] Built target dwb_msgs
[30.351s] [ 83%] [34m[1mGenerating Python code for ROS interfaces[0m
[33.505s] [ 83%] Built target dwb_msgs__py
[33.553s] [ 84%] [32mBuilding C object CMakeFiles/dwb_msgs__rosidl_generator_py.dir/rosidl_generator_py/dwb_msgs/msg/_local_plan_evaluation_s.c.o[0m
[33.555s] [ 85%] [32mBuilding C object CMakeFiles/dwb_msgs__rosidl_generator_py.dir/rosidl_generator_py/dwb_msgs/msg/_critic_score_s.c.o[0m
[33.809s] [ 86%] [32mBuilding C object CMakeFiles/dwb_msgs__rosidl_generator_py.dir/rosidl_generator_py/dwb_msgs/srv/_get_critic_score_s.c.o[0m
[33.810s] [ 87%] [32mBuilding C object CMakeFiles/dwb_msgs__rosidl_generator_py.dir/rosidl_generator_py/dwb_msgs/srv/_score_trajectory_s.c.o[0m
[34.074s] [ 88%] [32mBuilding C object CMakeFiles/dwb_msgs__rosidl_generator_py.dir/rosidl_generator_py/dwb_msgs/srv/_generate_twists_s.c.o[0m
[34.076s] [ 89%] [32mBuilding C object CMakeFiles/dwb_msgs__rosidl_generator_py.dir/rosidl_generator_py/dwb_msgs/srv/_generate_trajectory_s.c.o[0m
[34.329s] [ 91%] [32mBuilding C object CMakeFiles/dwb_msgs__rosidl_generator_py.dir/rosidl_generator_py/dwb_msgs/srv/_debug_local_plan_s.c.o[0m
[34.330s] [ 91%] [32mBuilding C object CMakeFiles/dwb_msgs__rosidl_generator_py.dir/rosidl_generator_py/dwb_msgs/msg/_trajectory_score_s.c.o[0m
[34.631s] [ 92%] [32mBuilding C object CMakeFiles/dwb_msgs__rosidl_generator_py.dir/rosidl_generator_py/dwb_msgs/msg/_trajectory2_d_s.c.o[0m
[34.908s] [ 93%] [32m[1mLinking C shared library rosidl_generator_py/dwb_msgs/libdwb_msgs__rosidl_generator_py.so[0m
[35.024s] [ 93%] Built target dwb_msgs__rosidl_generator_py
[35.085s] [ 94%] [32mBuilding C object CMakeFiles/dwb_msgs__rosidl_typesupport_introspection_c__pyext.dir/rosidl_generator_py/dwb_msgs/_dwb_msgs_s.ep.rosidl_typesupport_introspection_c.c.o[0m
[35.087s] [ 95%] [32mBuilding C object CMakeFiles/dwb_msgs__rosidl_typesupport_fastrtps_c__pyext.dir/rosidl_generator_py/dwb_msgs/_dwb_msgs_s.ep.rosidl_typesupport_fastrtps_c.c.o[0m
[35.409s] [ 96%] [32m[1mLinking C shared library rosidl_generator_py/dwb_msgs/dwb_msgs_s__rosidl_typesupport_introspection_c.cpython-310-x86_64-linux-gnu.so[0m
[35.434s] [ 97%] [32m[1mLinking C shared library rosidl_generator_py/dwb_msgs/dwb_msgs_s__rosidl_typesupport_fastrtps_c.cpython-310-x86_64-linux-gnu.so[0m
[35.522s] [ 97%] Built target dwb_msgs__rosidl_typesupport_introspection_c__pyext
[35.548s] [ 97%] Built target dwb_msgs__rosidl_typesupport_fastrtps_c__pyext
[35.584s] [ 98%] [32mBuilding C object CMakeFiles/dwb_msgs__rosidl_typesupport_c__pyext.dir/rosidl_generator_py/dwb_msgs/_dwb_msgs_s.ep.rosidl_typesupport_c.c.o[0m
[35.918s] [100%] [32m[1mLinking C shared library rosidl_generator_py/dwb_msgs/dwb_msgs_s__rosidl_typesupport_c.cpython-310-x86_64-linux-gnu.so[0m
[36.018s] [100%] Built target dwb_msgs__rosidl_typesupport_c__pyext
[36.043s] Invoked command in '/home/ros2/Documents/fa_ROS2_ws/build/dwb_msgs' returned '0': AMENT_PREFIX_PATH=/home/ros2/Documents/fa_ROS2_ws/install/nav_2d_msgs:${AMENT_PREFIX_PATH} CMAKE_PREFIX_PATH=/home/ros2/Documents/fa_ROS2_ws/install/nav_2d_msgs:/home/ros2/Documents/fa_ROS2_ws/install/smart_car:/home/ros2/Documents/fa_ROS2_ws/install/car_gazebo_plugin:/home/ros2/Documents/fa_ROS2_ws/install/smartcar_msgs:/home/ros2/Documents/fa_ROS2_ws/install/ackermann_msgs:/opt/ros/humble LD_LIBRARY_PATH=/home/ros2/Documents/fa_ROS2_ws/install/nav_2d_msgs/lib:/home/ros2/Documents/fa_ROS2_ws/install/car_gazebo_plugin/lib:/home/ros2/Documents/fa_ROS2_ws/install/smartcar_msgs/lib:/home/ros2/Documents/fa_ROS2_ws/install/ackermann_msgs/lib:/usr/lib/x86_64-linux-gnu/gazebo-11/plugins:/opt/ros/humble/opt/rviz_ogre_vendor/lib:/opt/ros/humble/lib/x86_64-linux-gnu:/opt/ros/humble/lib:/tmp/.mount_cursorflfrK2/usr/lib:/usr/lib/x86_64-linux-gnu/gazebo-11/plugins:/usr/lib/x86_64-linux-gnu/gazebo-11/plugins:/usr/lib/x86_64-linux-gnu/gazebo-11/plugins PYTHONPATH=/home/ros2/Documents/fa_ROS2_ws/install/nav_2d_msgs/local/lib/python3.10/dist-packages:${PYTHONPATH} /usr/bin/cmake --build /home/ros2/Documents/fa_ROS2_ws/build/dwb_msgs -- -j8 -l8
[36.857s] Invoking command in '/home/ros2/Documents/fa_ROS2_ws/build/dwb_msgs': AMENT_PREFIX_PATH=/home/ros2/Documents/fa_ROS2_ws/install/nav_2d_msgs:${AMENT_PREFIX_PATH} CMAKE_PREFIX_PATH=/home/ros2/Documents/fa_ROS2_ws/install/nav_2d_msgs:/home/ros2/Documents/fa_ROS2_ws/install/smart_car:/home/ros2/Documents/fa_ROS2_ws/install/car_gazebo_plugin:/home/ros2/Documents/fa_ROS2_ws/install/smartcar_msgs:/home/ros2/Documents/fa_ROS2_ws/install/ackermann_msgs:/opt/ros/humble LD_LIBRARY_PATH=/home/ros2/Documents/fa_ROS2_ws/install/nav_2d_msgs/lib:/home/ros2/Documents/fa_ROS2_ws/install/car_gazebo_plugin/lib:/home/ros2/Documents/fa_ROS2_ws/install/smartcar_msgs/lib:/home/ros2/Documents/fa_ROS2_ws/install/ackermann_msgs/lib:/usr/lib/x86_64-linux-gnu/gazebo-11/plugins:/opt/ros/humble/opt/rviz_ogre_vendor/lib:/opt/ros/humble/lib/x86_64-linux-gnu:/opt/ros/humble/lib:/tmp/.mount_cursorflfrK2/usr/lib:/usr/lib/x86_64-linux-gnu/gazebo-11/plugins:/usr/lib/x86_64-linux-gnu/gazebo-11/plugins:/usr/lib/x86_64-linux-gnu/gazebo-11/plugins PYTHONPATH=/home/ros2/Documents/fa_ROS2_ws/install/nav_2d_msgs/local/lib/python3.10/dist-packages:${PYTHONPATH} /usr/bin/cmake --install /home/ros2/Documents/fa_ROS2_ws/build/dwb_msgs
[36.871s] -- Install configuration: ""
[36.872s] -- Execute custom install script
[36.872s] -- Symlinking: /home/ros2/Documents/fa_ROS2_ws/install/dwb_msgs/share/ament_index/resource_index/rosidl_interfaces/dwb_msgs
[36.893s] -- Symlinking: /home/ros2/Documents/fa_ROS2_ws/install/dwb_msgs/include/dwb_msgs/dwb_msgs/msg/critic_score.h
[36.910s] -- Symlinking: /home/ros2/Documents/fa_ROS2_ws/install/dwb_msgs/include/dwb_msgs/dwb_msgs/msg/detail/critic_score__functions.h
[36.925s] -- Symlinking: /home/ros2/Documents/fa_ROS2_ws/install/dwb_msgs/include/dwb_msgs/dwb_msgs/msg/detail/critic_score__struct.h
[36.939s] -- Symlinking: /home/ros2/Documents/fa_ROS2_ws/install/dwb_msgs/include/dwb_msgs/dwb_msgs/msg/detail/critic_score__type_support.h
[36.954s] -- Symlinking: /home/ros2/Documents/fa_ROS2_ws/install/dwb_msgs/include/dwb_msgs/dwb_msgs/msg/detail/local_plan_evaluation__functions.h
[36.976s] -- Symlinking: /home/ros2/Documents/fa_ROS2_ws/install/dwb_msgs/include/dwb_msgs/dwb_msgs/msg/detail/local_plan_evaluation__struct.h
[36.994s] -- Symlinking: /home/ros2/Documents/fa_ROS2_ws/install/dwb_msgs/include/dwb_msgs/dwb_msgs/msg/detail/local_plan_evaluation__type_support.h
[37.013s] -- Symlinking: /home/ros2/Documents/fa_ROS2_ws/install/dwb_msgs/include/dwb_msgs/dwb_msgs/msg/detail/trajectory2_d__functions.h
[37.025s] -- Symlinking: /home/ros2/Documents/fa_ROS2_ws/install/dwb_msgs/include/dwb_msgs/dwb_msgs/msg/detail/trajectory2_d__struct.h
[37.041s] -- Symlinking: /home/ros2/Documents/fa_ROS2_ws/install/dwb_msgs/include/dwb_msgs/dwb_msgs/msg/detail/trajectory2_d__type_support.h
[37.057s] -- Symlinking: /home/ros2/Documents/fa_ROS2_ws/install/dwb_msgs/include/dwb_msgs/dwb_msgs/msg/detail/trajectory_score__functions.h
[37.078s] -- Symlinking: /home/ros2/Documents/fa_ROS2_ws/install/dwb_msgs/include/dwb_msgs/dwb_msgs/msg/detail/trajectory_score__struct.h
[37.095s] -- Symlinking: /home/ros2/Documents/fa_ROS2_ws/install/dwb_msgs/include/dwb_msgs/dwb_msgs/msg/detail/trajectory_score__type_support.h
[37.112s] -- Symlinking: /home/ros2/Documents/fa_ROS2_ws/install/dwb_msgs/include/dwb_msgs/dwb_msgs/msg/local_plan_evaluation.h
[37.126s] -- Symlinking: /home/ros2/Documents/fa_ROS2_ws/install/dwb_msgs/include/dwb_msgs/dwb_msgs/msg/rosidl_generator_c__visibility_control.h
[37.141s] -- Symlinking: /home/ros2/Documents/fa_ROS2_ws/install/dwb_msgs/include/dwb_msgs/dwb_msgs/msg/trajectory2_d.h
[37.155s] -- Symlinking: /home/ros2/Documents/fa_ROS2_ws/install/dwb_msgs/include/dwb_msgs/dwb_msgs/msg/trajectory_score.h
[37.181s] -- Symlinking: /home/ros2/Documents/fa_ROS2_ws/install/dwb_msgs/include/dwb_msgs/dwb_msgs/srv/debug_local_plan.h
[37.208s] -- Symlinking: /home/ros2/Documents/fa_ROS2_ws/install/dwb_msgs/include/dwb_msgs/dwb_msgs/srv/detail/debug_local_plan__functions.h
[37.223s] -- Symlinking: /home/ros2/Documents/fa_ROS2_ws/install/dwb_msgs/include/dwb_msgs/dwb_msgs/srv/detail/debug_local_plan__struct.h
[37.237s] -- Symlinking: /home/ros2/Documents/fa_ROS2_ws/install/dwb_msgs/include/dwb_msgs/dwb_msgs/srv/detail/debug_local_plan__type_support.h
[37.251s] -- Symlinking: /home/ros2/Documents/fa_ROS2_ws/install/dwb_msgs/include/dwb_msgs/dwb_msgs/srv/detail/generate_trajectory__functions.h
[37.265s] -- Symlinking: /home/ros2/Documents/fa_ROS2_ws/install/dwb_msgs/include/dwb_msgs/dwb_msgs/srv/detail/generate_trajectory__struct.h
[37.285s] -- Symlinking: /home/ros2/Documents/fa_ROS2_ws/install/dwb_msgs/include/dwb_msgs/dwb_msgs/srv/detail/generate_trajectory__type_support.h
[37.305s] -- Symlinking: /home/ros2/Documents/fa_ROS2_ws/install/dwb_msgs/include/dwb_msgs/dwb_msgs/srv/detail/generate_twists__functions.h
[37.323s] -- Symlinking: /home/ros2/Documents/fa_ROS2_ws/install/dwb_msgs/include/dwb_msgs/dwb_msgs/srv/detail/generate_twists__struct.h
[37.338s] -- Symlinking: /home/ros2/Documents/fa_ROS2_ws/install/dwb_msgs/include/dwb_msgs/dwb_msgs/srv/detail/generate_twists__type_support.h
[37.352s] -- Symlinking: /home/ros2/Documents/fa_ROS2_ws/install/dwb_msgs/include/dwb_msgs/dwb_msgs/srv/detail/get_critic_score__functions.h
[37.367s] -- Symlinking: /home/ros2/Documents/fa_ROS2_ws/install/dwb_msgs/include/dwb_msgs/dwb_msgs/srv/detail/get_critic_score__struct.h
[37.383s] -- Symlinking: /home/ros2/Documents/fa_ROS2_ws/install/dwb_msgs/include/dwb_msgs/dwb_msgs/srv/detail/get_critic_score__type_support.h
[37.408s] -- Symlinking: /home/ros2/Documents/fa_ROS2_ws/install/dwb_msgs/include/dwb_msgs/dwb_msgs/srv/detail/score_trajectory__functions.h
[37.425s] -- Symlinking: /home/ros2/Documents/fa_ROS2_ws/install/dwb_msgs/include/dwb_msgs/dwb_msgs/srv/detail/score_trajectory__struct.h
[37.447s] -- Symlinking: /home/ros2/Documents/fa_ROS2_ws/install/dwb_msgs/include/dwb_msgs/dwb_msgs/srv/detail/score_trajectory__type_support.h
[37.462s] -- Symlinking: /home/ros2/Documents/fa_ROS2_ws/install/dwb_msgs/include/dwb_msgs/dwb_msgs/srv/generate_trajectory.h
[37.478s] -- Symlinking: /home/ros2/Documents/fa_ROS2_ws/install/dwb_msgs/include/dwb_msgs/dwb_msgs/srv/generate_twists.h
[37.492s] -- Symlinking: /home/ros2/Documents/fa_ROS2_ws/install/dwb_msgs/include/dwb_msgs/dwb_msgs/srv/get_critic_score.h
[37.510s] -- Symlinking: /home/ros2/Documents/fa_ROS2_ws/install/dwb_msgs/include/dwb_msgs/dwb_msgs/srv/score_trajectory.h
[37.525s] -- Symlinking: /home/ros2/Documents/fa_ROS2_ws/install/dwb_msgs/share/dwb_msgs/environment/library_path.sh
[37.544s] -- Symlinking: /home/ros2/Documents/fa_ROS2_ws/install/dwb_msgs/share/dwb_msgs/environment/library_path.dsv
[37.568s] -- Symlinking: /home/ros2/Documents/fa_ROS2_ws/install/dwb_msgs/include/dwb_msgs/dwb_msgs/msg/detail/critic_score__rosidl_typesupport_fastrtps_c.h
[37.589s] -- Symlinking: /home/ros2/Documents/fa_ROS2_ws/install/dwb_msgs/include/dwb_msgs/dwb_msgs/msg/detail/local_plan_evaluation__rosidl_typesupport_fastrtps_c.h
[37.609s] -- Symlinking: /home/ros2/Documents/fa_ROS2_ws/install/dwb_msgs/include/dwb_msgs/dwb_msgs/msg/detail/trajectory2_d__rosidl_typesupport_fastrtps_c.h
[37.624s] -- Symlinking: /home/ros2/Documents/fa_ROS2_ws/install/dwb_msgs/include/dwb_msgs/dwb_msgs/msg/detail/trajectory_score__rosidl_typesupport_fastrtps_c.h
[37.646s] -- Symlinking: /home/ros2/Documents/fa_ROS2_ws/install/dwb_msgs/include/dwb_msgs/dwb_msgs/msg/rosidl_typesupport_fastrtps_c__visibility_control.h
[37.663s] -- Symlinking: /home/ros2/Documents/fa_ROS2_ws/install/dwb_msgs/include/dwb_msgs/dwb_msgs/srv/detail/debug_local_plan__rosidl_typesupport_fastrtps_c.h
[37.681s] -- Symlinking: /home/ros2/Documents/fa_ROS2_ws/install/dwb_msgs/include/dwb_msgs/dwb_msgs/srv/detail/generate_trajectory__rosidl_typesupport_fastrtps_c.h
[37.699s] -- Symlinking: /home/ros2/Documents/fa_ROS2_ws/install/dwb_msgs/include/dwb_msgs/dwb_msgs/srv/detail/generate_twists__rosidl_typesupport_fastrtps_c.h
[37.712s] -- Symlinking: /home/ros2/Documents/fa_ROS2_ws/install/dwb_msgs/include/dwb_msgs/dwb_msgs/srv/detail/get_critic_score__rosidl_typesupport_fastrtps_c.h
[37.729s] -- Symlinking: /home/ros2/Documents/fa_ROS2_ws/install/dwb_msgs/include/dwb_msgs/dwb_msgs/srv/detail/score_trajectory__rosidl_typesupport_fastrtps_c.h
[37.744s] -- Symlinking: /home/ros2/Documents/fa_ROS2_ws/install/dwb_msgs/include/dwb_msgs/dwb_msgs/msg/critic_score.hpp
[37.759s] -- Symlinking: /home/ros2/Documents/fa_ROS2_ws/install/dwb_msgs/include/dwb_msgs/dwb_msgs/msg/detail/critic_score__builder.hpp
[37.786s] -- Symlinking: /home/ros2/Documents/fa_ROS2_ws/install/dwb_msgs/include/dwb_msgs/dwb_msgs/msg/detail/critic_score__struct.hpp
[37.805s] -- Symlinking: /home/ros2/Documents/fa_ROS2_ws/install/dwb_msgs/include/dwb_msgs/dwb_msgs/msg/detail/critic_score__traits.hpp
[37.821s] -- Symlinking: /home/ros2/Documents/fa_ROS2_ws/install/dwb_msgs/include/dwb_msgs/dwb_msgs/msg/detail/local_plan_evaluation__builder.hpp
[37.835s] -- Symlinking: /home/ros2/Documents/fa_ROS2_ws/install/dwb_msgs/include/dwb_msgs/dwb_msgs/msg/detail/local_plan_evaluation__struct.hpp
[37.850s] -- Symlinking: /home/ros2/Documents/fa_ROS2_ws/install/dwb_msgs/include/dwb_msgs/dwb_msgs/msg/detail/local_plan_evaluation__traits.hpp
[37.869s] -- Symlinking: /home/ros2/Documents/fa_ROS2_ws/install/dwb_msgs/include/dwb_msgs/dwb_msgs/msg/detail/trajectory2_d__builder.hpp
[37.891s] -- Symlinking: /home/ros2/Documents/fa_ROS2_ws/install/dwb_msgs/include/dwb_msgs/dwb_msgs/msg/detail/trajectory2_d__struct.hpp
[37.918s] -- Symlinking: /home/ros2/Documents/fa_ROS2_ws/install/dwb_msgs/include/dwb_msgs/dwb_msgs/msg/detail/trajectory2_d__traits.hpp
[37.935s] -- Symlinking: /home/ros2/Documents/fa_ROS2_ws/install/dwb_msgs/include/dwb_msgs/dwb_msgs/msg/detail/trajectory_score__builder.hpp
[37.951s] -- Symlinking: /home/ros2/Documents/fa_ROS2_ws/install/dwb_msgs/include/dwb_msgs/dwb_msgs/msg/detail/trajectory_score__struct.hpp
[37.968s] -- Symlinking: /home/ros2/Documents/fa_ROS2_ws/install/dwb_msgs/include/dwb_msgs/dwb_msgs/msg/detail/trajectory_score__traits.hpp
[37.997s] -- Symlinking: /home/ros2/Documents/fa_ROS2_ws/install/dwb_msgs/include/dwb_msgs/dwb_msgs/msg/local_plan_evaluation.hpp
[38.024s] -- Symlinking: /home/ros2/Documents/fa_ROS2_ws/install/dwb_msgs/include/dwb_msgs/dwb_msgs/msg/trajectory2_d.hpp
[38.058s] -- Symlinking: /home/ros2/Documents/fa_ROS2_ws/install/dwb_msgs/include/dwb_msgs/dwb_msgs/msg/trajectory_score.hpp
[38.084s] -- Symlinking: /home/ros2/Documents/fa_ROS2_ws/install/dwb_msgs/include/dwb_msgs/dwb_msgs/srv/debug_local_plan.hpp
[38.103s] -- Symlinking: /home/ros2/Documents/fa_ROS2_ws/install/dwb_msgs/include/dwb_msgs/dwb_msgs/srv/detail/debug_local_plan__builder.hpp
[38.141s] -- Symlinking: /home/ros2/Documents/fa_ROS2_ws/install/dwb_msgs/include/dwb_msgs/dwb_msgs/srv/detail/debug_local_plan__struct.hpp
[38.168s] -- Symlinking: /home/ros2/Documents/fa_ROS2_ws/install/dwb_msgs/include/dwb_msgs/dwb_msgs/srv/detail/debug_local_plan__traits.hpp
[38.203s] -- Symlinking: /home/ros2/Documents/fa_ROS2_ws/install/dwb_msgs/include/dwb_msgs/dwb_msgs/srv/detail/generate_trajectory__builder.hpp
[38.224s] -- Symlinking: /home/ros2/Documents/fa_ROS2_ws/install/dwb_msgs/include/dwb_msgs/dwb_msgs/srv/detail/generate_trajectory__struct.hpp
[38.241s] -- Symlinking: /home/ros2/Documents/fa_ROS2_ws/install/dwb_msgs/include/dwb_msgs/dwb_msgs/srv/detail/generate_trajectory__traits.hpp
[38.261s] -- Symlinking: /home/ros2/Documents/fa_ROS2_ws/install/dwb_msgs/include/dwb_msgs/dwb_msgs/srv/detail/generate_twists__builder.hpp
[38.286s] -- Symlinking: /home/ros2/Documents/fa_ROS2_ws/install/dwb_msgs/include/dwb_msgs/dwb_msgs/srv/detail/generate_twists__struct.hpp
[38.307s] -- Symlinking: /home/ros2/Documents/fa_ROS2_ws/install/dwb_msgs/include/dwb_msgs/dwb_msgs/srv/detail/generate_twists__traits.hpp
[38.325s] -- Symlinking: /home/ros2/Documents/fa_ROS2_ws/install/dwb_msgs/include/dwb_msgs/dwb_msgs/srv/detail/get_critic_score__builder.hpp
[38.342s] -- Symlinking: /home/ros2/Documents/fa_ROS2_ws/install/dwb_msgs/include/dwb_msgs/dwb_msgs/srv/detail/get_critic_score__struct.hpp
[38.356s] -- Symlinking: /home/ros2/Documents/fa_ROS2_ws/install/dwb_msgs/include/dwb_msgs/dwb_msgs/srv/detail/get_critic_score__traits.hpp
[38.381s] -- Symlinking: /home/ros2/Documents/fa_ROS2_ws/install/dwb_msgs/include/dwb_msgs/dwb_msgs/srv/detail/score_trajectory__builder.hpp
[38.408s] -- Symlinking: /home/ros2/Documents/fa_ROS2_ws/install/dwb_msgs/include/dwb_msgs/dwb_msgs/srv/detail/score_trajectory__struct.hpp
[38.429s] -- Symlinking: /home/ros2/Documents/fa_ROS2_ws/install/dwb_msgs/include/dwb_msgs/dwb_msgs/srv/detail/score_trajectory__traits.hpp
[38.444s] -- Symlinking: /home/ros2/Documents/fa_ROS2_ws/install/dwb_msgs/include/dwb_msgs/dwb_msgs/srv/generate_trajectory.hpp
[38.458s] -- Symlinking: /home/ros2/Documents/fa_ROS2_ws/install/dwb_msgs/include/dwb_msgs/dwb_msgs/srv/generate_twists.hpp
[38.479s] -- Symlinking: /home/ros2/Documents/fa_ROS2_ws/install/dwb_msgs/include/dwb_msgs/dwb_msgs/srv/get_critic_score.hpp
[38.500s] -- Symlinking: /home/ros2/Documents/fa_ROS2_ws/install/dwb_msgs/include/dwb_msgs/dwb_msgs/srv/score_trajectory.hpp
[38.517s] -- Symlinking: /home/ros2/Documents/fa_ROS2_ws/install/dwb_msgs/include/dwb_msgs/dwb_msgs/msg/detail/critic_score__rosidl_typesupport_fastrtps_cpp.hpp
[38.534s] -- Symlinking: /home/ros2/Documents/fa_ROS2_ws/install/dwb_msgs/include/dwb_msgs/dwb_msgs/msg/detail/local_plan_evaluation__rosidl_typesupport_fastrtps_cpp.hpp
[38.550s] -- Symlinking: /home/ros2/Documents/fa_ROS2_ws/install/dwb_msgs/include/dwb_msgs/dwb_msgs/msg/detail/trajectory2_d__rosidl_typesupport_fastrtps_cpp.hpp
[38.564s] -- Symlinking: /home/ros2/Documents/fa_ROS2_ws/install/dwb_msgs/include/dwb_msgs/dwb_msgs/msg/detail/trajectory_score__rosidl_typesupport_fastrtps_cpp.hpp
[38.595s] -- Symlinking: /home/ros2/Documents/fa_ROS2_ws/install/dwb_msgs/include/dwb_msgs/dwb_msgs/msg/rosidl_typesupport_fastrtps_cpp__visibility_control.h
[38.616s] -- Symlinking: /home/ros2/Documents/fa_ROS2_ws/install/dwb_msgs/include/dwb_msgs/dwb_msgs/srv/detail/debug_local_plan__rosidl_typesupport_fastrtps_cpp.hpp
[38.633s] -- Symlinking: /home/ros2/Documents/fa_ROS2_ws/install/dwb_msgs/include/dwb_msgs/dwb_msgs/srv/detail/generate_trajectory__rosidl_typesupport_fastrtps_cpp.hpp
[38.654s] -- Symlinking: /home/ros2/Documents/fa_ROS2_ws/install/dwb_msgs/include/dwb_msgs/dwb_msgs/srv/detail/generate_twists__rosidl_typesupport_fastrtps_cpp.hpp
[38.669s] -- Symlinking: /home/ros2/Documents/fa_ROS2_ws/install/dwb_msgs/include/dwb_msgs/dwb_msgs/srv/detail/get_critic_score__rosidl_typesupport_fastrtps_cpp.hpp
[38.688s] -- Symlinking: /home/ros2/Documents/fa_ROS2_ws/install/dwb_msgs/include/dwb_msgs/dwb_msgs/srv/detail/score_trajectory__rosidl_typesupport_fastrtps_cpp.hpp
[38.712s] -- Symlinking: /home/ros2/Documents/fa_ROS2_ws/install/dwb_msgs/include/dwb_msgs/dwb_msgs/msg/detail/critic_score__rosidl_typesupport_introspection_c.h
[38.738s] -- Symlinking: /home/ros2/Documents/fa_ROS2_ws/install/dwb_msgs/include/dwb_msgs/dwb_msgs/msg/detail/local_plan_evaluation__rosidl_typesupport_introspection_c.h
[38.757s] -- Symlinking: /home/ros2/Documents/fa_ROS2_ws/install/dwb_msgs/include/dwb_msgs/dwb_msgs/msg/detail/trajectory2_d__rosidl_typesupport_introspection_c.h
[38.772s] -- Symlinking: /home/ros2/Documents/fa_ROS2_ws/install/dwb_msgs/include/dwb_msgs/dwb_msgs/msg/detail/trajectory_score__rosidl_typesupport_introspection_c.h
[38.793s] -- Symlinking: /home/ros2/Documents/fa_ROS2_ws/install/dwb_msgs/include/dwb_msgs/dwb_msgs/msg/rosidl_typesupport_introspection_c__visibility_control.h
[38.812s] -- Symlinking: /home/ros2/Documents/fa_ROS2_ws/install/dwb_msgs/include/dwb_msgs/dwb_msgs/srv/detail/debug_local_plan__rosidl_typesupport_introspection_c.h
[38.840s] -- Symlinking: /home/ros2/Documents/fa_ROS2_ws/install/dwb_msgs/include/dwb_msgs/dwb_msgs/srv/detail/generate_trajectory__rosidl_typesupport_introspection_c.h
[38.882s] -- Symlinking: /home/ros2/Documents/fa_ROS2_ws/install/dwb_msgs/include/dwb_msgs/dwb_msgs/srv/detail/generate_twists__rosidl_typesupport_introspection_c.h
[38.905s] -- Symlinking: /home/ros2/Documents/fa_ROS2_ws/install/dwb_msgs/include/dwb_msgs/dwb_msgs/srv/detail/get_critic_score__rosidl_typesupport_introspection_c.h
[38.919s] -- Symlinking: /home/ros2/Documents/fa_ROS2_ws/install/dwb_msgs/include/dwb_msgs/dwb_msgs/srv/detail/score_trajectory__rosidl_typesupport_introspection_c.h
[38.936s] -- Symlinking: /home/ros2/Documents/fa_ROS2_ws/install/dwb_msgs/include/dwb_msgs/dwb_msgs/msg/detail/critic_score__rosidl_typesupport_introspection_cpp.hpp
[38.955s] -- Symlinking: /home/ros2/Documents/fa_ROS2_ws/install/dwb_msgs/include/dwb_msgs/dwb_msgs/msg/detail/local_plan_evaluation__rosidl_typesupport_introspection_cpp.hpp
[38.981s] -- Symlinking: /home/ros2/Documents/fa_ROS2_ws/install/dwb_msgs/include/dwb_msgs/dwb_msgs/msg/detail/trajectory2_d__rosidl_typesupport_introspection_cpp.hpp
[39.005s] -- Symlinking: /home/ros2/Documents/fa_ROS2_ws/install/dwb_msgs/include/dwb_msgs/dwb_msgs/msg/detail/trajectory_score__rosidl_typesupport_introspection_cpp.hpp
[39.022s] -- Symlinking: /home/ros2/Documents/fa_ROS2_ws/install/dwb_msgs/include/dwb_msgs/dwb_msgs/srv/detail/debug_local_plan__rosidl_typesupport_introspection_cpp.hpp
[39.037s] -- Symlinking: /home/ros2/Documents/fa_ROS2_ws/install/dwb_msgs/include/dwb_msgs/dwb_msgs/srv/detail/generate_trajectory__rosidl_typesupport_introspection_cpp.hpp
[39.059s] -- Symlinking: /home/ros2/Documents/fa_ROS2_ws/install/dwb_msgs/include/dwb_msgs/dwb_msgs/srv/detail/generate_twists__rosidl_typesupport_introspection_cpp.hpp
[39.075s] -- Symlinking: /home/ros2/Documents/fa_ROS2_ws/install/dwb_msgs/include/dwb_msgs/dwb_msgs/srv/detail/get_critic_score__rosidl_typesupport_introspection_cpp.hpp
[39.093s] -- Symlinking: /home/ros2/Documents/fa_ROS2_ws/install/dwb_msgs/include/dwb_msgs/dwb_msgs/srv/detail/score_trajectory__rosidl_typesupport_introspection_cpp.hpp
[39.119s] -- Symlinking: /home/ros2/Documents/fa_ROS2_ws/install/dwb_msgs/share/dwb_msgs/environment/pythonpath.sh
[39.140s] -- Symlinking: /home/ros2/Documents/fa_ROS2_ws/install/dwb_msgs/share/dwb_msgs/environment/pythonpath.dsv
[39.161s] -- Symlinking: /home/ros2/Documents/fa_ROS2_ws/install/dwb_msgs/local/lib/python3.10/dist-packages/dwb_msgs-1.1.17-py3.10.egg-info/PKG-INFO
[39.180s] -- Symlinking: /home/ros2/Documents/fa_ROS2_ws/install/dwb_msgs/local/lib/python3.10/dist-packages/dwb_msgs-1.1.17-py3.10.egg-info/SOURCES.txt
[39.205s] -- Symlinking: /home/ros2/Documents/fa_ROS2_ws/install/dwb_msgs/local/lib/python3.10/dist-packages/dwb_msgs-1.1.17-py3.10.egg-info/dependency_links.txt
[39.228s] -- Symlinking: /home/ros2/Documents/fa_ROS2_ws/install/dwb_msgs/local/lib/python3.10/dist-packages/dwb_msgs-1.1.17-py3.10.egg-info/top_level.txt
[39.251s] -- Symlinking: /home/ros2/Documents/fa_ROS2_ws/install/dwb_msgs/local/lib/python3.10/dist-packages/dwb_msgs/__init__.py
[39.267s] -- Symlinking: /home/ros2/Documents/fa_ROS2_ws/install/dwb_msgs/local/lib/python3.10/dist-packages/dwb_msgs/_dwb_msgs_s.ep.rosidl_typesupport_c.c
[39.282s] -- Symlinking: /home/ros2/Documents/fa_ROS2_ws/install/dwb_msgs/local/lib/python3.10/dist-packages/dwb_msgs/_dwb_msgs_s.ep.rosidl_typesupport_fastrtps_c.c
[39.310s] -- Symlinking: /home/ros2/Documents/fa_ROS2_ws/install/dwb_msgs/local/lib/python3.10/dist-packages/dwb_msgs/_dwb_msgs_s.ep.rosidl_typesupport_introspection_c.c
[39.326s] -- Symlinking: /home/ros2/Documents/fa_ROS2_ws/install/dwb_msgs/local/lib/python3.10/dist-packages/dwb_msgs/dwb_msgs_s__rosidl_typesupport_c.cpython-310-x86_64-linux-gnu.so
[39.349s] -- Symlinking: /home/ros2/Documents/fa_ROS2_ws/install/dwb_msgs/local/lib/python3.10/dist-packages/dwb_msgs/dwb_msgs_s__rosidl_typesupport_fastrtps_c.cpython-310-x86_64-linux-gnu.so
[39.375s] -- Symlinking: /home/ros2/Documents/fa_ROS2_ws/install/dwb_msgs/local/lib/python3.10/dist-packages/dwb_msgs/dwb_msgs_s__rosidl_typesupport_introspection_c.cpython-310-x86_64-linux-gnu.so
[39.411s] -- Symlinking: /home/ros2/Documents/fa_ROS2_ws/install/dwb_msgs/local/lib/python3.10/dist-packages/dwb_msgs/libdwb_msgs__rosidl_generator_py.so
[39.433s] -- Symlinking: /home/ros2/Documents/fa_ROS2_ws/install/dwb_msgs/local/lib/python3.10/dist-packages/dwb_msgs/msg/__init__.py
[39.453s] -- Symlinking: /home/ros2/Documents/fa_ROS2_ws/install/dwb_msgs/local/lib/python3.10/dist-packages/dwb_msgs/msg/_critic_score.py
[39.472s] -- Symlinking: /home/ros2/Documents/fa_ROS2_ws/install/dwb_msgs/local/lib/python3.10/dist-packages/dwb_msgs/msg/_critic_score_s.c
[39.495s] -- Symlinking: /home/ros2/Documents/fa_ROS2_ws/install/dwb_msgs/local/lib/python3.10/dist-packages/dwb_msgs/msg/_local_plan_evaluation.py
[39.513s] -- Symlinking: /home/ros2/Documents/fa_ROS2_ws/install/dwb_msgs/local/lib/python3.10/dist-packages/dwb_msgs/msg/_local_plan_evaluation_s.c
[39.529s] -- Symlinking: /home/ros2/Documents/fa_ROS2_ws/install/dwb_msgs/local/lib/python3.10/dist-packages/dwb_msgs/msg/_trajectory2_d.py
[39.544s] -- Symlinking: /home/ros2/Documents/fa_ROS2_ws/install/dwb_msgs/local/lib/python3.10/dist-packages/dwb_msgs/msg/_trajectory2_d_s.c
[39.565s] -- Symlinking: /home/ros2/Documents/fa_ROS2_ws/install/dwb_msgs/local/lib/python3.10/dist-packages/dwb_msgs/msg/_trajectory_score.py
[39.585s] -- Symlinking: /home/ros2/Documents/fa_ROS2_ws/install/dwb_msgs/local/lib/python3.10/dist-packages/dwb_msgs/msg/_trajectory_score_s.c
[39.609s] -- Symlinking: /home/ros2/Documents/fa_ROS2_ws/install/dwb_msgs/local/lib/python3.10/dist-packages/dwb_msgs/srv/__init__.py
[39.627s] -- Symlinking: /home/ros2/Documents/fa_ROS2_ws/install/dwb_msgs/local/lib/python3.10/dist-packages/dwb_msgs/srv/_debug_local_plan.py
[39.643s] -- Symlinking: /home/ros2/Documents/fa_ROS2_ws/install/dwb_msgs/local/lib/python3.10/dist-packages/dwb_msgs/srv/_debug_local_plan_s.c
[39.662s] -- Symlinking: /home/ros2/Documents/fa_ROS2_ws/install/dwb_msgs/local/lib/python3.10/dist-packages/dwb_msgs/srv/_generate_trajectory.py
[39.679s] -- Symlinking: /home/ros2/Documents/fa_ROS2_ws/install/dwb_msgs/local/lib/python3.10/dist-packages/dwb_msgs/srv/_generate_trajectory_s.c
[39.695s] -- Symlinking: /home/ros2/Documents/fa_ROS2_ws/install/dwb_msgs/local/lib/python3.10/dist-packages/dwb_msgs/srv/_generate_twists.py
[39.717s] -- Symlinking: /home/ros2/Documents/fa_ROS2_ws/install/dwb_msgs/local/lib/python3.10/dist-packages/dwb_msgs/srv/_generate_twists_s.c
[39.737s] -- Symlinking: /home/ros2/Documents/fa_ROS2_ws/install/dwb_msgs/local/lib/python3.10/dist-packages/dwb_msgs/srv/_get_critic_score.py
[39.758s] -- Symlinking: /home/ros2/Documents/fa_ROS2_ws/install/dwb_msgs/local/lib/python3.10/dist-packages/dwb_msgs/srv/_get_critic_score_s.c
[39.775s] -- Symlinking: /home/ros2/Documents/fa_ROS2_ws/install/dwb_msgs/local/lib/python3.10/dist-packages/dwb_msgs/srv/_score_trajectory.py
[39.805s] -- Symlinking: /home/ros2/Documents/fa_ROS2_ws/install/dwb_msgs/local/lib/python3.10/dist-packages/dwb_msgs/srv/_score_trajectory_s.c
[39.827s] -- Up-to-date symlink: /home/ros2/Documents/fa_ROS2_ws/install/dwb_msgs/local/lib/python3.10/dist-packages/dwb_msgs/dwb_msgs_s__rosidl_typesupport_fastrtps_c.cpython-310-x86_64-linux-gnu.so
[39.828s] -- Up-to-date symlink: /home/ros2/Documents/fa_ROS2_ws/install/dwb_msgs/local/lib/python3.10/dist-packages/dwb_msgs/dwb_msgs_s__rosidl_typesupport_introspection_c.cpython-310-x86_64-linux-gnu.so
[39.829s] -- Up-to-date symlink: /home/ros2/Documents/fa_ROS2_ws/install/dwb_msgs/local/lib/python3.10/dist-packages/dwb_msgs/dwb_msgs_s__rosidl_typesupport_c.cpython-310-x86_64-linux-gnu.so
[39.830s] -- Symlinking: /home/ros2/Documents/fa_ROS2_ws/install/dwb_msgs/share/dwb_msgs/msg/CriticScore.idl
[39.848s] -- Symlinking: /home/ros2/Documents/fa_ROS2_ws/install/dwb_msgs/share/dwb_msgs/msg/LocalPlanEvaluation.idl
[39.870s] -- Symlinking: /home/ros2/Documents/fa_ROS2_ws/install/dwb_msgs/share/dwb_msgs/msg/Trajectory2D.idl
[39.902s] -- Symlinking: /home/ros2/Documents/fa_ROS2_ws/install/dwb_msgs/share/dwb_msgs/msg/TrajectoryScore.idl
[39.940s] -- Symlinking: /home/ros2/Documents/fa_ROS2_ws/install/dwb_msgs/share/dwb_msgs/srv/DebugLocalPlan.idl
[39.956s] -- Symlinking: /home/ros2/Documents/fa_ROS2_ws/install/dwb_msgs/share/dwb_msgs/srv/GenerateTrajectory.idl
[39.975s] -- Symlinking: /home/ros2/Documents/fa_ROS2_ws/install/dwb_msgs/share/dwb_msgs/srv/GenerateTwists.idl
[39.997s] -- Symlinking: /home/ros2/Documents/fa_ROS2_ws/install/dwb_msgs/share/dwb_msgs/srv/GetCriticScore.idl
[40.020s] -- Symlinking: /home/ros2/Documents/fa_ROS2_ws/install/dwb_msgs/share/dwb_msgs/srv/ScoreTrajectory.idl
[40.040s] -- Symlinking: /home/ros2/Documents/fa_ROS2_ws/install/dwb_msgs/share/dwb_msgs/msg/CriticScore.msg
[40.057s] -- Symlinking: /home/ros2/Documents/fa_ROS2_ws/install/dwb_msgs/share/dwb_msgs/msg/LocalPlanEvaluation.msg
[40.080s] -- Symlinking: /home/ros2/Documents/fa_ROS2_ws/install/dwb_msgs/share/dwb_msgs/msg/Trajectory2D.msg
[40.102s] -- Symlinking: /home/ros2/Documents/fa_ROS2_ws/install/dwb_msgs/share/dwb_msgs/msg/TrajectoryScore.msg
[40.118s] -- Symlinking: /home/ros2/Documents/fa_ROS2_ws/install/dwb_msgs/share/dwb_msgs/srv/DebugLocalPlan.srv
[40.137s] -- Symlinking: /home/ros2/Documents/fa_ROS2_ws/install/dwb_msgs/share/dwb_msgs/srv/DebugLocalPlan_Request.msg
[40.157s] -- Symlinking: /home/ros2/Documents/fa_ROS2_ws/install/dwb_msgs/share/dwb_msgs/srv/DebugLocalPlan_Response.msg
[40.172s] -- Symlinking: /home/ros2/Documents/fa_ROS2_ws/install/dwb_msgs/share/dwb_msgs/srv/GenerateTrajectory.srv
[40.190s] -- Symlinking: /home/ros2/Documents/fa_ROS2_ws/install/dwb_msgs/share/dwb_msgs/srv/GenerateTrajectory_Request.msg
[40.212s] -- Symlinking: /home/ros2/Documents/fa_ROS2_ws/install/dwb_msgs/share/dwb_msgs/srv/GenerateTrajectory_Response.msg
[40.226s] -- Symlinking: /home/ros2/Documents/fa_ROS2_ws/install/dwb_msgs/share/dwb_msgs/srv/GenerateTwists.srv
[40.240s] -- Symlinking: /home/ros2/Documents/fa_ROS2_ws/install/dwb_msgs/share/dwb_msgs/srv/GenerateTwists_Request.msg
[40.255s] -- Symlinking: /home/ros2/Documents/fa_ROS2_ws/install/dwb_msgs/share/dwb_msgs/srv/GenerateTwists_Response.msg
[40.276s] -- Symlinking: /home/ros2/Documents/fa_ROS2_ws/install/dwb_msgs/share/dwb_msgs/srv/GetCriticScore.srv
[40.298s] -- Symlinking: /home/ros2/Documents/fa_ROS2_ws/install/dwb_msgs/share/dwb_msgs/srv/GetCriticScore_Request.msg
[40.316s] -- Symlinking: /home/ros2/Documents/fa_ROS2_ws/install/dwb_msgs/share/dwb_msgs/srv/GetCriticScore_Response.msg
[40.331s] -- Symlinking: /home/ros2/Documents/fa_ROS2_ws/install/dwb_msgs/share/dwb_msgs/srv/ScoreTrajectory.srv
[40.345s] -- Symlinking: /home/ros2/Documents/fa_ROS2_ws/install/dwb_msgs/share/dwb_msgs/srv/ScoreTrajectory_Request.msg
[40.363s] -- Symlinking: /home/ros2/Documents/fa_ROS2_ws/install/dwb_msgs/share/dwb_msgs/srv/ScoreTrajectory_Response.msg
[40.374s] -- Symlinking: /home/ros2/Documents/fa_ROS2_ws/install/dwb_msgs/share/ament_index/resource_index/package_run_dependencies/dwb_msgs
[40.400s] -- Symlinking: /home/ros2/Documents/fa_ROS2_ws/install/dwb_msgs/share/ament_index/resource_index/parent_prefix_path/dwb_msgs
[40.420s] -- Symlinking: /home/ros2/Documents/fa_ROS2_ws/install/dwb_msgs/share/dwb_msgs/environment/ament_prefix_path.sh
[40.439s] -- Symlinking: /home/ros2/Documents/fa_ROS2_ws/install/dwb_msgs/share/dwb_msgs/environment/ament_prefix_path.dsv
[40.458s] -- Symlinking: /home/ros2/Documents/fa_ROS2_ws/install/dwb_msgs/share/dwb_msgs/environment/path.sh
[40.473s] -- Symlinking: /home/ros2/Documents/fa_ROS2_ws/install/dwb_msgs/share/dwb_msgs/environment/path.dsv
[40.501s] -- Symlinking: /home/ros2/Documents/fa_ROS2_ws/install/dwb_msgs/share/dwb_msgs/local_setup.bash
[40.519s] -- Symlinking: /home/ros2/Documents/fa_ROS2_ws/install/dwb_msgs/share/dwb_msgs/local_setup.sh
[40.534s] -- Symlinking: /home/ros2/Documents/fa_ROS2_ws/install/dwb_msgs/share/dwb_msgs/local_setup.zsh
[40.548s] -- Symlinking: /home/ros2/Documents/fa_ROS2_ws/install/dwb_msgs/share/dwb_msgs/local_setup.dsv
[40.563s] -- Symlinking: /home/ros2/Documents/fa_ROS2_ws/install/dwb_msgs/share/dwb_msgs/package.dsv
[40.586s] -- Symlinking: /home/ros2/Documents/fa_ROS2_ws/install/dwb_msgs/share/ament_index/resource_index/packages/dwb_msgs
[40.610s] -- Symlinking: /home/ros2/Documents/fa_ROS2_ws/install/dwb_msgs/share/dwb_msgs/cmake/rosidl_cmake-extras.cmake
[40.629s] -- Symlinking: /home/ros2/Documents/fa_ROS2_ws/install/dwb_msgs/share/dwb_msgs/cmake/ament_cmake_export_dependencies-extras.cmake
[40.645s] -- Symlinking: /home/ros2/Documents/fa_ROS2_ws/install/dwb_msgs/share/dwb_msgs/cmake/ament_cmake_export_include_directories-extras.cmake
[40.662s] -- Symlinking: /home/ros2/Documents/fa_ROS2_ws/install/dwb_msgs/share/dwb_msgs/cmake/ament_cmake_export_libraries-extras.cmake
[40.675s] -- Symlinking: /home/ros2/Documents/fa_ROS2_ws/install/dwb_msgs/share/dwb_msgs/cmake/ament_cmake_export_targets-extras.cmake
[40.694s] -- Symlinking: /home/ros2/Documents/fa_ROS2_ws/install/dwb_msgs/share/dwb_msgs/cmake/rosidl_cmake_export_typesupport_targets-extras.cmake
[40.716s] -- Symlinking: /home/ros2/Documents/fa_ROS2_ws/install/dwb_msgs/share/dwb_msgs/cmake/rosidl_cmake_export_typesupport_libraries-extras.cmake
[40.734s] -- Symlinking: /home/ros2/Documents/fa_ROS2_ws/install/dwb_msgs/share/dwb_msgs/cmake/dwb_msgsConfig.cmake
[40.752s] -- Symlinking: /home/ros2/Documents/fa_ROS2_ws/install/dwb_msgs/share/dwb_msgs/cmake/dwb_msgsConfig-version.cmake
[40.766s] -- Symlinking: /home/ros2/Documents/fa_ROS2_ws/install/dwb_msgs/share/dwb_msgs/package.xml
[40.793s] -- Installing: /home/ros2/Documents/fa_ROS2_ws/install/dwb_msgs/lib/libdwb_msgs__rosidl_generator_c.so
[40.793s] -- Set runtime path of "/home/ros2/Documents/fa_ROS2_ws/install/dwb_msgs/lib/libdwb_msgs__rosidl_generator_c.so" to ""
[40.794s] -- Installing: /home/ros2/Documents/fa_ROS2_ws/install/dwb_msgs/lib/libdwb_msgs__rosidl_typesupport_fastrtps_c.so
[40.794s] -- Set runtime path of "/home/ros2/Documents/fa_ROS2_ws/install/dwb_msgs/lib/libdwb_msgs__rosidl_typesupport_fastrtps_c.so" to ""
[40.794s] -- Installing: /home/ros2/Documents/fa_ROS2_ws/install/dwb_msgs/lib/libdwb_msgs__rosidl_typesupport_fastrtps_cpp.so
[40.794s] -- Set runtime path of "/home/ros2/Documents/fa_ROS2_ws/install/dwb_msgs/lib/libdwb_msgs__rosidl_typesupport_fastrtps_cpp.so" to ""
[40.796s] -- Installing: /home/ros2/Documents/fa_ROS2_ws/install/dwb_msgs/lib/libdwb_msgs__rosidl_typesupport_introspection_c.so
[40.798s] -- Set runtime path of "/home/ros2/Documents/fa_ROS2_ws/install/dwb_msgs/lib/libdwb_msgs__rosidl_typesupport_introspection_c.so" to ""
[40.798s] -- Installing: /home/ros2/Documents/fa_ROS2_ws/install/dwb_msgs/lib/libdwb_msgs__rosidl_typesupport_c.so
[40.802s] -- Set runtime path of "/home/ros2/Documents/fa_ROS2_ws/install/dwb_msgs/lib/libdwb_msgs__rosidl_typesupport_c.so" to ""
[40.804s] -- Installing: /home/ros2/Documents/fa_ROS2_ws/install/dwb_msgs/lib/libdwb_msgs__rosidl_typesupport_introspection_cpp.so
[40.805s] -- Set runtime path of "/home/ros2/Documents/fa_ROS2_ws/install/dwb_msgs/lib/libdwb_msgs__rosidl_typesupport_introspection_cpp.so" to ""
[40.805s] -- Installing: /home/ros2/Documents/fa_ROS2_ws/install/dwb_msgs/lib/libdwb_msgs__rosidl_typesupport_cpp.so
[40.806s] -- Set runtime path of "/home/ros2/Documents/fa_ROS2_ws/install/dwb_msgs/lib/libdwb_msgs__rosidl_typesupport_cpp.so" to ""
[40.881s] Listing '/home/ros2/Documents/fa_ROS2_ws/install/dwb_msgs/local/lib/python3.10/dist-packages/dwb_msgs'...
[40.881s] Compiling '/home/ros2/Documents/fa_ROS2_ws/install/dwb_msgs/local/lib/python3.10/dist-packages/dwb_msgs/__init__.py'...
[40.881s] Listing '/home/ros2/Documents/fa_ROS2_ws/install/dwb_msgs/local/lib/python3.10/dist-packages/dwb_msgs/msg'...
[40.881s] Compiling '/home/ros2/Documents/fa_ROS2_ws/install/dwb_msgs/local/lib/python3.10/dist-packages/dwb_msgs/msg/__init__.py'...
[40.881s] Compiling '/home/ros2/Documents/fa_ROS2_ws/install/dwb_msgs/local/lib/python3.10/dist-packages/dwb_msgs/msg/_critic_score.py'...
[40.881s] Compiling '/home/ros2/Documents/fa_ROS2_ws/install/dwb_msgs/local/lib/python3.10/dist-packages/dwb_msgs/msg/_local_plan_evaluation.py'...
[40.881s] Compiling '/home/ros2/Documents/fa_ROS2_ws/install/dwb_msgs/local/lib/python3.10/dist-packages/dwb_msgs/msg/_trajectory2_d.py'...
[40.882s] Compiling '/home/ros2/Documents/fa_ROS2_ws/install/dwb_msgs/local/lib/python3.10/dist-packages/dwb_msgs/msg/_trajectory_score.py'...
[40.882s] Listing '/home/ros2/Documents/fa_ROS2_ws/install/dwb_msgs/local/lib/python3.10/dist-packages/dwb_msgs/srv'...
[40.882s] Compiling '/home/ros2/Documents/fa_ROS2_ws/install/dwb_msgs/local/lib/python3.10/dist-packages/dwb_msgs/srv/__init__.py'...
[40.882s] Compiling '/home/ros2/Documents/fa_ROS2_ws/install/dwb_msgs/local/lib/python3.10/dist-packages/dwb_msgs/srv/_debug_local_plan.py'...
[40.882s] Compiling '/home/ros2/Documents/fa_ROS2_ws/install/dwb_msgs/local/lib/python3.10/dist-packages/dwb_msgs/srv/_generate_trajectory.py'...
[40.882s] Compiling '/home/ros2/Documents/fa_ROS2_ws/install/dwb_msgs/local/lib/python3.10/dist-packages/dwb_msgs/srv/_generate_twists.py'...
[40.882s] Compiling '/home/ros2/Documents/fa_ROS2_ws/install/dwb_msgs/local/lib/python3.10/dist-packages/dwb_msgs/srv/_get_critic_score.py'...
[40.882s] Compiling '/home/ros2/Documents/fa_ROS2_ws/install/dwb_msgs/local/lib/python3.10/dist-packages/dwb_msgs/srv/_score_trajectory.py'...
[40.889s] -- Installing: /home/ros2/Documents/fa_ROS2_ws/install/dwb_msgs/lib/libdwb_msgs__rosidl_generator_py.so
[40.891s] -- Set runtime path of "/home/ros2/Documents/fa_ROS2_ws/install/dwb_msgs/lib/libdwb_msgs__rosidl_generator_py.so" to ""
[40.891s] -- Installing: /home/ros2/Documents/fa_ROS2_ws/install/dwb_msgs/share/dwb_msgs/cmake/export_dwb_msgs__rosidl_generator_cExport.cmake
[40.892s] -- Installing: /home/ros2/Documents/fa_ROS2_ws/install/dwb_msgs/share/dwb_msgs/cmake/export_dwb_msgs__rosidl_generator_cExport-noconfig.cmake
[40.892s] -- Installing: /home/ros2/Documents/fa_ROS2_ws/install/dwb_msgs/share/dwb_msgs/cmake/export_dwb_msgs__rosidl_typesupport_fastrtps_cExport.cmake
[40.892s] -- Installing: /home/ros2/Documents/fa_ROS2_ws/install/dwb_msgs/share/dwb_msgs/cmake/export_dwb_msgs__rosidl_typesupport_fastrtps_cExport-noconfig.cmake
[40.892s] -- Installing: /home/ros2/Documents/fa_ROS2_ws/install/dwb_msgs/share/dwb_msgs/cmake/export_dwb_msgs__rosidl_generator_cppExport.cmake
[40.892s] -- Installing: /home/ros2/Documents/fa_ROS2_ws/install/dwb_msgs/share/dwb_msgs/cmake/export_dwb_msgs__rosidl_typesupport_fastrtps_cppExport.cmake
[40.892s] -- Installing: /home/ros2/Documents/fa_ROS2_ws/install/dwb_msgs/share/dwb_msgs/cmake/export_dwb_msgs__rosidl_typesupport_fastrtps_cppExport-noconfig.cmake
[40.892s] -- Installing: /home/ros2/Documents/fa_ROS2_ws/install/dwb_msgs/share/dwb_msgs/cmake/dwb_msgs__rosidl_typesupport_introspection_cExport.cmake
[40.892s] -- Installing: /home/ros2/Documents/fa_ROS2_ws/install/dwb_msgs/share/dwb_msgs/cmake/dwb_msgs__rosidl_typesupport_introspection_cExport-noconfig.cmake
[40.893s] -- Installing: /home/ros2/Documents/fa_ROS2_ws/install/dwb_msgs/share/dwb_msgs/cmake/dwb_msgs__rosidl_typesupport_cExport.cmake
[40.893s] -- Installing: /home/ros2/Documents/fa_ROS2_ws/install/dwb_msgs/share/dwb_msgs/cmake/dwb_msgs__rosidl_typesupport_cExport-noconfig.cmake
[40.894s] -- Installing: /home/ros2/Documents/fa_ROS2_ws/install/dwb_msgs/share/dwb_msgs/cmake/dwb_msgs__rosidl_typesupport_introspection_cppExport.cmake
[40.894s] -- Installing: /home/ros2/Documents/fa_ROS2_ws/install/dwb_msgs/share/dwb_msgs/cmake/dwb_msgs__rosidl_typesupport_introspection_cppExport-noconfig.cmake
[40.895s] -- Installing: /home/ros2/Documents/fa_ROS2_ws/install/dwb_msgs/share/dwb_msgs/cmake/dwb_msgs__rosidl_typesupport_cppExport.cmake
[40.895s] -- Installing: /home/ros2/Documents/fa_ROS2_ws/install/dwb_msgs/share/dwb_msgs/cmake/dwb_msgs__rosidl_typesupport_cppExport-noconfig.cmake
[40.896s] -- Installing: /home/ros2/Documents/fa_ROS2_ws/install/dwb_msgs/share/dwb_msgs/cmake/export_dwb_msgs__rosidl_generator_pyExport.cmake
[40.896s] -- Installing: /home/ros2/Documents/fa_ROS2_ws/install/dwb_msgs/share/dwb_msgs/cmake/export_dwb_msgs__rosidl_generator_pyExport-noconfig.cmake
[40.903s] Invoked command in '/home/ros2/Documents/fa_ROS2_ws/build/dwb_msgs' returned '0': AMENT_PREFIX_PATH=/home/ros2/Documents/fa_ROS2_ws/install/nav_2d_msgs:${AMENT_PREFIX_PATH} CMAKE_PREFIX_PATH=/home/ros2/Documents/fa_ROS2_ws/install/nav_2d_msgs:/home/ros2/Documents/fa_ROS2_ws/install/smart_car:/home/ros2/Documents/fa_ROS2_ws/install/car_gazebo_plugin:/home/ros2/Documents/fa_ROS2_ws/install/smartcar_msgs:/home/ros2/Documents/fa_ROS2_ws/install/ackermann_msgs:/opt/ros/humble LD_LIBRARY_PATH=/home/ros2/Documents/fa_ROS2_ws/install/nav_2d_msgs/lib:/home/ros2/Documents/fa_ROS2_ws/install/car_gazebo_plugin/lib:/home/ros2/Documents/fa_ROS2_ws/install/smartcar_msgs/lib:/home/ros2/Documents/fa_ROS2_ws/install/ackermann_msgs/lib:/usr/lib/x86_64-linux-gnu/gazebo-11/plugins:/opt/ros/humble/opt/rviz_ogre_vendor/lib:/opt/ros/humble/lib/x86_64-linux-gnu:/opt/ros/humble/lib:/tmp/.mount_cursorflfrK2/usr/lib:/usr/lib/x86_64-linux-gnu/gazebo-11/plugins:/usr/lib/x86_64-linux-gnu/gazebo-11/plugins:/usr/lib/x86_64-linux-gnu/gazebo-11/plugins PYTHONPATH=/home/ros2/Documents/fa_ROS2_ws/install/nav_2d_msgs/local/lib/python3.10/dist-packages:${PYTHONPATH} /usr/bin/cmake --install /home/ros2/Documents/fa_ROS2_ws/build/dwb_msgs
