[0.025s] Invoking command in '/home/ros2/Documents/fa_ROS2_ws/build/smart_car': AMENT_PREFIX_PATH=/home/ros2/Documents/fa_ROS2_ws/install/car_gazebo_plugin:/home/ros2/Documents/fa_ROS2_ws/install/smartcar_msgs:/home/ros2/Documents/fa_ROS2_ws/install/ackermann_msgs:${AMENT_PREFIX_PATH} CMAKE_PREFIX_PATH=/home/ros2/Documents/fa_ROS2_ws/install/car_gazebo_plugin:/home/ros2/Documents/fa_ROS2_ws/install/smartcar_msgs:/home/ros2/Documents/fa_ROS2_ws/install/ackermann_msgs:/opt/ros/humble LD_LIBRARY_PATH=/home/ros2/Documents/fa_ROS2_ws/install/car_gazebo_plugin/lib:/home/ros2/Documents/fa_ROS2_ws/install/smartcar_msgs/lib:/home/ros2/Documents/fa_ROS2_ws/install/ackermann_msgs/lib:/usr/lib/x86_64-linux-gnu/gazebo-11/plugins:/opt/ros/humble/opt/rviz_ogre_vendor/lib:/opt/ros/humble/lib/x86_64-linux-gnu:/opt/ros/humble/lib:/tmp/.mount_cursorHqA3fm/usr/lib:/usr/lib/x86_64-linux-gnu/gazebo-11/plugins:/usr/lib/x86_64-linux-gnu/gazebo-11/plugins:/usr/lib/x86_64-linux-gnu/gazebo-11/plugins PYTHONPATH=/home/ros2/Documents/fa_ROS2_ws/install/smartcar_msgs/local/lib/python3.10/dist-packages:/home/ros2/Documents/fa_ROS2_ws/install/ackermann_msgs/local/lib/python3.10/dist-packages:${PYTHONPATH} /usr/bin/cmake /home/ros2/Documents/fa_ROS2_ws/src/smart_car -DCMAKE_INSTALL_PREFIX=/home/ros2/Documents/fa_ROS2_ws/install/smart_car
[0.141s] -- The C compiler identification is GNU 11.4.0
[0.253s] -- The CXX compiler identification is GNU 11.4.0
[0.271s] -- Detecting C compiler ABI info
[0.383s] -- Detecting C compiler ABI info - done
[0.397s] -- Check for working C compiler: /usr/lib/ccache/gcc - skipped
[0.397s] -- Detecting C compile features
[0.397s] -- Detecting C compile features - done
[0.402s] -- Detecting CXX compiler ABI info
[0.528s] -- Detecting CXX compiler ABI info - done
[0.543s] -- Check for working CXX compiler: /usr/lib/ccache/g++ - skipped
[0.543s] -- Detecting CXX compile features
[0.544s] -- Detecting CXX compile features - done
[0.548s] -- Found ament_cmake: 1.3.10 (/opt/ros/humble/share/ament_cmake/cmake)
[0.806s] -- Found Python3: /usr/bin/python3 (found version "3.10.12") found components: Interpreter 
[0.952s] -- Found gazebo_ros: 3.7.0 (/opt/ros/humble/share/gazebo_ros/cmake)
[1.022s] -- Found rosidl_generator_c: 3.1.5 (/opt/ros/humble/share/rosidl_generator_c/cmake)
[1.030s] -- Found rosidl_adapter: 3.1.5 (/opt/ros/humble/share/rosidl_adapter/cmake)
[1.044s] -- Found rosidl_generator_cpp: 3.1.5 (/opt/ros/humble/share/rosidl_generator_cpp/cmake)
[1.069s] -- Using all available rosidl_typesupport_c: rosidl_typesupport_fastrtps_c;rosidl_typesupport_introspection_c
[1.106s] -- Using all available rosidl_typesupport_cpp: rosidl_typesupport_fastrtps_cpp;rosidl_typesupport_introspection_cpp
[1.201s] -- Found rmw_implementation_cmake: 6.1.2 (/opt/ros/humble/share/rmw_implementation_cmake/cmake)
[1.205s] -- Found rmw_cyclonedds_cpp: 1.3.4 (/opt/ros/humble/share/rmw_cyclonedds_cpp/cmake)
[1.244s] -- Using RMW implementation 'rmw_cyclonedds_cpp' as default
[1.265s] -- Looking for pthread.h
[1.388s] -- Looking for pthread.h - found
[1.388s] -- Performing Test CMAKE_HAVE_LIBC_PTHREAD
[1.498s] -- Performing Test CMAKE_HAVE_LIBC_PTHREAD - Success
[1.499s] -- Found Threads: TRUE  
[1.629s] -- Found PkgConfig: /usr/bin/pkg-config (found version "0.29.2") 
[1.631s] -- Checking for module 'bullet>=2.82'
[1.652s] --   Found bullet, version 3.05
[1.857s] -- Found fcl: /usr/include (found suitable version "0.7.0", minimum required is "0.5.0") 
[1.950s] -- Found assimp: /usr/include (found version "5.2.0") 
[1.985s] -- Found DART: /usr/include (Required is at least version "6.6") found components: dart 
[2.035s] -- Found Boost: /usr/lib/x86_64-linux-gnu/cmake/Boost-1.74.0/BoostConfig.cmake (found suitable version "1.74.0", minimum required is "1.40.0") found components: thread system filesystem program_options regex iostreams date_time 
[2.059s] -- Found Protobuf: /usr/lib/x86_64-linux-gnu/libprotobuf.so (found version "3.12.4") 
[2.073s] -- Looking for ignition-math6 -- found version 6.15.1
[2.086s] -- Searching for dependencies of ignition-math6
[2.089s] -- Looking for OGRE...
[2.089s] -- OGRE_PREFIX_WATCH changed.
[2.099s] -- Checking for module 'OGRE'
[2.121s] --   Found OGRE, version 1.9.0
[2.181s] -- Found Ogre Ghadamon (1.9.0)
[2.207s] -- Found OGRE: optimized;/usr/lib/x86_64-linux-gnu/libOgreMain.so;debug;/usr/lib/x86_64-linux-gnu/libOgreMain.so
[2.222s] -- Looking for OGRE_Paging...
[2.234s] -- Found OGRE_Paging: optimized;/usr/lib/x86_64-linux-gnu/libOgrePaging.so;debug;/usr/lib/x86_64-linux-gnu/libOgrePaging.so
[2.234s] -- Looking for OGRE_Terrain...
[2.243s] -- Found OGRE_Terrain: optimized;/usr/lib/x86_64-linux-gnu/libOgreTerrain.so;debug;/usr/lib/x86_64-linux-gnu/libOgreTerrain.so
[2.244s] -- Looking for OGRE_Property...
[2.253s] -- Found OGRE_Property: optimized;/usr/lib/x86_64-linux-gnu/libOgreProperty.so;debug;/usr/lib/x86_64-linux-gnu/libOgreProperty.so
[2.253s] -- Looking for OGRE_RTShaderSystem...
[2.264s] -- Found OGRE_RTShaderSystem: optimized;/usr/lib/x86_64-linux-gnu/libOgreRTShaderSystem.so;debug;/usr/lib/x86_64-linux-gnu/libOgreRTShaderSystem.so
[2.264s] -- Looking for OGRE_Volume...
[2.279s] -- Found OGRE_Volume: optimized;/usr/lib/x86_64-linux-gnu/libOgreVolume.so;debug;/usr/lib/x86_64-linux-gnu/libOgreVolume.so
[2.279s] -- Looking for OGRE_Overlay...
[2.293s] -- Found OGRE_Overlay: optimized;/usr/lib/x86_64-linux-gnu/libOgreOverlay.so;debug;/usr/lib/x86_64-linux-gnu/libOgreOverlay.so
[2.613s] -- Looking for ignition-math6 -- found version 6.15.1
[2.620s] -- Looking for ignition-transport8 -- found version 8.2.1
[2.620s] -- Searching for dependencies of ignition-transport8
[2.649s] -- Found Protobuf: /usr/lib/x86_64-linux-gnu/libprotobuf.so (found suitable version "3.12.4", minimum required is "3") 
[2.666s] -- Config-file not installed for ZeroMQ -- checking for pkg-config
[2.675s] -- Checking for module 'libzmq >= 4'
[2.702s] --   Found libzmq , version 4.3.4
[2.773s] -- Found ZeroMQ: TRUE (Required is at least version "4") 
[2.785s] -- Checking for module 'uuid'
[2.815s] --   Found uuid, version 2.37.2
[2.879s] -- Found UUID: TRUE  
[2.888s] -- Looking for ignition-msgs5 -- found version 5.8.1
[2.889s] -- Searching for dependencies of ignition-msgs5
[2.925s] -- Looking for ignition-math6 -- found version 6.15.1
[2.934s] -- Checking for module 'tinyxml2'
[2.958s] --   Found tinyxml2, version 9.0.0
[3.032s] -- Looking for ignition-msgs5 -- found version 5.8.1
[3.035s] -- Looking for ignition-common3 -- found version 3.14.0
[3.035s] -- Searching for dependencies of ignition-common3
[3.036s] -- Looking for dlfcn.h - found
[3.038s] -- Looking for libdl - found
[3.041s] -- Found DL: TRUE  
[3.062s] -- Found tinyobjloader: /usr/lib/x86_64-linux-gnu/cmake/tinyobjloader/tinyobjloader-config.cmake (found version "2.0.0") 
[3.063s] -- Searching for <ignition-common3> component [graphics]
[3.070s] -- Looking for ignition-common3-graphics -- found version 3.14.0
[3.071s] -- Searching for dependencies of ignition-common3-graphics
[3.071s] -- Looking for ignition-math6 -- found version 6.15.1
[3.079s] -- Looking for ignition-fuel_tools4 -- found version 4.4.0
[3.080s] -- Searching for dependencies of ignition-fuel_tools4
[3.237s] -- Found CURL: /usr/lib/x86_64-linux-gnu/libcurl.so (found version "7.81.0")  
[3.255s] -- Checking for module 'jsoncpp'
[3.283s] --   Found jsoncpp, version 1.9.5
[3.351s] -- Found JSONCPP: TRUE  
[3.360s] -- Checking for module 'libzip'
[3.387s] --   Found libzip, version 1.7.3
[3.455s] -- Found ZIP: TRUE  
[3.456s] -- Looking for ignition-common3 -- found version 3.14.0
[3.457s] -- Looking for ignition-math6 -- found version 6.15.1
[3.457s] -- Looking for ignition-msgs5 -- found version 5.8.1
[3.464s] -- Gazebo version: 11.10
[3.465s] -- Checking for module 'tbb'
[3.491s] --   Found tbb, version 2021.5.0
[3.560s] -- Found car_gazebo_plugin: 0.1.0 (/home/ros2/Documents/fa_ROS2_ws/install/car_gazebo_plugin/share/car_gazebo_plugin/cmake)
[3.655s] -- Found ament_lint_auto: 0.12.11 (/opt/ros/humble/share/ament_lint_auto/cmake)
[3.782s] -- Added test 'flake8' to check Python code syntax and style conventions
[3.783s] -- Added test 'lint_cmake' to check CMake code style
[3.784s] -- Added test 'pep257' to check Python code against some of the docstring style conventions in PEP 257
[3.787s] -- Added test 'xmllint' to check XML markup files
[3.790s] -- Configuring done
[3.800s] -- Generating done
[3.805s] -- Build files have been written to: /home/ros2/Documents/fa_ROS2_ws/build/smart_car
[3.834s] Invoked command in '/home/ros2/Documents/fa_ROS2_ws/build/smart_car' returned '0': AMENT_PREFIX_PATH=/home/ros2/Documents/fa_ROS2_ws/install/car_gazebo_plugin:/home/ros2/Documents/fa_ROS2_ws/install/smartcar_msgs:/home/ros2/Documents/fa_ROS2_ws/install/ackermann_msgs:${AMENT_PREFIX_PATH} CMAKE_PREFIX_PATH=/home/ros2/Documents/fa_ROS2_ws/install/car_gazebo_plugin:/home/ros2/Documents/fa_ROS2_ws/install/smartcar_msgs:/home/ros2/Documents/fa_ROS2_ws/install/ackermann_msgs:/opt/ros/humble LD_LIBRARY_PATH=/home/ros2/Documents/fa_ROS2_ws/install/car_gazebo_plugin/lib:/home/ros2/Documents/fa_ROS2_ws/install/smartcar_msgs/lib:/home/ros2/Documents/fa_ROS2_ws/install/ackermann_msgs/lib:/usr/lib/x86_64-linux-gnu/gazebo-11/plugins:/opt/ros/humble/opt/rviz_ogre_vendor/lib:/opt/ros/humble/lib/x86_64-linux-gnu:/opt/ros/humble/lib:/tmp/.mount_cursorHqA3fm/usr/lib:/usr/lib/x86_64-linux-gnu/gazebo-11/plugins:/usr/lib/x86_64-linux-gnu/gazebo-11/plugins:/usr/lib/x86_64-linux-gnu/gazebo-11/plugins PYTHONPATH=/home/ros2/Documents/fa_ROS2_ws/install/smartcar_msgs/local/lib/python3.10/dist-packages:/home/ros2/Documents/fa_ROS2_ws/install/ackermann_msgs/local/lib/python3.10/dist-packages:${PYTHONPATH} /usr/bin/cmake /home/ros2/Documents/fa_ROS2_ws/src/smart_car -DCMAKE_INSTALL_PREFIX=/home/ros2/Documents/fa_ROS2_ws/install/smart_car
[3.837s] Invoking command in '/home/ros2/Documents/fa_ROS2_ws/build/smart_car': AMENT_PREFIX_PATH=/home/ros2/Documents/fa_ROS2_ws/install/car_gazebo_plugin:/home/ros2/Documents/fa_ROS2_ws/install/smartcar_msgs:/home/ros2/Documents/fa_ROS2_ws/install/ackermann_msgs:${AMENT_PREFIX_PATH} CMAKE_PREFIX_PATH=/home/ros2/Documents/fa_ROS2_ws/install/car_gazebo_plugin:/home/ros2/Documents/fa_ROS2_ws/install/smartcar_msgs:/home/ros2/Documents/fa_ROS2_ws/install/ackermann_msgs:/opt/ros/humble LD_LIBRARY_PATH=/home/ros2/Documents/fa_ROS2_ws/install/car_gazebo_plugin/lib:/home/ros2/Documents/fa_ROS2_ws/install/smartcar_msgs/lib:/home/ros2/Documents/fa_ROS2_ws/install/ackermann_msgs/lib:/usr/lib/x86_64-linux-gnu/gazebo-11/plugins:/opt/ros/humble/opt/rviz_ogre_vendor/lib:/opt/ros/humble/lib/x86_64-linux-gnu:/opt/ros/humble/lib:/tmp/.mount_cursorHqA3fm/usr/lib:/usr/lib/x86_64-linux-gnu/gazebo-11/plugins:/usr/lib/x86_64-linux-gnu/gazebo-11/plugins:/usr/lib/x86_64-linux-gnu/gazebo-11/plugins PYTHONPATH=/home/ros2/Documents/fa_ROS2_ws/install/smartcar_msgs/local/lib/python3.10/dist-packages:/home/ros2/Documents/fa_ROS2_ws/install/ackermann_msgs/local/lib/python3.10/dist-packages:${PYTHONPATH} /usr/bin/cmake --build /home/ros2/Documents/fa_ROS2_ws/build/smart_car -- -j8 -l8
[3.925s] Invoked command in '/home/ros2/Documents/fa_ROS2_ws/build/smart_car' returned '0': AMENT_PREFIX_PATH=/home/ros2/Documents/fa_ROS2_ws/install/car_gazebo_plugin:/home/ros2/Documents/fa_ROS2_ws/install/smartcar_msgs:/home/ros2/Documents/fa_ROS2_ws/install/ackermann_msgs:${AMENT_PREFIX_PATH} CMAKE_PREFIX_PATH=/home/ros2/Documents/fa_ROS2_ws/install/car_gazebo_plugin:/home/ros2/Documents/fa_ROS2_ws/install/smartcar_msgs:/home/ros2/Documents/fa_ROS2_ws/install/ackermann_msgs:/opt/ros/humble LD_LIBRARY_PATH=/home/ros2/Documents/fa_ROS2_ws/install/car_gazebo_plugin/lib:/home/ros2/Documents/fa_ROS2_ws/install/smartcar_msgs/lib:/home/ros2/Documents/fa_ROS2_ws/install/ackermann_msgs/lib:/usr/lib/x86_64-linux-gnu/gazebo-11/plugins:/opt/ros/humble/opt/rviz_ogre_vendor/lib:/opt/ros/humble/lib/x86_64-linux-gnu:/opt/ros/humble/lib:/tmp/.mount_cursorHqA3fm/usr/lib:/usr/lib/x86_64-linux-gnu/gazebo-11/plugins:/usr/lib/x86_64-linux-gnu/gazebo-11/plugins:/usr/lib/x86_64-linux-gnu/gazebo-11/plugins PYTHONPATH=/home/ros2/Documents/fa_ROS2_ws/install/smartcar_msgs/local/lib/python3.10/dist-packages:/home/ros2/Documents/fa_ROS2_ws/install/ackermann_msgs/local/lib/python3.10/dist-packages:${PYTHONPATH} /usr/bin/cmake --build /home/ros2/Documents/fa_ROS2_ws/build/smart_car -- -j8 -l8
[3.975s] Invoking command in '/home/ros2/Documents/fa_ROS2_ws/build/smart_car': AMENT_PREFIX_PATH=/home/ros2/Documents/fa_ROS2_ws/install/car_gazebo_plugin:/home/ros2/Documents/fa_ROS2_ws/install/smartcar_msgs:/home/ros2/Documents/fa_ROS2_ws/install/ackermann_msgs:${AMENT_PREFIX_PATH} CMAKE_PREFIX_PATH=/home/ros2/Documents/fa_ROS2_ws/install/car_gazebo_plugin:/home/ros2/Documents/fa_ROS2_ws/install/smartcar_msgs:/home/ros2/Documents/fa_ROS2_ws/install/ackermann_msgs:/opt/ros/humble LD_LIBRARY_PATH=/home/ros2/Documents/fa_ROS2_ws/install/car_gazebo_plugin/lib:/home/ros2/Documents/fa_ROS2_ws/install/smartcar_msgs/lib:/home/ros2/Documents/fa_ROS2_ws/install/ackermann_msgs/lib:/usr/lib/x86_64-linux-gnu/gazebo-11/plugins:/opt/ros/humble/opt/rviz_ogre_vendor/lib:/opt/ros/humble/lib/x86_64-linux-gnu:/opt/ros/humble/lib:/tmp/.mount_cursorHqA3fm/usr/lib:/usr/lib/x86_64-linux-gnu/gazebo-11/plugins:/usr/lib/x86_64-linux-gnu/gazebo-11/plugins:/usr/lib/x86_64-linux-gnu/gazebo-11/plugins PYTHONPATH=/home/ros2/Documents/fa_ROS2_ws/install/smartcar_msgs/local/lib/python3.10/dist-packages:/home/ros2/Documents/fa_ROS2_ws/install/ackermann_msgs/local/lib/python3.10/dist-packages:${PYTHONPATH} /usr/bin/cmake --install /home/ros2/Documents/fa_ROS2_ws/build/smart_car
[3.988s] -- Install configuration: ""
[3.989s] -- Installing: /home/ros2/Documents/fa_ROS2_ws/install/smart_car/share/smart_car//launch
[3.989s] -- Installing: /home/ros2/Documents/fa_ROS2_ws/install/smart_car/share/smart_car//launch/gazebo.launch.py
[3.989s] -- Installing: /home/ros2/Documents/fa_ROS2_ws/install/smart_car/share/smart_car//launch/display.launch.py
[3.990s] -- Installing: /home/ros2/Documents/fa_ROS2_ws/install/smart_car/share/smart_car//urdf
[3.990s] -- Installing: /home/ros2/Documents/fa_ROS2_ws/install/smart_car/share/smart_car//urdf/smartcar.urdf.xacro
[3.990s] -- Installing: /home/ros2/Documents/fa_ROS2_ws/install/smart_car/share/smart_car//urdf/smartcar.urdf
[3.990s] -- Installing: /home/ros2/Documents/fa_ROS2_ws/install/smart_car/share/smart_car//rviz
[3.990s] -- Installing: /home/ros2/Documents/fa_ROS2_ws/install/smart_car/share/smart_car//rviz/config.rviz
[3.991s] -- Installing: /home/ros2/Documents/fa_ROS2_ws/install/smart_car/share/smart_car//world
[3.991s] -- Installing: /home/ros2/Documents/fa_ROS2_ws/install/smart_car/share/smart_car//world/smalltown.world
[3.991s] -- Installing: /home/ros2/Documents/fa_ROS2_ws/install/smart_car/share/smart_car//world/smalltown_world.yaml
[3.991s] -- Installing: /home/ros2/Documents/fa_ROS2_ws/install/smart_car/share/smart_car//world/smalltown_world.pgm
[4.004s] -- Installing: /home/ros2/Documents/fa_ROS2_ws/install/smart_car/lib/smart_car/wheel_odometry.py
[4.004s] -- Installing: /home/ros2/Documents/fa_ROS2_ws/install/smart_car/lib/smart_car/joint_state_publisher.py
[4.004s] -- Installing: /home/ros2/Documents/fa_ROS2_ws/install/smart_car/share/ament_index/resource_index/package_run_dependencies/smart_car
[4.005s] -- Installing: /home/ros2/Documents/fa_ROS2_ws/install/smart_car/share/ament_index/resource_index/parent_prefix_path/smart_car
[4.005s] -- Installing: /home/ros2/Documents/fa_ROS2_ws/install/smart_car/share/smart_car/environment/ament_prefix_path.sh
[4.005s] -- Installing: /home/ros2/Documents/fa_ROS2_ws/install/smart_car/share/smart_car/environment/ament_prefix_path.dsv
[4.005s] -- Installing: /home/ros2/Documents/fa_ROS2_ws/install/smart_car/share/smart_car/environment/path.sh
[4.006s] -- Installing: /home/ros2/Documents/fa_ROS2_ws/install/smart_car/share/smart_car/environment/path.dsv
[4.006s] -- Installing: /home/ros2/Documents/fa_ROS2_ws/install/smart_car/share/smart_car/local_setup.bash
[4.006s] -- Installing: /home/ros2/Documents/fa_ROS2_ws/install/smart_car/share/smart_car/local_setup.sh
[4.006s] -- Installing: /home/ros2/Documents/fa_ROS2_ws/install/smart_car/share/smart_car/local_setup.zsh
[4.007s] -- Installing: /home/ros2/Documents/fa_ROS2_ws/install/smart_car/share/smart_car/local_setup.dsv
[4.007s] -- Installing: /home/ros2/Documents/fa_ROS2_ws/install/smart_car/share/smart_car/package.dsv
[4.007s] -- Installing: /home/ros2/Documents/fa_ROS2_ws/install/smart_car/share/ament_index/resource_index/packages/smart_car
[4.007s] -- Installing: /home/ros2/Documents/fa_ROS2_ws/install/smart_car/share/smart_car/cmake/smart_carConfig.cmake
[4.008s] -- Installing: /home/ros2/Documents/fa_ROS2_ws/install/smart_car/share/smart_car/cmake/smart_carConfig-version.cmake
[4.008s] -- Installing: /home/ros2/Documents/fa_ROS2_ws/install/smart_car/share/smart_car/package.xml
[4.013s] Invoked command in '/home/ros2/Documents/fa_ROS2_ws/build/smart_car' returned '0': AMENT_PREFIX_PATH=/home/ros2/Documents/fa_ROS2_ws/install/car_gazebo_plugin:/home/ros2/Documents/fa_ROS2_ws/install/smartcar_msgs:/home/ros2/Documents/fa_ROS2_ws/install/ackermann_msgs:${AMENT_PREFIX_PATH} CMAKE_PREFIX_PATH=/home/ros2/Documents/fa_ROS2_ws/install/car_gazebo_plugin:/home/ros2/Documents/fa_ROS2_ws/install/smartcar_msgs:/home/ros2/Documents/fa_ROS2_ws/install/ackermann_msgs:/opt/ros/humble LD_LIBRARY_PATH=/home/ros2/Documents/fa_ROS2_ws/install/car_gazebo_plugin/lib:/home/ros2/Documents/fa_ROS2_ws/install/smartcar_msgs/lib:/home/ros2/Documents/fa_ROS2_ws/install/ackermann_msgs/lib:/usr/lib/x86_64-linux-gnu/gazebo-11/plugins:/opt/ros/humble/opt/rviz_ogre_vendor/lib:/opt/ros/humble/lib/x86_64-linux-gnu:/opt/ros/humble/lib:/tmp/.mount_cursorHqA3fm/usr/lib:/usr/lib/x86_64-linux-gnu/gazebo-11/plugins:/usr/lib/x86_64-linux-gnu/gazebo-11/plugins:/usr/lib/x86_64-linux-gnu/gazebo-11/plugins PYTHONPATH=/home/ros2/Documents/fa_ROS2_ws/install/smartcar_msgs/local/lib/python3.10/dist-packages:/home/ros2/Documents/fa_ROS2_ws/install/ackermann_msgs/local/lib/python3.10/dist-packages:${PYTHONPATH} /usr/bin/cmake --install /home/ros2/Documents/fa_ROS2_ws/build/smart_car
