[0.051s] Invoking command in '/home/ros2/Documents/fa_ROS2_ws/build/nav_2d_msgs': CMAKE_PREFIX_PATH=${CMAKE_PREFIX_PATH}:/opt/ros/humble /usr/bin/cmake /home/ros2/Documents/fa_ROS2_ws/src/navigation2/nav2_dwb_controller/nav_2d_msgs -DAMENT_CMAKE_SYMLINK_INSTALL=1 -DCMAKE_INSTALL_PREFIX=/home/ros2/Documents/fa_ROS2_ws/install/nav_2d_msgs
[0.342s] -- The C compiler identification is GNU 11.4.0
[0.581s] -- The CXX compiler identification is GNU 11.4.0
[0.606s] -- Detecting C compiler ABI info
[0.792s] -- Detecting C compiler ABI info - done
[0.820s] -- Check for working C compiler: /usr/lib/ccache/gcc - skipped
[0.821s] -- Detecting C compile features
[0.823s] -- Detecting C compile features - done
[0.840s] -- Detecting CXX compiler ABI info
[1.159s] -- Detecting CXX compiler ABI info - done
[1.198s] -- Check for working CXX compiler: /usr/lib/ccache/g++ - skipped
[1.198s] -- Detecting CXX compile features
[1.199s] -- Detecting CXX compile features - done
[1.209s] -- Found geometry_msgs: 4.2.4 (/opt/ros/humble/share/geometry_msgs/cmake)
[1.658s] -- Found Python3: /usr/bin/python3 (found version "3.10.12") found components: Interpreter 
[1.907s] -- Override CMake install command with custom implementation using symlinks instead of copying resources
[2.084s] -- Found rosidl_generator_c: 3.1.5 (/opt/ros/humble/share/rosidl_generator_c/cmake)
[2.094s] -- Found rosidl_adapter: 3.1.5 (/opt/ros/humble/share/rosidl_adapter/cmake)
[2.120s] -- Found rosidl_generator_cpp: 3.1.5 (/opt/ros/humble/share/rosidl_generator_cpp/cmake)
[2.148s] -- Using all available rosidl_typesupport_c: rosidl_typesupport_fastrtps_c;rosidl_typesupport_introspection_c
[2.177s] -- Using all available rosidl_typesupport_cpp: rosidl_typesupport_fastrtps_cpp;rosidl_typesupport_introspection_cpp
[2.275s] -- Found rosidl_default_generators: 1.2.0 (/opt/ros/humble/share/rosidl_default_generators/cmake)
[3.117s] -- Found ament_cmake_ros: 0.10.0 (/opt/ros/humble/share/ament_cmake_ros/cmake)
[4.349s] -- Using all available rosidl_typesupport_c: rosidl_typesupport_fastrtps_c;rosidl_typesupport_introspection_c
[4.985s] -- Using all available rosidl_typesupport_cpp: rosidl_typesupport_fastrtps_cpp;rosidl_typesupport_introspection_cpp
[5.069s] -- Found PythonInterp: /usr/bin/python3 (found suitable version "3.10.12", minimum required is "3.6") 
[5.076s] -- Found python_cmake_module: 0.10.0 (/opt/ros/humble/share/python_cmake_module/cmake)
[5.154s] -- Found PythonLibs: /usr/lib/x86_64-linux-gnu/libpython3.10.so (found suitable version "3.10.12", minimum required is "3.5") 
[5.154s] -- Using PYTHON_EXECUTABLE: /usr/bin/python3
[5.154s] -- Using PYTHON_INCLUDE_DIRS: /usr/include/python3.10
[5.154s] -- Using PYTHON_LIBRARIES: /usr/lib/x86_64-linux-gnu/libpython3.10.so
[5.209s] -- Found PythonExtra: .so  
[5.423s] -- Configuring done
[5.558s] -- Generating done
[5.564s] -- Build files have been written to: /home/ros2/Documents/fa_ROS2_ws/build/nav_2d_msgs
