[0.029s] Invoking command in '/home/ros2/Documents/fa_ROS2_ws/build/nav2_util': AMENT_PREFIX_PATH=/home/ros2/Documents/fa_ROS2_ws/install/nav2_msgs:/home/ros2/Documents/fa_ROS2_ws/install/nav2_common:${AMENT_PREFIX_PATH} CMAKE_PREFIX_PATH=/home/ros2/Documents/fa_ROS2_ws/install/nav2_msgs:/home/ros2/Documents/fa_ROS2_ws/install/nav2_common:/home/ros2/Documents/fa_ROS2_ws/install/smart_car:/home/ros2/Documents/fa_ROS2_ws/install/car_gazebo_plugin:/home/ros2/Documents/fa_ROS2_ws/install/smartcar_msgs:/home/ros2/Documents/fa_ROS2_ws/install/ackermann_msgs:/opt/ros/humble LD_LIBRARY_PATH=/home/ros2/Documents/fa_ROS2_ws/install/nav2_msgs/lib:/home/ros2/Documents/fa_ROS2_ws/install/car_gazebo_plugin/lib:/home/ros2/Documents/fa_ROS2_ws/install/smartcar_msgs/lib:/home/ros2/Documents/fa_ROS2_ws/install/ackermann_msgs/lib:/usr/lib/x86_64-linux-gnu/gazebo-11/plugins:/opt/ros/humble/opt/rviz_ogre_vendor/lib:/opt/ros/humble/lib/x86_64-linux-gnu:/opt/ros/humble/lib:/tmp/.mount_cursorflfrK2/usr/lib:/usr/lib/x86_64-linux-gnu/gazebo-11/plugins:/usr/lib/x86_64-linux-gnu/gazebo-11/plugins:/usr/lib/x86_64-linux-gnu/gazebo-11/plugins PYTHONPATH=/home/ros2/Documents/fa_ROS2_ws/install/nav2_msgs/local/lib/python3.10/dist-packages:/home/ros2/Documents/fa_ROS2_ws/install/nav2_common/local/lib/python3.10/dist-packages:${PYTHONPATH} /usr/bin/cmake /home/ros2/Documents/fa_ROS2_ws/src/navigation2/nav2_util -DAMENT_CMAKE_SYMLINK_INSTALL=1 -DCMAKE_INSTALL_PREFIX=/home/ros2/Documents/fa_ROS2_ws/install/nav2_util
[0.225s] -- The C compiler identification is GNU 11.4.0
[0.414s] -- The CXX compiler identification is GNU 11.4.0
[0.436s] -- Detecting C compiler ABI info
[0.581s] -- Detecting C compiler ABI info - done
[0.607s] -- Check for working C compiler: /usr/lib/ccache/gcc - skipped
[0.607s] -- Detecting C compile features
[0.610s] -- Detecting C compile features - done
[0.616s] -- Detecting CXX compiler ABI info
[0.818s] -- Detecting CXX compiler ABI info - done
[0.845s] -- Check for working CXX compiler: /usr/lib/ccache/g++ - skipped
[0.845s] -- Detecting CXX compile features
[0.846s] -- Detecting CXX compile features - done
[0.853s] -- Found ament_cmake: 1.3.10 (/opt/ros/humble/share/ament_cmake/cmake)
[1.290s] -- Found Python3: /usr/bin/python3 (found version "3.10.12") found components: Interpreter 
[1.426s] -- Override CMake install command with custom implementation using symlinks instead of copying resources
[1.475s] -- Found nav2_common: 1.1.17 (/home/ros2/Documents/fa_ROS2_ws/install/nav2_common/share/nav2_common/cmake)
[1.475s] -- Found nav2_msgs: 1.1.17 (/home/ros2/Documents/fa_ROS2_ws/install/nav2_msgs/share/nav2_msgs/cmake)
[1.534s] -- Found rosidl_generator_c: 3.1.5 (/opt/ros/humble/share/rosidl_generator_c/cmake)
[1.550s] -- Found rosidl_adapter: 3.1.5 (/opt/ros/humble/share/rosidl_adapter/cmake)
[1.568s] -- Found rosidl_generator_cpp: 3.1.5 (/opt/ros/humble/share/rosidl_generator_cpp/cmake)
[1.595s] -- Using all available rosidl_typesupport_c: rosidl_typesupport_fastrtps_c;rosidl_typesupport_introspection_c
[1.624s] -- Using all available rosidl_typesupport_cpp: rosidl_typesupport_fastrtps_cpp;rosidl_typesupport_introspection_cpp
[1.849s] -- Found tf2_ros: 0.25.7 (/opt/ros/humble/share/tf2_ros/cmake)
[1.999s] -- Found rmw_implementation_cmake: 6.1.2 (/opt/ros/humble/share/rmw_implementation_cmake/cmake)
[2.004s] -- Found rmw_cyclonedds_cpp: 1.3.4 (/opt/ros/humble/share/rmw_cyclonedds_cpp/cmake)
[2.042s] -- Using RMW implementation 'rmw_cyclonedds_cpp' as default
[2.063s] -- Looking for pthread.h
[2.295s] -- Looking for pthread.h - found
[2.296s] -- Performing Test CMAKE_HAVE_LIBC_PTHREAD
[2.505s] -- Performing Test CMAKE_HAVE_LIBC_PTHREAD - Success
[2.507s] -- Found Threads: TRUE  
[2.695s] -- Found tf2_geometry_msgs: 0.25.7 (/opt/ros/humble/share/tf2_geometry_msgs/cmake)
[2.726s] -- Found eigen3_cmake_module: 0.1.1 (/opt/ros/humble/share/eigen3_cmake_module/cmake)
[2.732s] -- Found Eigen3: TRUE (found version "3.4.0") 
[2.732s] -- Ensuring Eigen3 include directory is part of orocos-kdl CMake target
[2.737s] -- Found lifecycle_msgs: 1.2.1 (/opt/ros/humble/share/lifecycle_msgs/cmake)
[2.764s] -- Found rclcpp_lifecycle: 16.0.10 (/opt/ros/humble/share/rclcpp_lifecycle/cmake)
[2.792s] -- Found bondcpp: 3.0.2 (/opt/ros/humble/share/bondcpp/cmake)
[2.852s] -- Setting build type to Release as none was specified.
[2.890s] -- Found Boost: /usr/lib/x86_64-linux-gnu/cmake/Boost-1.74.0/BoostConfig.cmake (found version "1.74.0") found components: program_options 
[2.896s] -- Found ament_lint_auto: 0.12.11 (/opt/ros/humble/share/ament_lint_auto/cmake)
[2.900s] -- Found ament_cmake_pytest: 1.3.10 (/opt/ros/humble/share/ament_cmake_pytest/cmake)
[2.906s] -- Found launch_testing_ament_cmake: 1.0.6 (/opt/ros/humble/share/launch_testing_ament_cmake/cmake)
[2.909s] -- Found python_cmake_module: 0.10.0 (/opt/ros/humble/share/python_cmake_module/cmake)
[2.959s] -- Found PythonInterp: /usr/bin/python3 (found suitable version "3.10.12", minimum required is "3.6") 
[2.978s] -- Found PythonLibs: /usr/lib/x86_64-linux-gnu/libpython3.10.so (found suitable version "3.10.12", minimum required is "3.5") 
[2.978s] -- Using PYTHON_EXECUTABLE: /usr/bin/python3
[2.979s] -- Using PYTHON_INCLUDE_DIRS: /usr/include/python3.10
[2.979s] -- Using PYTHON_LIBRARIES: /usr/lib/x86_64-linux-gnu/libpython3.10.so
[3.026s] -- Found PythonExtra: .so  
[3.290s] -- Found gtest sources under '/opt/ros/humble/src/gtest_vendor': C++ tests using 'Google Test' will be built
[3.346s] -- Added test 'copyright' to check source files copyright and LICENSE
[3.350s] -- Added test 'cppcheck' to perform static code analysis on C / C++ code
[3.350s] -- Configured cppcheck include dirs: /home/ros2/Documents/fa_ROS2_ws/src/navigation2/nav2_util/include
[3.351s] -- Configured cppcheck exclude dirs and/or files: 
[3.354s] -- Added test 'cpplint' to check C / C++ code against the Google style
[3.354s] -- Configured cpplint exclude dirs and/or files: 
[3.356s] -- Added test 'lint_cmake' to check CMake code style
[3.360s] -- Added test 'uncrustify' to check C / C++ code style
[3.361s] -- Configured uncrustify additional arguments: 
[3.362s] -- Added test 'xmllint' to check XML markup files
[3.370s] -- Configuring done
[3.613s] -- Generating done
[3.619s] -- Build files have been written to: /home/ros2/Documents/fa_ROS2_ws/build/nav2_util
[3.650s] Invoked command in '/home/ros2/Documents/fa_ROS2_ws/build/nav2_util' returned '0': AMENT_PREFIX_PATH=/home/ros2/Documents/fa_ROS2_ws/install/nav2_msgs:/home/ros2/Documents/fa_ROS2_ws/install/nav2_common:${AMENT_PREFIX_PATH} CMAKE_PREFIX_PATH=/home/ros2/Documents/fa_ROS2_ws/install/nav2_msgs:/home/ros2/Documents/fa_ROS2_ws/install/nav2_common:/home/ros2/Documents/fa_ROS2_ws/install/smart_car:/home/ros2/Documents/fa_ROS2_ws/install/car_gazebo_plugin:/home/ros2/Documents/fa_ROS2_ws/install/smartcar_msgs:/home/ros2/Documents/fa_ROS2_ws/install/ackermann_msgs:/opt/ros/humble LD_LIBRARY_PATH=/home/ros2/Documents/fa_ROS2_ws/install/nav2_msgs/lib:/home/ros2/Documents/fa_ROS2_ws/install/car_gazebo_plugin/lib:/home/ros2/Documents/fa_ROS2_ws/install/smartcar_msgs/lib:/home/ros2/Documents/fa_ROS2_ws/install/ackermann_msgs/lib:/usr/lib/x86_64-linux-gnu/gazebo-11/plugins:/opt/ros/humble/opt/rviz_ogre_vendor/lib:/opt/ros/humble/lib/x86_64-linux-gnu:/opt/ros/humble/lib:/tmp/.mount_cursorflfrK2/usr/lib:/usr/lib/x86_64-linux-gnu/gazebo-11/plugins:/usr/lib/x86_64-linux-gnu/gazebo-11/plugins:/usr/lib/x86_64-linux-gnu/gazebo-11/plugins PYTHONPATH=/home/ros2/Documents/fa_ROS2_ws/install/nav2_msgs/local/lib/python3.10/dist-packages:/home/ros2/Documents/fa_ROS2_ws/install/nav2_common/local/lib/python3.10/dist-packages:${PYTHONPATH} /usr/bin/cmake /home/ros2/Documents/fa_ROS2_ws/src/navigation2/nav2_util -DAMENT_CMAKE_SYMLINK_INSTALL=1 -DCMAKE_INSTALL_PREFIX=/home/ros2/Documents/fa_ROS2_ws/install/nav2_util
[3.653s] Invoking command in '/home/ros2/Documents/fa_ROS2_ws/build/nav2_util': AMENT_PREFIX_PATH=/home/ros2/Documents/fa_ROS2_ws/install/nav2_msgs:/home/ros2/Documents/fa_ROS2_ws/install/nav2_common:${AMENT_PREFIX_PATH} CMAKE_PREFIX_PATH=/home/ros2/Documents/fa_ROS2_ws/install/nav2_msgs:/home/ros2/Documents/fa_ROS2_ws/install/nav2_common:/home/ros2/Documents/fa_ROS2_ws/install/smart_car:/home/ros2/Documents/fa_ROS2_ws/install/car_gazebo_plugin:/home/ros2/Documents/fa_ROS2_ws/install/smartcar_msgs:/home/ros2/Documents/fa_ROS2_ws/install/ackermann_msgs:/opt/ros/humble LD_LIBRARY_PATH=/home/ros2/Documents/fa_ROS2_ws/install/nav2_msgs/lib:/home/ros2/Documents/fa_ROS2_ws/install/car_gazebo_plugin/lib:/home/ros2/Documents/fa_ROS2_ws/install/smartcar_msgs/lib:/home/ros2/Documents/fa_ROS2_ws/install/ackermann_msgs/lib:/usr/lib/x86_64-linux-gnu/gazebo-11/plugins:/opt/ros/humble/opt/rviz_ogre_vendor/lib:/opt/ros/humble/lib/x86_64-linux-gnu:/opt/ros/humble/lib:/tmp/.mount_cursorflfrK2/usr/lib:/usr/lib/x86_64-linux-gnu/gazebo-11/plugins:/usr/lib/x86_64-linux-gnu/gazebo-11/plugins:/usr/lib/x86_64-linux-gnu/gazebo-11/plugins PYTHONPATH=/home/ros2/Documents/fa_ROS2_ws/install/nav2_msgs/local/lib/python3.10/dist-packages:/home/ros2/Documents/fa_ROS2_ws/install/nav2_common/local/lib/python3.10/dist-packages:${PYTHONPATH} /usr/bin/cmake --build /home/ros2/Documents/fa_ROS2_ws/build/nav2_util -- -j8 -l8
[3.817s] [  2%] [32mBuilding CXX object gtest/CMakeFiles/gtest.dir/src/gtest-all.cc.o[0m
[3.825s] [  5%] [32mBuilding CXX object src/CMakeFiles/nav2_util_core.dir/string_utils.cpp.o[0m
[3.835s] [ 10%] [32mBuilding CXX object gtest/CMakeFiles/gtest_main.dir/src/gtest_main.cc.o[0m
[3.835s] [ 10%] [32mBuilding CXX object src/CMakeFiles/nav2_util_core.dir/costmap.cpp.o[0m
[3.855s] [ 12%] [32mBuilding CXX object src/CMakeFiles/nav2_util_core.dir/lifecycle_utils.cpp.o[0m
[3.855s] [ 15%] [32mBuilding CXX object src/CMakeFiles/nav2_util_core.dir/lifecycle_service_client.cpp.o[0m
[3.863s] [ 17%] [32mBuilding CXX object src/CMakeFiles/nav2_util_core.dir/lifecycle_node.cpp.o[0m
[3.864s] [ 20%] [32mBuilding CXX object src/CMakeFiles/nav2_util_core.dir/node_utils.cpp.o[0m
[4.279s] [ 22%] [32m[1mLinking CXX static library libgtest_main.a[0m
[4.282s] [ 25%] [32m[1mLinking CXX static library libgtest.a[0m
[4.514s] [ 25%] Built target gtest_main
[4.544s] [ 25%] Built target gtest
[4.625s] [ 27%] [32mBuilding CXX object test/CMakeFiles/test_execution_timer.dir/test_execution_timer.cpp.o[0m
[4.935s] [ 30%] [32mBuilding CXX object src/CMakeFiles/nav2_util_core.dir/node_thread.cpp.o[0m
[4.948s] [ 32%] [32mBuilding CXX object src/CMakeFiles/nav2_util_core.dir/robot_utils.cpp.o[0m
[8.074s] [ 35%] [32m[1mLinking CXX executable test_execution_timer[0m
[8.617s] [ 35%] Built target test_execution_timer
[8.680s] [ 37%] [32mBuilding CXX object src/CMakeFiles/nav2_util_core.dir/odometry_utils.cpp.o[0m
[23.085s] [ 40%] [32m[1mLinking CXX shared library libnav2_util_core.so[0m
[23.517s] [ 40%] Built target nav2_util_core
[23.568s] [ 42%] [32mBuilding CXX object src/CMakeFiles/lifecycle_bringup.dir/lifecycle_bringup_commandline.cpp.o[0m
[27.734s] [ 45%] [32m[1mLinking CXX executable lifecycle_bringup[0m
[28.109s] [ 45%] Built target lifecycle_bringup
[28.162s] [ 47%] [32mBuilding CXX object test/CMakeFiles/test_lifecycle_cli_node.dir/test_lifecycle_cli_node.cpp.o[0m
[34.961s] [ 50%] [32m[1mLinking CXX executable test_lifecycle_cli_node[0m
[35.363s] [ 50%] Built target test_lifecycle_cli_node
[35.411s] [ 52%] [32mBuilding CXX object test/CMakeFiles/test_geometry_utils.dir/test_geometry_utils.cpp.o[0m
[41.348s] [ 55%] [32m[1mLinking CXX executable test_geometry_utils[0m
[41.918s] [ 55%] Built target test_geometry_utils
[41.965s] [ 57%] [32mBuilding CXX object test/CMakeFiles/test_odometry_utils.dir/test_odometry_utils.cpp.o[0m
[43.987s] [ 60%] [32mBuilding CXX object test/CMakeFiles/test_robot_utils.dir/test_robot_utils.cpp.o[0m
[46.021s] [ 62%] [32mBuilding CXX object test/CMakeFiles/test_lifecycle_node.dir/test_lifecycle_node.cpp.o[0m
[47.046s] [ 65%] [32mBuilding CXX object test/CMakeFiles/test_actions.dir/test_actions.cpp.o[0m
[48.080s] [ 67%] [32mBuilding CXX object test/CMakeFiles/test_lifecycle_utils.dir/test_lifecycle_utils.cpp.o[0m
[49.127s] [ 70%] [32mBuilding CXX object test/CMakeFiles/test_string_utils.dir/test_string_utils.cpp.o[0m
[50.170s] [ 72%] [32mBuilding CXX object test/CMakeFiles/test_service_client.dir/test_service_client.cpp.o[0m
[51.241s] [ 75%] [32m[1mLinking CXX executable test_robot_utils[0m
[51.260s] [ 77%] [32mBuilding CXX object test/CMakeFiles/test_node_utils.dir/test_node_utils.cpp.o[0m
[52.461s] [ 80%] [32m[1mLinking CXX executable test_string_utils[0m
[52.637s] [ 80%] Built target test_robot_utils
[53.122s] [ 80%] Built target test_string_utils
[53.123s] [ 82%] [32m[1mLinking CXX executable test_odometry_utils[0m
[53.729s] [ 82%] Built target test_odometry_utils
[54.342s] [ 85%] [32m[1mLinking CXX executable test_lifecycle_node[0m
[54.856s] [ 85%] Built target test_lifecycle_node
[56.110s] [ 87%] [32m[1mLinking CXX executable test_lifecycle_utils[0m
[56.573s] [ 87%] Built target test_lifecycle_utils
[59.423s] [ 90%] [32m[1mLinking CXX executable test_node_utils[0m
[59.868s] [ 90%] Built target test_node_utils
[59.911s] [ 92%] [32mBuilding CXX object test/CMakeFiles/test_validation_messages.dir/test_validation_messages.cpp.o[0m
[62.660s] [ 95%] [32m[1mLinking CXX executable test_validation_messages[0m
[63.250s] [ 95%] Built target test_validation_messages
[69.270s] [ 97%] [32m[1mLinking CXX executable test_service_client[0m
[69.733s] [ 97%] Built target test_service_client
[72.519s] [100%] [32m[1mLinking CXX executable test_actions[0m
[73.074s] [100%] Built target test_actions
[73.095s] Invoked command in '/home/ros2/Documents/fa_ROS2_ws/build/nav2_util' returned '0': AMENT_PREFIX_PATH=/home/ros2/Documents/fa_ROS2_ws/install/nav2_msgs:/home/ros2/Documents/fa_ROS2_ws/install/nav2_common:${AMENT_PREFIX_PATH} CMAKE_PREFIX_PATH=/home/ros2/Documents/fa_ROS2_ws/install/nav2_msgs:/home/ros2/Documents/fa_ROS2_ws/install/nav2_common:/home/ros2/Documents/fa_ROS2_ws/install/smart_car:/home/ros2/Documents/fa_ROS2_ws/install/car_gazebo_plugin:/home/ros2/Documents/fa_ROS2_ws/install/smartcar_msgs:/home/ros2/Documents/fa_ROS2_ws/install/ackermann_msgs:/opt/ros/humble LD_LIBRARY_PATH=/home/ros2/Documents/fa_ROS2_ws/install/nav2_msgs/lib:/home/ros2/Documents/fa_ROS2_ws/install/car_gazebo_plugin/lib:/home/ros2/Documents/fa_ROS2_ws/install/smartcar_msgs/lib:/home/ros2/Documents/fa_ROS2_ws/install/ackermann_msgs/lib:/usr/lib/x86_64-linux-gnu/gazebo-11/plugins:/opt/ros/humble/opt/rviz_ogre_vendor/lib:/opt/ros/humble/lib/x86_64-linux-gnu:/opt/ros/humble/lib:/tmp/.mount_cursorflfrK2/usr/lib:/usr/lib/x86_64-linux-gnu/gazebo-11/plugins:/usr/lib/x86_64-linux-gnu/gazebo-11/plugins:/usr/lib/x86_64-linux-gnu/gazebo-11/plugins PYTHONPATH=/home/ros2/Documents/fa_ROS2_ws/install/nav2_msgs/local/lib/python3.10/dist-packages:/home/ros2/Documents/fa_ROS2_ws/install/nav2_common/local/lib/python3.10/dist-packages:${PYTHONPATH} /usr/bin/cmake --build /home/ros2/Documents/fa_ROS2_ws/build/nav2_util -- -j8 -l8
[73.183s] Invoking command in '/home/ros2/Documents/fa_ROS2_ws/build/nav2_util': AMENT_PREFIX_PATH=/home/ros2/Documents/fa_ROS2_ws/install/nav2_msgs:/home/ros2/Documents/fa_ROS2_ws/install/nav2_common:${AMENT_PREFIX_PATH} CMAKE_PREFIX_PATH=/home/ros2/Documents/fa_ROS2_ws/install/nav2_msgs:/home/ros2/Documents/fa_ROS2_ws/install/nav2_common:/home/ros2/Documents/fa_ROS2_ws/install/smart_car:/home/ros2/Documents/fa_ROS2_ws/install/car_gazebo_plugin:/home/ros2/Documents/fa_ROS2_ws/install/smartcar_msgs:/home/ros2/Documents/fa_ROS2_ws/install/ackermann_msgs:/opt/ros/humble LD_LIBRARY_PATH=/home/ros2/Documents/fa_ROS2_ws/install/nav2_msgs/lib:/home/ros2/Documents/fa_ROS2_ws/install/car_gazebo_plugin/lib:/home/ros2/Documents/fa_ROS2_ws/install/smartcar_msgs/lib:/home/ros2/Documents/fa_ROS2_ws/install/ackermann_msgs/lib:/usr/lib/x86_64-linux-gnu/gazebo-11/plugins:/opt/ros/humble/opt/rviz_ogre_vendor/lib:/opt/ros/humble/lib/x86_64-linux-gnu:/opt/ros/humble/lib:/tmp/.mount_cursorflfrK2/usr/lib:/usr/lib/x86_64-linux-gnu/gazebo-11/plugins:/usr/lib/x86_64-linux-gnu/gazebo-11/plugins:/usr/lib/x86_64-linux-gnu/gazebo-11/plugins PYTHONPATH=/home/ros2/Documents/fa_ROS2_ws/install/nav2_msgs/local/lib/python3.10/dist-packages:/home/ros2/Documents/fa_ROS2_ws/install/nav2_common/local/lib/python3.10/dist-packages:${PYTHONPATH} /usr/bin/cmake --install /home/ros2/Documents/fa_ROS2_ws/build/nav2_util
[73.220s] -- Install configuration: "Release"
[73.221s] -- Execute custom install script
[73.221s] -- Symlinking: /home/ros2/Documents/fa_ROS2_ws/install/nav2_util/lib/libnav2_util_core.so
[73.239s] -- Symlinking: /home/ros2/Documents/fa_ROS2_ws/install/nav2_util/lib/nav2_util/lifecycle_bringup
[73.264s] -- Symlinking: /home/ros2/Documents/fa_ROS2_ws/install/nav2_util/include//nav2_util/clear_entirely_costmap_service_client.hpp
[73.288s] -- Symlinking: /home/ros2/Documents/fa_ROS2_ws/install/nav2_util/include//nav2_util/costmap.hpp
[73.306s] -- Symlinking: /home/ros2/Documents/fa_ROS2_ws/install/nav2_util/include//nav2_util/execution_timer.hpp
[73.324s] -- Symlinking: /home/ros2/Documents/fa_ROS2_ws/install/nav2_util/include//nav2_util/geometry_utils.hpp
[73.341s] -- Symlinking: /home/ros2/Documents/fa_ROS2_ws/install/nav2_util/include//nav2_util/lifecycle_node.hpp
[73.361s] -- Symlinking: /home/ros2/Documents/fa_ROS2_ws/install/nav2_util/include//nav2_util/lifecycle_service_client.hpp
[73.389s] -- Symlinking: /home/ros2/Documents/fa_ROS2_ws/install/nav2_util/include//nav2_util/lifecycle_utils.hpp
[73.406s] -- Symlinking: /home/ros2/Documents/fa_ROS2_ws/install/nav2_util/include//nav2_util/line_iterator.hpp
[73.423s] -- Symlinking: /home/ros2/Documents/fa_ROS2_ws/install/nav2_util/include//nav2_util/node_thread.hpp
[73.442s] -- Symlinking: /home/ros2/Documents/fa_ROS2_ws/install/nav2_util/include//nav2_util/node_utils.hpp
[73.462s] -- Symlinking: /home/ros2/Documents/fa_ROS2_ws/install/nav2_util/include//nav2_util/occ_grid_values.hpp
[73.485s] -- Symlinking: /home/ros2/Documents/fa_ROS2_ws/install/nav2_util/include//nav2_util/odometry_utils.hpp
[73.505s] -- Symlinking: /home/ros2/Documents/fa_ROS2_ws/install/nav2_util/include//nav2_util/robot_utils.hpp
[73.526s] -- Symlinking: /home/ros2/Documents/fa_ROS2_ws/install/nav2_util/include//nav2_util/service_client.hpp
[73.541s] -- Symlinking: /home/ros2/Documents/fa_ROS2_ws/install/nav2_util/include//nav2_util/simple_action_server.hpp
[73.556s] -- Symlinking: /home/ros2/Documents/fa_ROS2_ws/install/nav2_util/include//nav2_util/string_utils.hpp
[73.579s] -- Symlinking: /home/ros2/Documents/fa_ROS2_ws/install/nav2_util/include//nav2_util/validate_messages.hpp
[73.597s] -- Symlinking: /home/ros2/Documents/fa_ROS2_ws/install/nav2_util/share/nav2_util/environment/library_path.sh
[73.614s] -- Symlinking: /home/ros2/Documents/fa_ROS2_ws/install/nav2_util/share/nav2_util/environment/library_path.dsv
[73.632s] -- Symlinking: /home/ros2/Documents/fa_ROS2_ws/install/nav2_util/share/ament_index/resource_index/package_run_dependencies/nav2_util
[73.651s] -- Symlinking: /home/ros2/Documents/fa_ROS2_ws/install/nav2_util/share/ament_index/resource_index/parent_prefix_path/nav2_util
[73.675s] -- Symlinking: /home/ros2/Documents/fa_ROS2_ws/install/nav2_util/share/nav2_util/environment/ament_prefix_path.sh
[73.696s] -- Symlinking: /home/ros2/Documents/fa_ROS2_ws/install/nav2_util/share/nav2_util/environment/ament_prefix_path.dsv
[73.712s] -- Symlinking: /home/ros2/Documents/fa_ROS2_ws/install/nav2_util/share/nav2_util/environment/path.sh
[73.726s] -- Symlinking: /home/ros2/Documents/fa_ROS2_ws/install/nav2_util/share/nav2_util/environment/path.dsv
[73.747s] -- Symlinking: /home/ros2/Documents/fa_ROS2_ws/install/nav2_util/share/nav2_util/local_setup.bash
[73.770s] -- Symlinking: /home/ros2/Documents/fa_ROS2_ws/install/nav2_util/share/nav2_util/local_setup.sh
[73.790s] -- Symlinking: /home/ros2/Documents/fa_ROS2_ws/install/nav2_util/share/nav2_util/local_setup.zsh
[73.810s] -- Symlinking: /home/ros2/Documents/fa_ROS2_ws/install/nav2_util/share/nav2_util/local_setup.dsv
[73.825s] -- Symlinking: /home/ros2/Documents/fa_ROS2_ws/install/nav2_util/share/nav2_util/package.dsv
[73.855s] -- Symlinking: /home/ros2/Documents/fa_ROS2_ws/install/nav2_util/share/ament_index/resource_index/packages/nav2_util
[73.885s] -- Symlinking: /home/ros2/Documents/fa_ROS2_ws/install/nav2_util/share/nav2_util/cmake/ament_cmake_export_include_directories-extras.cmake
[73.906s] -- Symlinking: /home/ros2/Documents/fa_ROS2_ws/install/nav2_util/share/nav2_util/cmake/ament_cmake_export_libraries-extras.cmake
[73.929s] -- Symlinking: /home/ros2/Documents/fa_ROS2_ws/install/nav2_util/share/nav2_util/cmake/ament_cmake_export_dependencies-extras.cmake
[73.945s] -- Symlinking: /home/ros2/Documents/fa_ROS2_ws/install/nav2_util/share/nav2_util/cmake/nav2_utilConfig.cmake
[73.966s] -- Symlinking: /home/ros2/Documents/fa_ROS2_ws/install/nav2_util/share/nav2_util/cmake/nav2_utilConfig-version.cmake
[73.995s] -- Symlinking: /home/ros2/Documents/fa_ROS2_ws/install/nav2_util/share/nav2_util/package.xml
[74.020s] Invoked command in '/home/ros2/Documents/fa_ROS2_ws/build/nav2_util' returned '0': AMENT_PREFIX_PATH=/home/ros2/Documents/fa_ROS2_ws/install/nav2_msgs:/home/ros2/Documents/fa_ROS2_ws/install/nav2_common:${AMENT_PREFIX_PATH} CMAKE_PREFIX_PATH=/home/ros2/Documents/fa_ROS2_ws/install/nav2_msgs:/home/ros2/Documents/fa_ROS2_ws/install/nav2_common:/home/ros2/Documents/fa_ROS2_ws/install/smart_car:/home/ros2/Documents/fa_ROS2_ws/install/car_gazebo_plugin:/home/ros2/Documents/fa_ROS2_ws/install/smartcar_msgs:/home/ros2/Documents/fa_ROS2_ws/install/ackermann_msgs:/opt/ros/humble LD_LIBRARY_PATH=/home/ros2/Documents/fa_ROS2_ws/install/nav2_msgs/lib:/home/ros2/Documents/fa_ROS2_ws/install/car_gazebo_plugin/lib:/home/ros2/Documents/fa_ROS2_ws/install/smartcar_msgs/lib:/home/ros2/Documents/fa_ROS2_ws/install/ackermann_msgs/lib:/usr/lib/x86_64-linux-gnu/gazebo-11/plugins:/opt/ros/humble/opt/rviz_ogre_vendor/lib:/opt/ros/humble/lib/x86_64-linux-gnu:/opt/ros/humble/lib:/tmp/.mount_cursorflfrK2/usr/lib:/usr/lib/x86_64-linux-gnu/gazebo-11/plugins:/usr/lib/x86_64-linux-gnu/gazebo-11/plugins:/usr/lib/x86_64-linux-gnu/gazebo-11/plugins PYTHONPATH=/home/ros2/Documents/fa_ROS2_ws/install/nav2_msgs/local/lib/python3.10/dist-packages:/home/ros2/Documents/fa_ROS2_ws/install/nav2_common/local/lib/python3.10/dist-packages:${PYTHONPATH} /usr/bin/cmake --install /home/ros2/Documents/fa_ROS2_ws/build/nav2_util
